1386863992610,242,GET: Login (sojo),200,OK,Thread Group 1-3,text,true,11533,183
1386863992561,353,GET: Login (huba),200,OK,Thread Group 1-1,text,true,11533,266
1386863992561,359,GET: Login (tyll),200,OK,Thread Group 1-2,text,true,11533,266
1386863992818,184,GET: Login (raba),200,OK,Thread Group 1-4,text,true,11533,125
1386863993017,151,GET: Login (cach),200,OK,Thread Group 1-5,text,true,11533,95
1386863993219,166,GET: Login (guwa),200,OK,Thread Group 1-6,text,true,11533,93
1386863993425,213,GET: Login (nilu),200,OK,Thread Group 1-7,text,true,11533,135
1386863993629,211,GET: Login (calo),200,OK,Thread Group 1-8,text,true,11533,132
1386863993832,214,GET: Login (trca),200,OK,Thread Group 1-9,text,true,11533,136
1386863994037,455,GET: Login (gemo),200,OK,Thread Group 1-10,text,true,11533,377
1386863994441,200,GET: Login (sest),200,OK,Thread Group 1-12,text,true,11533,133
1386863994234,455,GET: Login (wewe),200,OK,Thread Group 1-11,text,true,11533,372
1386863994642,248,GET: Login (juga),200,OK,Thread Group 1-13,text,true,11533,178
1386863994844,256,GET: Login (raha),200,OK,Thread Group 1-14,text,true,11533,154
1386863995448,246,GET: Login (amgr),200,OK,Thread Group 1-17,text,true,11533,175
1386863995046,650,GET: Login (daha),200,OK,Thread Group 1-15,text,true,11533,581
1386863995249,445,GET: Login (shbe),200,OK,Thread Group 1-16,text,true,11533,383
1386863995648,207,GET: Login (maga),200,OK,Thread Group 1-18,text,true,11533,135
1386863995854,291,GET: Login (cenu),200,OK,Thread Group 1-19,text,true,11533,181
1386863996056,264,GET: Login (caph),200,OK,Thread Group 1-20,text,true,11533,154
1386863996255,276,GET: Login (joch),200,OK,Thread Group 1-21,text,true,11533,205
1386863996454,319,GET: Login (jade),200,OK,Thread Group 1-22,text,true,11533,218
1386863996656,318,GET: Login (bola),200,OK,Thread Group 1-23,text,true,11533,211
1386863996860,264,GET: Login (glbl),200,OK,Thread Group 1-24,text,true,11533,174
1386863997059,321,GET: Login (masm),200,OK,Thread Group 1-25,text,true,11533,249
1386863997461,924,GET: Login (jehu),200,OK,Thread Group 1-27,text,true,11533,814
1386863997661,1775,GET: Login (mawh),200,OK,Thread Group 1-28,text,true,11533,1695
1386863998284,1207,GET: Login (maco),200,OK,Thread Group 1-31,text,true,11533,1086
1386863997273,2220,GET: Login (jufe),200,OK,Thread Group 1-26,text,true,11533,2093
1386863998070,1446,GET: Login (gopa),200,OK,Thread Group 1-30,text,true,11533,1307
1386863997863,1661,GET: Login (irmo),200,OK,Thread Group 1-29,text,true,11533,1516
1386863996331,4146,POST: Login (caph),200,OK,Thread Group 1-20,text,true,319600,1259
1386863995110,5410,POST: Login (raha),200,OK,Thread Group 1-14,text,true,319606,1511
1386863994697,5833,POST: Login (wewe),200,OK,Thread Group 1-11,text,true,319596,1276
1386863999280,1332,GET: Login (anba),200,OK,Thread Group 1-36,text,true,11533,1256
1386863998471,2143,GET: Login (alto),200,OK,Thread Group 1-32,text,true,11533,2032
1386863999083,1532,GET: Login (cogl),200,OK,Thread Group 1-35,text,true,11533,1443
1386863998676,1949,GET: Login (evpa),200,OK,Thread Group 1-33,text,true,11533,1846
1386863998875,1787,GET: Login (flco),200,OK,Thread Group 1-34,text,true,11533,1709
1386863993006,7708,POST: Login (raba),200,OK,Thread Group 1-4,text,true,319600,781
1386863999702,1024,GET: Login (mach),200,OK,Thread Group 1-38,text,true,11533,913
1386863999486,1240,GET: Login (tatr),200,OK,Thread Group 1-37,text,true,11533,1118
1386863992921,7813,POST: Login (huba),200,OK,Thread Group 1-1,text,true,319598,768
1386863994651,6101,POST: Login (sest),200,OK,Thread Group 1-12,text,true,319598,1319
1386863997390,3376,POST: Login (masm),200,OK,Thread Group 1-25,text,true,319602,939
1386863993644,7128,POST: Login (nilu),200,OK,Thread Group 1-7,text,true,319592,695
1386863996155,4622,POST: Login (cenu),200,OK,Thread Group 1-19,text,true,319600,1372
1386863995867,4958,POST: Login (maga),200,OK,Thread Group 1-18,text,true,319602,1457
1386863999890,965,GET: Login (yvgr),200,OK,Thread Group 1-39,text,true,11533,800
1386863996541,4388,POST: Login (joch),200,OK,Thread Group 1-21,text,true,319606,1084
1386863995706,5254,POST: Login (amgr),200,OK,Thread Group 1-17,text,true,319600,1468
1386863996789,4174,POST: Login (jade),200,OK,Thread Group 1-22,text,true,319590,1031
1386863998395,2627,POST: Login (jehu),200,OK,Thread Group 1-27,text,true,319596,869
1386863994055,6984,POST: Login (trca),200,OK,Thread Group 1-9,text,true,319592,787
1386863995706,5367,POST: Login (daha),200,OK,Thread Group 1-15,text,true,319596,1468
1386863996985,4096,POST: Login (bola),200,OK,Thread Group 1-23,text,true,319600,1017
1386863995728,5370,POST: Login (shbe),200,OK,Thread Group 1-16,text,true,319596,1499
1386863994501,6609,POST: Login (gemo),200,OK,Thread Group 1-10,text,true,319604,1411
1386863997136,3977,POST: Login (glbl),200,OK,Thread Group 1-24,text,true,319596,1016
1386863993389,7757,POST: Login (guwa),200,OK,Thread Group 1-6,text,true,319604,712
1386863992874,8277,POST: Login (sojo),200,OK,Thread Group 1-3,text,true,319604,766
1386863994900,6260,POST: Login (juga),200,OK,Thread Group 1-13,text,true,319596,1073
1386863993847,7366,POST: Login (calo),200,OK,Thread Group 1-8,text,true,319594,743
1386863992927,8326,POST: Login (tyll),200,OK,Thread Group 1-2,text,true,319596,762
1386863993174,8171,POST: Login (cach),200,OK,Thread Group 1-5,text,true,319600,715
1386864000584,1285,GET: View assignment (raha),200,OK,Thread Group 1-14,text,true,32311,1100
1386864000657,1224,GET: View assignment (wewe),200,OK,Thread Group 1-11,text,true,32296,1027
1386864000090,1832,GET: Login (elcu),200,OK,Thread Group 1-40,text,true,11533,1760
1386864000290,1638,GET: Login (dego),200,OK,Thread Group 1-41,text,true,11533,1563
1386864000504,1428,GET: View assignment (caph),200,OK,Thread Group 1-20,text,true,32302,1266
1386864000690,1440,GET: Login (nahe),200,OK,Thread Group 1-43,text,true,11533,1350
1386864000490,1645,GET: Login (mica),200,OK,Thread Group 1-42,text,true,11533,1567
1386864000892,1290,GET: Login (kely),200,OK,Thread Group 1-44,text,true,11533,1194
1386864001096,1086,GET: Login (thte),200,OK,Thread Group 1-45,text,true,11533,986
1386864001300,888,GET: Login (dafo),200,OK,Thread Group 1-46,text,true,11533,816
1386864000916,1419,GET: View assignment (raba),200,OK,Thread Group 1-4,text,true,32300,1311
1386864001503,887,GET: Login (kava),200,OK,Thread Group 1-47,text,true,11533,771
1386864000926,1569,GET: View assignment (huba),200,OK,Thread Group 1-1,text,true,32297,1451
1386864000937,1557,GET: View assignment (masm),200,OK,Thread Group 1-25,text,true,32305,1440
1386864000936,1565,GET: View assignment (sest),200,OK,Thread Group 1-12,text,true,32299,1442
1386864001706,876,GET: Login (ligi),200,OK,Thread Group 1-48,text,true,11533,771
1386864001899,870,GET: Login (agra),200,OK,Thread Group 1-49,text,true,11533,783
1386864002109,1181,GET: Login (cada),200,OK,Thread Group 1-50,text,true,11533,897
1386864001048,2248,GET: View assignment (nilu),200,OK,Thread Group 1-7,text,true,32288,1873
1386864002306,1038,GET: Login (albe),200,OK,Thread Group 1-51,text,true,11533,940
1386864001048,2308,GET: View assignment (cenu),200,OK,Thread Group 1-19,text,true,32302,1873
1386864001136,2411,GET: View assignment (maga),200,OK,Thread Group 1-18,text,true,32305,2185
1386864002509,1130,GET: Login (frma),200,OK,Thread Group 1-52,text,true,11533,983
1386864001329,2442,GET: View assignment (joch),200,OK,Thread Group 1-21,text,true,32311,2285
1386864001353,2423,GET: View assignment (jade),200,OK,Thread Group 1-22,text,true,32287,2275
1386864001353,2428,GET: View assignment (amgr),200,OK,Thread Group 1-17,text,true,32302,2275
1386864001354,2813,GET: View assignment (jehu),200,OK,Thread Group 1-27,text,true,32296,2309
1386864002714,1453,GET: Login (jafl),200,OK,Thread Group 1-53,text,true,11533,963
1386864001364,2817,GET: View assignment (trca),200,OK,Thread Group 1-9,text,true,32290,2298
1386864001431,2940,GET: View assignment (gemo),200,OK,Thread Group 1-10,text,true,32308,2705
1386864001431,2946,GET: View assignment (glbl),200,OK,Thread Group 1-24,text,true,32296,2709
1386864001424,2956,GET: View assignment (daha),200,OK,Thread Group 1-15,text,true,32296,2716
1386864001429,2951,GET: View assignment (bola),200,OK,Thread Group 1-23,text,true,32302,2710
1386864001472,2909,GET: View assignment (tyll),200,OK,Thread Group 1-2,text,true,32294,2667
1386864001494,2887,GET: View assignment (cach),200,OK,Thread Group 1-5,text,true,32300,2645
1386864001454,2969,GET: View assignment (sojo),200,OK,Thread Group 1-3,text,true,32306,2694
1386864001458,2968,GET: View assignment (calo),200,OK,Thread Group 1-8,text,true,32291,2681
1386864001458,2996,GET: View assignment (juga),200,OK,Thread Group 1-13,text,true,32296,2778
1386864001430,3025,GET: View assignment (shbe),200,OK,Thread Group 1-16,text,true,32296,2710
1386864001452,3005,GET: View assignment (guwa),200,OK,Thread Group 1-6,text,true,32306,2779
1386864002922,1612,GET: Login (llfl),200,OK,Thread Group 1-54,text,true,11533,1484
1386864003116,1481,GET: Login (rawa),200,OK,Thread Group 1-55,text,true,11533,1368
1386864003314,1482,GET: Login (deke),200,OK,Thread Group 1-56,text,true,11533,1373
1386864003781,1753,GET: Login (defi),200,OK,Thread Group 1-58,text,true,11533,1615
1386864003520,2017,GET: Login (clad),200,OK,Thread Group 1-57,text,true,11533,1876
1386864003940,1696,GET: Login (boma),200,OK,Thread Group 1-59,text,true,11533,1601
1386864004186,1548,GET: Login (mefi),200,OK,Thread Group 1-60,text,true,11533,1475
1386864004357,1901,GET: Login (mywa),200,OK,Thread Group 1-61,text,true,11533,1834
1386864004560,1935,GET: Login (masi),200,OK,Thread Group 1-62,text,true,11533,1849
1386863999444,7213,POST: Login (mawh),200,OK,Thread Group 1-28,text,true,319598,1065
1386864004755,2197,GET: Login (emgu),200,OK,Thread Group 1-63,text,true,11533,2113
1386864004958,2290,GET: Login (mefig),200,OK,Thread Group 1-64,text,true,11533,2206
1386864001969,5629,GET: Show add submission form (caph),200,OK,Thread Group 1-20,text,true,56849,5414
1386864001929,5675,GET: Show add submission form (wewe),200,OK,Thread Group 1-11,text,true,56839,5505
1386864002347,5266,GET: Show add submission form (raba),200,OK,Thread Group 1-4,text,true,56849,5090
1386864001881,5808,GET: Show add submission form (raha),200,OK,Thread Group 1-14,text,true,56864,5550
1386864005410,2582,GET: Login (roby),200,OK,Thread Group 1-65,text,true,11533,2438
1386864005538,2563,GET: Login (cesc),200,OK,Thread Group 1-67,text,true,11533,2403
1386864005479,2624,GET: Login (maca),200,OK,Thread Group 1-66,text,true,11533,2403
1386864005745,2408,GET: Login (kagr),200,OK,Thread Group 1-68,text,true,11533,2293
1386863999566,8697,POST: Login (gopa),200,OK,Thread Group 1-30,text,true,319600,1046
1386864005942,2398,GET: Login (viad),200,OK,Thread Group 1-69,text,true,11533,2211
1386864006143,2280,GET: Login (mamu),200,OK,Thread Group 1-70,text,true,11533,2160
1386864002521,5931,GET: Show add submission form (huba),200,OK,Thread Group 1-1,text,true,56844,5622
1386864002569,5889,GET: Show add submission form (masm),200,OK,Thread Group 1-25,text,true,56854,5577
1386864002606,5903,GET: Show add submission form (sest),200,OK,Thread Group 1-12,text,true,56844,5537
1386864006341,2375,GET: Login (edma),200,OK,Thread Group 1-71,text,true,11533,2286
1386864006537,2275,GET: Login (viro),200,OK,Thread Group 1-72,text,true,11533,2153
1386864006737,2483,GET: Login (alfu),200,OK,Thread Group 1-73,text,true,11533,2393
1386864006940,2568,GET: Login (febo),200,OK,Thread Group 1-74,text,true,11533,2457
1386864003384,6386,GET: Show add submission form (nilu),200,OK,Thread Group 1-7,text,true,56823,6264
1386864007142,2661,GET: Login (roca),200,OK,Thread Group 1-75,text,true,11533,2566
1386864003406,6409,GET: Show add submission form (cenu),200,OK,Thread Group 1-19,text,true,56849,6292
1386863999534,10417,POST: Login (maco),200,OK,Thread Group 1-31,text,true,319604,1133
1386864007340,2638,GET: Login (olba),200,OK,Thread Group 1-76,text,true,11533,2505
1386864007545,2434,GET: Login (begr),200,OK,Thread Group 1-77,text,true,11533,2357
1386864007761,2383,GET: Login (cymc),200,OK,Thread Group 1-78,text,true,11533,2287
1386864003563,6585,GET: Show add submission form (maga),200,OK,Thread Group 1-18,text,true,56848,6460
1386864007948,2278,GET: Login (risc),200,OK,Thread Group 1-79,text,true,11533,2208
1386864008162,2351,GET: Login (caru),200,OK,Thread Group 1-80,text,true,11533,2283
1386864007886,2683,POST: Upload file (raba),200,OK,Thread Group 1-4,text,true,8582,2603
1386864007699,2931,POST: Upload file (caph),200,OK,Thread Group 1-20,text,true,8582,2813
1386864003857,6874,GET: Show add submission form (jade),200,OK,Thread Group 1-22,text,true,56824,6701
1386864007881,2851,POST: Upload file (wewe),200,OK,Thread Group 1-11,text,true,8582,2725
1386864003798,6948,GET: Show add submission form (joch),200,OK,Thread Group 1-21,text,true,56864,6759
1386864007999,2750,POST: Upload file (raha),200,OK,Thread Group 1-14,text,true,8582,2579
1386864008345,2433,GET: Login (caco),200,OK,Thread Group 1-81,text,true,11533,2356
1386864003858,6900,GET: Show add submission form (amgr),200,OK,Thread Group 1-17,text,true,56849,6698
1386864008551,2358,GET: Login (cabo),200,OK,Thread Group 1-82,text,true,11533,2225
1386863999567,11343,POST: Login (irmo),200,OK,Thread Group 1-29,text,true,319598,1626
1386863999533,11381,POST: Login (jufe),200,OK,Thread Group 1-26,text,true,319600,1614
1386864008759,2196,GET: Login (edhe),200,OK,Thread Group 1-83,text,true,11533,2111
1386864004196,6813,GET: Show add submission form (jehu),200,OK,Thread Group 1-27,text,true,56839,6703
1386864008960,2202,GET: Login (jowa),200,OK,Thread Group 1-84,text,true,11533,2062
1386864004252,7044,GET: Show add submission form (trca),200,OK,Thread Group 1-9,text,true,56829,6906
1386864009282,2059,POST: Upload file (sest),200,OK,Thread Group 1-12,text,true,8582,1982
1386864004505,6846,GET: Show add submission form (gemo),200,OK,Thread Group 1-10,text,true,56859,6711
1386864009116,2368,POST: Upload file (huba),200,OK,Thread Group 1-1,text,true,8582,2205
1386864009357,2228,GET: Login (rosh),200,OK,Thread Group 1-86,text,true,11533,2034
1386864009169,2418,GET: Login (patu),200,OK,Thread Group 1-85,text,true,11533,2212
1386864009119,2495,POST: Upload file (masm),200,OK,Thread Group 1-25,text,true,8582,2249
1386864004687,7132,GET: Show add submission form (daha),200,OK,Thread Group 1-15,text,true,56839,7006
1386864004685,7137,GET: Show add submission form (glbl),200,OK,Thread Group 1-24,text,true,56833,7008
1386864009788,2270,POST: Upload file (nilu),200,OK,Thread Group 1-7,text,true,8579,2127
1386864009947,2165,POST: Upload file (cenu),200,OK,Thread Group 1-19,text,true,8582,2060
1386864004819,7345,GET: Show add submission form (bola),200,OK,Thread Group 1-23,text,true,56849,7227
1386864004871,7299,GET: Show add submission form (calo),200,OK,Thread Group 1-8,text,true,56834,7176
1386864004839,7333,GET: Show add submission form (cach),200,OK,Thread Group 1-5,text,true,56849,7207
1386864004829,7381,GET: Show add submission form (tyll),200,OK,Thread Group 1-2,text,true,56839,7276
1386864006716,5508,GET: View assignment (mawh),200,OK,Thread Group 1-28,text,true,32299,5378
1386864004901,7330,GET: Show add submission form (shbe),200,OK,Thread Group 1-16,text,true,56839,7195
1386864004890,7354,GET: Show add submission form (juga),200,OK,Thread Group 1-13,text,true,56839,7205
1386864004851,7395,GET: Show add submission form (sojo),200,OK,Thread Group 1-3,text,true,56859,7244
1386864004902,7348,GET: Show add submission form (guwa),200,OK,Thread Group 1-6,text,true,56859,7192
1386864010271,2088,POST: Upload file (maga),200,OK,Thread Group 1-18,text,true,8579,2012
1386864009559,2989,GET: Login (erta),200,OK,Thread Group 1-87,text,true,11533,2837
1386864009756,2885,GET: Login (sost),200,OK,Thread Group 1-88,text,true,11533,2779
1386864009958,2686,GET: Login (chmo),200,OK,Thread Group 1-89,text,true,11533,2549
1386864010160,2525,GET: Login (lome),200,OK,Thread Group 1-90,text,true,11533,2383
1386864010783,2228,POST: Upload file (jade),200,OK,Thread Group 1-22,text,true,8582,2151
1386864010853,2246,POST: Upload file (joch),200,OK,Thread Group 1-21,text,true,8582,2129
1386864010871,2251,POST: Upload file (amgr),200,OK,Thread Group 1-17,text,true,8582,2158
1386864011171,2456,POST: Upload file (jehu),200,OK,Thread Group 1-27,text,true,8582,2325
1386864011309,2762,POST: Upload file (trca),200,OK,Thread Group 1-9,text,true,8582,2681
1386864011775,2346,GET: Login (sawa),200,OK,Thread Group 1-98,text,true,11533,2232
1386864011440,2761,POST: Upload file (gemo),200,OK,Thread Group 1-10,text,true,8582,2648
1386864010565,3860,GET: Login (nosa),200,OK,Thread Group 1-92,text,true,11533,3598
1386864011170,3257,GET: Login (saha),200,OK,Thread Group 1-95,text,true,11533,2953
1386864010969,3460,GET: Login (clri),200,OK,Thread Group 1-94,text,true,11533,3164
1386864011372,3059,GET: Login (rean),200,OK,Thread Group 1-96,text,true,11533,2767
1386864010766,3669,GET: Login (shsa),200,OK,Thread Group 1-93,text,true,11533,3347
1386864011835,2819,POST: Upload file (glbl),200,OK,Thread Group 1-24,text,true,8579,2546
1386864011834,2827,POST: Upload file (daha),200,OK,Thread Group 1-15,text,true,8582,2599
1386864011588,3074,GET: Login (mepa),200,OK,Thread Group 1-97,text,true,11533,2581
1386864008815,5853,GET: View assignment (gopa),200,OK,Thread Group 1-30,text,true,32302,5371
1386864010362,4380,GET: Login (cagr),200,OK,Thread Group 1-91,text,true,11533,3825
1386864012353,2449,POST: Upload file (tyll),200,OK,Thread Group 1-2,text,true,8582,2347
1386864012262,2540,POST: Upload file (cach),200,OK,Thread Group 1-5,text,true,8582,2402
1386864012248,2571,POST: Upload file (bola),200,OK,Thread Group 1-23,text,true,8582,2399
1386864012370,2450,POST: Upload file (shbe),200,OK,Thread Group 1-16,text,true,8582,2322
1386864012250,2571,POST: Upload file (calo),200,OK,Thread Group 1-8,text,true,8582,2409
1386864012383,2725,POST: Upload file (guwa),200,OK,Thread Group 1-6,text,true,8582,2525
1386864012783,2442,GET: Login (lodo),200,OK,Thread Group 1-103,text,true,11533,2231
1386864011978,3250,GET: Login (lebr),200,OK,Thread Group 1-99,text,true,11533,3041
1386864012381,2856,POST: Upload file (sojo),200,OK,Thread Group 1-3,text,true,8582,2429
1386864012598,2644,GET: Login (vist),200,OK,Thread Group 1-102,text,true,11533,2430
1386864012177,3073,GET: Login (limu),200,OK,Thread Group 1-100,text,true,11533,2840
1386864012382,2871,GET: Login (brll),200,OK,Thread Group 1-101,text,true,11533,2629
1386864012372,2883,POST: Upload file (juga),200,OK,Thread Group 1-13,text,true,8582,2382
1386864013185,2083,GET: Login (tamo),200,OK,Thread Group 1-105,text,true,11533,2017
1386864012985,2285,GET: Login (juha),200,OK,Thread Group 1-104,text,true,11533,2138
1386864013387,2166,GET: Login (fldi),200,OK,Thread Group 1-106,text,true,11533,1913
1386864013589,1967,GET: Login (brgr),200,OK,Thread Group 1-107,text,true,11533,1803
1386864010082,5481,GET: View assignment (maco),200,OK,Thread Group 1-31,text,true,32308,5178
1386864013793,1855,GET: Login (dere),200,OK,Thread Group 1-108,text,true,11533,1788
1386864000775,15013,POST: Login (alto),200,OK,Thread Group 1-32,text,true,319592,1923
1386864000806,15046,POST: Login (evpa),200,OK,Thread Group 1-33,text,true,319598,1895
1386864013993,2249,GET: Login (roto),200,OK,Thread Group 1-109,text,true,11533,2153
1386864010929,5367,GET: View assignment (irmo),200,OK,Thread Group 1-29,text,true,32299,5260
1386864010980,5337,GET: View assignment (jufe),200,OK,Thread Group 1-26,text,true,32302,5209
1386864014397,2046,GET: Login (crbi),200,OK,Thread Group 1-111,text,true,11533,1940
1386864014599,2024,GET: Login (mawe),200,OK,Thread Group 1-112,text,true,11533,2024
1386864014197,2427,GET: Login (loch),200,OK,Thread Group 1-110,text,true,11533,2144
1386864001208,15473,POST: Login (yvgr),200,OK,Thread Group 1-39,text,true,319600,1667
1386864000773,15982,POST: Login (anba),200,OK,Thread Group 1-36,text,true,319594,2052
1386864014801,2160,GET: Login (frmu),200,OK,Thread Group 1-113,text,true,11533,2070
1386864000803,16199,POST: Login (cogl),200,OK,Thread Group 1-35,text,true,319598,2072
1386864000919,16078,POST: Login (tatr),200,OK,Thread Group 1-37,text,true,319594,1960
1386864000808,16263,POST: Login (flco),200,OK,Thread Group 1-34,text,true,319592,2067
1386864000917,16184,POST: Login (mach),200,OK,Thread Group 1-38,text,true,319600,1907
1386864015001,2191,GET: Login (memo),200,OK,Thread Group 1-114,text,true,11533,2069
1386864010589,6653,POST: Save submission (raba),200,OK,Thread Group 1-4,text,true,58079,6544
1386864015201,2094,GET: Login (visu),200,OK,Thread Group 1-115,text,true,11533,1993
1386864010645,6650,POST: Save submission (caph),200,OK,Thread Group 1-20,text,true,58079,6538
1386864010854,6739,POST: Save submission (raha),200,OK,Thread Group 1-14,text,true,58094,6629
1386864010781,6847,POST: Save submission (wewe),200,OK,Thread Group 1-11,text,true,58069,6701
1386864015608,2646,GET: Login (dico),200,OK,Thread Group 1-117,text,true,11533,2431
1386864015402,2855,GET: Login (debu),200,OK,Thread Group 1-116,text,true,11533,2595
1386864002139,16242,POST: Login (nahe),200,OK,Thread Group 1-43,text,true,319604,2024
1386864011381,7048,POST: Save submission (sest),200,OK,Thread Group 1-12,text,true,58074,6924
1386864002198,16278,POST: Login (kely),200,OK,Thread Group 1-44,text,true,319598,2203
1386864011515,7150,POST: Save submission (huba),200,OK,Thread Group 1-1,text,true,58074,7004
1386864002152,16706,POST: Login (mica),200,OK,Thread Group 1-42,text,true,319606,2320
1386864001968,16905,POST: Login (elcu),200,OK,Thread Group 1-40,text,true,319606,2426
1386864001968,16953,POST: Login (dego),200,OK,Thread Group 1-41,text,true,319604,2436
1386864011721,7311,POST: Save submission (masm),200,OK,Thread Group 1-25,text,true,58084,7112
1386864016014,3400,GET: Login (rowo),200,OK,Thread Group 1-119,text,true,11533,3314
1386864015805,3615,GET: Login (pada),200,OK,Thread Group 1-118,text,true,11533,3499
1386864016213,3247,GET: Login (nepr),200,OK,Thread Group 1-120,text,true,11533,3117
1386864016413,3051,GET: Login (edco),200,OK,Thread Group 1-121,text,true,11533,2926
1386864012066,7411,POST: Save submission (nilu),200,OK,Thread Group 1-7,text,true,58050,7224
1386864002199,17306,POST: Login (thte),200,OK,Thread Group 1-45,text,true,319598,2401
1386864002415,17095,POST: Login (kava),200,OK,Thread Group 1-47,text,true,319602,2198
1386864012133,7400,POST: Save submission (cenu),200,OK,Thread Group 1-19,text,true,58079,7207
1386864002218,17408,POST: Login (dafo),200,OK,Thread Group 1-46,text,true,319600,2375
1386864016815,3330,GET: Login (sebr),200,OK,Thread Group 1-123,text,true,11533,3168
1386864016620,3527,GET: Login (shca),200,OK,Thread Group 1-122,text,true,11533,3312
1386864002662,17591,POST: Login (ligi),200,OK,Thread Group 1-48,text,true,319596,2402
1386864002781,17519,POST: Login (agra),200,OK,Thread Group 1-49,text,true,319598,2283
1386864012457,7940,POST: Save submission (maga),200,OK,Thread Group 1-18,text,true,58075,7808
1386864012370,8366,GET: Show add submission form (mawh),200,OK,Thread Group 1-28,text,true,56844,8199
1386864017017,3717,GET: Login (esda),200,OK,Thread Group 1-124,text,true,11533,3626
1386864017218,3732,GET: Login (kapa),200,OK,Thread Group 1-125,text,true,11533,3595
1386864017417,4345,GET: Login (raban),200,OK,Thread Group 1-126,text,true,11533,4243
1386864013023,8755,POST: Save submission (jade),200,OK,Thread Group 1-22,text,true,58054,8623
1386864017619,4194,GET: Login (lone),200,OK,Thread Group 1-127,text,true,11533,4096
1386864017820,3999,GET: Login (mawa),200,OK,Thread Group 1-128,text,true,11533,3881
1386864018024,3937,GET: Login (cogr),200,OK,Thread Group 1-129,text,true,11533,3796
1386864018225,3967,GET: Login (befe),200,OK,Thread Group 1-130,text,true,11533,3846
1386864013135,9086,POST: Save submission (amgr),200,OK,Thread Group 1-17,text,true,58079,8870
1386864013112,9211,POST: Save submission (joch),200,OK,Thread Group 1-21,text,true,58094,9069
1386864018426,4062,GET: Login (wimi),200,OK,Thread Group 1-131,text,true,11533,3959
1386864013637,9036,POST: Save submission (jehu),200,OK,Thread Group 1-27,text,true,58069,8845
1386864018630,4074,GET: Login (arwi),200,OK,Thread Group 1-132,text,true,11533,3973
1386864018830,4231,GET: Login (prha),200,OK,Thread Group 1-133,text,true,11533,4140
1386864019048,4175,GET: Login (chpo),200,OK,Thread Group 1-134,text,true,11533,4112
1386864019240,4174,GET: Login (rhro),200,OK,Thread Group 1-135,text,true,11533,4115
1386864019454,4162,GET: Login (mani),200,OK,Thread Group 1-136,text,true,11533,4081
1386864014089,9844,POST: Save submission (trca),200,OK,Thread Group 1-9,text,true,58059,9674
1386864019857,4100,GET: Login (lesp),200,OK,Thread Group 1-138,text,true,11533,3998
1386864019662,4299,GET: Login (dwdi),200,OK,Thread Group 1-137,text,true,11533,4102
1386864015801,8168,GET: View assignment (alto),200,OK,Thread Group 1-32,text,true,32290,7960
1386864020044,4036,GET: Login (alho),200,OK,Thread Group 1-139,text,true,11533,3903
1386864014247,9943,POST: Save submission (gemo),200,OK,Thread Group 1-10,text,true,58089,9698
1386864020254,3960,GET: Login (orli),200,OK,Thread Group 1-140,text,true,11533,3864
1386864015919,8425,GET: View assignment (evpa),200,OK,Thread Group 1-33,text,true,32299,8284
1386864020451,4051,GET: Login (krba),200,OK,Thread Group 1-141,text,true,11533,3970
1386864014671,10084,POST: Save submission (glbl),200,OK,Thread Group 1-24,text,true,58060,9939
1386864020649,4171,GET: Login (jogi),200,OK,Thread Group 1-142,text,true,11533,4067
1386864014703,10142,POST: Save submission (daha),200,OK,Thread Group 1-15,text,true,58069,9957
1386864020853,4061,GET: Login (rabl),200,OK,Thread Group 1-143,text,true,11533,3954
1386864021053,3928,GET: Login (clpa),200,OK,Thread Group 1-144,text,true,11533,3840
1386864021276,4033,GET: Login (hope),200,OK,Thread Group 1-145,text,true,11533,3832
1386864020786,4585,POST: Upload file (mawh),200,OK,Thread Group 1-28,text,true,8582,4448
1386864021457,3916,GET: Login (anda),200,OK,Thread Group 1-146,text,true,11533,3799
1386864014822,10558,POST: Save submission (tyll),200,OK,Thread Group 1-2,text,true,58069,10403
1386864021869,3563,GET: Login (momo),200,OK,Thread Group 1-148,text,true,11533,3454
1386864021661,3772,GET: Login (grga),200,OK,Thread Group 1-147,text,true,11533,3651
1386864014713,10736,GET: Show add submission form (gopa),200,OK,Thread Group 1-30,text,true,56849,10334
1386864014837,10621,POST: Save submission (cach),200,OK,Thread Group 1-5,text,true,58079,10471
1386864014873,10595,POST: Save submission (calo),200,OK,Thread Group 1-8,text,true,58064,10434
1386864015118,10386,POST: Save submission (guwa),200,OK,Thread Group 1-6,text,true,58089,10244
1386864014863,10612,POST: Save submission (shbe),200,OK,Thread Group 1-16,text,true,58069,10445
1386864014861,10701,POST: Save submission (bola),200,OK,Thread Group 1-23,text,true,58079,10447
1386864016751,8818,GET: View assignment (yvgr),200,OK,Thread Group 1-39,text,true,32302,8670
1386864022059,3567,GET: Login (kaca),200,OK,Thread Group 1-149,text,true,11533,3431
1386864016798,8889,GET: View assignment (anba),200,OK,Thread Group 1-36,text,true,32293,8758
1386864015320,10380,POST: Save submission (sojo),200,OK,Thread Group 1-3,text,true,58089,10236
1386864015332,10379,POST: Save submission (juga),200,OK,Thread Group 1-13,text,true,58069,10223
1386864022263,3453,GET: Login (dafr),200,OK,Thread Group 1-150,text,true,11533,3350
1386864017070,8829,GET: View assignment (tatr),200,OK,Thread Group 1-37,text,true,32293,8693
1386864015615,10392,GET: Show add submission form (maco),200,OK,Thread Group 1-31,text,true,56859,10274
1386864017017,8995,GET: View assignment (cogl),200,OK,Thread Group 1-35,text,true,32299,8871
1386864017091,9056,GET: View assignment (flco),200,OK,Thread Group 1-34,text,true,32290,8901
1386864017137,9043,GET: View assignment (mach),200,OK,Thread Group 1-38,text,true,32302,8909
1386864003384,23198,POST: Login (albe),200,OK,Thread Group 1-51,text,true,319598,4410
1386864003347,23291,POST: Login (cada),200,OK,Thread Group 1-50,text,true,319598,4447
1386864016376,10620,GET: Show add submission form (irmo),200,OK,Thread Group 1-29,text,true,56844,10189
1386864018516,8566,GET: View assignment (kely),200,OK,Thread Group 1-44,text,true,32299,8450
1386864018391,8693,GET: View assignment (nahe),200,OK,Thread Group 1-43,text,true,32308,8577
1386864016631,10489,GET: Show add submission form (jufe),200,OK,Thread Group 1-26,text,true,56849,10338
1386864018943,8184,GET: View assignment (dego),200,OK,Thread Group 1-41,text,true,32308,8074
1386864018888,8244,GET: View assignment (elcu),200,OK,Thread Group 1-40,text,true,32311,8129
1386864018873,8265,GET: View assignment (mica),200,OK,Thread Group 1-42,text,true,32311,8146
1386864003710,23476,POST: Login (frma),200,OK,Thread Group 1-52,text,true,319606,5485
1386864019756,7601,GET: View assignment (thte),200,OK,Thread Group 1-45,text,true,32299,7471
1386864019756,7617,GET: View assignment (kava),200,OK,Thread Group 1-47,text,true,32305,7470
1386864019809,7614,GET: View assignment (dafo),200,OK,Thread Group 1-46,text,true,32302,7484
1386864020315,7255,GET: View assignment (agra),200,OK,Thread Group 1-49,text,true,32299,7138
1386864020280,7297,GET: View assignment (ligi),200,OK,Thread Group 1-48,text,true,32296,7170
1386864025679,1902,POST: Upload file (gopa),200,OK,Thread Group 1-30,text,true,8582,1812
1386864004225,23594,POST: Login (jafl),200,OK,Thread Group 1-53,text,true,319600,6347
1386864026149,2451,POST: Upload file (maco),200,OK,Thread Group 1-31,text,true,8582,2165
1386864005129,23606,POST: Login (llfl),200,OK,Thread Group 1-54,text,true,319596,6093
1386864027011,2048,POST: Upload file (irmo),200,OK,Thread Group 1-29,text,true,8582,1942
1386864005762,23351,POST: Login (boma),200,OK,Thread Group 1-59,text,true,319604,5729
1386864027236,1963,POST: Upload file (jufe),200,OK,Thread Group 1-26,text,true,8582,1863
1386864006606,23080,POST: Login (masi),200,OK,Thread Group 1-62,text,true,319598,4967
1386864006377,23315,POST: Login (mywa),200,OK,Thread Group 1-61,text,true,319602,5210
1386864005472,24234,POST: Login (rawa),200,OK,Thread Group 1-55,text,true,319596,6104
1386864005918,23791,POST: Login (mefi),200,OK,Thread Group 1-60,text,true,319610,5667
1386864005739,24127,POST: Login (clad),200,OK,Thread Group 1-57,text,true,319600,5835
1386864008220,21793,POST: Login (roby),200,OK,Thread Group 1-65,text,true,319594,4203
1386864005617,24396,POST: Login (deke),200,OK,Thread Group 1-56,text,true,319600,5964
1386864007025,22987,POST: Login (emgu),200,OK,Thread Group 1-63,text,true,319602,5400
1386864005737,24329,POST: Login (defi),200,OK,Thread Group 1-58,text,true,319598,5847
1386864007312,22959,POST: Login (mefig),200,OK,Thread Group 1-64,text,true,319606,5116
1386864008681,21880,POST: Login (maca),200,OK,Thread Group 1-66,text,true,319600,4381
1386864009518,21102,POST: Login (alfu),200,OK,Thread Group 1-73,text,true,319598,3553
1386864009437,21185,POST: Login (viro),200,OK,Thread Group 1-72,text,true,319606,3632
1386864009095,21694,POST: Login (mamu),200,OK,Thread Group 1-70,text,true,319604,3975
1386864008651,22190,POST: Login (cesc),200,OK,Thread Group 1-67,text,true,319598,4423
1386864008978,21862,POST: Login (viad),200,OK,Thread Group 1-69,text,true,319598,4084
1386864009366,21483,POST: Login (edma),200,OK,Thread Group 1-71,text,true,319596,3698
1386864009619,21415,POST: Login (febo),200,OK,Thread Group 1-74,text,true,319598,4002
1386864008685,22350,POST: Login (kagr),200,OK,Thread Group 1-68,text,true,319596,4381
1386864009854,21187,POST: Login (roca),200,OK,Thread Group 1-75,text,true,319604,3768
1386864026644,4437,GET: View assignment (albe),200,OK,Thread Group 1-51,text,true,32299,4326
1386864024395,6737,GET: Show add submission form (evpa),200,OK,Thread Group 1-33,text,true,56844,6625
1386864025384,5797,POST: Save submission (mawh),200,OK,Thread Group 1-28,text,true,58074,5687
1386864026735,4496,GET: View assignment (cada),200,OK,Thread Group 1-50,text,true,32299,4384
1386864010525,20760,POST: Login (caru),200,OK,Thread Group 1-80,text,true,319604,3486
1386864010269,21022,POST: Login (cymc),200,OK,Thread Group 1-78,text,true,319606,3685
1386864024093,7216,GET: Show add submission form (alto),200,OK,Thread Group 1-32,text,true,56829,7079
1386864010318,20995,POST: Login (risc),200,OK,Thread Group 1-79,text,true,319604,3627
1386864010188,21127,POST: Login (begr),200,OK,Thread Group 1-77,text,true,319604,3818
1386864010187,21154,POST: Login (olba),200,OK,Thread Group 1-76,text,true,319596,3761
1386864011110,20489,POST: Login (edhe),200,OK,Thread Group 1-83,text,true,319596,3530
1386864011241,20361,POST: Login (jowa),200,OK,Thread Group 1-84,text,true,319596,3402
1386864010870,20783,POST: Login (caco),200,OK,Thread Group 1-81,text,true,319604,3774
1386864010929,20726,POST: Login (cabo),200,OK,Thread Group 1-82,text,true,319596,3540
1386864027283,4658,GET: View assignment (frma),200,OK,Thread Group 1-52,text,true,32311,4506
1386864011671,20422,POST: Login (rosh),200,OK,Thread Group 1-86,text,true,319604,3550
1386864011672,20424,POST: Login (patu),200,OK,Thread Group 1-85,text,true,319602,3562
1386864025872,6393,GET: Show add submission form (yvgr),200,OK,Thread Group 1-39,text,true,56849,6268
1386864025978,6354,GET: Show add submission form (anba),200,OK,Thread Group 1-36,text,true,56834,6219
1386864026064,6517,GET: Show add submission form (tatr),200,OK,Thread Group 1-37,text,true,56834,6325
1386864026150,6541,GET: Show add submission form (cogl),200,OK,Thread Group 1-35,text,true,56844,6306
1386864012675,20018,POST: Login (chmo),200,OK,Thread Group 1-89,text,true,319606,3266
1386864012708,19985,POST: Login (lome),200,OK,Thread Group 1-90,text,true,319602,3238
1386864012563,20136,POST: Login (erta),200,OK,Thread Group 1-87,text,true,319600,3327
1386864026304,6457,GET: Show add submission form (mach),200,OK,Thread Group 1-38,text,true,56849,6369
1386864027833,4986,GET: View assignment (jafl),200,OK,Thread Group 1-53,text,true,32302,4840
1386864012655,20166,POST: Login (sost),200,OK,Thread Group 1-88,text,true,319598,3286
1386864026232,6590,GET: Show add submission form (flco),200,OK,Thread Group 1-34,text,true,56829,6441
1386864031147,2848,POST: Upload file (evpa),200,OK,Thread Group 1-33,text,true,8582,2757
1386864014140,19998,POST: Login (sawa),200,OK,Thread Group 1-98,text,true,319592,2997
1386864027244,7108,GET: Show add submission form (elcu),200,OK,Thread Group 1-40,text,true,56864,6974
1386864027245,7157,GET: Show add submission form (mica),200,OK,Thread Group 1-42,text,true,56864,7034
1386864027155,7249,GET: Show add submission form (nahe),200,OK,Thread Group 1-43,text,true,56859,7124
1386864031342,3131,POST: Upload file (alto),200,OK,Thread Group 1-32,text,true,8582,3038
1386864028751,5828,GET: View assignment (llfl),200,OK,Thread Group 1-54,text,true,32296,5710
1386864027244,7557,GET: Show add submission form (dego),200,OK,Thread Group 1-41,text,true,56859,7417
1386864027637,7215,POST: Save submission (gopa),200,OK,Thread Group 1-30,text,true,58079,7085
1386864027372,7480,GET: Show add submission form (thte),200,OK,Thread Group 1-45,text,true,56844,7350
1386864027095,7763,GET: Show add submission form (kely),200,OK,Thread Group 1-44,text,true,56838,7627
1386864027477,7447,GET: Show add submission form (dafo),200,OK,Thread Group 1-46,text,true,56849,7302
1386864027409,7516,GET: Show add submission form (kava),200,OK,Thread Group 1-47,text,true,56854,7373
1386864029122,6037,GET: View assignment (boma),200,OK,Thread Group 1-59,text,true,32308,5909
1386864014440,20859,POST: Login (saha),200,OK,Thread Group 1-95,text,true,319602,3431
1386864027637,7711,GET: Show add submission form (ligi),200,OK,Thread Group 1-48,text,true,56839,7592
1386864032275,3301,POST: Upload file (yvgr),200,OK,Thread Group 1-39,text,true,8582,3198
1386864032343,3281,POST: Upload file (anba),200,OK,Thread Group 1-36,text,true,8582,3204
1386864014458,21271,POST: Login (rean),200,OK,Thread Group 1-96,text,true,319606,3673
1386864014451,21325,POST: Login (nosa),200,OK,Thread Group 1-92,text,true,319598,3679
1386864032602,3490,POST: Upload file (tatr),200,OK,Thread Group 1-37,text,true,8582,3381
1386864014705,21388,POST: Login (mepa),200,OK,Thread Group 1-97,text,true,319600,3431
1386864027585,8559,GET: Show add submission form (agra),200,OK,Thread Group 1-49,text,true,56838,8440
1386864029699,6483,GET: View assignment (masi),200,OK,Thread Group 1-62,text,true,32299,6377
1386864032716,3475,POST: Upload file (cogl),200,OK,Thread Group 1-35,text,true,8582,3366
1386864032778,3465,POST: Upload file (mach),200,OK,Thread Group 1-38,text,true,8582,3382
1386864014749,21495,POST: Login (cagr),200,OK,Thread Group 1-91,text,true,319600,3500
1386864029731,6516,GET: View assignment (mywa),200,OK,Thread Group 1-61,text,true,32305,6395
1386864014458,21789,POST: Login (shsa),200,OK,Thread Group 1-93,text,true,319600,3795
1386864032842,3449,POST: Upload file (flco),200,OK,Thread Group 1-34,text,true,8582,3369
1386864029745,6554,GET: View assignment (rawa),200,OK,Thread Group 1-55,text,true,32296,6428
1386864014458,21840,POST: Login (clri),200,OK,Thread Group 1-94,text,true,319606,3673
1386864029746,6603,GET: View assignment (mefi),200,OK,Thread Group 1-60,text,true,32317,6477
1386864029875,6808,GET: View assignment (clad),200,OK,Thread Group 1-57,text,true,32302,6741
1386864028617,8165,POST: Save submission (maco),200,OK,Thread Group 1-31,text,true,58089,8100
1386864030059,6903,GET: View assignment (emgu),200,OK,Thread Group 1-63,text,true,32305,6835
1386864030091,6934,GET: View assignment (defi),200,OK,Thread Group 1-58,text,true,32299,6803
1386864015623,21404,POST: Login (brgr),200,OK,Thread Group 1-107,text,true,319598,3671
1386864015348,21681,POST: Login (juha),200,OK,Thread Group 1-104,text,true,319592,3747
1386864030028,7012,GET: View assignment (roby),200,OK,Thread Group 1-65,text,true,32293,6869
1386864030058,6986,GET: View assignment (deke),200,OK,Thread Group 1-56,text,true,32302,6839
1386864015332,21741,POST: Login (limu),200,OK,Thread Group 1-100,text,true,319598,3862
1386864015349,21729,POST: Login (tamo),200,OK,Thread Group 1-105,text,true,319596,4299
1386864015317,21857,POST: Login (lebr),200,OK,Thread Group 1-99,text,true,319596,4135
1386864015677,21535,POST: Login (dere),200,OK,Thread Group 1-108,text,true,319598,4406
1386864030285,7043,GET: View assignment (mefig),200,OK,Thread Group 1-64,text,true,32311,6917
1386864015571,21761,POST: Login (fldi),200,OK,Thread Group 1-106,text,true,319600,4083
1386864015262,22108,POST: Login (lodo),200,OK,Thread Group 1-103,text,true,319600,3932
1386864034873,3291,POST: Upload file (thte),200,OK,Thread Group 1-45,text,true,8582,3031
1386864034897,3269,POST: Upload file (kely),200,OK,Thread Group 1-44,text,true,8579,2998
1386864034367,3802,POST: Upload file (elcu),200,OK,Thread Group 1-40,text,true,8582,3246
1386864030575,7596,GET: View assignment (maca),200,OK,Thread Group 1-66,text,true,32302,6988
1386864034962,3215,POST: Upload file (kava),200,OK,Thread Group 1-47,text,true,8582,3000
1386864034414,3764,POST: Upload file (mica),200,OK,Thread Group 1-42,text,true,8582,3294
1386864030800,7381,GET: View assignment (mamu),200,OK,Thread Group 1-70,text,true,32308,7136
1386864029070,9121,POST: Save submission (irmo),200,OK,Thread Group 1-29,text,true,58074,8547
1386864034944,3251,POST: Upload file (dafo),200,OK,Thread Group 1-46,text,true,8582,2994
1386864015321,22876,POST: Login (vist),200,OK,Thread Group 1-102,text,true,319608,4824
1386864034818,3381,POST: Upload file (dego),200,OK,Thread Group 1-41,text,true,8582,3071
1386864034422,3778,POST: Upload file (nahe),200,OK,Thread Group 1-43,text,true,8582,3217
1386864016256,21944,POST: Login (roto),200,OK,Thread Group 1-109,text,true,319602,3970
1386864015332,22869,POST: Login (brll),200,OK,Thread Group 1-101,text,true,319600,3762
1386864030641,7566,GET: View assignment (alfu),200,OK,Thread Group 1-73,text,true,32299,7106
1386864030663,7545,GET: View assignment (viro),200,OK,Thread Group 1-72,text,true,32311,7083
1386864029208,9002,POST: Save submission (jufe),200,OK,Thread Group 1-26,text,true,58079,8409
1386864030859,7364,GET: View assignment (cesc),200,OK,Thread Group 1-67,text,true,32299,7264
1386864035358,3305,POST: Upload file (ligi),200,OK,Thread Group 1-48,text,true,8582,2824
1386864031296,7393,GET: View assignment (caru),200,OK,Thread Group 1-80,text,true,32308,7130
1386864030875,7819,GET: View assignment (viad),200,OK,Thread Group 1-69,text,true,32299,7287
1386864016695,22003,POST: Login (crbi),200,OK,Thread Group 1-111,text,true,319604,3992
1386864031380,7328,GET: View assignment (olba),200,OK,Thread Group 1-76,text,true,32296,6921
1386864030892,7822,GET: View assignment (edma),200,OK,Thread Group 1-71,text,true,32296,7271
1386864031664,7052,GET: View assignment (caco),200,OK,Thread Group 1-81,text,true,32308,6888
1386864031625,7094,GET: View assignment (jowa),200,OK,Thread Group 1-84,text,true,32296,6922
1386864016696,22022,POST: Login (mawe),200,OK,Thread Group 1-112,text,true,319596,3978
1386864031360,7361,GET: View assignment (risc),200,OK,Thread Group 1-79,text,true,32308,6941
1386864031049,7674,GET: View assignment (febo),200,OK,Thread Group 1-74,text,true,32299,7116
1386864031665,7060,GET: View assignment (cabo),200,OK,Thread Group 1-82,text,true,32296,6885
1386864016971,21755,POST: Login (frmu),200,OK,Thread Group 1-113,text,true,319600,4037
1386864016697,22031,POST: Login (loch),200,OK,Thread Group 1-110,text,true,319600,4498
1386864031368,7361,GET: View assignment (begr),200,OK,Thread Group 1-77,text,true,32308,6934
1386864031049,7681,GET: View assignment (kagr),200,OK,Thread Group 1-68,text,true,32296,7165
1386864031088,7642,GET: View assignment (roca),200,OK,Thread Group 1-75,text,true,32308,7124
1386864017204,21525,POST: Login (memo),200,OK,Thread Group 1-114,text,true,319598,3808
1386864031313,7421,GET: View assignment (cymc),200,OK,Thread Group 1-78,text,true,32311,6989
1386864031612,7297,GET: View assignment (edhe),200,OK,Thread Group 1-83,text,true,32296,7059
1386864036159,2836,POST: Upload file (agra),200,OK,Thread Group 1-49,text,true,8579,2608
1386864017314,21731,POST: Login (visu),200,OK,Thread Group 1-115,text,true,319606,4499
1386864032117,6976,GET: View assignment (rosh),200,OK,Thread Group 1-86,text,true,32308,6864
1386864032105,6994,GET: View assignment (patu),200,OK,Thread Group 1-85,text,true,32305,6881
1386864032705,6542,GET: View assignment (chmo),200,OK,Thread Group 1-89,text,true,32313,6482
1386864032706,6594,GET: View assignment (lome),200,OK,Thread Group 1-90,text,true,32305,6479
1386864032722,6681,GET: View assignment (erta),200,OK,Thread Group 1-87,text,true,32302,6567
1386864018283,21128,POST: Login (dico),200,OK,Thread Group 1-117,text,true,319596,5236
1386864018329,21122,POST: Login (debu),200,OK,Thread Group 1-116,text,true,319600,5138
1386864032841,6658,GET: View assignment (sost),200,OK,Thread Group 1-88,text,true,32299,6600
1386864019520,20195,POST: Login (rowo),200,OK,Thread Group 1-119,text,true,319600,5255
1386864019644,20653,POST: Login (pada),200,OK,Thread Group 1-118,text,true,319604,5850
1386864034150,6207,GET: View assignment (sawa),200,OK,Thread Group 1-98,text,true,32290,6074
1386864019731,20627,POST: Login (nepr),200,OK,Thread Group 1-120,text,true,319598,5905
1386864031101,9356,GET: Show add submission form (albe),200,OK,Thread Group 1-51,text,true,56844,9243
1386864031241,9220,GET: Show add submission form (cada),200,OK,Thread Group 1-50,text,true,56844,9104
1386864019733,20876,POST: Login (edco),200,OK,Thread Group 1-121,text,true,319596,5942
1386864020163,20510,POST: Login (shca),200,OK,Thread Group 1-122,text,true,319608,5509
1386864031953,8914,GET: Show add submission form (frma),200,OK,Thread Group 1-52,text,true,56864,8842
1386864035309,6090,GET: View assignment (saha),200,OK,Thread Group 1-95,text,true,32307,5976
1386864020165,21388,POST: Login (sebr),200,OK,Thread Group 1-123,text,true,319594,5888
1386864032830,8724,GET: Show add submission form (jafl),200,OK,Thread Group 1-53,text,true,56849,8605
1386864035741,5855,GET: View assignment (rean),200,OK,Thread Group 1-96,text,true,32311,5747
1386864035785,5811,GET: View assignment (nosa),200,OK,Thread Group 1-92,text,true,32299,5702
1386864036110,5694,GET: View assignment (mepa),200,OK,Thread Group 1-97,text,true,32302,5576
1386864036270,5783,GET: View assignment (shsa),200,OK,Thread Group 1-93,text,true,32302,5649
1386864036256,5863,GET: View assignment (cagr),200,OK,Thread Group 1-91,text,true,32302,5726
1386864036311,5813,GET: View assignment (clri),200,OK,Thread Group 1-94,text,true,32311,5669
1386864034003,8395,POST: Save submission (evpa),200,OK,Thread Group 1-33,text,true,58074,8269
1386864020984,21681,POST: Login (kapa),200,OK,Thread Group 1-125,text,true,319604,5995
1386864034489,8230,POST: Save submission (alto),200,OK,Thread Group 1-32,text,true,58059,8119
1386864020826,22002,POST: Login (esda),200,OK,Thread Group 1-124,text,true,319600,6150
1386864034593,8723,GET: Show add submission form (llfl),200,OK,Thread Group 1-54,text,true,56839,8656
1386864035173,8491,GET: Show add submission form (boma),200,OK,Thread Group 1-59,text,true,56859,8359
1386864037054,6643,GET: View assignment (juha),200,OK,Thread Group 1-104,text,true,32292,6529
1386864037047,6696,GET: View assignment (brgr),200,OK,Thread Group 1-107,text,true,32301,6585
1386864037088,6655,GET: View assignment (limu),200,OK,Thread Group 1-100,text,true,32299,6547
1386864021977,21767,POST: Login (cogr),200,OK,Thread Group 1-129,text,true,319604,5532
1386864037381,6418,GET: View assignment (lodo),200,OK,Thread Group 1-103,text,true,32304,6306
1386864037349,6455,GET: View assignment (fldi),200,OK,Thread Group 1-106,text,true,32304,6339
1386864021860,21943,POST: Login (mawa),200,OK,Thread Group 1-128,text,true,319590,5646
1386864037225,6582,GET: View assignment (dere),200,OK,Thread Group 1-108,text,true,32301,6463
1386864037105,6708,GET: View assignment (tamo),200,OK,Thread Group 1-105,text,true,32298,6583
1386864037183,6632,GET: View assignment (lebr),200,OK,Thread Group 1-99,text,true,32296,6502
1386864040468,3375,POST: Upload file (albe),200,OK,Thread Group 1-51,text,true,8582,3282
1386864021780,22154,POST: Login (raban),200,OK,Thread Group 1-126,text,true,319602,5840
1386864040475,3461,POST: Upload file (cada),200,OK,Thread Group 1-50,text,true,8582,3348
1386864035591,8510,POST: Save submission (yvgr),200,OK,Thread Group 1-39,text,true,58079,8385
1386864021832,22282,POST: Login (lone),200,OK,Thread Group 1-127,text,true,319596,5674
1386864035633,8661,POST: Save submission (anba),200,OK,Thread Group 1-36,text,true,58064,8394
1386864040894,3546,POST: Upload file (frma),200,OK,Thread Group 1-52,text,true,8582,3417
1386864022547,22010,POST: Login (wimi),200,OK,Thread Group 1-131,text,true,319596,5159
1386864036101,8459,POST: Save submission (tatr),200,OK,Thread Group 1-37,text,true,58064,8326
1386864022220,22399,POST: Login (befe),200,OK,Thread Group 1-130,text,true,319606,5492
1386864022796,21878,POST: Login (arwi),200,OK,Thread Group 1-132,text,true,319596,5079
1386864036300,8430,POST: Save submission (flco),200,OK,Thread Group 1-34,text,true,58059,8303
1386864036256,8479,POST: Save submission (mach),200,OK,Thread Group 1-38,text,true,58079,8345
1386864036218,8523,POST: Save submission (cogl),200,OK,Thread Group 1-35,text,true,58074,8385
1386864036310,8680,GET: Show add submission form (rawa),200,OK,Thread Group 1-55,text,true,56839,8517
1386864036200,8800,GET: Show add submission form (masi),200,OK,Thread Group 1-62,text,true,56844,8629
1386864036257,8746,GET: Show add submission form (mywa),200,OK,Thread Group 1-61,text,true,56854,8574
1386864041561,3471,POST: Upload file (jafl),200,OK,Thread Group 1-53,text,true,8582,3375
1386864036357,8724,GET: Show add submission form (mefi),200,OK,Thread Group 1-60,text,true,56874,8612
1386864023105,21979,POST: Login (prha),200,OK,Thread Group 1-133,text,true,319602,5079
1386864038330,6844,GET: View assignment (vist),200,OK,Thread Group 1-102,text,true,32316,6691
1386864038331,6847,GET: View assignment (brll),200,OK,Thread Group 1-101,text,true,32304,6691
1386864036692,8494,GET: Show add submission form (clad),200,OK,Thread Group 1-57,text,true,56849,8329
1386864038331,6859,GET: View assignment (roto),200,OK,Thread Group 1-109,text,true,32307,6690
1386864023671,21602,POST: Login (mani),200,OK,Thread Group 1-136,text,true,319606,4565
1386864037047,8372,GET: Show add submission form (defi),200,OK,Thread Group 1-58,text,true,56844,8261
1386864037061,8361,GET: Show add submission form (deke),200,OK,Thread Group 1-56,text,true,56849,8247
1386864036982,8488,GET: Show add submission form (emgu),200,OK,Thread Group 1-63,text,true,56854,8374
1386864023260,22214,POST: Login (chpo),200,OK,Thread Group 1-134,text,true,319602,4973
1386864037060,8420,GET: Show add submission form (roby),200,OK,Thread Group 1-65,text,true,56834,8296
1386864038800,6772,GET: View assignment (crbi),200,OK,Thread Group 1-111,text,true,32310,6655
1386864038813,6768,GET: View assignment (mawe),200,OK,Thread Group 1-112,text,true,32298,6642
1386864038826,6792,GET: View assignment (loch),200,OK,Thread Group 1-110,text,true,32304,6680
1386864038825,6802,GET: View assignment (frmu),200,OK,Thread Group 1-113,text,true,32304,6684
1386864038836,6834,GET: View assignment (memo),200,OK,Thread Group 1-114,text,true,32301,6719
1386864024285,21438,POST: Login (orli),200,OK,Thread Group 1-140,text,true,319594,4173
1386864024092,21691,POST: Login (dwdi),200,OK,Thread Group 1-137,text,true,319598,4366
1386864037337,8454,GET: Show add submission form (mefig),200,OK,Thread Group 1-64,text,true,56864,8317
1386864039054,6871,GET: View assignment (visu),200,OK,Thread Group 1-115,text,true,32313,6713
1386864024080,22025,POST: Login (lesp),200,OK,Thread Group 1-138,text,true,319600,4591
1386864043327,2992,POST: Upload file (llfl),200,OK,Thread Group 1-54,text,true,8582,2819
1386864039432,6976,GET: View assignment (dico),200,OK,Thread Group 1-117,text,true,32298,6879
1386864023463,23055,POST: Login (rhro),200,OK,Thread Group 1-135,text,true,319606,5235
1386864025207,21358,POST: Login (clpa),200,OK,Thread Group 1-144,text,true,319600,3531
1386864039464,7101,GET: View assignment (debu),200,OK,Thread Group 1-116,text,true,32304,6985
1386864043674,3144,POST: Upload file (boma),200,OK,Thread Group 1-59,text,true,8582,3044
1386864024156,22741,POST: Login (alho),200,OK,Thread Group 1-139,text,true,319600,4835
1386864038177,8721,POST: Save submission (thte),200,OK,Thread Group 1-45,text,true,58074,8564
1386864025996,20903,POST: Login (dafr),200,OK,Thread Group 1-150,text,true,319596,2966
1386864025662,21239,POST: Login (momo),200,OK,Thread Group 1-148,text,true,319606,3336
1386864024957,22027,POST: Login (jogi),200,OK,Thread Group 1-142,text,true,319594,4047
1386864024542,22449,POST: Login (krba),200,OK,Thread Group 1-141,text,true,319604,4458
1386864025137,21857,POST: Login (rabl),200,OK,Thread Group 1-143,text,true,319596,4059
1386864025473,21525,POST: Login (anda),200,OK,Thread Group 1-146,text,true,319592,3588
1386864025977,21021,POST: Login (kaca),200,OK,Thread Group 1-149,text,true,319594,3025
1386864025702,21298,POST: Login (grga),200,OK,Thread Group 1-147,text,true,319594,3444
1386864025331,21670,POST: Login (hope),200,OK,Thread Group 1-145,text,true,319600,3676
1386864039725,7632,GET: View assignment (rowo),200,OK,Thread Group 1-119,text,true,32304,7299
1386864038302,9058,POST: Save submission (mica),200,OK,Thread Group 1-42,text,true,58094,8788
1386864038237,9124,POST: Save submission (elcu),200,OK,Thread Group 1-40,text,true,58094,8787
1386864038330,9074,POST: Save submission (nahe),200,OK,Thread Group 1-43,text,true,58089,8901
1386864038232,9180,POST: Save submission (kely),200,OK,Thread Group 1-44,text,true,58065,9000
1386864038249,9205,POST: Save submission (kava),200,OK,Thread Group 1-47,text,true,58084,9087
1386864038328,9132,POST: Save submission (dafo),200,OK,Thread Group 1-46,text,true,58079,9008
1386864038330,9387,POST: Save submission (dego),200,OK,Thread Group 1-41,text,true,58089,9271
1386864038339,9428,GET: Show add submission form (alfu),200,OK,Thread Group 1-73,text,true,56838,9312
1386864038239,9535,GET: Show add submission form (maca),200,OK,Thread Group 1-66,text,true,56849,9412
1386864038357,9633,GET: Show add submission form (cesc),200,OK,Thread Group 1-67,text,true,56844,9452
1386864038676,9428,POST: Save submission (ligi),200,OK,Thread Group 1-48,text,true,58069,9184
1386864038342,9943,GET: Show add submission form (viro),200,OK,Thread Group 1-72,text,true,56864,9746
1386864038308,10028,GET: Show add submission form (mamu),200,OK,Thread Group 1-70,text,true,56859,9855
1386864040369,8027,GET: View assignment (nepr),200,OK,Thread Group 1-120,text,true,32301,7794
1386864040307,8090,GET: View assignment (pada),200,OK,Thread Group 1-118,text,true,32310,7781
1386864040617,7839,GET: View assignment (edco),200,OK,Thread Group 1-121,text,true,32298,7710
1386864040681,7836,GET: View assignment (shca),200,OK,Thread Group 1-122,text,true,32316,7696
1386864038735,9789,GET: Show add submission form (caru),200,OK,Thread Group 1-80,text,true,56859,9645
1386864045087,3483,POST: Upload file (mefi),200,OK,Thread Group 1-60,text,true,8582,3397
1386864039014,9557,POST: Save submission (agra),200,OK,Thread Group 1-49,text,true,58065,9422
1386864045019,3553,POST: Upload file (masi),200,OK,Thread Group 1-62,text,true,8582,3469
1386864038837,9788,GET: Show add submission form (cymc),200,OK,Thread Group 1-78,text,true,56864,9663
1386864038814,9833,GET: Show add submission form (febo),200,OK,Thread Group 1-74,text,true,56838,9685
1386864038802,9848,GET: Show add submission form (edma),200,OK,Thread Group 1-71,text,true,56839,9699
1386864045037,3615,POST: Upload file (mywa),200,OK,Thread Group 1-61,text,true,8582,3498
1386864038801,9860,GET: Show add submission form (olba),200,OK,Thread Group 1-76,text,true,56839,9697
1386864038813,9845,GET: Show add submission form (risc),200,OK,Thread Group 1-79,text,true,56859,9690
1386864038802,9856,GET: Show add submission form (caco),200,OK,Thread Group 1-81,text,true,56853,9695
1386864038812,9844,GET: Show add submission form (jowa),200,OK,Thread Group 1-84,text,true,56839,9685
1386864045002,3688,POST: Upload file (rawa),200,OK,Thread Group 1-55,text,true,8582,3572
1386864038825,9864,GET: Show add submission form (cabo),200,OK,Thread Group 1-82,text,true,56839,9731
1386864038799,9901,GET: Show add submission form (viad),200,OK,Thread Group 1-69,text,true,56844,9757
1386864038826,9880,GET: Show add submission form (begr),200,OK,Thread Group 1-77,text,true,56859,9726
1386864038835,9873,GET: Show add submission form (kagr),200,OK,Thread Group 1-68,text,true,56839,9721
1386864038835,9902,GET: Show add submission form (roca),200,OK,Thread Group 1-75,text,true,56859,9777
1386864045219,3520,POST: Upload file (clad),200,OK,Thread Group 1-57,text,true,8582,3433
1386864038922,9866,GET: Show add submission form (edhe),200,OK,Thread Group 1-83,text,true,56839,9749
1386864039105,9824,GET: Show add submission form (rosh),200,OK,Thread Group 1-86,text,true,56859,9665
1386864045503,3521,POST: Upload file (roby),200,OK,Thread Group 1-65,text,true,8582,3425
1386864045427,3600,POST: Upload file (defi),200,OK,Thread Group 1-58,text,true,8582,3484
1386864039125,9904,GET: Show add submission form (patu),200,OK,Thread Group 1-85,text,true,56854,9782
1386864045485,3940,POST: Upload file (emgu),200,OK,Thread Group 1-63,text,true,8582,3497
1386864045807,3670,POST: Upload file (mefig),200,OK,Thread Group 1-64,text,true,8582,3521
1386864039262,10233,GET: Show add submission form (chmo),200,OK,Thread Group 1-89,text,true,56864,10013
1386864041560,7996,GET: View assignment (sebr),200,OK,Thread Group 1-123,text,true,32295,7855
1386864039311,10328,GET: Show add submission form (lome),200,OK,Thread Group 1-90,text,true,56854,10156
1386864039507,10134,GET: Show add submission form (sost),200,OK,Thread Group 1-88,text,true,56844,9960
1386864039419,10225,GET: Show add submission form (erta),200,OK,Thread Group 1-87,text,true,56849,10048
1386864045440,4241,POST: Upload file (deke),200,OK,Thread Group 1-56,text,true,8582,3463
1386864042671,7488,GET: View assignment (kapa),200,OK,Thread Group 1-125,text,true,32310,7427
1386864042839,8402,GET: View assignment (esda),200,OK,Thread Group 1-124,text,true,32304,8343
1386864040365,11082,GET: Show add submission form (sawa),200,OK,Thread Group 1-98,text,true,56829,10968
1386864047779,4055,POST: Upload file (alfu),200,OK,Thread Group 1-73,text,true,8579,3940
1386864047797,4141,POST: Upload file (maca),200,OK,Thread Group 1-66,text,true,8582,4054
1386864043764,8273,GET: View assignment (cogr),200,OK,Thread Group 1-129,text,true,32310,8212
1386864043843,8245,GET: View assignment (mawa),200,OK,Thread Group 1-128,text,true,32289,8133
1386864048004,4230,POST: Upload file (cesc),200,OK,Thread Group 1-67,text,true,8582,4175
1386864048300,4063,POST: Upload file (viro),200,OK,Thread Group 1-72,text,true,8582,3996
1386864043943,8470,GET: View assignment (raban),200,OK,Thread Group 1-126,text,true,32307,8358
1386864044126,8338,GET: View assignment (lone),200,OK,Thread Group 1-127,text,true,32298,8276
1386864041408,11332,GET: Show add submission form (saha),200,OK,Thread Group 1-95,text,true,56854,11239
1386864048343,4449,POST: Upload file (mamu),200,OK,Thread Group 1-70,text,true,8582,4314
1386864048531,4261,POST: Upload file (caru),200,OK,Thread Group 1-80,text,true,8582,4154
1386864048664,4173,POST: Upload file (cymc),200,OK,Thread Group 1-78,text,true,8582,4071
1386864041602,11326,GET: Show add submission form (rean),200,OK,Thread Group 1-96,text,true,56864,11228
1386864044569,8408,GET: View assignment (wimi),200,OK,Thread Group 1-131,text,true,32298,8259
1386864048750,4235,POST: Upload file (jowa),200,OK,Thread Group 1-84,text,true,8582,4147
1386864041602,11382,GET: Show add submission form (nosa),200,OK,Thread Group 1-92,text,true,56844,11228
1386864048804,4182,POST: Upload file (begr),200,OK,Thread Group 1-77,text,true,8582,4098
1386864048710,4277,POST: Upload file (febo),200,OK,Thread Group 1-74,text,true,8579,4143
1386864048711,4277,POST: Upload file (edma),200,OK,Thread Group 1-71,text,true,8582,4177
1386864048804,4218,POST: Upload file (kagr),200,OK,Thread Group 1-68,text,true,8582,4114
1386864048830,4198,POST: Upload file (edhe),200,OK,Thread Group 1-83,text,true,8582,4097
1386864048795,4234,POST: Upload file (viad),200,OK,Thread Group 1-69,text,true,8582,4116
1386864048742,4291,POST: Upload file (risc),200,OK,Thread Group 1-79,text,true,8582,4192
1386864048814,4220,POST: Upload file (roca),200,OK,Thread Group 1-75,text,true,8582,4122
1386864048740,4296,POST: Upload file (olba),200,OK,Thread Group 1-76,text,true,8582,4200
1386864048768,4303,POST: Upload file (cabo),200,OK,Thread Group 1-82,text,true,8582,4227
1386864044629,8450,GET: View assignment (befe),200,OK,Thread Group 1-130,text,true,32313,8336
1386864044683,8437,GET: View assignment (arwi),200,OK,Thread Group 1-132,text,true,32298,8329
1386864048937,4234,POST: Upload file (rosh),200,OK,Thread Group 1-86,text,true,8582,4152
1386864048748,4424,POST: Upload file (caco),200,OK,Thread Group 1-81,text,true,8579,4313
1386864049047,4235,POST: Upload file (patu),200,OK,Thread Group 1-85,text,true,8582,4126
1386864041810,11472,GET: Show add submission form (mepa),200,OK,Thread Group 1-97,text,true,56849,11352
1386864045095,8573,GET: View assignment (prha),200,OK,Thread Group 1-133,text,true,32307,8455
1386864042064,11670,GET: Show add submission form (shsa),200,OK,Thread Group 1-93,text,true,56849,11534
1386864049505,4279,POST: Upload file (chmo),200,OK,Thread Group 1-89,text,true,8582,4181
1386864042141,11698,GET: Show add submission form (clri),200,OK,Thread Group 1-94,text,true,56864,11581
1386864049650,4271,POST: Upload file (sost),200,OK,Thread Group 1-88,text,true,8582,4163
1386864042128,11806,GET: Show add submission form (cagr),200,OK,Thread Group 1-91,text,true,56849,11646
1386864049659,4277,POST: Upload file (erta),200,OK,Thread Group 1-87,text,true,8582,4136
1386864045282,8685,GET: View assignment (mani),200,OK,Thread Group 1-136,text,true,32313,8540
1386864049648,4324,POST: Upload file (lome),200,OK,Thread Group 1-90,text,true,8582,4217
1386864045502,8578,GET: View assignment (chpo),200,OK,Thread Group 1-134,text,true,32307,8457
1386864045737,8853,GET: View assignment (orli),200,OK,Thread Group 1-140,text,true,32295,8712
1386864045791,8845,GET: View assignment (dwdi),200,OK,Thread Group 1-137,text,true,32301,8718
1386864043867,11202,POST: Save submission (albe),200,OK,Thread Group 1-51,text,true,58074,10761
1386864051454,3620,POST: Upload file (sawa),200,OK,Thread Group 1-98,text,true,8582,3345
1386864043955,11121,POST: Save submission (cada),200,OK,Thread Group 1-50,text,true,58074,10671
1386864043753,11323,GET: Show add submission form (brgr),200,OK,Thread Group 1-107,text,true,56838,11058
1386864043703,11378,GET: Show add submission form (juha),200,OK,Thread Group 1-104,text,true,56829,10980
1386864043811,11270,GET: Show add submission form (lodo),200,OK,Thread Group 1-103,text,true,56849,10999
1386864043753,11335,GET: Show add submission form (limu),200,OK,Thread Group 1-100,text,true,56844,11058
1386864046111,9014,GET: View assignment (lesp),200,OK,Thread Group 1-138,text,true,32304,8844
1386864043844,11281,GET: Show add submission form (dere),200,OK,Thread Group 1-108,text,true,56844,11112
1386864043859,11269,GET: Show add submission form (lebr),200,OK,Thread Group 1-99,text,true,56833,11097
1386864043827,11305,GET: Show add submission form (fldi),200,OK,Thread Group 1-106,text,true,56849,11129
1386864043845,11288,GET: Show add submission form (tamo),200,OK,Thread Group 1-105,text,true,56839,11110
1386864046524,8679,GET: View assignment (rhro),200,OK,Thread Group 1-135,text,true,32313,8522
1386864046571,8634,GET: View assignment (clpa),200,OK,Thread Group 1-144,text,true,32304,8484
1386864044448,10761,POST: Save submission (frma),200,OK,Thread Group 1-52,text,true,58094,10598
1386864047002,8423,GET: View assignment (jogi),200,OK,Thread Group 1-142,text,true,32295,8301
1386864046913,8513,GET: View assignment (momo),200,OK,Thread Group 1-148,text,true,32313,8390
1386864046905,8521,GET: View assignment (dafr),200,OK,Thread Group 1-150,text,true,32298,8399
1386864047029,8401,GET: View assignment (krba),200,OK,Thread Group 1-141,text,true,32310,8275
1386864047040,8423,GET: View assignment (rabl),200,OK,Thread Group 1-143,text,true,32298,8311
1386864047052,8464,GET: View assignment (grga),200,OK,Thread Group 1-147,text,true,32295,8352
1386864046905,8617,GET: View assignment (alho),200,OK,Thread Group 1-139,text,true,32304,8509
1386864047052,8479,GET: View assignment (kaca),200,OK,Thread Group 1-149,text,true,32295,8353
1386864047052,8483,GET: View assignment (hope),200,OK,Thread Group 1-145,text,true,32304,8363
1386864047051,8485,GET: View assignment (anda),200,OK,Thread Group 1-146,text,true,32292,8353
1386864045060,10727,POST: Save submission (jafl),200,OK,Thread Group 1-53,text,true,58079,10660
1386864052747,3199,POST: Upload file (saha),200,OK,Thread Group 1-95,text,true,8582,3107
1386864052935,3064,POST: Upload file (rean),200,OK,Thread Group 1-96,text,true,8582,2989
1386864053007,3059,POST: Upload file (nosa),200,OK,Thread Group 1-92,text,true,8582,2944
1386864045237,10903,GET: Show add submission form (roto),200,OK,Thread Group 1-109,text,true,56854,10752
1386864045201,10942,GET: Show add submission form (brll),200,OK,Thread Group 1-101,text,true,56849,10790
1386864045186,10962,GET: Show add submission form (vist),200,OK,Thread Group 1-102,text,true,56869,10804
1386864053315,2943,POST: Upload file (mepa),200,OK,Thread Group 1-97,text,true,8582,2856
1386864045637,11583,GET: Show add submission form (mawe),200,OK,Thread Group 1-112,text,true,56839,11467
1386864045662,11606,GET: Show add submission form (frmu),200,OK,Thread Group 1-113,text,true,56849,11493
1386864045690,11581,GET: Show add submission form (memo),200,OK,Thread Group 1-114,text,true,56844,11468
1386864045596,11678,GET: Show add submission form (crbi),200,OK,Thread Group 1-111,text,true,56853,11559
1386864045661,11617,GET: Show add submission form (loch),200,OK,Thread Group 1-110,text,true,56849,11496
1386864045935,11656,GET: Show add submission form (visu),200,OK,Thread Group 1-115,text,true,56864,11373
1386864046324,11337,POST: Save submission (llfl),200,OK,Thread Group 1-54,text,true,58069,11031
1386864053944,3764,POST: Upload file (cagr),200,OK,Thread Group 1-91,text,true,8582,3633
1386864053850,3977,POST: Upload file (clri),200,OK,Thread Group 1-94,text,true,8582,3788
1386864046828,11084,POST: Save submission (boma),200,OK,Thread Group 1-59,text,true,58089,10928
1386864046413,11503,GET: Show add submission form (dico),200,OK,Thread Group 1-117,text,true,56839,11343
1386864053740,4207,POST: Upload file (shsa),200,OK,Thread Group 1-93,text,true,8582,3465
1386864055109,3516,POST: Upload file (juha),200,OK,Thread Group 1-104,text,true,8582,3394
1386864055142,3582,POST: Upload file (dere),200,OK,Thread Group 1-108,text,true,8582,3424
1386864055137,3593,POST: Upload file (limu),200,OK,Thread Group 1-100,text,true,8582,3437
1386864055131,3600,POST: Upload file (lodo),200,OK,Thread Group 1-103,text,true,8582,3426
1386864046571,12159,GET: Show add submission form (debu),200,OK,Thread Group 1-116,text,true,56849,11937
1386864055144,3591,POST: Upload file (tamo),200,OK,Thread Group 1-105,text,true,8582,3371
1386864055096,3640,POST: Upload file (brgr),200,OK,Thread Group 1-107,text,true,8579,3464
1386864047365,11371,GET: Show add submission form (rowo),200,OK,Thread Group 1-119,text,true,56849,11143
1386864055144,3623,POST: Upload file (fldi),200,OK,Thread Group 1-106,text,true,8582,3509
1386864055144,3888,POST: Upload file (lebr),200,OK,Thread Group 1-99,text,true,8579,3806
1386864048578,11022,POST: Save submission (mefi),200,OK,Thread Group 1-60,text,true,58104,10957
1386864048586,11066,POST: Save submission (masi),200,OK,Thread Group 1-62,text,true,58074,10949
1386864048718,11195,POST: Save submission (mywa),200,OK,Thread Group 1-61,text,true,58084,11042
1386864048766,11205,POST: Save submission (rawa),200,OK,Thread Group 1-55,text,true,58069,11071
1386864048404,11569,GET: Show add submission form (pada),200,OK,Thread Group 1-118,text,true,56859,11434
1386864048821,11153,POST: Save submission (clad),200,OK,Thread Group 1-57,text,true,58079,11017
1386864048463,11519,GET: Show add submission form (edco),200,OK,Thread Group 1-121,text,true,56839,11374
1386864048524,11490,GET: Show add submission form (shca),200,OK,Thread Group 1-122,text,true,56869,11380
1386864048404,11612,GET: Show add submission form (nepr),200,OK,Thread Group 1-120,text,true,56844,11499
1386864049033,11152,POST: Save submission (roby),200,OK,Thread Group 1-65,text,true,58064,11028
1386864049039,11248,POST: Save submission (defi),200,OK,Thread Group 1-58,text,true,58074,11022
1386864056156,4182,POST: Upload file (brll),200,OK,Thread Group 1-101,text,true,8582,4052
1386864056147,4191,POST: Upload file (roto),200,OK,Thread Group 1-109,text,true,8582,4081
1386864056161,4179,POST: Upload file (vist),200,OK,Thread Group 1-102,text,true,8582,4029
1386864049495,11143,POST: Save submission (mefig),200,OK,Thread Group 1-64,text,true,58094,11011
1386864057285,3354,POST: Upload file (crbi),200,OK,Thread Group 1-111,text,true,8579,3269
1386864049431,11208,POST: Save submission (emgu),200,OK,Thread Group 1-63,text,true,58084,11074
1386864057227,3465,POST: Upload file (mawe),200,OK,Thread Group 1-112,text,true,8582,3383
1386864057277,3472,POST: Upload file (frmu),200,OK,Thread Group 1-113,text,true,8582,3370
1386864049686,11067,POST: Save submission (deke),200,OK,Thread Group 1-56,text,true,58079,10935
1386864057296,3651,POST: Upload file (loch),200,OK,Thread Group 1-110,text,true,8582,3497
1386864057285,3725,POST: Upload file (memo),200,OK,Thread Group 1-114,text,true,8582,3569
1386864057596,3532,POST: Upload file (visu),200,OK,Thread Group 1-115,text,true,8582,3419
1386864049564,11630,GET: Show add submission form (sebr),200,OK,Thread Group 1-123,text,true,56834,11483
1386864057925,3565,POST: Upload file (dico),200,OK,Thread Group 1-117,text,true,8582,3484
1386864051246,10558,GET: Show add submission form (esda),200,OK,Thread Group 1-124,text,true,56849,10435
1386864050166,11676,GET: Show add submission form (kapa),200,OK,Thread Group 1-125,text,true,56853,11566
1386864051841,10083,POST: Save submission (alfu),200,OK,Thread Group 1-73,text,true,58065,9941
1386864058751,3214,POST: Upload file (debu),200,OK,Thread Group 1-116,text,true,8582,3148
1386864051945,10074,POST: Save submission (maca),200,OK,Thread Group 1-66,text,true,58079,9962
1386864058765,3305,POST: Upload file (rowo),200,OK,Thread Group 1-119,text,true,8582,3224
1386864052243,9877,POST: Save submission (cesc),200,OK,Thread Group 1-67,text,true,58074,9766
1386864052370,9825,POST: Save submission (viro),200,OK,Thread Group 1-72,text,true,58094,9688
1386864052045,10156,GET: Show add submission form (cogr),200,OK,Thread Group 1-129,text,true,56859,10018
1386864052095,10115,GET: Show add submission form (mawa),200,OK,Thread Group 1-128,text,true,56824,9965
1386864052812,9807,POST: Save submission (caru),200,OK,Thread Group 1-80,text,true,58089,9663
1386864059999,2674,POST: Upload file (edco),200,OK,Thread Group 1-121,text,true,8582,2595
1386864052841,9857,POST: Save submission (cymc),200,OK,Thread Group 1-78,text,true,58094,9713
1386864052800,9947,POST: Save submission (mamu),200,OK,Thread Group 1-70,text,true,58089,9752
1386864060020,2727,POST: Upload file (shca),200,OK,Thread Group 1-122,text,true,8582,2606
1386864053044,9707,POST: Save submission (edhe),200,OK,Thread Group 1-83,text,true,58069,9566
1386864052419,10353,GET: Show add submission form (raban),200,OK,Thread Group 1-126,text,true,56854,10191
1386864059987,2788,POST: Upload file (pada),200,OK,Thread Group 1-118,text,true,8582,2710
1386864053009,9776,POST: Save submission (febo),200,OK,Thread Group 1-74,text,true,58065,9598
1386864053085,9702,POST: Save submission (cabo),200,OK,Thread Group 1-82,text,true,58069,9583
1386864053006,9782,POST: Save submission (jowa),200,OK,Thread Group 1-84,text,true,58069,9599
1386864053046,9744,POST: Save submission (viad),200,OK,Thread Group 1-69,text,true,58074,9608
1386864053009,9781,POST: Save submission (edma),200,OK,Thread Group 1-71,text,true,58069,9601
1386864053049,9742,POST: Save submission (roca),200,OK,Thread Group 1-75,text,true,58089,9557
1386864053008,9784,POST: Save submission (begr),200,OK,Thread Group 1-77,text,true,58089,9602
1386864053188,9605,POST: Save submission (caco),200,OK,Thread Group 1-81,text,true,58080,9482
1386864053039,9754,POST: Save submission (kagr),200,OK,Thread Group 1-68,text,true,58069,9565
1386864053178,9617,POST: Save submission (rosh),200,OK,Thread Group 1-86,text,true,58089,9486
1386864053050,9748,POST: Save submission (olba),200,OK,Thread Group 1-76,text,true,58069,9559
1386864053049,9751,POST: Save submission (risc),200,OK,Thread Group 1-79,text,true,58089,9557
1386864052475,10325,GET: Show add submission form (lone),200,OK,Thread Group 1-127,text,true,56839,10134
1386864060037,2778,POST: Upload file (nepr),200,OK,Thread Group 1-120,text,true,8582,2704
1386864053311,9511,POST: Save submission (patu),200,OK,Thread Group 1-85,text,true,58084,9395
1386864052994,10020,GET: Show add submission form (wimi),200,OK,Thread Group 1-131,text,true,56839,9900
1386864053101,9961,GET: Show add submission form (befe),200,OK,Thread Group 1-130,text,true,56864,9893
1386864053124,9984,GET: Show add submission form (arwi),200,OK,Thread Group 1-132,text,true,56839,9870
1386864053789,9422,POST: Save submission (chmo),200,OK,Thread Group 1-89,text,true,58094,9306
1386864053937,9332,POST: Save submission (sost),200,OK,Thread Group 1-88,text,true,58074,9208
1386864053989,9383,POST: Save submission (lome),200,OK,Thread Group 1-90,text,true,58084,9206
1386864053945,9428,POST: Save submission (erta),200,OK,Thread Group 1-87,text,true,58079,9250
1386864053676,9697,GET: Show add submission form (prha),200,OK,Thread Group 1-133,text,true,56854,9519
1386864061203,2447,POST: Upload file (sebr),200,OK,Thread Group 1-123,text,true,8582,2290
1386864054090,9622,GET: Show add submission form (chpo),200,OK,Thread Group 1-134,text,true,56854,9464
1386864053976,9748,GET: Show add submission form (mani),200,OK,Thread Group 1-136,text,true,56858,9577
1386864054598,9320,GET: Show add submission form (orli),200,OK,Thread Group 1-140,text,true,56834,9181
1386864055093,8872,POST: Save submission (sawa),200,OK,Thread Group 1-98,text,true,58059,8739
1386864054645,9326,GET: Show add submission form (dwdi),200,OK,Thread Group 1-137,text,true,56844,9187
1386864061814,2234,POST: Upload file (esda),200,OK,Thread Group 1-124,text,true,8582,2172
1386864061852,2604,POST: Upload file (kapa),200,OK,Thread Group 1-125,text,true,8579,2428
1386864055211,9380,GET: Show add submission form (rhro),200,OK,Thread Group 1-135,text,true,56864,9314
1386864055226,9421,GET: Show add submission form (clpa),200,OK,Thread Group 1-144,text,true,56849,9300
1386864062210,2442,POST: Upload file (cogr),200,OK,Thread Group 1-129,text,true,8582,2336
1386864055142,9512,GET: Show add submission form (lesp),200,OK,Thread Group 1-138,text,true,56849,9383
1386864062220,2475,POST: Upload file (mawa),200,OK,Thread Group 1-128,text,true,8582,2387
1386864055952,8851,POST: Save submission (saha),200,OK,Thread Group 1-95,text,true,58084,8731
1386864055436,9368,GET: Show add submission form (jogi),200,OK,Thread Group 1-142,text,true,56834,9246
1386864055470,9334,GET: Show add submission form (rabl),200,OK,Thread Group 1-143,text,true,56839,9214
1386864055439,9371,GET: Show add submission form (dafr),200,OK,Thread Group 1-150,text,true,56839,9245
1386864055437,9374,GET: Show add submission form (momo),200,OK,Thread Group 1-148,text,true,56864,9245
1386864055452,9364,GET: Show add submission form (krba),200,OK,Thread Group 1-141,text,true,56859,9230
1386864055543,9303,GET: Show add submission form (kaca),200,OK,Thread Group 1-149,text,true,56828,9192
1386864055549,9298,GET: Show add submission form (anda),200,OK,Thread Group 1-146,text,true,56829,9184
1386864056006,8846,POST: Save submission (rean),200,OK,Thread Group 1-96,text,true,58094,8726
1386864055549,9305,GET: Show add submission form (hope),200,OK,Thread Group 1-145,text,true,56849,9185
1386864055538,9316,GET: Show add submission form (alho),200,OK,Thread Group 1-139,text,true,56843,9193
1386864055525,9330,GET: Show add submission form (grga),200,OK,Thread Group 1-147,text,true,56834,9208
1386864056073,8843,POST: Save submission (nosa),200,OK,Thread Group 1-92,text,true,58074,8710
1386864056269,8701,POST: Save submission (mepa),200,OK,Thread Group 1-97,text,true,58079,8564
1386864062860,2348,POST: Upload file (lone),200,OK,Thread Group 1-127,text,true,8582,2287
1386864063021,2262,POST: Upload file (wimi),200,OK,Thread Group 1-131,text,true,8582,2167
1386864062837,2456,POST: Upload file (raban),200,OK,Thread Group 1-126,text,true,8582,2333
1386864063074,2245,POST: Upload file (befe),200,OK,Thread Group 1-130,text,true,8582,2125
1386864063116,2203,POST: Upload file (arwi),200,OK,Thread Group 1-132,text,true,8582,2104
1386864063382,2220,POST: Upload file (prha),200,OK,Thread Group 1-133,text,true,8582,2027
1386864057719,7989,POST: Save submission (cagr),200,OK,Thread Group 1-91,text,true,58079,7874
1386864057834,7876,POST: Save submission (clri),200,OK,Thread Group 1-94,text,true,58094,7758
1386864057952,7801,POST: Save submission (shsa),200,OK,Thread Group 1-93,text,true,58079,7689
1386864058634,7305,POST: Save submission (juha),200,OK,Thread Group 1-104,text,true,58059,7216
1386864063723,2404,POST: Upload file (chpo),200,OK,Thread Group 1-134,text,true,8582,2312
1386864058746,7431,POST: Save submission (limu),200,OK,Thread Group 1-100,text,true,58074,7322
1386864063730,2884,POST: Upload file (mani),200,OK,Thread Group 1-136,text,true,8579,2798
1386864058746,7917,POST: Save submission (lodo),200,OK,Thread Group 1-103,text,true,58079,7806
1386864058756,7962,POST: Save submission (tamo),200,OK,Thread Group 1-105,text,true,58069,7847
1386864063978,2742,POST: Upload file (dwdi),200,OK,Thread Group 1-137,text,true,8582,2637
1386864058733,7990,POST: Save submission (dere),200,OK,Thread Group 1-108,text,true,58074,7869
1386864058774,7952,POST: Save submission (fldi),200,OK,Thread Group 1-106,text,true,58079,7830
1386864058756,7973,POST: Save submission (brgr),200,OK,Thread Group 1-107,text,true,58065,7851
1386864063926,2834,POST: Upload file (orli),200,OK,Thread Group 1-140,text,true,8582,2736
1386864059038,7780,POST: Save submission (lebr),200,OK,Thread Group 1-99,text,true,58060,7665
1386864064599,2299,POST: Upload file (rhro),200,OK,Thread Group 1-135,text,true,8582,2217
1386864064662,2298,POST: Upload file (lesp),200,OK,Thread Group 1-138,text,true,8582,2234
1386864064657,2450,POST: Upload file (clpa),200,OK,Thread Group 1-144,text,true,8582,2382
1386864064873,2286,POST: Upload file (alho),200,OK,Thread Group 1-139,text,true,8579,2170
1386864064825,2334,POST: Upload file (rabl),200,OK,Thread Group 1-143,text,true,8582,2263
1386864060345,6815,POST: Save submission (brll),200,OK,Thread Group 1-101,text,true,58079,6700
1386864064872,2338,POST: Upload file (anda),200,OK,Thread Group 1-146,text,true,8582,2247
1386864064859,2353,POST: Upload file (krba),200,OK,Thread Group 1-141,text,true,8582,2244
1386864064858,2357,POST: Upload file (dafr),200,OK,Thread Group 1-150,text,true,8582,2241
1386864064873,2343,POST: Upload file (grga),200,OK,Thread Group 1-147,text,true,8582,2249
1386864060350,6866,POST: Save submission (vist),200,OK,Thread Group 1-102,text,true,58099,6745
1386864064872,2348,POST: Upload file (hope),200,OK,Thread Group 1-145,text,true,8582,2240
1386864064871,2386,POST: Upload file (kaca),200,OK,Thread Group 1-149,text,true,8579,2289
1386864064859,2399,POST: Upload file (momo),200,OK,Thread Group 1-148,text,true,8582,2331
1386864060648,6710,POST: Save submission (crbi),200,OK,Thread Group 1-111,text,true,58080,6600
1386864064819,2541,POST: Upload file (jogi),200,OK,Thread Group 1-142,text,true,8582,2451
1386864060703,6659,POST: Save submission (mawe),200,OK,Thread Group 1-112,text,true,58069,6546
1386864060345,7020,POST: Save submission (roto),200,OK,Thread Group 1-109,text,true,58084,6901
1386864060758,6877,POST: Save submission (frmu),200,OK,Thread Group 1-113,text,true,58079,6540
1386864060953,6733,POST: Save submission (loch),200,OK,Thread Group 1-110,text,true,58079,6393
1386864061132,6555,POST: Save submission (visu),200,OK,Thread Group 1-115,text,true,58094,6265
1386864061015,6673,POST: Save submission (memo),200,OK,Thread Group 1-114,text,true,58074,6332
1386864061495,6235,POST: Save submission (dico),200,OK,Thread Group 1-117,text,true,58069,6176
1386864062077,5707,POST: Save submission (rowo),200,OK,Thread Group 1-119,text,true,58079,5597
1386864061971,5823,POST: Save submission (debu),200,OK,Thread Group 1-116,text,true,58079,5700
1386864062818,5149,POST: Save submission (shca),200,OK,Thread Group 1-122,text,true,58099,5012
1386864062866,5165,POST: Save submission (nepr),200,OK,Thread Group 1-120,text,true,58074,5041
1386864062691,5344,POST: Save submission (edco),200,OK,Thread Group 1-121,text,true,58069,5217
1386864062842,5199,POST: Save submission (pada),200,OK,Thread Group 1-118,text,true,58089,5067
1386864063658,4535,POST: Save submission (sebr),200,OK,Thread Group 1-123,text,true,58064,4456
1386864064054,4328,POST: Save submission (esda),200,OK,Thread Group 1-124,text,true,58079,4194
1386864064461,4015,POST: Save submission (kapa),200,OK,Thread Group 1-125,text,true,58080,3853
1386864064660,3962,POST: Save submission (cogr),200,OK,Thread Group 1-129,text,true,58089,3714
1386864064700,4042,POST: Save submission (mawa),200,OK,Thread Group 1-128,text,true,58054,3766
1386864065312,3492,POST: Save submission (raban),200,OK,Thread Group 1-126,text,true,58084,3303
1386864065325,3480,POST: Save submission (befe),200,OK,Thread Group 1-130,text,true,58094,3290
1386864065298,3508,POST: Save submission (wimi),200,OK,Thread Group 1-131,text,true,58069,3317
1386864065326,3485,POST: Save submission (arwi),200,OK,Thread Group 1-132,text,true,58069,3288
1386864065216,3600,POST: Save submission (lone),200,OK,Thread Group 1-127,text,true,58069,3396
1386864066618,2267,POST: Save submission (mani),200,OK,Thread Group 1-136,text,true,58085,2112
1386864066766,2122,POST: Save submission (orli),200,OK,Thread Group 1-140,text,true,58064,1967
1386864067225,1665,POST: Save submission (krba),200,OK,Thread Group 1-141,text,true,58089,1509
1386864065610,3285,POST: Save submission (prha),200,OK,Thread Group 1-133,text,true,58084,3126
1386864067169,1726,POST: Save submission (rabl),200,OK,Thread Group 1-143,text,true,58069,1567
1386864066736,2160,POST: Save submission (dwdi),200,OK,Thread Group 1-137,text,true,58074,1999
1386864067224,1676,POST: Save submission (anda),200,OK,Thread Group 1-146,text,true,58059,1512
1386864066134,2767,POST: Save submission (chpo),200,OK,Thread Group 1-134,text,true,58084,2596
1386864067225,1677,POST: Save submission (grga),200,OK,Thread Group 1-147,text,true,58064,1513
1386864067115,1789,POST: Save submission (clpa),200,OK,Thread Group 1-144,text,true,58079,1619
1386864066905,2005,POST: Save submission (rhro),200,OK,Thread Group 1-135,text,true,58094,1829
1386864067226,1685,POST: Save submission (dafr),200,OK,Thread Group 1-150,text,true,58069,1510
1386864067169,1743,POST: Save submission (alho),200,OK,Thread Group 1-139,text,true,58070,1561
1386864067263,1650,POST: Save submission (kaca),200,OK,Thread Group 1-149,text,true,58055,1473
1386864067240,1674,POST: Save submission (hope),200,OK,Thread Group 1-145,text,true,58079,1494
1386864066967,1949,POST: Save submission (lesp),200,OK,Thread Group 1-138,text,true,58079,1769
1386864067374,1579,POST: Save submission (jogi),200,OK,Thread Group 1-142,text,true,58064,1417
1386864067264,1689,POST: Save submission (momo),200,OK,Thread Group 1-148,text,true,58094,1527
