1386864842816,389,GET: Login (tyll),200,OK,Thread Group 1-2,text,true,11533,290
1386864842816,389,GET: Login (huba),200,OK,Thread Group 1-1,text,true,11533,290
1386864842900,303,GET: Login (sojo),200,OK,Thread Group 1-3,text,true,11533,206
1386864843083,171,GET: Login (raba),200,OK,Thread Group 1-4,text,true,11533,100
1386864843281,153,GET: Login (cach),200,OK,Thread Group 1-5,text,true,11533,96
1386864843481,170,GET: Login (guwa),200,OK,Thread Group 1-6,text,true,11533,93
1386864843692,215,GET: Login (nilu),200,OK,Thread Group 1-7,text,true,11533,133
1386864843890,222,GET: Login (calo),200,OK,Thread Group 1-8,text,true,11533,144
1386864844093,169,GET: Login (trca),200,OK,Thread Group 1-9,text,true,11533,94
1386864844292,191,GET: Login (gemo),200,OK,Thread Group 1-10,text,true,11533,112
1386864844495,245,GET: Login (wewe),200,OK,Thread Group 1-11,text,true,11533,181
1386864844701,239,GET: Login (sest),200,OK,Thread Group 1-12,text,true,11533,164
1386864844903,237,GET: Login (juga),200,OK,Thread Group 1-13,text,true,11533,133
1386864845119,274,GET: Login (raha),200,OK,Thread Group 1-14,text,true,11533,200
1386864845313,230,GET: Login (daha),200,OK,Thread Group 1-15,text,true,11533,140
1386864845515,226,GET: Login (shbe),200,OK,Thread Group 1-16,text,true,11533,149
1386864845716,226,GET: Login (amgr),200,OK,Thread Group 1-17,text,true,11533,128
1386864845916,280,GET: Login (maga),200,OK,Thread Group 1-18,text,true,11533,172
1386864846120,225,GET: Login (cenu),200,OK,Thread Group 1-19,text,true,11533,162
1386864846323,273,GET: Login (caph),200,OK,Thread Group 1-20,text,true,11533,169
1386864846523,323,GET: Login (joch),200,OK,Thread Group 1-21,text,true,11533,220
1386864846728,324,GET: Login (jade),200,OK,Thread Group 1-22,text,true,11533,220
1386864846934,313,GET: Login (bola),200,OK,Thread Group 1-23,text,true,11533,215
1386864847130,319,GET: Login (glbl),200,OK,Thread Group 1-24,text,true,11533,247
1386864847330,319,GET: Login (masm),200,OK,Thread Group 1-25,text,true,11533,242
1386864847534,374,GET: Login (jufe),200,OK,Thread Group 1-26,text,true,11533,232
1386864847743,374,GET: Login (jehu),200,OK,Thread Group 1-27,text,true,11533,272
1386864847945,314,GET: Login (mawh),200,OK,Thread Group 1-28,text,true,11533,223
1386864848153,292,GET: Login (irmo),200,OK,Thread Group 1-29,text,true,11533,221
1386864848345,300,GET: Login (gopa),200,OK,Thread Group 1-30,text,true,11533,199
1386864848633,313,GET: Login (maco),200,OK,Thread Group 1-31,text,true,11533,214
1386864848759,351,GET: Login (alto),200,OK,Thread Group 1-32,text,true,11533,268
1386864848965,389,GET: Login (evpa),200,OK,Thread Group 1-33,text,true,11533,285
1386864849154,355,GET: Login (flco),200,OK,Thread Group 1-34,text,true,11533,265
1386864849379,332,GET: Login (cogl),200,OK,Thread Group 1-35,text,true,11533,220
1386864849555,308,GET: Login (anba),200,OK,Thread Group 1-36,text,true,11533,233
1386864849756,347,GET: Login (tatr),200,OK,Thread Group 1-37,text,true,11533,202
1386864849963,357,GET: Login (mach),200,OK,Thread Group 1-38,text,true,11533,229
1386864850159,395,GET: Login (yvgr),200,OK,Thread Group 1-39,text,true,11533,271
1386864850361,412,GET: Login (elcu),200,OK,Thread Group 1-40,text,true,11533,295
1386864850571,463,GET: Login (dego),200,OK,Thread Group 1-41,text,true,11533,297
1386864850768,504,GET: Login (mica),200,OK,Thread Group 1-42,text,true,11533,340
1386864851164,410,GET: Login (kely),200,OK,Thread Group 1-44,text,true,11533,332
1386864850966,644,GET: Login (nahe),200,OK,Thread Group 1-43,text,true,11533,543
1386864851374,539,GET: Login (thte),200,OK,Thread Group 1-45,text,true,11533,460
1386864851567,454,GET: Login (dafo),200,OK,Thread Group 1-46,text,true,11533,334
1386864851769,460,GET: Login (kava),200,OK,Thread Group 1-47,text,true,11533,363
1386864851965,588,GET: Login (ligi),200,OK,Thread Group 1-48,text,true,11533,461
1386864846359,6252,POST: Login (cenu),200,OK,Thread Group 1-19,text,true,319600,1894
1386864852169,495,GET: Login (agra),200,OK,Thread Group 1-49,text,true,11533,408
1386864847466,5198,POST: Login (glbl),200,OK,Thread Group 1-24,text,true,319596,1842
1386864847921,4768,POST: Login (jufe),200,OK,Thread Group 1-26,text,true,319600,1888
1386864845950,6755,POST: Login (amgr),200,OK,Thread Group 1-17,text,true,319600,1599
1386864847662,5047,POST: Login (masm),200,OK,Thread Group 1-25,text,true,319602,1899
1386864847259,5466,POST: Login (bola),200,OK,Thread Group 1-23,text,true,319600,1636
1386864848275,4451,POST: Login (mawh),200,OK,Thread Group 1-28,text,true,319598,1957
1386864846855,5879,POST: Login (joch),200,OK,Thread Group 1-21,text,true,319606,1892
1386864845750,7008,POST: Login (shbe),200,OK,Thread Group 1-16,text,true,319596,1497
1386864846207,6570,POST: Login (maga),200,OK,Thread Group 1-18,text,true,319602,1703
1386864846609,6168,POST: Login (caph),200,OK,Thread Group 1-20,text,true,319600,2045
1386864847063,5715,POST: Login (jade),200,OK,Thread Group 1-22,text,true,319590,1832
1386864845553,7232,POST: Login (daha),200,OK,Thread Group 1-15,text,true,319596,1444
1386864843220,9571,POST: Login (sojo),200,OK,Thread Group 1-3,text,true,319604,851
1386864843220,9572,POST: Login (tyll),200,OK,Thread Group 1-2,text,true,319596,785
1386864845401,7402,POST: Login (raha),200,OK,Thread Group 1-14,text,true,319606,1546
1386864843263,9581,POST: Login (raba),200,OK,Thread Group 1-4,text,true,319600,812
1386864845150,7697,POST: Login (juga),200,OK,Thread Group 1-13,text,true,319596,1345
1386864843656,9266,POST: Login (guwa),200,OK,Thread Group 1-6,text,true,319604,707
1386864844950,7991,POST: Login (sest),200,OK,Thread Group 1-12,text,true,319598,1295
1386864844492,8465,POST: Login (gemo),200,OK,Thread Group 1-10,text,true,319604,803
1386864852367,642,GET: Login (cada),200,OK,Thread Group 1-50,text,true,11533,517
1386864843441,9598,POST: Login (cach),200,OK,Thread Group 1-5,text,true,319600,771
1386864844271,8782,POST: Login (trca),200,OK,Thread Group 1-9,text,true,319592,772
1386864844118,8952,POST: Login (calo),200,OK,Thread Group 1-8,text,true,319594,774
1386864844746,8335,POST: Login (wewe),200,OK,Thread Group 1-11,text,true,319596,945
1386864852574,621,GET: Login (albe),200,OK,Thread Group 1-51,text,true,11533,443
1386864848131,5080,POST: Login (jehu),200,OK,Thread Group 1-27,text,true,319596,1881
1386864848466,4786,POST: Login (irmo),200,OK,Thread Group 1-29,text,true,319598,1836
1386864852770,860,GET: Login (frma),200,OK,Thread Group 1-52,text,true,11533,451
1386864853006,681,GET: Login (jafl),200,OK,Thread Group 1-53,text,true,11533,497
1386864848686,5021,POST: Login (gopa),200,OK,Thread Group 1-30,text,true,319600,1970
1386864849011,4757,POST: Login (maco),200,OK,Thread Group 1-31,text,true,319604,1695
1386864843915,10023,POST: Login (nilu),200,OK,Thread Group 1-7,text,true,319592,724
1386864843220,10723,POST: Login (huba),200,OK,Thread Group 1-1,text,true,319598,787
1386864853409,745,GET: Login (rawa),200,OK,Thread Group 1-55,text,true,11533,667
1386864853220,935,GET: Login (llfl),200,OK,Thread Group 1-54,text,true,11533,853
1386864849125,5359,POST: Login (alto),200,OK,Thread Group 1-32,text,true,319592,1919
1386864853800,993,GET: Login (clad),200,OK,Thread Group 1-57,text,true,11533,869
1386864853596,1268,GET: Login (deke),200,OK,Thread Group 1-56,text,true,11533,1098
1386864852735,2169,GET: View assignment (cenu),200,OK,Thread Group 1-19,text,true,32302,1941
1386864854020,1021,GET: Login (defi),200,OK,Thread Group 1-58,text,true,11533,851
1386864849405,5787,POST: Login (evpa),200,OK,Thread Group 1-33,text,true,319598,2156
1386864849523,5978,POST: Login (flco),200,OK,Thread Group 1-34,text,true,319592,2087
1386864854215,1442,GET: Login (boma),200,OK,Thread Group 1-59,text,true,11533,1372
1386864853288,2511,GET: View assignment (glbl),200,OK,Thread Group 1-24,text,true,32296,2305
1386864853318,2546,GET: View assignment (jufe),200,OK,Thread Group 1-26,text,true,32302,2393
1386864854444,1635,GET: Login (mefi),200,OK,Thread Group 1-60,text,true,11533,1538
1386864853521,2831,GET: View assignment (masm),200,OK,Thread Group 1-25,text,true,32305,2726
1386864854672,1774,GET: Login (mywa),200,OK,Thread Group 1-61,text,true,11533,1718
1386864853511,3251,GET: View assignment (amgr),200,OK,Thread Group 1-17,text,true,32302,3093
1386864853687,3072,GET: View assignment (joch),200,OK,Thread Group 1-21,text,true,32311,2868
1386864853624,3145,GET: View assignment (bola),200,OK,Thread Group 1-23,text,true,32302,2928
1386864853687,3108,GET: View assignment (shbe),200,OK,Thread Group 1-16,text,true,32296,2868
1386864849734,7119,POST: Login (cogl),200,OK,Thread Group 1-35,text,true,319598,2495
1386864853652,3561,GET: View assignment (mawh),200,OK,Thread Group 1-28,text,true,32299,3426
1386864855008,2230,GET: Login (emgu),200,OK,Thread Group 1-63,text,true,11533,2145
1386864853879,3477,GET: View assignment (jade),200,OK,Thread Group 1-22,text,true,32287,3304
1386864855226,2187,GET: Login (mefig),200,OK,Thread Group 1-64,text,true,11533,2099
1386864853882,3593,GET: View assignment (daha),200,OK,Thread Group 1-15,text,true,32296,3403
1386864853883,3604,GET: View assignment (sojo),200,OK,Thread Group 1-3,text,true,32306,3457
1386864855428,2063,GET: Login (roby),200,OK,Thread Group 1-65,text,true,11533,1909
1386864853868,3652,GET: View assignment (maga),200,OK,Thread Group 1-18,text,true,32305,3411
1386864854860,2888,GET: Login (masi),200,OK,Thread Group 1-62,text,true,11533,2705
1386864853869,4017,GET: View assignment (caph),200,OK,Thread Group 1-20,text,true,32302,3780
1386864854028,3903,GET: View assignment (juga),200,OK,Thread Group 1-13,text,true,32296,3697
1386864853921,4017,GET: View assignment (tyll),200,OK,Thread Group 1-2,text,true,32294,3727
1386864853994,4096,GET: View assignment (raha),200,OK,Thread Group 1-14,text,true,32311,3864
1386864854000,4099,GET: View assignment (raba),200,OK,Thread Group 1-4,text,true,32300,3855
1386864854320,3904,GET: View assignment (sest),200,OK,Thread Group 1-12,text,true,32299,3738
1386864854279,3980,GET: View assignment (guwa),200,OK,Thread Group 1-6,text,true,32306,3783
1386864854365,3937,GET: View assignment (cach),200,OK,Thread Group 1-5,text,true,32300,3799
1386864856217,2274,GET: Login (viad),200,OK,Thread Group 1-69,text,true,11533,2149
1386864855691,2803,GET: Login (maca),200,OK,Thread Group 1-66,text,true,11533,2707
1386864856398,2179,GET: Login (mamu),200,OK,Thread Group 1-70,text,true,11533,2020
1386864855998,2672,GET: Login (kagr),200,OK,Thread Group 1-68,text,true,11533,2534
1386864856605,2069,GET: Login (edma),200,OK,Thread Group 1-71,text,true,11533,1933
1386864854417,4269,GET: View assignment (wewe),200,OK,Thread Group 1-11,text,true,32296,4062
1386864854391,4297,GET: View assignment (calo),200,OK,Thread Group 1-8,text,true,32291,4089
1386864855000,4163,GET: View assignment (gopa),200,OK,Thread Group 1-30,text,true,32302,4163
1386864856819,2345,GET: Login (viro),200,OK,Thread Group 1-72,text,true,11533,2345
1386864856999,2165,GET: Login (alfu),200,OK,Thread Group 1-73,text,true,11533,2165
1386864854640,4528,GET: View assignment (jehu),200,OK,Thread Group 1-27,text,true,32296,4528
1386864854381,4798,GET: View assignment (trca),200,OK,Thread Group 1-9,text,true,32290,4798
1386864855828,3351,GET: Login (cesc),200,OK,Thread Group 1-67,text,true,11533,2790
1386864855002,4179,GET: View assignment (maco),200,OK,Thread Group 1-31,text,true,32308,4078
1386864854340,4842,GET: View assignment (gemo),200,OK,Thread Group 1-10,text,true,32308,4841
1386864854667,4515,GET: View assignment (irmo),200,OK,Thread Group 1-29,text,true,32299,4413
1386864855259,4165,GET: View assignment (nilu),200,OK,Thread Group 1-7,text,true,32288,4045
1386864857422,2036,GET: Login (roca),200,OK,Thread Group 1-75,text,true,11533,1954
1386864855306,4206,GET: View assignment (huba),200,OK,Thread Group 1-1,text,true,32297,4096
1386864855580,3934,GET: View assignment (alto),200,OK,Thread Group 1-32,text,true,32290,3822
1386864858413,1153,GET: Login (caru),200,OK,Thread Group 1-80,text,true,11533,1072
1386864857616,1951,GET: Login (olba),200,OK,Thread Group 1-76,text,true,11533,1853
1386864857808,1759,GET: Login (begr),200,OK,Thread Group 1-77,text,true,11533,1649
1386864858236,1340,GET: Login (risc),200,OK,Thread Group 1-79,text,true,11533,1241
1386864858070,1507,GET: Login (cymc),200,OK,Thread Group 1-78,text,true,11533,1421
1386864857202,2376,GET: Login (febo),200,OK,Thread Group 1-74,text,true,11533,2253
1386864856066,3656,GET: View assignment (evpa),200,OK,Thread Group 1-33,text,true,32299,3545
1386864856292,3479,GET: View assignment (flco),200,OK,Thread Group 1-34,text,true,32290,3369
1386864858615,1162,GET: Login (caco),200,OK,Thread Group 1-81,text,true,11533,1070
1386864859166,938,GET: Login (cabo),200,OK,Thread Group 1-83,text,true,11533,872
1386864859187,922,GET: Login (edhe),200,OK,Thread Group 1-82,text,true,11533,832
1386864859218,947,GET: Login (jowa),200,OK,Thread Group 1-84,text,true,11533,841
1386864849887,10457,POST: Login (anba),200,OK,Thread Group 1-36,text,true,319594,2865
1386864859418,1037,GET: Login (patu),200,OK,Thread Group 1-85,text,true,11533,910
1386864859620,1016,GET: Login (rosh),200,OK,Thread Group 1-86,text,true,11533,877
1386864858007,2839,GET: View assignment (cogl),200,OK,Thread Group 1-35,text,true,32299,2708
1386864859823,1071,GET: Login (erta),200,OK,Thread Group 1-87,text,true,11533,973
1386864856523,4758,GET: Show add submission form (glbl),200,OK,Thread Group 1-24,text,true,56839,4617
1386864856836,4450,GET: Show add submission form (jufe),200,OK,Thread Group 1-26,text,true,56849,4307
1386864855849,5448,GET: Show add submission form (cenu),200,OK,Thread Group 1-19,text,true,56849,5292
1386864850120,11255,POST: Login (tatr),200,OK,Thread Group 1-37,text,true,319594,3076
1386864860027,1354,GET: Login (sost),200,OK,Thread Group 1-88,text,true,11533,1231
1386864857274,4303,GET: Show add submission form (masm),200,OK,Thread Group 1-25,text,true,56848,4143
1386864860226,1432,GET: Login (chmo),200,OK,Thread Group 1-89,text,true,11533,1305
1386864857568,4194,GET: Show add submission form (joch),200,OK,Thread Group 1-21,text,true,56864,4084
1386864857616,4206,GET: Show add submission form (shbe),200,OK,Thread Group 1-16,text,true,56839,4086
1386864857566,4258,GET: Show add submission form (amgr),200,OK,Thread Group 1-17,text,true,56849,4135
1386864857586,4288,GET: Show add submission form (bola),200,OK,Thread Group 1-23,text,true,56849,4164
1386864860428,1489,GET: Login (lome),200,OK,Thread Group 1-90,text,true,11533,1416
1386864858433,4206,GET: Show add submission form (mawh),200,OK,Thread Group 1-28,text,true,56844,4012
1386864850338,12424,POST: Login (mach),200,OK,Thread Group 1-38,text,true,319600,3707
1386864860631,2603,GET: Login (cagr),200,OK,Thread Group 1-91,text,true,11533,2505
1386864860845,2605,GET: Login (nosa),200,OK,Thread Group 1-92,text,true,11533,2492
1386864861304,2262,POST: Upload file (glbl),200,OK,Thread Group 1-24,text,true,8582,2176
1386864861402,2321,POST: Upload file (cenu),200,OK,Thread Group 1-19,text,true,8582,2122
1386864850608,13126,POST: Login (yvgr),200,OK,Thread Group 1-39,text,true,319600,4252
1386864850789,12947,POST: Login (elcu),200,OK,Thread Group 1-40,text,true,319606,4073
1386864861307,2518,POST: Upload file (jufe),200,OK,Thread Group 1-26,text,true,8582,2276
1386864861611,2272,POST: Upload file (masm),200,OK,Thread Group 1-25,text,true,8579,2118
1386864859175,4783,GET: Show add submission form (daha),200,OK,Thread Group 1-15,text,true,56839,4634
1386864859169,4796,GET: Show add submission form (jade),200,OK,Thread Group 1-22,text,true,56824,4639
1386864859193,4775,GET: Show add submission form (sojo),200,OK,Thread Group 1-3,text,true,56859,4617
1386864859203,4767,GET: Show add submission form (maga),200,OK,Thread Group 1-18,text,true,56854,4605
1386864859423,4661,GET: Show add submission form (caph),200,OK,Thread Group 1-20,text,true,56849,4517
1386864859441,4747,GET: Show add submission form (juga),200,OK,Thread Group 1-13,text,true,56839,4634
1386864859452,4739,GET: Show add submission form (tyll),200,OK,Thread Group 1-2,text,true,56839,4623
1386864861941,2311,POST: Upload file (joch),200,OK,Thread Group 1-21,text,true,8582,2196
1386864862119,2267,POST: Upload file (amgr),200,OK,Thread Group 1-17,text,true,8582,2136
1386864859618,4778,GET: Show add submission form (raha),200,OK,Thread Group 1-14,text,true,56864,4625
1386864859631,4771,GET: Show add submission form (raba),200,OK,Thread Group 1-4,text,true,56849,4609
1386864861045,3412,GET: Login (shsa),200,OK,Thread Group 1-93,text,true,11533,3327
1386864862125,2333,POST: Upload file (bola),200,OK,Thread Group 1-23,text,true,8582,2183
1386864859679,4783,GET: Show add submission form (cach),200,OK,Thread Group 1-5,text,true,56849,4632
1386864861241,3275,GET: Login (clri),200,OK,Thread Group 1-94,text,true,11533,3157
1386864861643,2889,GET: Login (rean),200,OK,Thread Group 1-96,text,true,11533,2756
1386864862118,2415,POST: Upload file (shbe),200,OK,Thread Group 1-16,text,true,8582,2272
1386864861442,3092,GET: Login (saha),200,OK,Thread Group 1-95,text,true,11533,2958
1386864859668,5098,GET: Show add submission form (sest),200,OK,Thread Group 1-12,text,true,56844,4928
1386864859670,5198,GET: Show add submission form (guwa),200,OK,Thread Group 1-6,text,true,56859,5063
1386864862655,2654,POST: Upload file (mawh),200,OK,Thread Group 1-28,text,true,8582,2362
1386864851058,14315,POST: Login (dego),200,OK,Thread Group 1-41,text,true,319604,4598
1386864859978,5759,GET: Show add submission form (wewe),200,OK,Thread Group 1-11,text,true,56839,5476
1386864860011,5731,GET: Show add submission form (jehu),200,OK,Thread Group 1-27,text,true,56833,5445
1386864859980,5765,GET: Show add submission form (calo),200,OK,Thread Group 1-8,text,true,56834,5474
1386864860835,5005,GET: View assignment (anba),200,OK,Thread Group 1-36,text,true,32293,4879
1386864860051,5793,GET: Show add submission form (trca),200,OK,Thread Group 1-9,text,true,56829,5663
1386864859986,5861,GET: Show add submission form (gopa),200,OK,Thread Group 1-30,text,true,56849,5730
1386864862855,3353,GET: Login (vist),200,OK,Thread Group 1-102,text,true,11533,3282
1386864862251,3961,GET: Login (lebr),200,OK,Thread Group 1-99,text,true,11533,3868
1386864862652,3563,GET: Login (brll),200,OK,Thread Group 1-101,text,true,11533,3469
1386864863056,3159,GET: Login (lodo),200,OK,Thread Group 1-103,text,true,11533,3060
1386864861845,4372,GET: Login (mepa),200,OK,Thread Group 1-97,text,true,11533,4262
1386864862048,4174,GET: Login (sawa),200,OK,Thread Group 1-98,text,true,11533,4087
1386864862455,3768,GET: Login (limu),200,OK,Thread Group 1-100,text,true,11533,3667
1386864863256,2969,GET: Login (juha),200,OK,Thread Group 1-104,text,true,11533,2854
1386864860101,6600,GET: Show add submission form (maco),200,OK,Thread Group 1-31,text,true,56859,6486
1386864860109,6596,GET: Show add submission form (gemo),200,OK,Thread Group 1-10,text,true,56859,6480
1386864860119,6735,GET: Show add submission form (irmo),200,OK,Thread Group 1-29,text,true,56844,6620
1386864861507,5611,GET: View assignment (tatr),200,OK,Thread Group 1-37,text,true,32293,5508
1386864864007,3241,POST: Upload file (sojo),200,OK,Thread Group 1-3,text,true,8582,3155
1386864863978,3270,POST: Upload file (jade),200,OK,Thread Group 1-22,text,true,8582,3200
1386864863996,3301,POST: Upload file (daha),200,OK,Thread Group 1-15,text,true,8582,3204
1386864864024,3330,POST: Upload file (maga),200,OK,Thread Group 1-18,text,true,8582,3247
1386864851296,16063,POST: Login (mica),200,OK,Thread Group 1-42,text,true,319606,5264
1386864860440,7120,GET: Show add submission form (huba),200,OK,Thread Group 1-1,text,true,56844,7008
1386864860402,7266,GET: Show add submission form (nilu),200,OK,Thread Group 1-7,text,true,56829,7205
1386864864095,3621,POST: Upload file (caph),200,OK,Thread Group 1-20,text,true,8582,3562
1386864863462,4353,GET: Login (tamo),200,OK,Thread Group 1-105,text,true,11533,4265
1386864863860,3955,GET: Login (brgr),200,OK,Thread Group 1-107,text,true,11533,3876
1386864864464,3354,GET: Login (loch),200,OK,Thread Group 1-110,text,true,11533,3276
1386864864263,3557,GET: Login (roto),200,OK,Thread Group 1-109,text,true,11533,3468
1386864863658,4166,GET: Login (fldi),200,OK,Thread Group 1-106,text,true,11533,4071
1386864864062,3767,GET: Login (dere),200,OK,Thread Group 1-108,text,true,11533,3686
1386864860485,7395,GET: Show add submission form (alto),200,OK,Thread Group 1-32,text,true,56829,7324
1386864864665,3384,GET: Login (crbi),200,OK,Thread Group 1-111,text,true,11533,3218
1386864864209,3874,POST: Upload file (tyll),200,OK,Thread Group 1-2,text,true,8582,3840
1386864864418,3666,POST: Upload file (raba),200,OK,Thread Group 1-4,text,true,8582,3631
1386864864203,3980,POST: Upload file (juga),200,OK,Thread Group 1-13,text,true,8582,3844
1386864864499,3772,POST: Upload file (cach),200,OK,Thread Group 1-5,text,true,8582,3578
1386864864869,3434,GET: Login (mawe),200,OK,Thread Group 1-112,text,true,11533,3319
1386864864416,3954,POST: Upload file (raha),200,OK,Thread Group 1-14,text,true,8582,3874
1386864860721,7698,GET: Show add submission form (flco),200,OK,Thread Group 1-34,text,true,56829,7574
1386864860701,7734,GET: Show add submission form (evpa),200,OK,Thread Group 1-33,text,true,56844,7591
1386864864775,3876,POST: Upload file (sest),200,OK,Thread Group 1-12,text,true,8582,3781
1386864864882,3988,POST: Upload file (guwa),200,OK,Thread Group 1-6,text,true,8582,3841
1386864865067,3828,GET: Login (frmu),200,OK,Thread Group 1-113,text,true,11533,3707
1386864865471,3425,GET: Login (visu),200,OK,Thread Group 1-115,text,true,11533,3306
1386864865270,3632,GET: Login (memo),200,OK,Thread Group 1-114,text,true,11533,3523
1386864865674,3527,GET: Login (debu),200,OK,Thread Group 1-116,text,true,11533,3323
1386864865883,3467,GET: Login (dico),200,OK,Thread Group 1-117,text,true,11533,3361
1386864866077,3280,GET: Login (pada),200,OK,Thread Group 1-118,text,true,11533,3163
1386864866277,3385,GET: Login (rowo),200,OK,Thread Group 1-119,text,true,11533,3316
1386864861052,8739,GET: Show add submission form (cogl),200,OK,Thread Group 1-35,text,true,56844,8555
1386864865784,4092,POST: Upload file (jehu),200,OK,Thread Group 1-27,text,true,8579,4008
1386864865865,4091,POST: Upload file (trca),200,OK,Thread Group 1-9,text,true,8582,3931
1386864865763,4212,POST: Upload file (wewe),200,OK,Thread Group 1-11,text,true,8582,4066
1386864866481,3571,GET: Login (nepr),200,OK,Thread Group 1-120,text,true,11533,3453
1386864865785,4300,POST: Upload file (calo),200,OK,Thread Group 1-8,text,true,8582,4126
1386864865866,4220,POST: Upload file (gopa),200,OK,Thread Group 1-30,text,true,8582,4116
1386864866684,3671,GET: Login (edco),200,OK,Thread Group 1-121,text,true,11533,3515
1386864851588,18805,POST: Login (kely),200,OK,Thread Group 1-44,text,true,319598,5648
1386864862776,7790,GET: View assignment (mach),200,OK,Thread Group 1-38,text,true,32302,7639
1386864851684,19358,POST: Login (nahe),200,OK,Thread Group 1-43,text,true,319604,5667
1386864866714,4395,POST: Upload file (maco),200,OK,Thread Group 1-31,text,true,8582,4200
1386864866724,4470,POST: Upload file (gemo),200,OK,Thread Group 1-10,text,true,8582,4319
1386864866871,4560,POST: Upload file (irmo),200,OK,Thread Group 1-29,text,true,8582,4374
1386864866894,4673,GET: Login (shca),200,OK,Thread Group 1-122,text,true,11533,4611
1386864867096,4623,GET: Login (sebr),200,OK,Thread Group 1-123,text,true,11533,4552
1386864867568,4497,POST: Upload file (huba),200,OK,Thread Group 1-1,text,true,8582,4362
1386864867677,4620,POST: Upload file (nilu),200,OK,Thread Group 1-7,text,true,8582,4410
1386864863747,9007,GET: View assignment (yvgr),200,OK,Thread Group 1-39,text,true,32302,8908
1386864868054,4889,POST: Upload file (alto),200,OK,Thread Group 1-32,text,true,8582,4781
1386864863747,9206,GET: View assignment (elcu),200,OK,Thread Group 1-40,text,true,32311,9014
1386864867298,5756,GET: Login (esda),200,OK,Thread Group 1-124,text,true,11533,5638
1386864867700,5362,GET: Login (raban),200,OK,Thread Group 1-126,text,true,11533,5263
1386864867900,5292,GET: Login (lone),200,OK,Thread Group 1-127,text,true,11533,5137
1386864867498,5695,GET: Login (kapa),200,OK,Thread Group 1-125,text,true,11533,5575
1386864868616,4863,POST: Upload file (flco),200,OK,Thread Group 1-34,text,true,8582,4740
1386864868618,4862,POST: Upload file (evpa),200,OK,Thread Group 1-33,text,true,8582,4714
1386864868331,5742,GET: Login (cogr),200,OK,Thread Group 1-129,text,true,11533,5639
1386864868521,5657,GET: Login (befe),200,OK,Thread Group 1-130,text,true,11533,5517
1386864868105,6152,GET: Login (mawa),200,OK,Thread Group 1-128,text,true,11533,5969
1386864868736,5570,GET: Login (wimi),200,OK,Thread Group 1-131,text,true,11533,5449
1386864869345,4960,GET: Login (chpo),200,OK,Thread Group 1-134,text,true,11533,4867
1386864868933,5379,GET: Login (arwi),200,OK,Thread Group 1-132,text,true,11533,5238
1386864869535,4818,GET: Login (rhro),200,OK,Thread Group 1-135,text,true,11533,4745
1386864869142,5262,GET: Login (prha),200,OK,Thread Group 1-133,text,true,11533,5156
1386864870002,4624,POST: Upload file (cogl),200,OK,Thread Group 1-35,text,true,8582,4577
1386864870145,4551,GET: Login (lesp),200,OK,Thread Group 1-138,text,true,11533,4499
1386864869742,5004,GET: Login (mani),200,OK,Thread Group 1-136,text,true,11533,4937
1386864869943,4854,GET: Login (dwdi),200,OK,Thread Group 1-137,text,true,11533,4745
1386864870563,4235,GET: Login (orli),200,OK,Thread Group 1-140,text,true,11533,4164
1386864870356,4444,GET: Login (alho),200,OK,Thread Group 1-139,text,true,11533,4348
1386864870767,4079,GET: Login (krba),200,OK,Thread Group 1-141,text,true,11533,3996
1386864870970,4002,GET: Login (jogi),200,OK,Thread Group 1-142,text,true,11533,3870
1386864871172,3850,GET: Login (rabl),200,OK,Thread Group 1-143,text,true,11533,3720
1386864851927,23160,POST: Login (thte),200,OK,Thread Group 1-45,text,true,319598,6446
1386864871376,3820,GET: Login (clpa),200,OK,Thread Group 1-144,text,true,11533,3657
1386864863576,11638,POST: Save submission (glbl),200,OK,Thread Group 1-24,text,true,58069,11443
1386864852034,23188,POST: Login (dafo),200,OK,Thread Group 1-46,text,true,319600,6288
1386864865383,9941,GET: View assignment (dego),200,OK,Thread Group 1-41,text,true,32308,9798
1386864871577,3795,GET: Login (hope),200,OK,Thread Group 1-145,text,true,11533,3711
1386864852249,23125,POST: Login (kava),200,OK,Thread Group 1-47,text,true,319602,6931
1386864863739,11665,POST: Save submission (cenu),200,OK,Thread Group 1-19,text,true,58079,11522
1386864872177,3444,GET: Login (momo),200,OK,Thread Group 1-148,text,true,11533,3339
1386864871979,3653,GET: Login (grga),200,OK,Thread Group 1-147,text,true,11533,3543
1386864872378,3291,GET: Login (kaca),200,OK,Thread Group 1-149,text,true,11533,3219
1386864863903,11771,POST: Save submission (masm),200,OK,Thread Group 1-25,text,true,58075,11661
1386864863837,11896,POST: Save submission (jufe),200,OK,Thread Group 1-26,text,true,58079,11577
1386864871778,3956,GET: Login (anda),200,OK,Thread Group 1-146,text,true,11533,3675
1386864872589,3328,GET: Login (dafr),200,OK,Thread Group 1-150,text,true,11533,3230
1386864864277,11955,POST: Save submission (joch),200,OK,Thread Group 1-21,text,true,58094,11761
1386864864488,11878,POST: Save submission (bola),200,OK,Thread Group 1-23,text,true,58079,11725
1386864864405,11978,POST: Save submission (amgr),200,OK,Thread Group 1-17,text,true,58079,11808
1386864867372,9496,GET: View assignment (mica),200,OK,Thread Group 1-42,text,true,32311,9025
1386864864580,12338,POST: Save submission (shbe),200,OK,Thread Group 1-16,text,true,58069,11768
1386864865317,11847,POST: Save submission (mawh),200,OK,Thread Group 1-28,text,true,58074,11587
1386864865850,11695,GET: Show add submission form (anba),200,OK,Thread Group 1-36,text,true,56834,11466
1386864852567,25129,POST: Login (ligi),200,OK,Thread Group 1-48,text,true,319596,7101
1386864853262,24475,POST: Login (agra),200,OK,Thread Group 1-49,text,true,319598,6613
1386864867308,10593,POST: Save submission (daha),200,OK,Thread Group 1-15,text,true,58069,10467
1386864867724,10287,POST: Save submission (caph),200,OK,Thread Group 1-20,text,true,58079,10156
1386864871117,7059,GET: View assignment (nahe),200,OK,Thread Group 1-43,text,true,32308,6886
1386864867264,10914,POST: Save submission (jade),200,OK,Thread Group 1-22,text,true,58054,10738
1386864870498,7695,GET: View assignment (kely),200,OK,Thread Group 1-44,text,true,32299,7502
1386864867265,10976,POST: Save submission (sojo),200,OK,Thread Group 1-3,text,true,58089,10788
1386864867366,10887,POST: Save submission (maga),200,OK,Thread Group 1-18,text,true,58084,10687
1386864867130,11240,GET: Show add submission form (tatr),200,OK,Thread Group 1-37,text,true,56834,11098
1386864868152,10262,POST: Save submission (tyll),200,OK,Thread Group 1-2,text,true,58069,10142
1386864868153,10261,POST: Save submission (raba),200,OK,Thread Group 1-4,text,true,58079,10140
1386864868249,10322,POST: Save submission (juga),200,OK,Thread Group 1-13,text,true,58069,10204
1386864868337,10235,POST: Save submission (cach),200,OK,Thread Group 1-5,text,true,58079,10116
1386864868694,10032,POST: Save submission (sest),200,OK,Thread Group 1-12,text,true,58074,9868
1386864868927,10136,POST: Save submission (guwa),200,OK,Thread Group 1-6,text,true,58089,9781
1386864868527,10538,POST: Save submission (raha),200,OK,Thread Group 1-14,text,true,58094,10262
1386864854354,24928,POST: Login (cada),200,OK,Thread Group 1-50,text,true,319598,6482
1386864870158,9181,POST: Save submission (jehu),200,OK,Thread Group 1-27,text,true,58060,9055
1386864870183,9172,POST: Save submission (trca),200,OK,Thread Group 1-9,text,true,58059,9034
1386864870270,9089,POST: Save submission (calo),200,OK,Thread Group 1-8,text,true,58064,8947
1386864870186,9166,POST: Save submission (wewe),200,OK,Thread Group 1-11,text,true,58069,9027
1386864854624,24740,POST: Login (albe),200,OK,Thread Group 1-51,text,true,319598,6350
1386864870299,9093,POST: Save submission (gopa),200,OK,Thread Group 1-30,text,true,58079,8972
1386864855358,24231,POST: Login (llfl),200,OK,Thread Group 1-54,text,true,319596,5670
1386864854991,24667,POST: Login (jafl),200,OK,Thread Group 1-53,text,true,319600,5981
1386864855348,24434,POST: Login (rawa),200,OK,Thread Group 1-55,text,true,319596,5802
1386864877558,2452,POST: Upload file (anba),200,OK,Thread Group 1-36,text,true,8582,2284
1386864871261,8751,POST: Save submission (maco),200,OK,Thread Group 1-31,text,true,58089,8467
1386864871446,8632,POST: Save submission (gemo),200,OK,Thread Group 1-10,text,true,58089,8439
1386864871608,8470,POST: Save submission (irmo),200,OK,Thread Group 1-29,text,true,58074,8279
1386864855812,24269,POST: Login (deke),200,OK,Thread Group 1-56,text,true,319600,5458
1386864854989,25095,POST: Login (frma),200,OK,Thread Group 1-52,text,true,319606,6329
1386864856512,23620,POST: Login (boma),200,OK,Thread Group 1-59,text,true,319604,4801
1386864870615,9521,GET: Show add submission form (mach),200,OK,Thread Group 1-38,text,true,56849,9382
1386864872218,8023,POST: Save submission (huba),200,OK,Thread Group 1-1,text,true,58074,7949
1386864872336,7966,POST: Save submission (nilu),200,OK,Thread Group 1-7,text,true,58059,7831
1386864875285,5113,GET: View assignment (dafo),200,OK,Thread Group 1-46,text,true,32302,5004
1386864875419,5159,GET: View assignment (kava),200,OK,Thread Group 1-47,text,true,32305,5030
1386864857274,23363,POST: Login (mywa),200,OK,Thread Group 1-61,text,true,319602,4385
1386864855810,24892,POST: Login (clad),200,OK,Thread Group 1-57,text,true,319600,5847
1386864878379,2468,POST: Upload file (tatr),200,OK,Thread Group 1-37,text,true,8582,2273
1386864875097,5752,GET: View assignment (thte),200,OK,Thread Group 1-45,text,true,32299,5528
1386864872800,8166,GET: Show add submission form (yvgr),200,OK,Thread Group 1-39,text,true,56849,7892
1386864872990,8124,POST: Save submission (alto),200,OK,Thread Group 1-32,text,true,58059,7964
1386864858435,22680,POST: Login (emgu),200,OK,Thread Group 1-63,text,true,319602,3379
1386864855869,25249,POST: Login (defi),200,OK,Thread Group 1-58,text,true,319598,6053
1386864873743,7383,POST: Save submission (evpa),200,OK,Thread Group 1-33,text,true,58074,7208
1386864856881,24246,POST: Login (mefi),200,OK,Thread Group 1-60,text,true,319610,5036
1386864873090,8038,GET: Show add submission form (elcu),200,OK,Thread Group 1-40,text,true,56864,7865
1386864873728,7454,POST: Save submission (flco),200,OK,Thread Group 1-34,text,true,58059,7288
1386864859174,22140,POST: Login (mefig),200,OK,Thread Group 1-64,text,true,319606,3334
1386864859407,22100,POST: Login (masi),200,OK,Thread Group 1-62,text,true,319598,3296
1386864874645,7122,POST: Save submission (cogl),200,OK,Thread Group 1-35,text,true,58074,6998
1386864875339,6996,GET: Show add submission form (dego),200,OK,Thread Group 1-41,text,true,56859,6916
1386864880157,2442,POST: Upload file (mach),200,OK,Thread Group 1-38,text,true,8582,2378
1386864859962,22901,POST: Login (kagr),200,OK,Thread Group 1-68,text,true,319596,3741
1386864860009,22899,POST: Login (alfu),200,OK,Thread Group 1-73,text,true,319598,3700
1386864859781,23128,POST: Login (maca),200,OK,Thread Group 1-66,text,true,319600,3923
1386864859775,23135,POST: Login (viad),200,OK,Thread Group 1-69,text,true,319598,3934
1386864859943,22977,POST: Login (mamu),200,OK,Thread Group 1-70,text,true,319604,3760
1386864859202,23725,POST: Login (roby),200,OK,Thread Group 1-65,text,true,319594,4501
1386864859964,23030,POST: Login (edma),200,OK,Thread Group 1-71,text,true,319596,3857
1386864860059,22943,POST: Login (cesc),200,OK,Thread Group 1-67,text,true,319598,3761
1386864859987,23019,POST: Login (viro),200,OK,Thread Group 1-72,text,true,319606,3833
1386864877720,5378,GET: View assignment (ligi),200,OK,Thread Group 1-48,text,true,32296,5258
1386864860412,22692,POST: Login (roca),200,OK,Thread Group 1-75,text,true,319604,3544
1386864877798,5359,GET: View assignment (agra),200,OK,Thread Group 1-49,text,true,32299,5231
1386864880980,2495,POST: Upload file (yvgr),200,OK,Thread Group 1-39,text,true,8582,2416
1386864881163,2735,POST: Upload file (elcu),200,OK,Thread Group 1-40,text,true,8582,2572
1386864876881,7538,GET: Show add submission form (mica),200,OK,Thread Group 1-42,text,true,56864,7410
1386864860606,24158,POST: Login (cymc),200,OK,Thread Group 1-78,text,true,319606,3998
1386864860608,24232,POST: Login (febo),200,OK,Thread Group 1-74,text,true,319598,3999
1386864861055,23799,POST: Login (erta),200,OK,Thread Group 1-87,text,true,319600,3654
1386864860781,24088,POST: Login (edhe),200,OK,Thread Group 1-82,text,true,319596,3928
1386864860733,24184,POST: Login (caco),200,OK,Thread Group 1-81,text,true,319604,3975
1386864860575,24412,POST: Login (begr),200,OK,Thread Group 1-77,text,true,319604,4037
1386864860789,24237,POST: Login (jowa),200,OK,Thread Group 1-84,text,true,319596,3917
1386864860581,24567,POST: Login (risc),200,OK,Thread Group 1-79,text,true,319604,4130
1386864860935,24331,POST: Login (rosh),200,OK,Thread Group 1-86,text,true,319604,3811
1386864879293,6113,GET: View assignment (cada),200,OK,Thread Group 1-50,text,true,32299,5889
1386864860846,24560,POST: Login (patu),200,OK,Thread Group 1-85,text,true,319602,3895
1386864862127,23298,POST: Login (lome),200,OK,Thread Group 1-90,text,true,319602,3172
1386864861508,23927,POST: Login (sost),200,OK,Thread Group 1-88,text,true,319598,3235
1386864860573,24865,POST: Login (caru),200,OK,Thread Group 1-80,text,true,319604,4032
1386864860780,24719,POST: Login (cabo),200,OK,Thread Group 1-83,text,true,319596,3971
1386864860574,24962,POST: Login (olba),200,OK,Thread Group 1-76,text,true,319596,4035
1386864861757,23790,POST: Login (chmo),200,OK,Thread Group 1-89,text,true,319606,2989
1386864879414,6164,GET: View assignment (albe),200,OK,Thread Group 1-51,text,true,32299,6101
1386864882346,3351,POST: Upload file (dego),200,OK,Thread Group 1-41,text,true,8582,3217
1386864863247,22468,POST: Login (cagr),200,OK,Thread Group 1-91,text,true,319600,2668
1386864863469,22284,POST: Login (nosa),200,OK,Thread Group 1-92,text,true,319598,2975
1386864879668,6362,GET: View assignment (jafl),200,OK,Thread Group 1-53,text,true,32302,6225
1386864879789,6295,GET: View assignment (rawa),200,OK,Thread Group 1-55,text,true,32296,6182
1386864879602,6735,GET: View assignment (llfl),200,OK,Thread Group 1-54,text,true,32296,6617
1386864864475,21942,POST: Login (shsa),200,OK,Thread Group 1-93,text,true,319600,2872
1386864864534,21913,POST: Login (clri),200,OK,Thread Group 1-94,text,true,319606,2813
1386864864579,21916,POST: Login (rean),200,OK,Thread Group 1-96,text,true,319606,2924
1386864880116,6472,GET: View assignment (frma),200,OK,Thread Group 1-52,text,true,32311,6360
1386864878193,8405,GET: Show add submission form (nahe),200,OK,Thread Group 1-43,text,true,56859,8280
1386864880104,6535,GET: View assignment (deke),200,OK,Thread Group 1-56,text,true,32302,6416
1386864878217,8421,GET: Show add submission form (kely),200,OK,Thread Group 1-44,text,true,56844,8307
1386864880148,6779,GET: View assignment (boma),200,OK,Thread Group 1-59,text,true,32308,6638
1386864864592,22673,POST: Login (saha),200,OK,Thread Group 1-95,text,true,319602,3455
1386864880647,6708,GET: View assignment (mywa),200,OK,Thread Group 1-61,text,true,32305,6595
1386864880711,6702,GET: View assignment (clad),200,OK,Thread Group 1-57,text,true,32302,6577
1386864884471,3386,POST: Upload file (mica),200,OK,Thread Group 1-42,text,true,8582,3175
1386864881149,6887,GET: View assignment (defi),200,OK,Thread Group 1-58,text,true,32299,6587
1386864881141,6966,GET: View assignment (emgu),200,OK,Thread Group 1-63,text,true,32305,6701
1386864881325,6883,GET: View assignment (mefig),200,OK,Thread Group 1-64,text,true,32311,6774
1386864881514,6796,GET: View assignment (masi),200,OK,Thread Group 1-62,text,true,32299,6737
1386864881151,7210,GET: View assignment (mefi),200,OK,Thread Group 1-60,text,true,32317,7100
1386864880018,8475,POST: Save submission (anba),200,OK,Thread Group 1-36,text,true,58064,8415
1386864866245,22316,POST: Login (lebr),200,OK,Thread Group 1-99,text,true,319596,5013
1386864866252,22311,POST: Login (mepa),200,OK,Thread Group 1-97,text,true,319600,5253
1386864866253,22329,POST: Login (limu),200,OK,Thread Group 1-100,text,true,319598,4176
1386864866253,22783,POST: Login (juha),200,OK,Thread Group 1-104,text,true,319592,5598
1386864866246,22848,POST: Login (lodo),200,OK,Thread Group 1-103,text,true,319600,5664
1386864866253,22895,POST: Login (sawa),200,OK,Thread Group 1-98,text,true,319592,5668
1386864866230,22922,POST: Login (vist),200,OK,Thread Group 1-102,text,true,319608,5858
1386864866246,22907,POST: Login (brll),200,OK,Thread Group 1-101,text,true,319600,5846
1386864886629,2563,POST: Upload file (nahe),200,OK,Thread Group 1-43,text,true,8582,2494
1386864886680,2562,POST: Upload file (kely),200,OK,Thread Group 1-44,text,true,8582,2493
1386864880405,9053,GET: Show add submission form (dafo),200,OK,Thread Group 1-46,text,true,56849,8778
1386864880855,8606,POST: Save submission (tatr),200,OK,Thread Group 1-37,text,true,58064,8445
1386864880597,8865,GET: Show add submission form (kava),200,OK,Thread Group 1-47,text,true,56854,8636
1386864882927,6625,GET: View assignment (alfu),200,OK,Thread Group 1-73,text,true,32299,6512
1386864882872,6680,GET: View assignment (kagr),200,OK,Thread Group 1-68,text,true,32296,6567
1386864882927,6678,GET: View assignment (maca),200,OK,Thread Group 1-66,text,true,32302,6559
1386864882949,6659,GET: View assignment (roby),200,OK,Thread Group 1-65,text,true,32293,6537
1386864882948,6701,GET: View assignment (mamu),200,OK,Thread Group 1-70,text,true,32308,6591
1386864880868,8781,GET: Show add submission form (thte),200,OK,Thread Group 1-45,text,true,56844,8668
1386864883042,6653,GET: View assignment (viro),200,OK,Thread Group 1-72,text,true,32311,6549
1386864882929,6824,GET: View assignment (viad),200,OK,Thread Group 1-69,text,true,32299,6710
1386864883041,6810,GET: View assignment (cesc),200,OK,Thread Group 1-67,text,true,32299,6697
1386864883011,6888,GET: View assignment (edma),200,OK,Thread Group 1-71,text,true,32296,6776
1386864883131,6880,GET: View assignment (roca),200,OK,Thread Group 1-75,text,true,32308,6709
1386864882613,8322,POST: Save submission (mach),200,OK,Thread Group 1-38,text,true,58079,8201
1386864884947,6057,GET: View assignment (erta),200,OK,Thread Group 1-87,text,true,32302,5917
1386864884791,6219,GET: View assignment (cymc),200,OK,Thread Group 1-78,text,true,32311,6073
1386864884968,6050,GET: View assignment (edhe),200,OK,Thread Group 1-82,text,true,32296,5899
1386864884870,6148,GET: View assignment (febo),200,OK,Thread Group 1-74,text,true,32299,5995
1386864885052,6000,GET: View assignment (jowa),200,OK,Thread Group 1-84,text,true,32296,5865
1386864884998,6065,GET: View assignment (caco),200,OK,Thread Group 1-81,text,true,32308,5917
1386864885028,6037,GET: View assignment (begr),200,OK,Thread Group 1-77,text,true,32308,5889
1386864885169,5933,GET: View assignment (risc),200,OK,Thread Group 1-79,text,true,32308,5825
1386864885423,5730,GET: View assignment (rosh),200,OK,Thread Group 1-86,text,true,32308,5616
1386864885503,5701,GET: View assignment (lome),200,OK,Thread Group 1-90,text,true,32305,5591
1386864885544,5675,GET: View assignment (caru),200,OK,Thread Group 1-80,text,true,32308,5548
1386864885491,5730,GET: View assignment (patu),200,OK,Thread Group 1-85,text,true,32305,5603
1386864885540,5693,GET: View assignment (sost),200,OK,Thread Group 1-88,text,true,32299,5550
1386864885585,5670,GET: View assignment (olba),200,OK,Thread Group 1-76,text,true,32296,5557
1386864885587,5673,GET: View assignment (cabo),200,OK,Thread Group 1-83,text,true,32296,5554
1386864885609,5718,GET: View assignment (chmo),200,OK,Thread Group 1-89,text,true,32313,5583
1386864885808,5671,GET: View assignment (cagr),200,OK,Thread Group 1-91,text,true,32302,5432
1386864885835,5731,GET: View assignment (nosa),200,OK,Thread Group 1-92,text,true,32299,5631
1386864883169,8460,GET: Show add submission form (agra),200,OK,Thread Group 1-49,text,true,56844,8335
1386864889468,2161,POST: Upload file (dafo),200,OK,Thread Group 1-46,text,true,8582,2054
1386864883110,8519,GET: Show add submission form (ligi),200,OK,Thread Group 1-48,text,true,56833,8391
1386864883504,8129,POST: Save submission (yvgr),200,OK,Thread Group 1-39,text,true,58079,7999
1386864889491,2174,POST: Upload file (kava),200,OK,Thread Group 1-47,text,true,8582,2086
1386864889673,2148,POST: Upload file (thte),200,OK,Thread Group 1-45,text,true,8582,2069
1386864886527,5327,GET: View assignment (rean),200,OK,Thread Group 1-96,text,true,32311,5179
1386864886453,5402,GET: View assignment (shsa),200,OK,Thread Group 1-93,text,true,32302,5254
1386864886495,5367,GET: View assignment (clri),200,OK,Thread Group 1-94,text,true,32311,5209
1386864867877,24004,POST: Login (fldi),200,OK,Thread Group 1-106,text,true,319600,7942
1386864883959,7938,POST: Save submission (elcu),200,OK,Thread Group 1-40,text,true,58094,7793
1386864868098,23798,POST: Login (crbi),200,OK,Thread Group 1-111,text,true,319604,7767
1386864867853,24053,POST: Login (loch),200,OK,Thread Group 1-110,text,true,319600,8021
1386864867846,24104,POST: Login (brgr),200,OK,Thread Group 1-107,text,true,319598,7971
1386864869157,23431,POST: Login (visu),200,OK,Thread Group 1-115,text,true,319606,7148
1386864887281,5313,GET: View assignment (saha),200,OK,Thread Group 1-95,text,true,32307,5198
1386864867839,24762,POST: Login (tamo),200,OK,Thread Group 1-105,text,true,319596,8387
1386864867854,24787,POST: Login (roto),200,OK,Thread Group 1-109,text,true,319602,8366
1386864869407,23237,POST: Login (debu),200,OK,Thread Group 1-116,text,true,319600,6902
1386864869284,23366,POST: Login (memo),200,OK,Thread Group 1-114,text,true,319598,6936
1386864869562,23097,POST: Login (dico),200,OK,Thread Group 1-117,text,true,319596,6662
1386864868042,24648,POST: Login (dere),200,OK,Thread Group 1-108,text,true,319598,8311
1386864869155,23545,POST: Login (frmu),200,OK,Thread Group 1-113,text,true,319600,7074
1386864869770,22969,POST: Login (rowo),200,OK,Thread Group 1-119,text,true,319600,6533
1386864885490,7305,GET: Show add submission form (cada),200,OK,Thread Group 1-50,text,true,56844,7189
1386864868472,24332,POST: Login (mawe),200,OK,Thread Group 1-112,text,true,319596,7518
1386864885749,7122,POST: Save submission (dego),200,OK,Thread Group 1-41,text,true,58089,6979
1386864869566,23335,POST: Login (pada),200,OK,Thread Group 1-118,text,true,319604,7276
1386864871806,21139,POST: Login (shca),200,OK,Thread Group 1-122,text,true,319608,5040
1386864870268,22682,POST: Login (nepr),200,OK,Thread Group 1-120,text,true,319598,6574
1386864885642,7373,GET: Show add submission form (albe),200,OK,Thread Group 1-51,text,true,56844,7237
1386864872004,21065,POST: Login (sebr),200,OK,Thread Group 1-123,text,true,319594,4848
1386864870443,22694,POST: Login (edco),200,OK,Thread Group 1-121,text,true,319596,6405
1386864886099,7087,GET: Show add submission form (rawa),200,OK,Thread Group 1-55,text,true,56839,6957
1386864873279,19995,POST: Login (esda),200,OK,Thread Group 1-124,text,true,319600,4357
1386864873280,20097,POST: Login (raban),200,OK,Thread Group 1-126,text,true,319602,4253
1386864873534,19929,POST: Login (lone),200,OK,Thread Group 1-127,text,true,319596,4146
1386864888572,4976,GET: View assignment (lebr),200,OK,Thread Group 1-99,text,true,32296,4861
1386864886047,7556,GET: Show add submission form (jafl),200,OK,Thread Group 1-53,text,true,56849,7434
1386864888613,4992,GET: View assignment (limu),200,OK,Thread Group 1-100,text,true,32299,4870
1386864888592,5051,GET: View assignment (mepa),200,OK,Thread Group 1-97,text,true,32302,4938
1386864886353,7290,GET: Show add submission form (llfl),200,OK,Thread Group 1-54,text,true,56839,7179
1386864886606,7185,GET: Show add submission form (frma),200,OK,Thread Group 1-52,text,true,56864,7075
1386864886663,7180,GET: Show add submission form (deke),200,OK,Thread Group 1-56,text,true,56843,7070
1386864874342,19515,POST: Login (mawa),200,OK,Thread Group 1-128,text,true,319590,3895
1386864873559,20300,POST: Login (kapa),200,OK,Thread Group 1-125,text,true,319604,4673
1386864889046,4859,GET: View assignment (juha),200,OK,Thread Group 1-104,text,true,32292,4736
1386864874498,19410,POST: Login (arwi),200,OK,Thread Group 1-132,text,true,319596,3863
1386864874242,19729,POST: Login (befe),200,OK,Thread Group 1-130,text,true,319606,3990
1386864891651,2368,POST: Upload file (agra),200,OK,Thread Group 1-49,text,true,8582,2254
1386864889104,4929,GET: View assignment (lodo),200,OK,Thread Group 1-103,text,true,32304,4778
1386864886941,7100,GET: Show add submission form (boma),200,OK,Thread Group 1-59,text,true,56859,6941
1386864889176,5044,GET: View assignment (brll),200,OK,Thread Group 1-101,text,true,32304,4932
1386864874497,19735,POST: Login (chpo),200,OK,Thread Group 1-134,text,true,319602,4023
1386864889162,5082,GET: View assignment (sawa),200,OK,Thread Group 1-98,text,true,32290,4946
1386864874568,19679,POST: Login (prha),200,OK,Thread Group 1-133,text,true,319602,3948
1386864889176,5298,GET: View assignment (vist),200,OK,Thread Group 1-102,text,true,32316,4983
1386864874499,19985,POST: Login (rhro),200,OK,Thread Group 1-135,text,true,319606,3962
1386864874123,20366,POST: Login (cogr),200,OK,Thread Group 1-129,text,true,319604,4403
1386864874730,19759,POST: Login (lesp),200,OK,Thread Group 1-138,text,true,319600,3894
1386864891699,2792,POST: Upload file (ligi),200,OK,Thread Group 1-48,text,true,8579,2487
1386864887872,6708,POST: Save submission (mica),200,OK,Thread Group 1-42,text,true,58094,6584
1386864887370,7212,GET: Show add submission form (mywa),200,OK,Thread Group 1-61,text,true,56854,7081
1386864887430,7152,GET: Show add submission form (clad),200,OK,Thread Group 1-57,text,true,56849,7024
1386864874854,19777,POST: Login (dwdi),200,OK,Thread Group 1-137,text,true,319598,4006
1386864874871,19795,POST: Login (alho),200,OK,Thread Group 1-139,text,true,319600,3989
1386864875843,19478,POST: Login (anda),200,OK,Thread Group 1-146,text,true,319592,3321
1386864875032,20348,POST: Login (rabl),200,OK,Thread Group 1-143,text,true,319596,4076
1386864874864,20563,POST: Login (orli),200,OK,Thread Group 1-140,text,true,319594,4295
1386864875207,20303,POST: Login (clpa),200,OK,Thread Group 1-144,text,true,319600,4016
1386864875686,19833,POST: Login (grga),200,OK,Thread Group 1-147,text,true,319594,3537
1386864888122,7401,GET: Show add submission form (emgu),200,OK,Thread Group 1-63,text,true,56854,7246
1386864888324,7204,GET: Show add submission form (masi),200,OK,Thread Group 1-62,text,true,56844,7047
1386864875734,19795,POST: Login (kaca),200,OK,Thread Group 1-149,text,true,319594,3491
1386864874496,21035,POST: Login (wimi),200,OK,Thread Group 1-131,text,true,319596,4607
1386864875942,19595,POST: Login (dafr),200,OK,Thread Group 1-150,text,true,319596,3278
1386864875637,19903,POST: Login (momo),200,OK,Thread Group 1-148,text,true,319606,3707
1386864875392,20149,POST: Login (hope),200,OK,Thread Group 1-145,text,true,319600,3711
1386864888221,7321,GET: Show add submission form (mefig),200,OK,Thread Group 1-64,text,true,56864,7148
1386864874984,20560,POST: Login (jogi),200,OK,Thread Group 1-142,text,true,319594,4175
1386864874908,20637,POST: Login (krba),200,OK,Thread Group 1-141,text,true,319604,4193
1386864888056,7489,GET: Show add submission form (defi),200,OK,Thread Group 1-58,text,true,56844,7312
1386864874785,20764,POST: Login (mani),200,OK,Thread Group 1-136,text,true,319606,4322
1386864888371,7234,GET: Show add submission form (mefi),200,OK,Thread Group 1-60,text,true,56874,7109
1386864892819,3025,POST: Upload file (cada),200,OK,Thread Group 1-50,text,true,8582,2975
1386864893034,3085,POST: Upload file (albe),200,OK,Thread Group 1-51,text,true,8582,3012
1386864893220,3181,POST: Upload file (rawa),200,OK,Thread Group 1-55,text,true,8582,3109
1386864889207,7351,POST: Save submission (nahe),200,OK,Thread Group 1-43,text,true,58089,7232
1386864889250,7313,POST: Save submission (kely),200,OK,Thread Group 1-44,text,true,58074,7187
1386864893618,3183,POST: Upload file (jafl),200,OK,Thread Group 1-53,text,true,8582,3085
1386864893667,3179,POST: Upload file (llfl),200,OK,Thread Group 1-54,text,true,8582,3114
1386864893803,3540,POST: Upload file (frma),200,OK,Thread Group 1-52,text,true,8582,3466
1386864893854,3666,POST: Upload file (deke),200,OK,Thread Group 1-56,text,true,8579,3550
1386864889560,8013,GET: Show add submission form (alfu),200,OK,Thread Group 1-73,text,true,56838,7898
1386864889561,8013,GET: Show add submission form (kagr),200,OK,Thread Group 1-68,text,true,56839,7896
1386864889615,8007,GET: Show add submission form (maca),200,OK,Thread Group 1-66,text,true,56849,7892
1386864889616,8006,GET: Show add submission form (roby),200,OK,Thread Group 1-65,text,true,56834,7894
1386864894111,3607,POST: Upload file (boma),200,OK,Thread Group 1-59,text,true,8582,3504
1386864889663,8114,GET: Show add submission form (mamu),200,OK,Thread Group 1-70,text,true,56859,7994
1386864889705,8162,GET: Show add submission form (viro),200,OK,Thread Group 1-72,text,true,56864,8053
1386864889858,8136,GET: Show add submission form (cesc),200,OK,Thread Group 1-67,text,true,56844,8052
1386864889764,8284,GET: Show add submission form (viad),200,OK,Thread Group 1-69,text,true,56844,8145
1386864894618,3472,POST: Upload file (mywa),200,OK,Thread Group 1-61,text,true,8582,3396
1386864889907,8241,GET: Show add submission form (edma),200,OK,Thread Group 1-71,text,true,56839,8127
1386864894620,3603,POST: Upload file (clad),200,OK,Thread Group 1-57,text,true,8582,3483
1386864890020,8205,GET: Show add submission form (roca),200,OK,Thread Group 1-75,text,true,56859,8064
1386864895574,3555,POST: Upload file (masi),200,OK,Thread Group 1-62,text,true,8582,3354
1386864895613,3519,POST: Upload file (defi),200,OK,Thread Group 1-58,text,true,8582,3259
1386864895567,3568,POST: Upload file (emgu),200,OK,Thread Group 1-63,text,true,8582,3339
1386864895604,3571,POST: Upload file (mefig),200,OK,Thread Group 1-64,text,true,8582,3387
1386864891995,7181,GET: View assignment (fldi),200,OK,Thread Group 1-106,text,true,32304,6997
1386864892006,7224,GET: View assignment (crbi),200,OK,Thread Group 1-111,text,true,32310,7116
1386864892022,7207,GET: View assignment (loch),200,OK,Thread Group 1-110,text,true,32304,7096
1386864895636,3842,POST: Upload file (mefi),200,OK,Thread Group 1-60,text,true,8582,3754
1386864892112,7424,GET: View assignment (brgr),200,OK,Thread Group 1-107,text,true,32301,7307
1386864891034,9378,GET: Show add submission form (cymc),200,OK,Thread Group 1-78,text,true,56864,9262
1386864891076,9404,GET: Show add submission form (jowa),200,OK,Thread Group 1-84,text,true,56839,9273
1386864891051,9431,GET: Show add submission form (edhe),200,OK,Thread Group 1-82,text,true,56839,9297
1386864891014,9471,GET: Show add submission form (erta),200,OK,Thread Group 1-87,text,true,56849,9334
1386864891088,9401,GET: Show add submission form (begr),200,OK,Thread Group 1-77,text,true,56859,9260
1386864891053,9436,GET: Show add submission form (febo),200,OK,Thread Group 1-74,text,true,56844,9296
1386864891113,9476,GET: Show add submission form (risc),200,OK,Thread Group 1-79,text,true,56859,9286
1386864891087,9503,GET: Show add submission form (caco),200,OK,Thread Group 1-81,text,true,56859,9309
1386864891168,9553,GET: Show add submission form (rosh),200,OK,Thread Group 1-86,text,true,56859,9407
1386864892630,8148,GET: View assignment (tamo),200,OK,Thread Group 1-105,text,true,32298,8031
1386864892710,8070,GET: View assignment (debu),200,OK,Thread Group 1-116,text,true,32304,7956
1386864892604,8177,GET: View assignment (visu),200,OK,Thread Group 1-115,text,true,32313,8058
1386864892743,8041,GET: View assignment (dere),200,OK,Thread Group 1-108,text,true,32301,7918
1386864892715,8069,GET: View assignment (dico),200,OK,Thread Group 1-117,text,true,32298,7946
1386864892759,8033,GET: View assignment (rowo),200,OK,Thread Group 1-119,text,true,32304,7900
1386864892663,8131,GET: View assignment (roto),200,OK,Thread Group 1-109,text,true,32307,7992
1386864892713,8083,GET: View assignment (memo),200,OK,Thread Group 1-114,text,true,32301,7948
1386864892743,8077,GET: View assignment (frmu),200,OK,Thread Group 1-113,text,true,32304,7963
1386864891236,9593,GET: Show add submission form (lome),200,OK,Thread Group 1-90,text,true,56854,9473
1386864891320,9550,GET: Show add submission form (olba),200,OK,Thread Group 1-76,text,true,56839,9441
1386864891374,9501,GET: Show add submission form (chmo),200,OK,Thread Group 1-89,text,true,56864,9386
1386864891304,9571,GET: Show add submission form (caru),200,OK,Thread Group 1-80,text,true,56859,9456
1386864891312,9567,GET: Show add submission form (patu),200,OK,Thread Group 1-85,text,true,56854,9451
1386864891313,9569,GET: Show add submission form (sost),200,OK,Thread Group 1-88,text,true,56844,9446
1386864891357,9564,GET: Show add submission form (cabo),200,OK,Thread Group 1-83,text,true,56839,9450
1386864892978,8028,GET: View assignment (nepr),200,OK,Thread Group 1-120,text,true,32301,7928
1386864892953,8101,GET: View assignment (pada),200,OK,Thread Group 1-118,text,true,32310,7957
1386864892978,8076,GET: View assignment (shca),200,OK,Thread Group 1-122,text,true,32316,7930
1386864892859,8201,GET: View assignment (mawe),200,OK,Thread Group 1-112,text,true,32298,8049
1386864893104,8047,GET: View assignment (sebr),200,OK,Thread Group 1-123,text,true,32295,7936
1386864893158,8043,GET: View assignment (edco),200,OK,Thread Group 1-121,text,true,32298,7933
1386864891699,9506,POST: Save submission (dafo),200,OK,Thread Group 1-46,text,true,58079,9392
1386864891493,9816,GET: Show add submission form (cagr),200,OK,Thread Group 1-91,text,true,56849,9699
1386864893294,8113,GET: View assignment (esda),200,OK,Thread Group 1-124,text,true,32304,8002
1386864891737,9678,POST: Save submission (kava),200,OK,Thread Group 1-47,text,true,58084,9557
1386864897635,3835,POST: Upload file (roby),200,OK,Thread Group 1-65,text,true,8582,3723
1386864897602,3868,POST: Upload file (kagr),200,OK,Thread Group 1-68,text,true,8582,3753
1386864891578,9896,GET: Show add submission form (nosa),200,OK,Thread Group 1-92,text,true,56838,9765
1386864893393,8214,GET: View assignment (raban),200,OK,Thread Group 1-126,text,true,32307,8001
1386864897634,3979,POST: Upload file (maca),200,OK,Thread Group 1-66,text,true,8582,3765
1386864897785,3905,POST: Upload file (mamu),200,OK,Thread Group 1-70,text,true,8582,3765
1386864893475,8217,GET: View assignment (lone),200,OK,Thread Group 1-127,text,true,32298,7984
1386864897602,4093,POST: Upload file (alfu),200,OK,Thread Group 1-73,text,true,8579,3891
1386864891833,9901,POST: Save submission (thte),200,OK,Thread Group 1-45,text,true,58074,9762
1386864897877,4010,POST: Upload file (viro),200,OK,Thread Group 1-72,text,true,8582,3931
1386864891912,10267,GET: Show add submission form (rean),200,OK,Thread Group 1-96,text,true,56864,10123
1386864897999,4233,POST: Upload file (cesc),200,OK,Thread Group 1-67,text,true,8582,4107
1386864898077,4209,POST: Upload file (viad),200,OK,Thread Group 1-69,text,true,8582,4131
1386864891921,10494,GET: Show add submission form (shsa),200,OK,Thread Group 1-93,text,true,56849,10357
1386864891924,10499,GET: Show add submission form (clri),200,OK,Thread Group 1-94,text,true,56864,10353
1386864898157,4431,POST: Upload file (edma),200,OK,Thread Group 1-71,text,true,8582,4284
1386864898248,4453,POST: Upload file (roca),200,OK,Thread Group 1-75,text,true,8582,4299
1386864893927,8853,GET: View assignment (arwi),200,OK,Thread Group 1-132,text,true,32298,8650
1386864893893,8890,GET: View assignment (kapa),200,OK,Thread Group 1-125,text,true,32310,8684
1386864893876,8908,GET: View assignment (mawa),200,OK,Thread Group 1-128,text,true,32289,8701
1386864893979,8849,GET: View assignment (befe),200,OK,Thread Group 1-130,text,true,32313,8714
1386864894269,9166,GET: View assignment (prha),200,OK,Thread Group 1-133,text,true,32307,9051
1386864894245,9310,GET: View assignment (chpo),200,OK,Thread Group 1-134,text,true,32307,9125
1386864894530,9169,GET: View assignment (cogr),200,OK,Thread Group 1-129,text,true,32310,9057
1386864894532,9168,GET: View assignment (lesp),200,OK,Thread Group 1-138,text,true,32304,9056
1386864894530,9176,GET: View assignment (rhro),200,OK,Thread Group 1-135,text,true,32313,9058
1386864894644,9207,GET: View assignment (dwdi),200,OK,Thread Group 1-137,text,true,32301,9094
1386864892630,11222,GET: Show add submission form (saha),200,OK,Thread Group 1-95,text,true,56854,11108
1386864894690,9221,GET: View assignment (alho),200,OK,Thread Group 1-139,text,true,32304,9098
1386864895328,8943,GET: View assignment (anda),200,OK,Thread Group 1-146,text,true,32292,8835
1386864895434,8893,GET: View assignment (orli),200,OK,Thread Group 1-140,text,true,32295,8779
1386864895386,8943,GET: View assignment (rabl),200,OK,Thread Group 1-143,text,true,32298,8827
1386864900417,3955,POST: Upload file (cymc),200,OK,Thread Group 1-78,text,true,8582,3895
1386864900491,3960,POST: Upload file (jowa),200,OK,Thread Group 1-84,text,true,8582,3879
1386864900503,4050,POST: Upload file (edhe),200,OK,Thread Group 1-82,text,true,8582,3871
1386864900512,4044,POST: Upload file (begr),200,OK,Thread Group 1-77,text,true,8582,3869
1386864900606,4016,POST: Upload file (caco),200,OK,Thread Group 1-81,text,true,8582,3907
1386864900504,4121,POST: Upload file (erta),200,OK,Thread Group 1-87,text,true,8582,3941
1386864900522,4103,POST: Upload file (febo),200,OK,Thread Group 1-74,text,true,8582,3944
1386864895603,9076,GET: View assignment (dafr),200,OK,Thread Group 1-150,text,true,32298,8933
1386864900597,4084,POST: Upload file (risc),200,OK,Thread Group 1-79,text,true,8582,3956
1386864895575,9109,GET: View assignment (kaca),200,OK,Thread Group 1-149,text,true,32295,8964
1386864895604,9080,GET: View assignment (hope),200,OK,Thread Group 1-145,text,true,32304,8936
1386864895522,9165,GET: View assignment (clpa),200,OK,Thread Group 1-144,text,true,32304,9017
1386864895585,9103,GET: View assignment (wimi),200,OK,Thread Group 1-131,text,true,32298,8954
1386864895559,9134,GET: View assignment (grga),200,OK,Thread Group 1-147,text,true,32295,8981
1386864895603,9090,GET: View assignment (momo),200,OK,Thread Group 1-148,text,true,32313,8936
1386864900732,3985,POST: Upload file (rosh),200,OK,Thread Group 1-86,text,true,8582,3890
1386864895626,9152,GET: View assignment (mani),200,OK,Thread Group 1-136,text,true,32313,9037
1386864900891,3887,POST: Upload file (olba),200,OK,Thread Group 1-76,text,true,8582,3800
1386864900893,3889,POST: Upload file (chmo),200,OK,Thread Group 1-89,text,true,8582,3804
1386864895611,9170,GET: View assignment (jogi),200,OK,Thread Group 1-142,text,true,32295,9052
1386864900881,3904,POST: Upload file (lome),200,OK,Thread Group 1-90,text,true,8582,3807
1386864895612,9180,GET: View assignment (krba),200,OK,Thread Group 1-141,text,true,32310,9051
1386864900898,3921,POST: Upload file (patu),200,OK,Thread Group 1-85,text,true,8582,3844
1386864900898,3923,POST: Upload file (caru),200,OK,Thread Group 1-80,text,true,8582,3813
1386864900928,3896,POST: Upload file (cabo),200,OK,Thread Group 1-83,text,true,8582,3790
1386864900912,4024,POST: Upload file (sost),200,OK,Thread Group 1-88,text,true,8582,3956
1386864893567,11512,GET: Show add submission form (lebr),200,OK,Thread Group 1-99,text,true,56839,11441
1386864893617,11639,GET: Show add submission form (limu),200,OK,Thread Group 1-100,text,true,56844,11525
1386864893654,11646,GET: Show add submission form (mepa),200,OK,Thread Group 1-97,text,true,56849,11539
1386864901322,4070,POST: Upload file (cagr),200,OK,Thread Group 1-91,text,true,8582,4009
1386864901492,4103,POST: Upload file (nosa),200,OK,Thread Group 1-92,text,true,8579,3959
1386864893914,11734,GET: Show add submission form (juha),200,OK,Thread Group 1-104,text,true,56829,11620
1386864894102,11598,GET: Show add submission form (lodo),200,OK,Thread Group 1-103,text,true,56849,11484
1386864894031,11670,POST: Save submission (agra),200,OK,Thread Group 1-49,text,true,58074,11555
1386864894229,11476,GET: Show add submission form (brll),200,OK,Thread Group 1-101,text,true,56849,11355
1386864902184,3616,POST: Upload file (rean),200,OK,Thread Group 1-96,text,true,8582,3508
1386864894268,11531,GET: Show add submission form (sawa),200,OK,Thread Group 1-98,text,true,56829,11416
1386864902427,3417,POST: Upload file (shsa),200,OK,Thread Group 1-93,text,true,8582,3353
1386864894540,11310,POST: Save submission (ligi),200,OK,Thread Group 1-48,text,true,58060,11194
1386864894498,11398,GET: Show add submission form (vist),200,OK,Thread Group 1-102,text,true,56869,11287
1386864902438,3533,POST: Upload file (clri),200,OK,Thread Group 1-94,text,true,8582,3419
1386864903864,3057,POST: Upload file (saha),200,OK,Thread Group 1-95,text,true,8582,2965
1386864895851,11145,POST: Save submission (cada),200,OK,Thread Group 1-50,text,true,58074,11060
1386864896126,11233,POST: Save submission (albe),200,OK,Thread Group 1-51,text,true,58074,11122
1386864896407,11280,POST: Save submission (rawa),200,OK,Thread Group 1-55,text,true,58069,11056
1386864896811,11197,POST: Save submission (jafl),200,OK,Thread Group 1-53,text,true,58079,11061
1386864896853,11203,POST: Save submission (llfl),200,OK,Thread Group 1-54,text,true,58069,11070
1386864905103,3107,POST: Upload file (lebr),200,OK,Thread Group 1-99,text,true,8582,3029
1386864897349,10914,POST: Save submission (frma),200,OK,Thread Group 1-52,text,true,58094,10802
1386864905262,3107,POST: Upload file (limu),200,OK,Thread Group 1-100,text,true,8582,3012
1386864897529,10845,POST: Save submission (deke),200,OK,Thread Group 1-56,text,true,58070,10721
1386864905306,3296,POST: Upload file (mepa),200,OK,Thread Group 1-97,text,true,8582,3110
1386864905665,3075,POST: Upload file (juha),200,OK,Thread Group 1-104,text,true,8582,2959
1386864905711,3113,POST: Upload file (lodo),200,OK,Thread Group 1-103,text,true,8582,2999
1386864897732,11093,POST: Save submission (boma),200,OK,Thread Group 1-59,text,true,58089,10938
1386864905723,3257,POST: Upload file (brll),200,OK,Thread Group 1-101,text,true,8582,3064
1386864905810,3319,POST: Upload file (sawa),200,OK,Thread Group 1-98,text,true,8582,3082
1386864905905,3269,POST: Upload file (vist),200,OK,Thread Group 1-102,text,true,8582,3125
1386864898097,11140,POST: Save submission (mywa),200,OK,Thread Group 1-61,text,true,58084,11022
1386864898235,11053,POST: Save submission (clad),200,OK,Thread Group 1-57,text,true,58079,10932
1386864899144,10951,POST: Save submission (defi),200,OK,Thread Group 1-58,text,true,58074,10537
1386864899483,10611,POST: Save submission (mefi),200,OK,Thread Group 1-60,text,true,58104,10337
1386864899144,10954,POST: Save submission (emgu),200,OK,Thread Group 1-63,text,true,58084,10601
1386864899137,10965,POST: Save submission (masi),200,OK,Thread Group 1-62,text,true,58074,10543
1386864899180,10925,POST: Save submission (mefig),200,OK,Thread Group 1-64,text,true,58094,10568
1386864899180,10995,GET: Show add submission form (fldi),200,OK,Thread Group 1-106,text,true,56849,10739
1386864899237,10989,GET: Show add submission form (loch),200,OK,Thread Group 1-110,text,true,56849,10843
1386864899237,10989,GET: Show add submission form (crbi),200,OK,Thread Group 1-111,text,true,56859,10843
1386864899545,10737,GET: Show add submission form (brgr),200,OK,Thread Group 1-107,text,true,56838,10615
1386864900838,10242,GET: Show add submission form (rowo),200,OK,Thread Group 1-119,text,true,56849,10093
1386864900852,10231,GET: Show add submission form (frmu),200,OK,Thread Group 1-113,text,true,56843,10077
1386864900807,10273,GET: Show add submission form (visu),200,OK,Thread Group 1-115,text,true,56858,10122
1386864900844,10245,GET: Show add submission form (memo),200,OK,Thread Group 1-114,text,true,56844,10083
1386864900821,10268,GET: Show add submission form (dere),200,OK,Thread Group 1-108,text,true,56844,10104
1386864900801,10297,GET: Show add submission form (debu),200,OK,Thread Group 1-116,text,true,56849,10126
1386864900800,10301,GET: Show add submission form (tamo),200,OK,Thread Group 1-105,text,true,56839,10124
1386864900838,10279,GET: Show add submission form (roto),200,OK,Thread Group 1-109,text,true,56854,10085
1386864900823,10297,GET: Show add submission form (dico),200,OK,Thread Group 1-117,text,true,56839,10108
1386864901013,10171,GET: Show add submission form (nepr),200,OK,Thread Group 1-120,text,true,56838,10046
1386864901482,9705,POST: Save submission (kagr),200,OK,Thread Group 1-68,text,true,58069,9579
1386864901481,9708,POST: Save submission (roby),200,OK,Thread Group 1-65,text,true,58064,9581
1386864901062,10180,GET: Show add submission form (shca),200,OK,Thread Group 1-122,text,true,56869,10045
1386864901699,9547,POST: Save submission (mamu),200,OK,Thread Group 1-70,text,true,58089,9410
1386864901619,9631,POST: Save submission (maca),200,OK,Thread Group 1-66,text,true,58079,9492
1386864901061,10192,GET: Show add submission form (pada),200,OK,Thread Group 1-118,text,true,56859,10050
1386864901071,10195,GET: Show add submission form (mawe),200,OK,Thread Group 1-112,text,true,56839,10040
1386864901172,10094,GET: Show add submission form (sebr),200,OK,Thread Group 1-123,text,true,56834,9939
1386864901206,10066,GET: Show add submission form (edco),200,OK,Thread Group 1-121,text,true,56839,9902
1386864901709,9752,POST: Save submission (alfu),200,OK,Thread Group 1-73,text,true,58065,9458
1386864902237,9274,POST: Save submission (cesc),200,OK,Thread Group 1-67,text,true,58074,9077
1386864901901,9611,POST: Save submission (viro),200,OK,Thread Group 1-72,text,true,58094,9412
1386864902293,9219,POST: Save submission (viad),200,OK,Thread Group 1-69,text,true,58074,9020
1386864902592,8972,POST: Save submission (edma),200,OK,Thread Group 1-71,text,true,58069,8906
1386864902707,9010,POST: Save submission (roca),200,OK,Thread Group 1-75,text,true,58089,8892
1386864901708,10016,GET: Show add submission form (lone),200,OK,Thread Group 1-127,text,true,56833,9891
1386864901613,10162,GET: Show add submission form (raban),200,OK,Thread Group 1-126,text,true,56854,10036
1386864901415,10502,GET: Show add submission form (esda),200,OK,Thread Group 1-124,text,true,56849,10388
1386864902835,9162,GET: Show add submission form (befe),200,OK,Thread Group 1-130,text,true,56864,9018
1386864902786,9214,GET: Show add submission form (arwi),200,OK,Thread Group 1-132,text,true,56833,9065
1386864902791,9206,GET: Show add submission form (kapa),200,OK,Thread Group 1-125,text,true,56859,9059
1386864902791,9227,GET: Show add submission form (mawa),200,OK,Thread Group 1-128,text,true,56824,9062
1386864903444,8978,GET: Show add submission form (prha),200,OK,Thread Group 1-133,text,true,56854,8849
1386864903562,8918,GET: Show add submission form (chpo),200,OK,Thread Group 1-134,text,true,56848,8789
1386864903710,9803,GET: Show add submission form (cogr),200,OK,Thread Group 1-129,text,true,56853,9642
1386864903718,9854,GET: Show add submission form (lesp),200,OK,Thread Group 1-138,text,true,56849,9727
1386864903718,9855,GET: Show add submission form (rhro),200,OK,Thread Group 1-135,text,true,56864,9727
1386864903857,9718,GET: Show add submission form (dwdi),200,OK,Thread Group 1-137,text,true,56844,9589
1386864910181,3522,POST: Upload file (fldi),200,OK,Thread Group 1-106,text,true,8582,3433
1386864904378,9383,POST: Save submission (cymc),200,OK,Thread Group 1-78,text,true,58094,9249
1386864903919,9908,GET: Show add submission form (alho),200,OK,Thread Group 1-139,text,true,56849,9768
1386864910235,3641,POST: Upload file (loch),200,OK,Thread Group 1-110,text,true,8582,3544
1386864904463,9415,POST: Save submission (jowa),200,OK,Thread Group 1-84,text,true,58069,9282
1386864904564,9314,POST: Save submission (begr),200,OK,Thread Group 1-77,text,true,58089,9181
1386864904558,9376,POST: Save submission (edhe),200,OK,Thread Group 1-82,text,true,58069,9251
1386864904279,9654,GET: Show add submission form (anda),200,OK,Thread Group 1-146,text,true,56829,9528
1386864910236,3699,POST: Upload file (crbi),200,OK,Thread Group 1-111,text,true,8582,3595
1386864904334,9600,GET: Show add submission form (orli),200,OK,Thread Group 1-140,text,true,56834,9472
1386864904640,9364,POST: Save submission (febo),200,OK,Thread Group 1-74,text,true,58074,9228
1386864904339,9670,GET: Show add submission form (rabl),200,OK,Thread Group 1-143,text,true,56839,9524
1386864904639,9376,POST: Save submission (erta),200,OK,Thread Group 1-87,text,true,58079,9227
1386864904634,9423,POST: Save submission (caco),200,OK,Thread Group 1-81,text,true,58089,9288
1386864910288,3772,POST: Upload file (brgr),200,OK,Thread Group 1-107,text,true,8579,3695
1386864904702,9362,POST: Save submission (risc),200,OK,Thread Group 1-79,text,true,58089,9220
1386864904729,9378,POST: Save submission (rosh),200,OK,Thread Group 1-86,text,true,58089,9266
1386864904791,9370,POST: Save submission (chmo),200,OK,Thread Group 1-89,text,true,58094,9256
1386864904791,9375,POST: Save submission (olba),200,OK,Thread Group 1-76,text,true,58069,9254
1386864904809,9396,POST: Save submission (lome),200,OK,Thread Group 1-90,text,true,58084,9288
1386864904851,9356,POST: Save submission (patu),200,OK,Thread Group 1-85,text,true,58084,9248
1386864904852,9411,POST: Save submission (caru),200,OK,Thread Group 1-80,text,true,58089,9298
1386864904944,9322,POST: Save submission (sost),200,OK,Thread Group 1-88,text,true,58074,9206
1386864904857,9451,POST: Save submission (cabo),200,OK,Thread Group 1-83,text,true,58069,9338
1386864904690,10145,GET: Show add submission form (dafr),200,OK,Thread Group 1-150,text,true,56839,10031
1386864904714,10170,GET: Show add submission form (grga),200,OK,Thread Group 1-147,text,true,56834,10059
1386864904800,10086,GET: Show add submission form (jogi),200,OK,Thread Group 1-142,text,true,56834,9972
1386864905401,9487,POST: Save submission (cagr),200,OK,Thread Group 1-91,text,true,58079,9374
1386864904703,10192,GET: Show add submission form (hope),200,OK,Thread Group 1-145,text,true,56849,10068
1386864904703,10194,GET: Show add submission form (kaca),200,OK,Thread Group 1-149,text,true,56834,10070
1386864904703,10199,GET: Show add submission form (wimi),200,OK,Thread Group 1-131,text,true,56839,10073
1386864904703,10201,GET: Show add submission form (clpa),200,OK,Thread Group 1-144,text,true,56837,10068
1386864904715,10215,GET: Show add submission form (momo),200,OK,Thread Group 1-148,text,true,56864,10107
1386864904790,10221,GET: Show add submission form (mani),200,OK,Thread Group 1-136,text,true,56864,10082
1386864904844,10167,GET: Show add submission form (krba),200,OK,Thread Group 1-141,text,true,56859,10029
1386864905599,9460,POST: Save submission (nosa),200,OK,Thread Group 1-92,text,true,58065,9324
1386864911125,4043,POST: Upload file (memo),200,OK,Thread Group 1-114,text,true,8582,3975
1386864911097,4121,POST: Upload file (rowo),200,OK,Thread Group 1-119,text,true,8582,4007
1386864911124,4111,POST: Upload file (frmu),200,OK,Thread Group 1-113,text,true,8579,4015
1386864911147,4089,POST: Upload file (dico),200,OK,Thread Group 1-117,text,true,8582,3990
1386864911139,4098,POST: Upload file (tamo),200,OK,Thread Group 1-105,text,true,8582,3970
1386864911125,4114,POST: Upload file (visu),200,OK,Thread Group 1-115,text,true,8579,3981
1386864911131,4109,POST: Upload file (dere),200,OK,Thread Group 1-108,text,true,8582,3980
1386864911140,4105,POST: Upload file (debu),200,OK,Thread Group 1-116,text,true,8582,4004
1386864911258,3988,POST: Upload file (shca),200,OK,Thread Group 1-122,text,true,8582,3884
1386864911293,4258,POST: Upload file (mawe),200,OK,Thread Group 1-112,text,true,8582,3890
1386864911147,4415,POST: Upload file (roto),200,OK,Thread Group 1-109,text,true,8582,4009
1386864911293,4273,POST: Upload file (edco),200,OK,Thread Group 1-121,text,true,8582,3989
1386864911293,4276,POST: Upload file (sebr),200,OK,Thread Group 1-123,text,true,8582,4009
1386864911193,4376,POST: Upload file (nepr),200,OK,Thread Group 1-120,text,true,8579,3977
1386864911283,4288,POST: Upload file (pada),200,OK,Thread Group 1-118,text,true,8582,3946
1386864905807,9766,POST: Save submission (rean),200,OK,Thread Group 1-96,text,true,58094,9488
1386864905854,9759,POST: Save submission (shsa),200,OK,Thread Group 1-93,text,true,58079,9608
1386864905983,9674,POST: Save submission (clri),200,OK,Thread Group 1-94,text,true,58094,9610
1386864911733,3966,POST: Upload file (lone),200,OK,Thread Group 1-127,text,true,8579,3890
1386864911782,3967,POST: Upload file (raban),200,OK,Thread Group 1-126,text,true,8582,3884
1386864912043,3810,POST: Upload file (kapa),200,OK,Thread Group 1-125,text,true,8582,3723
1386864912031,3825,POST: Upload file (arwi),200,OK,Thread Group 1-132,text,true,8579,3729
1386864912049,3808,POST: Upload file (mawa),200,OK,Thread Group 1-128,text,true,8582,3721
1386864911927,3938,POST: Upload file (esda),200,OK,Thread Group 1-124,text,true,8582,3818
1386864912031,3869,POST: Upload file (befe),200,OK,Thread Group 1-130,text,true,8582,3770
1386864906928,8975,POST: Save submission (saha),200,OK,Thread Group 1-95,text,true,58084,8866
1386864912431,3779,POST: Upload file (prha),200,OK,Thread Group 1-133,text,true,8582,3666
1386864912485,3825,POST: Upload file (chpo),200,OK,Thread Group 1-134,text,true,8579,3621
1386864913520,2886,POST: Upload file (cogr),200,OK,Thread Group 1-129,text,true,8579,2822
1386864913581,2921,POST: Upload file (rhro),200,OK,Thread Group 1-135,text,true,8582,2855
1386864913579,3056,POST: Upload file (lesp),200,OK,Thread Group 1-138,text,true,8582,2997
1386864913593,3090,POST: Upload file (dwdi),200,OK,Thread Group 1-137,text,true,8582,3009
1386864913835,2915,POST: Upload file (alho),200,OK,Thread Group 1-139,text,true,8582,2858
1386864913950,2859,POST: Upload file (orli),200,OK,Thread Group 1-140,text,true,8582,2767
1386864913944,2867,POST: Upload file (anda),200,OK,Thread Group 1-146,text,true,8582,2792
1386864914019,2833,POST: Upload file (rabl),200,OK,Thread Group 1-143,text,true,8582,2750
1386864908217,8808,POST: Save submission (lebr),200,OK,Thread Group 1-99,text,true,58069,8710
1386864908378,8747,POST: Save submission (limu),200,OK,Thread Group 1-100,text,true,58074,8685
1386864914842,2331,POST: Upload file (dafr),200,OK,Thread Group 1-150,text,true,8582,2255
1386864908607,8568,POST: Save submission (mepa),200,OK,Thread Group 1-97,text,true,58079,8457
1386864914919,2301,POST: Upload file (wimi),200,OK,Thread Group 1-131,text,true,8582,2234
1386864915019,2204,POST: Upload file (krba),200,OK,Thread Group 1-141,text,true,8582,2134
1386864914906,2322,POST: Upload file (hope),200,OK,Thread Group 1-145,text,true,8582,2250
1386864914894,2336,POST: Upload file (grga),200,OK,Thread Group 1-147,text,true,8582,2256
1386864914935,2508,POST: Upload file (momo),200,OK,Thread Group 1-148,text,true,8582,2331
1386864914912,2533,POST: Upload file (kaca),200,OK,Thread Group 1-149,text,true,8582,2256
1386864914920,2528,POST: Upload file (clpa),200,OK,Thread Group 1-144,text,true,8576,2253
1386864914904,2547,POST: Upload file (jogi),200,OK,Thread Group 1-142,text,true,8582,2265
1386864915019,2437,POST: Upload file (mani),200,OK,Thread Group 1-136,text,true,8582,2179
1386864909137,8352,POST: Save submission (sawa),200,OK,Thread Group 1-98,text,true,58059,8210
1386864909179,8367,POST: Save submission (vist),200,OK,Thread Group 1-102,text,true,58099,8260
1386864908749,8801,POST: Save submission (juha),200,OK,Thread Group 1-104,text,true,58059,8682
1386864908832,8724,POST: Save submission (lodo),200,OK,Thread Group 1-103,text,true,58079,8597
1386864908988,8569,POST: Save submission (brll),200,OK,Thread Group 1-101,text,true,58079,8451
1386864913710,5394,POST: Save submission (fldi),200,OK,Thread Group 1-106,text,true,58079,5278
1386864913887,5271,POST: Save submission (loch),200,OK,Thread Group 1-110,text,true,58079,5151
1386864913945,5213,POST: Save submission (crbi),200,OK,Thread Group 1-111,text,true,58089,5093
1386864914066,5155,POST: Save submission (brgr),200,OK,Thread Group 1-107,text,true,58065,5073
1386864915256,4349,POST: Save submission (frmu),200,OK,Thread Group 1-113,text,true,58070,4224
1386864915274,4371,POST: Save submission (shca),200,OK,Thread Group 1-122,text,true,58099,4256
1386864915235,4413,POST: Save submission (rowo),200,OK,Thread Group 1-119,text,true,58079,4296
1386864915256,4448,POST: Save submission (dico),200,OK,Thread Group 1-117,text,true,58069,4350
1386864915260,4457,POST: Save submission (dere),200,OK,Thread Group 1-108,text,true,58074,4323
1386864915257,4461,POST: Save submission (tamo),200,OK,Thread Group 1-105,text,true,58069,4326
1386864915257,4463,POST: Save submission (visu),200,OK,Thread Group 1-115,text,true,58085,4326
1386864915268,4452,POST: Save submission (debu),200,OK,Thread Group 1-116,text,true,58079,4337
1386864915175,4568,POST: Save submission (memo),200,OK,Thread Group 1-114,text,true,58074,4455
1386864915577,4276,POST: Save submission (roto),200,OK,Thread Group 1-109,text,true,58084,4156
1386864915617,4238,POST: Save submission (edco),200,OK,Thread Group 1-121,text,true,58069,4118
1386864915625,4232,POST: Save submission (sebr),200,OK,Thread Group 1-123,text,true,58064,4108
1386864915562,4296,POST: Save submission (mawe),200,OK,Thread Group 1-112,text,true,58069,4170
1386864915631,4261,POST: Save submission (nepr),200,OK,Thread Group 1-120,text,true,58065,4150
1386864915632,4261,POST: Save submission (pada),200,OK,Thread Group 1-118,text,true,58089,4149
1386864915705,4241,POST: Save submission (lone),200,OK,Thread Group 1-127,text,true,58060,4126
1386864915760,4266,POST: Save submission (raban),200,OK,Thread Group 1-126,text,true,58084,4123
1386864915877,4194,POST: Save submission (esda),200,OK,Thread Group 1-124,text,true,58079,4056
1386864916508,3621,POST: Save submission (rhro),200,OK,Thread Group 1-135,text,true,58094,3503
1386864916410,3729,POST: Save submission (cogr),200,OK,Thread Group 1-129,text,true,58080,3598
1386864915905,4235,POST: Save submission (befe),200,OK,Thread Group 1-130,text,true,58094,4106
1386864915860,4281,POST: Save submission (kapa),200,OK,Thread Group 1-125,text,true,58089,4148
1386864915870,4273,POST: Save submission (arwi),200,OK,Thread Group 1-132,text,true,58060,4138
1386864915871,4273,POST: Save submission (mawa),200,OK,Thread Group 1-128,text,true,58054,4135
1386864916216,3932,POST: Save submission (prha),200,OK,Thread Group 1-133,text,true,58084,3796
1386864916316,3832,POST: Save submission (chpo),200,OK,Thread Group 1-134,text,true,58075,3692
1386864916688,3490,POST: Save submission (dwdi),200,OK,Thread Group 1-137,text,true,58074,3372
1386864916759,3431,POST: Save submission (alho),200,OK,Thread Group 1-139,text,true,58079,3301
1386864917180,3012,POST: Save submission (dafr),200,OK,Thread Group 1-150,text,true,58069,2879
1386864917231,2964,POST: Save submission (wimi),200,OK,Thread Group 1-131,text,true,58069,2830
1386864916644,3553,POST: Save submission (lesp),200,OK,Thread Group 1-138,text,true,58079,3414
1386864916819,3379,POST: Save submission (anda),200,OK,Thread Group 1-146,text,true,58059,3238
1386864917247,2952,POST: Save submission (grga),200,OK,Thread Group 1-147,text,true,58064,2814
1386864916861,3338,POST: Save submission (rabl),200,OK,Thread Group 1-143,text,true,58069,3197
1386864917247,2952,POST: Save submission (hope),200,OK,Thread Group 1-145,text,true,58079,2813
1386864916817,3384,POST: Save submission (orli),200,OK,Thread Group 1-140,text,true,58064,3241
1386864917471,2792,POST: Save submission (clpa),200,OK,Thread Group 1-144,text,true,58061,2636
1386864917478,2794,POST: Save submission (jogi),200,OK,Thread Group 1-142,text,true,58064,2632
1386864917449,2824,POST: Save submission (momo),200,OK,Thread Group 1-148,text,true,58094,2658
1386864917239,3035,POST: Save submission (krba),200,OK,Thread Group 1-141,text,true,58089,2886
1386864917490,2785,POST: Save submission (mani),200,OK,Thread Group 1-136,text,true,58094,2628
1386864917469,2807,POST: Save submission (kaca),200,OK,Thread Group 1-149,text,true,58064,2646
