1386864940322,262,GET: Login (huba),200,OK,Thread Group 1-1,text,true,11533,216
1386864940322,314,GET: Login (tyll),200,OK,Thread Group 1-2,text,true,11533,240
1386864940372,266,GET: Login (sojo),200,OK,Thread Group 1-3,text,true,11533,189
1386864940581,179,GET: Login (raba),200,OK,Thread Group 1-4,text,true,11533,127
1386864940784,151,GET: Login (cach),200,OK,Thread Group 1-5,text,true,11533,100
1386864940987,199,GET: Login (guwa),200,OK,Thread Group 1-6,text,true,11533,120
1386864941185,203,GET: Login (nilu),200,OK,Thread Group 1-7,text,true,11533,124
1386864941392,195,GET: Login (calo),200,OK,Thread Group 1-8,text,true,11533,120
1386864941596,251,GET: Login (trca),200,OK,Thread Group 1-9,text,true,11533,149
1386864941795,230,GET: Login (gemo),200,OK,Thread Group 1-10,text,true,11533,159
1386864941996,260,GET: Login (wewe),200,OK,Thread Group 1-11,text,true,11533,180
1386864942215,259,GET: Login (sest),200,OK,Thread Group 1-12,text,true,11533,172
1386864942410,266,GET: Login (juga),200,OK,Thread Group 1-13,text,true,11533,158
1386864942619,209,GET: Login (raha),200,OK,Thread Group 1-14,text,true,11533,139
1386864942818,308,GET: Login (daha),200,OK,Thread Group 1-15,text,true,11533,201
1386864943011,276,GET: Login (shbe),200,OK,Thread Group 1-16,text,true,11533,193
1386864943212,275,GET: Login (amgr),200,OK,Thread Group 1-17,text,true,11533,169
1386864943414,286,GET: Login (maga),200,OK,Thread Group 1-18,text,true,11533,191
1386864943615,230,GET: Login (cenu),200,OK,Thread Group 1-19,text,true,11533,167
1386864943832,264,GET: Login (caph),200,OK,Thread Group 1-20,text,true,11533,182
1386864944033,264,GET: Login (joch),200,OK,Thread Group 1-21,text,true,11533,171
1386864944226,282,GET: Login (jade),200,OK,Thread Group 1-22,text,true,11533,185
1386864944438,236,GET: Login (bola),200,OK,Thread Group 1-23,text,true,11533,166
1386864944633,242,GET: Login (glbl),200,OK,Thread Group 1-24,text,true,11533,132
1386864944838,226,GET: Login (masm),200,OK,Thread Group 1-25,text,true,11533,160
1386864945045,293,GET: Login (jufe),200,OK,Thread Group 1-26,text,true,11533,203
1386864945244,265,GET: Login (jehu),200,OK,Thread Group 1-27,text,true,11533,183
1386864945440,296,GET: Login (mawh),200,OK,Thread Group 1-28,text,true,11533,186
1386864945645,333,GET: Login (irmo),200,OK,Thread Group 1-29,text,true,11533,263
1386864945853,359,GET: Login (gopa),200,OK,Thread Group 1-30,text,true,11533,239
1386864946069,420,GET: Login (maco),200,OK,Thread Group 1-31,text,true,11533,305
1386864946258,548,GET: Login (alto),200,OK,Thread Group 1-32,text,true,11533,433
1386864946502,666,GET: Login (evpa),200,OK,Thread Group 1-33,text,true,11533,536
1386864946760,720,GET: Login (flco),200,OK,Thread Group 1-34,text,true,11533,583
1386864946874,692,GET: Login (cogl),200,OK,Thread Group 1-35,text,true,11533,544
1386864947083,649,GET: Login (anba),200,OK,Thread Group 1-36,text,true,11533,543
1386864947339,756,GET: Login (tatr),200,OK,Thread Group 1-37,text,true,11533,578
1386864947513,882,GET: Login (mach),200,OK,Thread Group 1-38,text,true,11533,776
1386864947760,869,GET: Login (yvgr),200,OK,Thread Group 1-39,text,true,11533,770
1386864947919,967,GET: Login (elcu),200,OK,Thread Group 1-40,text,true,11533,836
1386864948119,899,GET: Login (dego),200,OK,Thread Group 1-41,text,true,11533,763
1386864948307,851,GET: Login (mica),200,OK,Thread Group 1-42,text,true,11533,769
1386864948540,855,GET: Login (nahe),200,OK,Thread Group 1-43,text,true,11533,683
1386864948746,937,GET: Login (kely),200,OK,Thread Group 1-44,text,true,11533,819
1386864948985,971,GET: Login (thte),200,OK,Thread Group 1-45,text,true,11533,825
1386864949100,911,GET: Login (dafo),200,OK,Thread Group 1-46,text,true,11533,790
1386864949318,913,GET: Login (kava),200,OK,Thread Group 1-47,text,true,11533,767
1386864949516,982,GET: Login (ligi),200,OK,Thread Group 1-48,text,true,11533,841
1386864949678,955,GET: Login (agra),200,OK,Thread Group 1-49,text,true,11533,807
1386864949949,1019,GET: Login (cada),200,OK,Thread Group 1-50,text,true,11533,844
1386864950113,905,GET: Login (albe),200,OK,Thread Group 1-51,text,true,11533,788
1386864950332,994,GET: Login (frma),200,OK,Thread Group 1-52,text,true,11533,882
1386864950503,874,GET: Login (jafl),200,OK,Thread Group 1-53,text,true,11533,794
1386864950701,1065,GET: Login (llfl),200,OK,Thread Group 1-54,text,true,11533,938
1386864950939,1109,GET: Login (rawa),200,OK,Thread Group 1-55,text,true,11533,985
1386864951091,1098,GET: Login (deke),200,OK,Thread Group 1-56,text,true,11533,949
1386864951292,1082,GET: Login (clad),200,OK,Thread Group 1-57,text,true,11533,963
1386864951496,1016,GET: Login (defi),200,OK,Thread Group 1-58,text,true,11533,861
1386864943728,9095,POST: Login (maga),200,OK,Thread Group 1-18,text,true,319602,1220
1386864944526,8297,POST: Login (jade),200,OK,Thread Group 1-22,text,true,319590,1271
1386864944310,8477,POST: Login (joch),200,OK,Thread Group 1-21,text,true,319606,975
1386864951714,1143,GET: Login (boma),200,OK,Thread Group 1-59,text,true,11533,983
1386864945751,7164,POST: Login (mawh),200,OK,Thread Group 1-28,text,true,319598,1309
1386864943857,9188,POST: Login (cenu),200,OK,Thread Group 1-19,text,true,319600,1150
1386864944686,8367,POST: Login (bola),200,OK,Thread Group 1-23,text,true,319600,1114
1386864942264,10807,POST: Login (wewe),200,OK,Thread Group 1-11,text,true,319596,1025
1386864943300,9795,POST: Login (shbe),200,OK,Thread Group 1-16,text,true,319596,1379
1386864941859,11245,POST: Login (trca),200,OK,Thread Group 1-9,text,true,319592,968
1386864942485,10636,POST: Login (sest),200,OK,Thread Group 1-12,text,true,319598,1109
1386864943498,9650,POST: Login (amgr),200,OK,Thread Group 1-17,text,true,319600,1327
1386864944889,8266,POST: Login (glbl),200,OK,Thread Group 1-24,text,true,319596,1266
1386864951947,1218,GET: Login (mefi),200,OK,Thread Group 1-60,text,true,11533,1101
1386864942687,10500,POST: Login (juga),200,OK,Thread Group 1-13,text,true,319596,1113
1386864942033,11180,POST: Login (gemo),200,OK,Thread Group 1-10,text,true,319604,1094
1386864940764,12474,POST: Login (raba),200,OK,Thread Group 1-4,text,true,319600,773
1386864944109,9161,POST: Login (caph),200,OK,Thread Group 1-20,text,true,319600,1001
1386864943138,10147,POST: Login (daha),200,OK,Thread Group 1-15,text,true,319596,1371
1386864941596,11711,POST: Login (calo),200,OK,Thread Group 1-8,text,true,319594,980
1386864940650,12660,POST: Login (sojo),200,OK,Thread Group 1-3,text,true,319604,737
1386864942843,10483,POST: Login (raha),200,OK,Thread Group 1-14,text,true,319606,1210
1386864940603,12745,POST: Login (huba),200,OK,Thread Group 1-1,text,true,319598,789
1386864952128,1221,GET: Login (mywa),200,OK,Thread Group 1-61,text,true,11533,1115
1386864941402,12020,POST: Login (nilu),200,OK,Thread Group 1-7,text,true,319592,796
1386864940647,12784,POST: Login (tyll),200,OK,Thread Group 1-2,text,true,319596,690
1386864952305,1168,GET: Login (masi),200,OK,Thread Group 1-62,text,true,11533,1053
1386864945091,8415,POST: Login (masm),200,OK,Thread Group 1-25,text,true,319602,1181
1386864952534,1074,GET: Login (emgu),200,OK,Thread Group 1-63,text,true,11533,933
1386864940940,13039,POST: Login (cach),200,OK,Thread Group 1-5,text,true,319600,704
1386864945355,8625,POST: Login (jufe),200,OK,Thread Group 1-26,text,true,319600,1026
1386864952745,1238,GET: Login (mefig),200,OK,Thread Group 1-64,text,true,11533,868
1386864952949,1036,GET: Login (roby),200,OK,Thread Group 1-65,text,true,11533,1036
1386864941191,12796,POST: Login (guwa),200,OK,Thread Group 1-6,text,true,319604,775
1386864953141,841,GET: Login (maca),200,OK,Thread Group 1-66,text,true,11533,841
1386864945522,8500,POST: Login (jehu),200,OK,Thread Group 1-27,text,true,319596,1165
1386864953513,678,GET: Login (kagr),200,OK,Thread Group 1-68,text,true,11533,608
1386864953325,867,GET: Login (cesc),200,OK,Thread Group 1-67,text,true,11533,725
1386864954020,403,GET: Login (viad),200,OK,Thread Group 1-70,text,true,11533,319
1386864954102,378,GET: Login (edma),200,OK,Thread Group 1-71,text,true,11533,263
1386864954040,441,GET: Login (mamu),200,OK,Thread Group 1-69,text,true,11533,352
1386864954307,493,GET: Login (viro),200,OK,Thread Group 1-72,text,true,11533,356
1386864945999,8955,POST: Login (irmo),200,OK,Thread Group 1-29,text,true,319598,3599
1386864954505,579,GET: Login (alfu),200,OK,Thread Group 1-73,text,true,11533,498
1386864954722,1124,GET: Login (febo),200,OK,Thread Group 1-74,text,true,11533,609
1386864954909,989,GET: Login (roca),200,OK,Thread Group 1-75,text,true,11533,719
1386864955109,895,GET: Login (olba),200,OK,Thread Group 1-76,text,true,11533,809
1386864954366,1790,GET: View assignment (joch),200,OK,Thread Group 1-21,text,true,32311,1675
1386864954365,1851,GET: View assignment (jade),200,OK,Thread Group 1-22,text,true,32287,1727
1386864954364,1923,GET: View assignment (maga),200,OK,Thread Group 1-18,text,true,32305,1779
1386864954447,1905,GET: View assignment (wewe),200,OK,Thread Group 1-11,text,true,32296,1797
1386864954440,1921,GET: View assignment (cenu),200,OK,Thread Group 1-19,text,true,32302,1804
1386864954409,1955,GET: View assignment (mawh),200,OK,Thread Group 1-28,text,true,32299,1834
1386864954447,2114,GET: View assignment (bola),200,OK,Thread Group 1-23,text,true,32302,1995
1386864954542,2029,GET: View assignment (trca),200,OK,Thread Group 1-9,text,true,32290,1902
1386864954541,2061,GET: View assignment (shbe),200,OK,Thread Group 1-16,text,true,32296,1953
1386864955310,1592,GET: Login (begr),200,OK,Thread Group 1-77,text,true,11533,1517
1386864955514,1436,GET: Login (cymc),200,OK,Thread Group 1-78,text,true,11533,1337
1386864954644,2601,GET: View assignment (gemo),200,OK,Thread Group 1-10,text,true,32308,2303
1386864954643,2607,GET: View assignment (juga),200,OK,Thread Group 1-13,text,true,32296,2486
1386864954640,2612,GET: View assignment (sest),200,OK,Thread Group 1-12,text,true,32299,2489
1386864954640,2613,GET: View assignment (glbl),200,OK,Thread Group 1-24,text,true,32296,2255
1386864954640,2616,GET: View assignment (amgr),200,OK,Thread Group 1-17,text,true,32302,2304
1386864954786,2509,GET: View assignment (nilu),200,OK,Thread Group 1-7,text,true,32288,2394
1386864954787,2515,GET: View assignment (tyll),200,OK,Thread Group 1-2,text,true,32294,2392
1386864954724,2583,GET: View assignment (raba),200,OK,Thread Group 1-4,text,true,32300,2458
1386864954733,2583,GET: View assignment (sojo),200,OK,Thread Group 1-3,text,true,32306,2449
1386864954776,2541,GET: View assignment (huba),200,OK,Thread Group 1-1,text,true,32297,2406
1386864954732,2591,GET: View assignment (calo),200,OK,Thread Group 1-8,text,true,32291,2447
1386864954725,2622,GET: View assignment (caph),200,OK,Thread Group 1-20,text,true,32302,2457
1386864954731,2671,GET: View assignment (daha),200,OK,Thread Group 1-15,text,true,32296,2554
1386864954775,2789,GET: View assignment (raha),200,OK,Thread Group 1-14,text,true,32311,2663
1386864954974,2637,GET: View assignment (jufe),200,OK,Thread Group 1-26,text,true,32302,2514
1386864954986,2631,GET: View assignment (jehu),200,OK,Thread Group 1-27,text,true,32296,2502
1386864954813,2807,GET: View assignment (masm),200,OK,Thread Group 1-25,text,true,32305,2676
1386864955916,1727,GET: Login (caru),200,OK,Thread Group 1-80,text,true,11533,1645
1386864954973,2679,GET: View assignment (cach),200,OK,Thread Group 1-5,text,true,32300,2564
1386864956119,1591,GET: Login (caco),200,OK,Thread Group 1-81,text,true,11533,1503
1386864956321,1389,GET: Login (cabo),200,OK,Thread Group 1-82,text,true,11533,1289
1386864955714,1999,GET: Login (risc),200,OK,Thread Group 1-79,text,true,11533,1890
1386864954984,2872,GET: View assignment (guwa),200,OK,Thread Group 1-6,text,true,32306,2654
1386864946268,11981,POST: Login (gopa),200,OK,Thread Group 1-30,text,true,319600,6881
1386864955379,3073,GET: View assignment (irmo),200,OK,Thread Group 1-29,text,true,32299,2951
1386864956724,1997,GET: Login (jowa),200,OK,Thread Group 1-84,text,true,11533,1913
1386864957126,1602,GET: Login (rosh),200,OK,Thread Group 1-86,text,true,11533,1494
1386864956930,1843,GET: Login (patu),200,OK,Thread Group 1-85,text,true,11533,1720
1386864957328,1448,GET: Login (erta),200,OK,Thread Group 1-87,text,true,11533,1340
1386864957531,1395,GET: Login (sost),200,OK,Thread Group 1-88,text,true,11533,1283
1386864956521,2602,GET: Login (edhe),200,OK,Thread Group 1-83,text,true,11533,2506
1386864957733,1554,GET: Login (chmo),200,OK,Thread Group 1-89,text,true,11533,1474
1386864957939,1613,GET: Login (lome),200,OK,Thread Group 1-90,text,true,11533,1505
1386864958340,1679,GET: Login (nosa),200,OK,Thread Group 1-92,text,true,11533,1584
1386864958137,1981,GET: Login (cagr),200,OK,Thread Group 1-91,text,true,11533,1910
1386864958541,1576,GET: Login (shsa),200,OK,Thread Group 1-93,text,true,11533,1496
1386864958743,1819,GET: Login (clri),200,OK,Thread Group 1-94,text,true,11533,1713
1386864946546,14074,POST: Login (maco),200,OK,Thread Group 1-31,text,true,319604,7645
1386864958946,1722,GET: Login (saha),200,OK,Thread Group 1-95,text,true,11533,1641
1386864959152,1842,GET: Login (rean),200,OK,Thread Group 1-96,text,true,11533,1690
1386864956310,4748,GET: Show add submission form (jade),200,OK,Thread Group 1-22,text,true,56824,4598
1386864956218,4844,GET: Show add submission form (joch),200,OK,Thread Group 1-21,text,true,56864,4690
1386864956407,4720,GET: Show add submission form (maga),200,OK,Thread Group 1-18,text,true,56854,4583
1386864956641,4662,GET: Show add submission form (mawh),200,OK,Thread Group 1-28,text,true,56844,4520
1386864956640,4680,GET: Show add submission form (cenu),200,OK,Thread Group 1-19,text,true,56849,4521
1386864956639,4798,GET: Show add submission form (wewe),200,OK,Thread Group 1-11,text,true,56839,4652
1386864959550,2039,GET: Login (sawa),200,OK,Thread Group 1-98,text,true,11533,1929
1386864959347,2243,GET: Login (mepa),200,OK,Thread Group 1-97,text,true,11533,2140
1386864959966,2351,GET: Login (limu),200,OK,Thread Group 1-100,text,true,11533,2175
1386864959750,2570,GET: Login (lebr),200,OK,Thread Group 1-99,text,true,11533,2141
1386864956816,5557,GET: Show add submission form (trca),200,OK,Thread Group 1-9,text,true,56829,5343
1386864956815,5618,GET: Show add submission form (bola),200,OK,Thread Group 1-23,text,true,56849,5523
1386864956817,5752,GET: Show add submission form (shbe),200,OK,Thread Group 1-16,text,true,56839,5521
1386864960162,2459,GET: Login (brll),200,OK,Thread Group 1-101,text,true,11533,2247
1386864960357,2664,GET: Login (vist),200,OK,Thread Group 1-102,text,true,11533,2539
1386864960556,2976,GET: Login (lodo),200,OK,Thread Group 1-103,text,true,11533,2885
1386864960761,2972,GET: Login (juha),200,OK,Thread Group 1-104,text,true,11533,2898
1386864960963,3052,GET: Login (tamo),200,OK,Thread Group 1-105,text,true,11533,2918
1386864958302,5991,GET: View assignment (gopa),200,OK,Thread Group 1-30,text,true,32302,5820
1386864961164,3283,GET: Login (fldi),200,OK,Thread Group 1-106,text,true,11533,3157
1386864957270,7348,GET: Show add submission form (gemo),200,OK,Thread Group 1-10,text,true,56859,7231
1386864961368,3412,GET: Login (brgr),200,OK,Thread Group 1-107,text,true,11533,3294
1386864961073,3796,POST: Upload file (jade),200,OK,Thread Group 1-22,text,true,8582,3690
1386864961108,3899,POST: Upload file (joch),200,OK,Thread Group 1-21,text,true,8582,3711
1386864961149,3914,POST: Upload file (maga),200,OK,Thread Group 1-18,text,true,8582,3801
1386864961573,3605,GET: Login (dere),200,OK,Thread Group 1-108,text,true,11533,3466
1386864961338,4016,POST: Upload file (cenu),200,OK,Thread Group 1-19,text,true,8582,3928
1386864961317,4100,POST: Upload file (mawh),200,OK,Thread Group 1-28,text,true,8582,3994
1386864961445,4055,POST: Upload file (wewe),200,OK,Thread Group 1-11,text,true,8582,3937
1386864961777,3909,GET: Login (roto),200,OK,Thread Group 1-109,text,true,11533,3856
1386864957786,8623,GET: Show add submission form (glbl),200,OK,Thread Group 1-24,text,true,56839,8490
1386864957745,8674,GET: Show add submission form (juga),200,OK,Thread Group 1-13,text,true,56839,8531
1386864961976,4458,GET: Login (loch),200,OK,Thread Group 1-110,text,true,11533,4384
1386864957750,8681,GET: Show add submission form (sest),200,OK,Thread Group 1-12,text,true,56844,8523
1386864962581,3897,GET: Login (frmu),200,OK,Thread Group 1-113,text,true,11533,3833
1386864962377,4155,GET: Login (mawe),200,OK,Thread Group 1-112,text,true,11533,4032
1386864962180,4355,GET: Login (crbi),200,OK,Thread Group 1-111,text,true,11533,4238
1386864946865,19802,POST: Login (alto),200,OK,Thread Group 1-32,text,true,319592,7939
1386864962447,4462,POST: Upload file (trca),200,OK,Thread Group 1-9,text,true,8582,4362
1386864957995,9344,GET: Show add submission form (nilu),200,OK,Thread Group 1-7,text,true,56829,8985
1386864962665,4690,POST: Upload file (shbe),200,OK,Thread Group 1-16,text,true,8582,4351
1386864958008,9335,GET: Show add submission form (huba),200,OK,Thread Group 1-1,text,true,56844,8975
1386864958176,9175,GET: Show add submission form (raha),200,OK,Thread Group 1-14,text,true,56864,9175
1386864962469,4890,POST: Upload file (bola),200,OK,Thread Group 1-23,text,true,8582,4433
1386864958088,9267,GET: Show add submission form (daha),200,OK,Thread Group 1-15,text,true,56839,9267
1386864958011,9340,GET: Show add submission form (calo),200,OK,Thread Group 1-8,text,true,56834,8962
1386864958001,9359,GET: Show add submission form (tyll),200,OK,Thread Group 1-2,text,true,56839,9359
1386864958002,9345,GET: Show add submission form (raba),200,OK,Thread Group 1-4,text,true,56849,8973
1386864958002,9361,GET: Show add submission form (sojo),200,OK,Thread Group 1-3,text,true,56859,9361
1386864958031,9325,GET: Show add submission form (caph),200,OK,Thread Group 1-20,text,true,56849,9325
1386864957978,9365,GET: Show add submission form (amgr),200,OK,Thread Group 1-17,text,true,56849,8998
1386864958178,9206,GET: Show add submission form (jehu),200,OK,Thread Group 1-27,text,true,56839,9170
1386864958179,9371,GET: Show add submission form (masm),200,OK,Thread Group 1-25,text,true,56854,9184
1386864958203,9380,GET: Show add submission form (cach),200,OK,Thread Group 1-5,text,true,56849,9242
1386864958246,9479,GET: Show add submission form (guwa),200,OK,Thread Group 1-6,text,true,56859,9199
1386864958177,9544,GET: Show add submission form (jufe),200,OK,Thread Group 1-26,text,true,56849,9268
1386864963388,4378,GET: Login (dico),200,OK,Thread Group 1-117,text,true,11533,4298
1386864963596,4228,GET: Login (pada),200,OK,Thread Group 1-118,text,true,11533,4138
1386864963185,4643,GET: Login (debu),200,OK,Thread Group 1-116,text,true,11533,4545
1386864962982,4861,GET: Login (visu),200,OK,Thread Group 1-115,text,true,11533,4729
1386864962788,5071,GET: Login (memo),200,OK,Thread Group 1-114,text,true,11533,4907
1386864963795,4151,GET: Login (rowo),200,OK,Thread Group 1-119,text,true,11533,4046
1386864964190,4082,GET: Login (edco),200,OK,Thread Group 1-121,text,true,11533,3895
1386864963990,4287,GET: Login (nepr),200,OK,Thread Group 1-120,text,true,11533,4060
1386864958492,9940,GET: Show add submission form (irmo),200,OK,Thread Group 1-29,text,true,56844,9660
1386864964390,4362,GET: Login (shca),200,OK,Thread Group 1-122,text,true,11533,4287
1386864964601,4199,GET: Login (sebr),200,OK,Thread Group 1-123,text,true,11533,4120
1386864964799,4053,GET: Login (esda),200,OK,Thread Group 1-124,text,true,11533,3989
1386864965012,4224,GET: Login (kapa),200,OK,Thread Group 1-125,text,true,11533,4100
1386864965212,4082,GET: Login (raban),200,OK,Thread Group 1-126,text,true,11533,4004
1386864964660,4696,POST: Upload file (gemo),200,OK,Thread Group 1-10,text,true,8582,4577
1386864965427,4282,GET: Login (lone),200,OK,Thread Group 1-127,text,true,11533,4185
1386864965607,4429,GET: Login (mawa),200,OK,Thread Group 1-128,text,true,11533,4317
1386864960632,9693,GET: View assignment (maco),200,OK,Thread Group 1-31,text,true,32308,9581
1386864965812,4607,GET: Login (cogr),200,OK,Thread Group 1-129,text,true,11533,4516
1386864966018,4502,GET: Login (befe),200,OK,Thread Group 1-130,text,true,11533,4402
1386864947317,23274,POST: Login (evpa),200,OK,Thread Group 1-33,text,true,319598,7759
1386864966207,4463,GET: Login (wimi),200,OK,Thread Group 1-131,text,true,11533,4358
1386864966411,4740,GET: Login (arwi),200,OK,Thread Group 1-132,text,true,11533,4541
1386864966622,4609,GET: Login (prha),200,OK,Thread Group 1-133,text,true,11533,4484
1386864947716,23521,POST: Login (cogl),200,OK,Thread Group 1-35,text,true,319598,7510
1386864966825,4462,GET: Login (chpo),200,OK,Thread Group 1-134,text,true,11533,4358
1386864947589,23700,POST: Login (flco),200,OK,Thread Group 1-34,text,true,319592,7687
1386864947963,23332,POST: Login (anba),200,OK,Thread Group 1-36,text,true,319594,7315
1386864948228,23074,POST: Login (tatr),200,OK,Thread Group 1-37,text,true,319594,7098
1386864966445,4939,POST: Upload file (glbl),200,OK,Thread Group 1-24,text,true,8582,4857
1386864966538,4947,POST: Upload file (juga),200,OK,Thread Group 1-13,text,true,8582,4848
1386864967016,4472,GET: Login (rhro),200,OK,Thread Group 1-135,text,true,11533,4393
1386864966564,5028,POST: Upload file (sest),200,OK,Thread Group 1-12,text,true,8582,4957
1386864967416,4223,GET: Login (dwdi),200,OK,Thread Group 1-137,text,true,11533,4115
1386864967377,4267,GET: Login (mani),200,OK,Thread Group 1-136,text,true,11533,4163
1386864967617,4268,GET: Login (lesp),200,OK,Thread Group 1-138,text,true,11533,4157
1386864967853,4081,GET: Login (alho),200,OK,Thread Group 1-139,text,true,11533,4014
1386864967593,4423,POST: Upload file (huba),200,OK,Thread Group 1-1,text,true,8582,4326
1386864968022,4087,GET: Login (orli),200,OK,Thread Group 1-140,text,true,11533,3913
1386864967671,4443,POST: Upload file (daha),200,OK,Thread Group 1-15,text,true,8582,4320
1386864967533,4582,POST: Upload file (nilu),200,OK,Thread Group 1-7,text,true,8582,4426
1386864967690,4480,POST: Upload file (calo),200,OK,Thread Group 1-8,text,true,8582,4401
1386864967616,4557,POST: Upload file (raha),200,OK,Thread Group 1-14,text,true,8582,4456
1386864967868,4400,POST: Upload file (caph),200,OK,Thread Group 1-20,text,true,8582,4324
1386864967768,4502,POST: Upload file (tyll),200,OK,Thread Group 1-2,text,true,8582,4380
1386864967800,4468,POST: Upload file (raba),200,OK,Thread Group 1-4,text,true,8582,4374
1386864967823,4451,POST: Upload file (sojo),200,OK,Thread Group 1-3,text,true,8582,4362
1386864967884,4486,POST: Upload file (amgr),200,OK,Thread Group 1-17,text,true,8582,4383
1386864968135,4295,POST: Upload file (masm),200,OK,Thread Group 1-25,text,true,8582,4215
1386864968010,4425,POST: Upload file (jehu),200,OK,Thread Group 1-27,text,true,8582,4294
1386864968276,4214,POST: Upload file (guwa),200,OK,Thread Group 1-6,text,true,8582,4121
1386864968420,4131,GET: Login (jogi),200,OK,Thread Group 1-142,text,true,11533,4031
1386864968225,4325,GET: Login (krba),200,OK,Thread Group 1-141,text,true,11533,4231
1386864968273,4283,POST: Upload file (cach),200,OK,Thread Group 1-5,text,true,8582,4151
1386864968626,3930,GET: Login (rabl),200,OK,Thread Group 1-143,text,true,11533,3837
1386864968826,3772,GET: Login (clpa),200,OK,Thread Group 1-144,text,true,11533,3667
1386864968287,4313,POST: Upload file (jufe),200,OK,Thread Group 1-26,text,true,8582,4213
1386864968572,4176,POST: Upload file (irmo),200,OK,Thread Group 1-29,text,true,8582,4064
1386864970028,3024,GET: Login (dafr),200,OK,Thread Group 1-150,text,true,11533,2916
1386864969624,3428,GET: Login (momo),200,OK,Thread Group 1-148,text,true,11533,3319
1386864969424,3636,GET: Login (grga),200,OK,Thread Group 1-147,text,true,11533,3511
1386864969033,4029,GET: Login (hope),200,OK,Thread Group 1-145,text,true,11533,3894
1386864969230,3837,GET: Login (anda),200,OK,Thread Group 1-146,text,true,11533,3691
1386864969824,3435,GET: Login (kaca),200,OK,Thread Group 1-149,text,true,11533,3316
1386864948997,24704,POST: Login (elcu),200,OK,Thread Group 1-40,text,true,319606,7261
1386864950002,23702,POST: Login (kely),200,OK,Thread Group 1-44,text,true,319598,6253
1386864948692,25014,POST: Login (yvgr),200,OK,Thread Group 1-39,text,true,319600,7564
1386864949489,24256,POST: Login (mica),200,OK,Thread Group 1-42,text,true,319606,6769
1386864949225,24522,POST: Login (dego),200,OK,Thread Group 1-41,text,true,319604,7030
1386864948454,25347,POST: Login (mach),200,OK,Thread Group 1-38,text,true,319600,7811
1386864949752,25114,POST: Login (nahe),200,OK,Thread Group 1-43,text,true,319604,6753
1386864950380,24502,POST: Login (thte),200,OK,Thread Group 1-45,text,true,319598,6120
1386864950971,23911,POST: Login (kava),200,OK,Thread Group 1-47,text,true,319602,5536
1386864950609,24280,POST: Login (dafo),200,OK,Thread Group 1-46,text,true,319600,5893
1386864966766,8274,GET: View assignment (alto),200,OK,Thread Group 1-32,text,true,32290,8136
1386864951248,24056,POST: Login (ligi),200,OK,Thread Group 1-48,text,true,319596,5521
1386864951533,24059,POST: Login (agra),200,OK,Thread Group 1-49,text,true,319598,5317
1386864951848,23896,POST: Login (cada),200,OK,Thread Group 1-50,text,true,319598,5006
1386864965051,11178,POST: Save submission (joch),200,OK,Thread Group 1-21,text,true,58094,11061
1386864965129,11144,POST: Save submission (maga),200,OK,Thread Group 1-18,text,true,58084,11036
1386864952441,24014,POST: Login (jafl),200,OK,Thread Group 1-53,text,true,319600,4804
1386864965400,11172,POST: Save submission (cenu),200,OK,Thread Group 1-19,text,true,58079,11041
1386864964919,11653,POST: Save submission (jade),200,OK,Thread Group 1-22,text,true,58054,11520
1386864965495,11138,POST: Save submission (mawh),200,OK,Thread Group 1-28,text,true,58074,11006
1386864965533,11100,POST: Save submission (wewe),200,OK,Thread Group 1-11,text,true,58069,10968
1386864952439,24313,POST: Login (frma),200,OK,Thread Group 1-52,text,true,319606,4953
1386864964310,12494,GET: Show add submission form (gopa),200,OK,Thread Group 1-30,text,true,56849,12373
1386864952771,24230,POST: Login (llfl),200,OK,Thread Group 1-54,text,true,319596,4626
1386864966948,10478,POST: Save submission (trca),200,OK,Thread Group 1-9,text,true,58059,10420
1386864953079,24455,POST: Login (rawa),200,OK,Thread Group 1-55,text,true,319596,4518
1386864952140,25399,POST: Login (albe),200,OK,Thread Group 1-51,text,true,319598,5453
1386864970604,7079,GET: View assignment (evpa),200,OK,Thread Group 1-33,text,true,32299,7012
1386864953520,24384,POST: Login (deke),200,OK,Thread Group 1-56,text,true,319600,4332
1386864953531,24375,POST: Login (clad),200,OK,Thread Group 1-57,text,true,319600,4398
1386864967566,10417,POST: Save submission (shbe),200,OK,Thread Group 1-16,text,true,58069,10321
1386864967643,10386,POST: Save submission (bola),200,OK,Thread Group 1-23,text,true,58079,10241
1386864971259,6770,GET: View assignment (cogl),200,OK,Thread Group 1-35,text,true,32299,6628
1386864971317,6764,GET: View assignment (flco),200,OK,Thread Group 1-34,text,true,32290,6700
1386864971317,6816,GET: View assignment (anba),200,OK,Thread Group 1-36,text,true,32293,6702
1386864971337,6796,GET: View assignment (tatr),200,OK,Thread Group 1-37,text,true,32293,6682
1386864954145,24033,POST: Login (defi),200,OK,Thread Group 1-58,text,true,319598,3882
1386864969378,9801,POST: Save submission (gemo),200,OK,Thread Group 1-10,text,true,58089,9725
1386864954812,24920,POST: Login (masi),200,OK,Thread Group 1-62,text,true,319598,3918
1386864954408,25448,POST: Login (boma),200,OK,Thread Group 1-59,text,true,319604,4324
1386864954641,25264,POST: Login (mefi),200,OK,Thread Group 1-60,text,true,319610,4092
1386864970332,9770,GET: Show add submission form (maco),200,OK,Thread Group 1-31,text,true,56859,9697
1386864976817,3573,POST: Upload file (gopa),200,OK,Thread Group 1-30,text,true,8582,3504
1386864955133,25384,POST: Login (cesc),200,OK,Thread Group 1-67,text,true,319598,3943
1386864954974,25645,POST: Login (mefig),200,OK,Thread Group 1-64,text,true,319606,4103
1386864954936,25733,POST: Login (emgu),200,OK,Thread Group 1-63,text,true,319602,4140
1386864954985,25957,POST: Login (maca),200,OK,Thread Group 1-66,text,true,319600,4290
1386864971500,9505,POST: Save submission (juga),200,OK,Thread Group 1-13,text,true,58069,9408
1386864971400,9717,POST: Save submission (glbl),200,OK,Thread Group 1-24,text,true,58069,9636
1386864971621,9660,POST: Save submission (sest),200,OK,Thread Group 1-12,text,true,58074,9518
1386864954777,26620,POST: Login (mywa),200,OK,Thread Group 1-61,text,true,319602,4502
1386864973813,7785,GET: View assignment (kely),200,OK,Thread Group 1-44,text,true,32299,7665
1386864955377,26235,POST: Login (viro),200,OK,Thread Group 1-72,text,true,319606,4051
1386864973731,7911,GET: View assignment (elcu),200,OK,Thread Group 1-40,text,true,32311,7795
1386864955132,26535,POST: Login (kagr),200,OK,Thread Group 1-68,text,true,319596,4191
1386864973813,7861,GET: View assignment (yvgr),200,OK,Thread Group 1-39,text,true,32302,7711
1386864973842,7946,GET: View assignment (dego),200,OK,Thread Group 1-41,text,true,32308,7833
1386864973842,8254,GET: View assignment (mica),200,OK,Thread Group 1-42,text,true,32311,7886
1386864972026,10077,POST: Save submission (huba),200,OK,Thread Group 1-1,text,true,58074,9807
1386864956108,26040,POST: Login (olba),200,OK,Thread Group 1-76,text,true,319596,3422
1386864972144,10099,POST: Save submission (nilu),200,OK,Thread Group 1-7,text,true,58059,9937
1386864972143,10101,POST: Save submission (daha),200,OK,Thread Group 1-15,text,true,58069,9935
1386864973891,8354,GET: View assignment (mach),200,OK,Thread Group 1-38,text,true,32302,8184
1386864972194,10067,POST: Save submission (calo),200,OK,Thread Group 1-8,text,true,58064,9933
1386864955291,26971,POST: Login (edma),200,OK,Thread Group 1-71,text,true,319596,4239
1386864972231,10063,POST: Save submission (raha),200,OK,Thread Group 1-14,text,true,58094,10015
1386864972298,10062,POST: Save submission (tyll),200,OK,Thread Group 1-2,text,true,58069,9981
1386864972286,10120,POST: Save submission (caph),200,OK,Thread Group 1-20,text,true,58079,9993
1386864955952,26499,POST: Login (roca),200,OK,Thread Group 1-75,text,true,319604,3580
1386864955465,27056,POST: Login (alfu),200,OK,Thread Group 1-73,text,true,319598,4060
1386864955290,27235,POST: Login (viad),200,OK,Thread Group 1-70,text,true,319598,4247
1386864972299,10230,POST: Save submission (raba),200,OK,Thread Group 1-4,text,true,58079,10088
1386864954974,27565,POST: Login (roby),200,OK,Thread Group 1-65,text,true,319594,4303
1386864955863,26720,POST: Login (febo),200,OK,Thread Group 1-74,text,true,319598,3667
1386864972321,10281,POST: Save submission (sojo),200,OK,Thread Group 1-3,text,true,58089,10115
1386864972381,10227,POST: Save submission (amgr),200,OK,Thread Group 1-17,text,true,58079,10104
1386864955290,27339,POST: Login (mamu),200,OK,Thread Group 1-69,text,true,319604,4236
1386864972443,10276,POST: Save submission (masm),200,OK,Thread Group 1-25,text,true,58084,10145
1386864972470,10285,POST: Save submission (jehu),200,OK,Thread Group 1-27,text,true,58069,10175
1386864972504,10332,POST: Save submission (guwa),200,OK,Thread Group 1-6,text,true,58089,10188
1386864957120,25823,POST: Login (cymc),200,OK,Thread Group 1-78,text,true,319606,2748
1386864972648,10404,POST: Save submission (jufe),200,OK,Thread Group 1-26,text,true,58079,10277
1386864972606,10498,POST: Save submission (cach),200,OK,Thread Group 1-5,text,true,58079,10319
1386864972761,10393,POST: Save submission (irmo),200,OK,Thread Group 1-29,text,true,58074,10325
1386864956982,26216,POST: Login (begr),200,OK,Thread Group 1-77,text,true,319604,2967
1386864974879,8673,GET: View assignment (nahe),200,OK,Thread Group 1-43,text,true,32308,8562
1386864974927,8679,GET: View assignment (dafo),200,OK,Thread Group 1-46,text,true,32302,8562
1386864974901,8800,GET: View assignment (thte),200,OK,Thread Group 1-45,text,true,32299,8687
1386864974916,8858,GET: View assignment (kava),200,OK,Thread Group 1-47,text,true,32305,8723
1386864975311,8605,GET: View assignment (ligi),200,OK,Thread Group 1-48,text,true,32296,8448
1386864980120,3905,POST: Upload file (maco),200,OK,Thread Group 1-31,text,true,8582,3814
1386864958203,25874,POST: Login (caco),200,OK,Thread Group 1-81,text,true,319604,2289
1386864958211,25866,POST: Login (risc),200,OK,Thread Group 1-79,text,true,319604,2082
1386864975612,8503,GET: View assignment (agra),200,OK,Thread Group 1-49,text,true,32299,8446
1386864975752,8414,GET: View assignment (cada),200,OK,Thread Group 1-50,text,true,32299,8305
1386864958202,25975,POST: Login (caru),200,OK,Thread Group 1-80,text,true,319604,2466
1386864958205,25974,POST: Login (cabo),200,OK,Thread Group 1-82,text,true,319596,2413
1386864976467,8039,GET: View assignment (jafl),200,OK,Thread Group 1-53,text,true,32302,7974
1386864958764,25990,POST: Login (jowa),200,OK,Thread Group 1-84,text,true,319596,2539
1386864976766,8042,GET: View assignment (frma),200,OK,Thread Group 1-52,text,true,32311,7925
1386864958838,25980,POST: Login (patu),200,OK,Thread Group 1-85,text,true,319602,2524
1386864958839,26102,POST: Login (erta),200,OK,Thread Group 1-87,text,true,319600,2522
1386864958812,26261,POST: Login (rosh),200,OK,Thread Group 1-86,text,true,319604,2676
1386864958945,26132,POST: Login (sost),200,OK,Thread Group 1-88,text,true,319598,2543
1386864959133,25976,POST: Login (edhe),200,OK,Thread Group 1-83,text,true,319596,2460
1386864977008,8102,GET: View assignment (llfl),200,OK,Thread Group 1-54,text,true,32296,7915
1386864959303,25815,POST: Login (chmo),200,OK,Thread Group 1-89,text,true,319606,2464
1386864959562,25635,POST: Login (lome),200,OK,Thread Group 1-90,text,true,319602,2601
1386864977925,7656,GET: View assignment (clad),200,OK,Thread Group 1-57,text,true,32302,7540
1386864975047,10533,GET: Show add submission form (alto),200,OK,Thread Group 1-32,text,true,56829,10416
1386864977917,7664,GET: View assignment (deke),200,OK,Thread Group 1-56,text,true,32302,7546
1386864977545,8041,GET: View assignment (rawa),200,OK,Thread Group 1-55,text,true,32296,7919
1386864977554,8042,GET: View assignment (albe),200,OK,Thread Group 1-51,text,true,32299,7911
1386864978188,7468,GET: View assignment (defi),200,OK,Thread Group 1-58,text,true,32299,7323
1386864960033,25787,POST: Login (nosa),200,OK,Thread Group 1-92,text,true,319598,2988
1386864960178,25774,POST: Login (shsa),200,OK,Thread Group 1-93,text,true,319600,3199
1386864960139,25878,POST: Login (cagr),200,OK,Thread Group 1-91,text,true,319600,3245
1386864960691,25473,POST: Login (saha),200,OK,Thread Group 1-95,text,true,319602,3240
1386864960588,25683,POST: Login (clri),200,OK,Thread Group 1-94,text,true,319606,3208
1386864979750,6887,GET: View assignment (masi),200,OK,Thread Group 1-62,text,true,32299,6737
1386864961005,25755,POST: Login (rean),200,OK,Thread Group 1-96,text,true,319606,3550
1386864979877,7025,GET: View assignment (boma),200,OK,Thread Group 1-59,text,true,32308,6960
1386864961603,25480,POST: Login (mepa),200,OK,Thread Group 1-97,text,true,319600,4197
1386864980644,6438,GET: View assignment (mefig),200,OK,Thread Group 1-64,text,true,32311,6318
1386864961603,25486,POST: Login (sawa),200,OK,Thread Group 1-98,text,true,319592,4198
1386864980709,6419,GET: View assignment (emgu),200,OK,Thread Group 1-63,text,true,32305,6304
1386864979924,7209,GET: View assignment (mefi),200,OK,Thread Group 1-60,text,true,32317,7094
1386864980537,6635,GET: View assignment (cesc),200,OK,Thread Group 1-67,text,true,32299,6526
1386864980968,6260,GET: View assignment (maca),200,OK,Thread Group 1-66,text,true,32302,6147
1386864981417,5964,GET: View assignment (mywa),200,OK,Thread Group 1-61,text,true,32305,5851
1386864981686,5876,GET: View assignment (viro),200,OK,Thread Group 1-72,text,true,32311,5754
1386864981726,5889,GET: View assignment (kagr),200,OK,Thread Group 1-68,text,true,32296,5775
1386864977693,9923,GET: Show add submission form (evpa),200,OK,Thread Group 1-33,text,true,56844,9805
1386864978039,9653,GET: Show add submission form (cogl),200,OK,Thread Group 1-35,text,true,56844,9510
1386864978096,9566,GET: Show add submission form (flco),200,OK,Thread Group 1-34,text,true,56829,9453
1386864982247,5459,GET: View assignment (olba),200,OK,Thread Group 1-76,text,true,32296,5352
1386864982301,5414,GET: View assignment (edma),200,OK,Thread Group 1-71,text,true,32296,5299
1386864982476,5282,GET: View assignment (roca),200,OK,Thread Group 1-75,text,true,32308,5176
1386864962372,25443,POST: Login (limu),200,OK,Thread Group 1-100,text,true,319598,5235
1386864982548,5311,GET: View assignment (alfu),200,OK,Thread Group 1-73,text,true,32299,5204
1386864962396,25472,POST: Login (lebr),200,OK,Thread Group 1-99,text,true,319596,5268
1386864982615,5255,GET: View assignment (viad),200,OK,Thread Group 1-70,text,true,32299,5135
1386864982680,5230,GET: View assignment (febo),200,OK,Thread Group 1-74,text,true,32299,5120
1386864982692,5220,GET: View assignment (mamu),200,OK,Thread Group 1-69,text,true,32308,5108
1386864978149,9765,GET: Show add submission form (anba),200,OK,Thread Group 1-36,text,true,56834,9649
1386864985604,2378,POST: Upload file (alto),200,OK,Thread Group 1-32,text,true,8582,2268
1386864978150,9842,GET: Show add submission form (tatr),200,OK,Thread Group 1-37,text,true,56834,9700
1386864963035,25002,POST: Login (vist),200,OK,Thread Group 1-102,text,true,319608,5131
1386864982631,5407,GET: View assignment (roby),200,OK,Thread Group 1-65,text,true,32293,5269
1386864982975,5065,GET: View assignment (cymc),200,OK,Thread Group 1-78,text,true,32311,4925
1386864962703,25386,POST: Login (brll),200,OK,Thread Group 1-101,text,true,319600,5460
1386864983210,4979,GET: View assignment (begr),200,OK,Thread Group 1-77,text,true,32308,4866
1386864963579,24713,POST: Login (lodo),200,OK,Thread Group 1-103,text,true,319600,5221
1386864963777,24523,POST: Login (juha),200,OK,Thread Group 1-104,text,true,319592,4919
1386864980408,8040,POST: Save submission (gopa),200,OK,Thread Group 1-30,text,true,58079,7918
1386864964075,24594,POST: Login (tamo),200,OK,Thread Group 1-105,text,true,319596,5640
1386864984091,5058,GET: View assignment (risc),200,OK,Thread Group 1-79,text,true,32308,4947
1386864984090,5105,GET: View assignment (caco),200,OK,Thread Group 1-81,text,true,32308,4997
1386864964830,24478,POST: Login (brgr),200,OK,Thread Group 1-107,text,true,319598,6321
1386864964462,24850,POST: Login (fldi),200,OK,Thread Group 1-106,text,true,319600,6689
1386864984213,5135,GET: View assignment (cabo),200,OK,Thread Group 1-82,text,true,32296,5024
1386864965237,24111,POST: Login (dere),200,OK,Thread Group 1-108,text,true,319598,5998
1386864984212,5187,GET: View assignment (caru),200,OK,Thread Group 1-80,text,true,32308,5077
1386864981687,7768,GET: Show add submission form (elcu),200,OK,Thread Group 1-40,text,true,56864,7650
1386864981622,7834,GET: Show add submission form (kely),200,OK,Thread Group 1-44,text,true,56844,7715
1386864965741,23775,POST: Login (roto),200,OK,Thread Group 1-109,text,true,319602,5638
1386864966721,22907,POST: Login (mawe),200,OK,Thread Group 1-112,text,true,319596,4809
1386864966723,22909,POST: Login (crbi),200,OK,Thread Group 1-111,text,true,319604,4812
1386864966541,23097,POST: Login (loch),200,OK,Thread Group 1-110,text,true,319600,5055
1386864981725,7916,GET: Show add submission form (yvgr),200,OK,Thread Group 1-39,text,true,56849,7714
1386864981807,7835,GET: Show add submission form (dego),200,OK,Thread Group 1-41,text,true,56859,7632
1386864966653,23061,POST: Login (frmu),200,OK,Thread Group 1-113,text,true,319600,4946
1386864982270,7486,GET: Show add submission form (mach),200,OK,Thread Group 1-38,text,true,56843,7419
1386864982110,7690,GET: Show add submission form (mica),200,OK,Thread Group 1-42,text,true,56864,7578
1386864987632,2446,POST: Upload file (evpa),200,OK,Thread Group 1-33,text,true,8582,2365
1386864984762,5413,GET: View assignment (jowa),200,OK,Thread Group 1-84,text,true,32296,5304
1386864984830,5351,GET: View assignment (patu),200,OK,Thread Group 1-85,text,true,32305,5233
1386864984952,5234,GET: View assignment (erta),200,OK,Thread Group 1-87,text,true,32302,5113
1386864987712,2478,POST: Upload file (flco),200,OK,Thread Group 1-34,text,true,8582,2362
1386864987710,2522,POST: Upload file (cogl),200,OK,Thread Group 1-35,text,true,8582,2426
1386864968306,22129,POST: Login (pada),200,OK,Thread Group 1-118,text,true,319604,3902
1386864968472,21965,POST: Login (rowo),200,OK,Thread Group 1-119,text,true,319600,3740
1386864968324,22115,POST: Login (debu),200,OK,Thread Group 1-116,text,true,319600,3896
1386864968448,21991,POST: Login (memo),200,OK,Thread Group 1-114,text,true,319598,3770
1386864985126,5344,GET: View assignment (edhe),200,OK,Thread Group 1-83,text,true,32296,5223
1386864985095,5382,GET: View assignment (sost),200,OK,Thread Group 1-88,text,true,32299,5254
1386864985084,5393,GET: View assignment (rosh),200,OK,Thread Group 1-86,text,true,32308,5264
1386864987941,2539,POST: Upload file (anba),200,OK,Thread Group 1-36,text,true,8582,2461
1386864988009,2618,POST: Upload file (tatr),200,OK,Thread Group 1-37,text,true,8582,2480
1386864968304,22423,POST: Login (dico),200,OK,Thread Group 1-117,text,true,319596,3908
1386864985209,5556,GET: View assignment (lome),200,OK,Thread Group 1-90,text,true,32305,5315
1386864985141,5624,GET: View assignment (chmo),200,OK,Thread Group 1-89,text,true,32313,5382
1386864983566,7161,GET: Show add submission form (nahe),200,OK,Thread Group 1-43,text,true,56859,6957
1386864968326,22457,POST: Login (visu),200,OK,Thread Group 1-115,text,true,319606,3882
1386864983619,7223,GET: Show add submission form (dafo),200,OK,Thread Group 1-46,text,true,56849,7096
1386864983710,7186,GET: Show add submission form (thte),200,OK,Thread Group 1-45,text,true,56844,7057
1386864983784,7168,GET: Show add submission form (kava),200,OK,Thread Group 1-47,text,true,56854,7042
1386864984033,7005,POST: Save submission (maco),200,OK,Thread Group 1-31,text,true,58089,6851
1386864968841,22254,POST: Login (sebr),200,OK,Thread Group 1-123,text,true,319594,3809
1386864968797,22303,POST: Login (shca),200,OK,Thread Group 1-122,text,true,319608,3897
1386864968567,22539,POST: Login (edco),200,OK,Thread Group 1-121,text,true,319596,4087
1386864968569,22541,POST: Login (nepr),200,OK,Thread Group 1-120,text,true,319598,3997
1386864968922,22282,POST: Login (esda),200,OK,Thread Group 1-124,text,true,319600,3923
1386864983927,7378,GET: Show add submission form (ligi),200,OK,Thread Group 1-48,text,true,56839,7314
1386864969310,22252,POST: Login (raban),200,OK,Thread Group 1-126,text,true,319602,3953
1386864984129,7480,GET: Show add submission form (agra),200,OK,Thread Group 1-49,text,true,56844,7338
1386864969721,21891,POST: Login (lone),200,OK,Thread Group 1-127,text,true,319596,3626
1386864969253,22360,POST: Login (kapa),200,OK,Thread Group 1-125,text,true,319604,4005
1386864970046,21573,POST: Login (mawa),200,OK,Thread Group 1-128,text,true,319590,3298
1386864984186,7475,GET: Show add submission form (cada),200,OK,Thread Group 1-50,text,true,56844,7358
1386864970428,21238,POST: Login (cogr),200,OK,Thread Group 1-129,text,true,319604,3099
1386864985963,5898,GET: View assignment (shsa),200,OK,Thread Group 1-93,text,true,32302,5782
1386864986029,5843,GET: View assignment (cagr),200,OK,Thread Group 1-91,text,true,32302,5718
1386864985828,6208,GET: View assignment (nosa),200,OK,Thread Group 1-92,text,true,32299,6067
1386864986171,5866,GET: View assignment (saha),200,OK,Thread Group 1-95,text,true,32307,5724
1386864986295,5784,GET: View assignment (clri),200,OK,Thread Group 1-94,text,true,32311,5674
1386864984517,7564,GET: Show add submission form (jafl),200,OK,Thread Group 1-53,text,true,56849,7453
1386864970682,21563,POST: Login (wimi),200,OK,Thread Group 1-131,text,true,319596,3035
1386864989477,3221,POST: Upload file (elcu),200,OK,Thread Group 1-40,text,true,8582,3120
1386864989478,3270,POST: Upload file (kely),200,OK,Thread Group 1-44,text,true,8582,3160
1386864970528,22413,POST: Login (befe),200,OK,Thread Group 1-130,text,true,319606,3736
1386864971162,21890,POST: Login (arwi),200,OK,Thread Group 1-132,text,true,319596,3398
1386864989683,3370,POST: Upload file (yvgr),200,OK,Thread Group 1-39,text,true,8582,3211
1386864986771,6328,GET: View assignment (rean),200,OK,Thread Group 1-96,text,true,32311,6155
1386864989683,3416,POST: Upload file (dego),200,OK,Thread Group 1-41,text,true,8582,3291
1386864989769,3329,POST: Upload file (mach),200,OK,Thread Group 1-38,text,true,8579,3254
1386864971245,21857,POST: Login (prha),200,OK,Thread Group 1-133,text,true,319602,3496
1386864989813,3335,POST: Upload file (mica),200,OK,Thread Group 1-42,text,true,8582,3258
1386864971510,21642,POST: Login (rhro),200,OK,Thread Group 1-135,text,true,319606,3296
1386864984817,8339,GET: Show add submission form (frma),200,OK,Thread Group 1-52,text,true,56864,8217
1386864971667,21525,POST: Login (dwdi),200,OK,Thread Group 1-137,text,true,319598,3145
1386864985126,8067,GET: Show add submission form (llfl),200,OK,Thread Group 1-54,text,true,56839,7955
1386864971298,22320,POST: Login (chpo),200,OK,Thread Group 1-134,text,true,319602,3508
1386864987096,6596,GET: View assignment (mepa),200,OK,Thread Group 1-97,text,true,32302,6380
1386864971692,22053,POST: Login (mani),200,OK,Thread Group 1-136,text,true,319606,3169
1386864987144,6653,GET: View assignment (sawa),200,OK,Thread Group 1-98,text,true,32290,6538
1386864971896,22125,POST: Login (lesp),200,OK,Thread Group 1-138,text,true,319600,3401
1386864971944,22090,POST: Login (alho),200,OK,Thread Group 1-139,text,true,319600,3350
1386864972126,21913,POST: Login (orli),200,OK,Thread Group 1-140,text,true,319594,3310
1386864985619,8603,GET: Show add submission form (deke),200,OK,Thread Group 1-56,text,true,56849,8490
1386864985594,8639,GET: Show add submission form (clad),200,OK,Thread Group 1-57,text,true,56849,8517
1386864985666,8661,GET: Show add submission form (defi),200,OK,Thread Group 1-58,text,true,56844,8544
1386864985631,8741,GET: Show add submission form (rawa),200,OK,Thread Group 1-55,text,true,56839,8629
1386864990908,3518,POST: Upload file (thte),200,OK,Thread Group 1-45,text,true,8582,3432
1386864990839,3589,POST: Upload file (nahe),200,OK,Thread Group 1-43,text,true,8582,3464
1386864985643,8782,GET: Show add submission form (albe),200,OK,Thread Group 1-51,text,true,56844,8619
1386864990967,3732,POST: Upload file (kava),200,OK,Thread Group 1-47,text,true,8582,3580
1386864991324,3381,POST: Upload file (ligi),200,OK,Thread Group 1-48,text,true,8582,3220
1386864990876,3829,POST: Upload file (dafo),200,OK,Thread Group 1-46,text,true,8582,3551
1386864987830,6967,GET: View assignment (limu),200,OK,Thread Group 1-100,text,true,32299,6859
1386864987894,7079,GET: View assignment (lebr),200,OK,Thread Group 1-99,text,true,32296,6943
1386864972607,22496,POST: Login (rabl),200,OK,Thread Group 1-143,text,true,319596,3413
1386864972567,22586,POST: Login (jogi),200,OK,Thread Group 1-142,text,true,319594,3504
1386864972562,22591,POST: Login (krba),200,OK,Thread Group 1-141,text,true,319604,3506
1386864988108,7108,GET: View assignment (brll),200,OK,Thread Group 1-101,text,true,32304,6980
1386864991622,3595,POST: Upload file (agra),200,OK,Thread Group 1-49,text,true,8582,3461
1386864988054,7164,GET: View assignment (vist),200,OK,Thread Group 1-102,text,true,32316,7034
1386864972647,22571,POST: Login (clpa),200,OK,Thread Group 1-144,text,true,319600,3420
1386864973143,22077,POST: Login (grga),200,OK,Thread Group 1-147,text,true,319594,3132
1386864973071,22154,POST: Login (dafr),200,OK,Thread Group 1-150,text,true,319596,3001
1386864991681,3567,POST: Upload file (cada),200,OK,Thread Group 1-50,text,true,8582,3502
1386864973145,22260,POST: Login (anda),200,OK,Thread Group 1-146,text,true,319592,3184
1386864973284,22124,POST: Login (kaca),200,OK,Thread Group 1-149,text,true,319594,3221
1386864973144,22299,POST: Login (hope),200,OK,Thread Group 1-145,text,true,319600,3242
1386864973110,22337,POST: Login (momo),200,OK,Thread Group 1-148,text,true,319606,3276
1386864988304,7227,GET: View assignment (lodo),200,OK,Thread Group 1-103,text,true,32304,7126
1386864988311,7325,GET: View assignment (juha),200,OK,Thread Group 1-104,text,true,32292,7122
1386864986651,8984,GET: Show add submission form (masi),200,OK,Thread Group 1-62,text,true,56844,8780
1386864992092,3608,POST: Upload file (jafl),200,OK,Thread Group 1-53,text,true,8582,3559
1386864986911,9258,GET: Show add submission form (boma),200,OK,Thread Group 1-59,text,true,56859,9196
1386864988681,7534,GET: View assignment (tamo),200,OK,Thread Group 1-105,text,true,32298,7427
1386864987104,9647,GET: Show add submission form (mefig),200,OK,Thread Group 1-64,text,true,56864,9428
1386864987153,9748,GET: Show add submission form (emgu),200,OK,Thread Group 1-63,text,true,56854,9441
1386864987154,9747,GET: Show add submission form (mefi),200,OK,Thread Group 1-60,text,true,56874,9438
1386864987243,9665,GET: Show add submission form (maca),200,OK,Thread Group 1-66,text,true,56843,9352
1386864993179,3856,POST: Upload file (frma),200,OK,Thread Group 1-52,text,true,8582,3629
1386864987181,9855,GET: Show add submission form (cesc),200,OK,Thread Group 1-67,text,true,56844,9552
1386864993202,3887,POST: Upload file (llfl),200,OK,Thread Group 1-54,text,true,8582,3688
1386864989329,7860,GET: View assignment (fldi),200,OK,Thread Group 1-106,text,true,32304,7750
1386864989319,7876,GET: View assignment (brgr),200,OK,Thread Group 1-107,text,true,32301,7759
1386864989359,7840,GET: View assignment (dere),200,OK,Thread Group 1-108,text,true,32301,7718
1386864987390,9845,GET: Show add submission form (mywa),200,OK,Thread Group 1-61,text,true,56854,9735
1386864987570,9787,GET: Show add submission form (viro),200,OK,Thread Group 1-72,text,true,56858,9705
1386864989526,7953,GET: View assignment (roto),200,OK,Thread Group 1-109,text,true,32307,7884
1386864989649,8090,GET: View assignment (mawe),200,OK,Thread Group 1-112,text,true,32298,7977
1386864987632,10157,GET: Show add submission form (kagr),200,OK,Thread Group 1-68,text,true,56839,10044
1386864989683,8260,GET: View assignment (loch),200,OK,Thread Group 1-110,text,true,32304,8146
1386864987744,10206,GET: Show add submission form (edma),200,OK,Thread Group 1-71,text,true,56839,10083
1386864989682,8275,GET: View assignment (crbi),200,OK,Thread Group 1-111,text,true,32310,8144
1386864989739,8279,GET: View assignment (frmu),200,OK,Thread Group 1-113,text,true,32304,8138
1386864987994,10141,POST: Save submission (alto),200,OK,Thread Group 1-32,text,true,58059,10016
1386864987774,10508,GET: Show add submission form (roca),200,OK,Thread Group 1-75,text,true,56859,10290
1386864987753,10530,GET: Show add submission form (olba),200,OK,Thread Group 1-76,text,true,56839,10308
1386864994248,4107,POST: Upload file (clad),200,OK,Thread Group 1-57,text,true,8582,3877
1386864994232,4126,POST: Upload file (deke),200,OK,Thread Group 1-56,text,true,8582,3965
1386864994338,4068,POST: Upload file (defi),200,OK,Thread Group 1-58,text,true,8582,3931
1386864987874,10536,GET: Show add submission form (alfu),200,OK,Thread Group 1-73,text,true,56844,10388
1386864994452,4007,POST: Upload file (albe),200,OK,Thread Group 1-51,text,true,8582,3912
1386864987925,10535,GET: Show add submission form (mamu),200,OK,Thread Group 1-69,text,true,56859,10423
1386864987894,10566,GET: Show add submission form (viad),200,OK,Thread Group 1-70,text,true,56844,10451
1386864994382,4122,POST: Upload file (rawa),200,OK,Thread Group 1-55,text,true,8582,4058
1386864987925,10630,GET: Show add submission form (febo),200,OK,Thread Group 1-74,text,true,56844,10520
1386864988054,10606,GET: Show add submission form (roby),200,OK,Thread Group 1-65,text,true,56828,10494
1386864988078,10582,GET: Show add submission form (cymc),200,OK,Thread Group 1-78,text,true,56864,10470
1386864988198,10665,GET: Show add submission form (begr),200,OK,Thread Group 1-77,text,true,56859,10549
1386864990484,8867,GET: View assignment (debu),200,OK,Thread Group 1-116,text,true,32304,8755
1386864990484,8929,GET: View assignment (memo),200,OK,Thread Group 1-114,text,true,32301,8808
1386864990484,8937,GET: View assignment (rowo),200,OK,Thread Group 1-119,text,true,32304,8808
1386864990451,8972,GET: View assignment (pada),200,OK,Thread Group 1-118,text,true,32310,8839
1386864990792,8813,GET: View assignment (dico),200,OK,Thread Group 1-117,text,true,32298,8664
1386864991131,8637,GET: View assignment (edco),200,OK,Thread Group 1-121,text,true,32298,8519
1386864991149,8626,GET: View assignment (nepr),200,OK,Thread Group 1-120,text,true,32301,8503
1386864991105,8670,GET: View assignment (sebr),200,OK,Thread Group 1-123,text,true,32295,8547
1386864990859,8923,GET: View assignment (visu),200,OK,Thread Group 1-115,text,true,32313,8793
1386864991116,8674,GET: View assignment (shca),200,OK,Thread Group 1-122,text,true,32316,8533
1386864991212,8606,GET: View assignment (esda),200,OK,Thread Group 1-124,text,true,32304,8487
1386864995651,4226,POST: Upload file (masi),200,OK,Thread Group 1-62,text,true,8582,4154
1386864996175,4145,POST: Upload file (boma),200,OK,Thread Group 1-59,text,true,8582,3948
1386864989161,11167,GET: Show add submission form (risc),200,OK,Thread Group 1-79,text,true,56853,10888
1386864989204,11207,GET: Show add submission form (caco),200,OK,Thread Group 1-81,text,true,56859,10936
1386864991570,8884,GET: View assignment (raban),200,OK,Thread Group 1-126,text,true,32307,8738
1386864991670,8835,GET: View assignment (mawa),200,OK,Thread Group 1-128,text,true,32289,8725
1386864991645,8860,GET: View assignment (lone),200,OK,Thread Group 1-127,text,true,32298,8750
1386864991669,8839,GET: View assignment (kapa),200,OK,Thread Group 1-125,text,true,32310,8726
1386864991683,8920,GET: View assignment (cogr),200,OK,Thread Group 1-129,text,true,32310,8810
1386864989359,11413,GET: Show add submission form (cabo),200,OK,Thread Group 1-82,text,true,56839,11350
1386864996758,4428,POST: Upload file (mefig),200,OK,Thread Group 1-64,text,true,8582,4295
1386864996909,4428,POST: Upload file (emgu),200,OK,Thread Group 1-63,text,true,8582,4305
1386864996926,4475,POST: Upload file (maca),200,OK,Thread Group 1-66,text,true,8579,4381
1386864989407,11995,GET: Show add submission form (caru),200,OK,Thread Group 1-80,text,true,56859,11861
1386864996917,4538,POST: Upload file (mefi),200,OK,Thread Group 1-60,text,true,8582,4436
1386864992255,9378,GET: View assignment (wimi),200,OK,Thread Group 1-131,text,true,32298,9247
1386864997044,4644,POST: Upload file (cesc),200,OK,Thread Group 1-67,text,true,8582,4511
1386864997242,4505,POST: Upload file (mywa),200,OK,Thread Group 1-61,text,true,8582,4384
1386864997362,4441,POST: Upload file (viro),200,OK,Thread Group 1-72,text,true,8579,4331
1386864990088,11782,POST: Save submission (evpa),200,OK,Thread Group 1-33,text,true,58074,11648
1386864990246,11879,POST: Save submission (cogl),200,OK,Thread Group 1-35,text,true,58074,11751
1386864990224,11904,POST: Save submission (flco),200,OK,Thread Group 1-34,text,true,58059,11772
1386864992948,9242,GET: View assignment (befe),200,OK,Thread Group 1-130,text,true,32313,9106
1386864993059,9222,GET: View assignment (arwi),200,OK,Thread Group 1-132,text,true,32298,9053
1386864997970,4394,POST: Upload file (edma),200,OK,Thread Group 1-71,text,true,8582,4287
1386864997799,4567,POST: Upload file (kagr),200,OK,Thread Group 1-68,text,true,8582,4319
1386864993159,9333,GET: View assignment (prha),200,OK,Thread Group 1-133,text,true,32307,9197
1386864993179,9429,GET: View assignment (rhro),200,OK,Thread Group 1-135,text,true,32313,9296
1386864993201,9409,GET: View assignment (dwdi),200,OK,Thread Group 1-137,text,true,32301,9272
1386864990512,12103,POST: Save submission (anba),200,OK,Thread Group 1-36,text,true,58064,11963
1386864990190,12507,GET: Show add submission form (jowa),200,OK,Thread Group 1-84,text,true,56833,12344
1386864990640,12063,POST: Save submission (tatr),200,OK,Thread Group 1-37,text,true,58064,11894
1386864990214,12489,GET: Show add submission form (erta),200,OK,Thread Group 1-87,text,true,56849,12320
1386864998289,4457,POST: Upload file (roca),200,OK,Thread Group 1-75,text,true,8582,4383
1386864998291,4508,POST: Upload file (olba),200,OK,Thread Group 1-76,text,true,8582,4422
1386864990511,12352,GET: Show add submission form (edhe),200,OK,Thread Group 1-83,text,true,56839,12222
1386864998469,4396,POST: Upload file (mamu),200,OK,Thread Group 1-69,text,true,8582,4300
1386864990511,12358,GET: Show add submission form (sost),200,OK,Thread Group 1-88,text,true,56844,12222
1386864990207,12667,GET: Show add submission form (patu),200,OK,Thread Group 1-85,text,true,56848,12526
1386864998422,4454,POST: Upload file (alfu),200,OK,Thread Group 1-73,text,true,8582,4318
1386864990515,12363,GET: Show add submission form (rosh),200,OK,Thread Group 1-86,text,true,56859,12219
1386864998560,4355,POST: Upload file (febo),200,OK,Thread Group 1-74,text,true,8582,4261
1386864998478,4517,POST: Upload file (viad),200,OK,Thread Group 1-70,text,true,8582,4382
1386864993633,9371,GET: View assignment (chpo),200,OK,Thread Group 1-134,text,true,32307,9215
1386864993754,9250,GET: View assignment (mani),200,OK,Thread Group 1-136,text,true,32313,9097
1386864990796,12209,GET: Show add submission form (chmo),200,OK,Thread Group 1-89,text,true,56864,12053
1386864998667,4372,POST: Upload file (roby),200,OK,Thread Group 1-65,text,true,8579,4235
1386864990795,12248,GET: Show add submission form (lome),200,OK,Thread Group 1-90,text,true,56854,12105
1386864998667,4444,POST: Upload file (cymc),200,OK,Thread Group 1-78,text,true,8582,4311
1386864998875,4463,POST: Upload file (begr),200,OK,Thread Group 1-77,text,true,8582,4369
1386864994030,9309,GET: View assignment (lesp),200,OK,Thread Group 1-138,text,true,32304,9194
1386864994056,9333,GET: View assignment (orli),200,OK,Thread Group 1-140,text,true,32295,9221
1386864994047,9344,GET: View assignment (alho),200,OK,Thread Group 1-139,text,true,32304,9230
1386864992056,12317,GET: Show add submission form (saha),200,OK,Thread Group 1-95,text,true,56854,12070
1386865000335,4040,POST: Upload file (risc),200,OK,Thread Group 1-79,text,true,8579,3888
1386865000417,3959,POST: Upload file (caco),200,OK,Thread Group 1-81,text,true,8582,3838
1386864992091,12286,GET: Show add submission form (clri),200,OK,Thread Group 1-94,text,true,56864,12034
1386864992049,12336,GET: Show add submission form (nosa),200,OK,Thread Group 1-92,text,true,56844,12076
1386864991880,12506,GET: Show add submission form (cagr),200,OK,Thread Group 1-91,text,true,56849,12244
1386864991870,12517,GET: Show add submission form (shsa),200,OK,Thread Group 1-93,text,true,56849,12255
1386864995110,9420,GET: View assignment (rabl),200,OK,Thread Group 1-143,text,true,32298,9294
1386864995163,9425,GET: View assignment (jogi),200,OK,Thread Group 1-142,text,true,32295,9297
1386864995167,9421,GET: View assignment (krba),200,OK,Thread Group 1-141,text,true,32310,9294
1386865000779,3863,POST: Upload file (cabo),200,OK,Thread Group 1-82,text,true,8582,3764
1386864992755,11951,POST: Save submission (kely),200,OK,Thread Group 1-44,text,true,58074,11881
1386864992705,12058,POST: Save submission (elcu),200,OK,Thread Group 1-40,text,true,58094,11931
1386864995244,9693,GET: View assignment (clpa),200,OK,Thread Group 1-144,text,true,32304,9568
1386864995264,9675,GET: View assignment (dafr),200,OK,Thread Group 1-150,text,true,32298,9550
1386864995256,9684,GET: View assignment (grga),200,OK,Thread Group 1-147,text,true,32295,9557
1386864995420,9602,GET: View assignment (kaca),200,OK,Thread Group 1-149,text,true,32295,9449
1386864995413,9612,GET: View assignment (anda),200,OK,Thread Group 1-146,text,true,32292,9457
1386864995461,9828,GET: View assignment (momo),200,OK,Thread Group 1-148,text,true,32313,9618
1386864995451,9848,GET: View assignment (hope),200,OK,Thread Group 1-145,text,true,32304,9628
1386864993059,12283,POST: Save submission (yvgr),200,OK,Thread Group 1-39,text,true,58079,12129
1386864993111,12288,POST: Save submission (mach),200,OK,Thread Group 1-38,text,true,58070,12161
1386864993110,12289,POST: Save submission (dego),200,OK,Thread Group 1-41,text,true,58089,12161
1386865001418,3981,POST: Upload file (caru),200,OK,Thread Group 1-80,text,true,8582,3849
1386864993177,12271,POST: Save submission (mica),200,OK,Thread Group 1-42,text,true,58094,12152
1386864993121,12431,GET: Show add submission form (rean),200,OK,Thread Group 1-96,text,true,56864,12317
1386864993700,12319,GET: Show add submission form (mepa),200,OK,Thread Group 1-97,text,true,56849,12164
1386864993811,12509,GET: Show add submission form (sawa),200,OK,Thread Group 1-98,text,true,56823,12304
1386865002709,3900,POST: Upload file (jowa),200,OK,Thread Group 1-84,text,true,8579,3811
1386865002718,4043,POST: Upload file (erta),200,OK,Thread Group 1-87,text,true,8582,3974
1386865002876,4117,POST: Upload file (edhe),200,OK,Thread Group 1-83,text,true,8582,3991
1386865002894,4186,POST: Upload file (sost),200,OK,Thread Group 1-88,text,true,8582,4018
1386864994451,12636,POST: Save submission (nahe),200,OK,Thread Group 1-43,text,true,58089,12450
1386864994438,12651,POST: Save submission (thte),200,OK,Thread Group 1-45,text,true,58074,12462
1386865002907,4329,POST: Upload file (rosh),200,OK,Thread Group 1-86,text,true,8582,4077
1386865003056,4310,POST: Upload file (lome),200,OK,Thread Group 1-90,text,true,8582,4006
1386865003018,4349,POST: Upload file (chmo),200,OK,Thread Group 1-89,text,true,8582,4132
1386864994711,12717,POST: Save submission (kava),200,OK,Thread Group 1-47,text,true,58084,12515
1386864994722,12706,POST: Save submission (ligi),200,OK,Thread Group 1-48,text,true,58069,12501
1386864994723,12711,POST: Save submission (dafo),200,OK,Thread Group 1-46,text,true,58079,12503
1386865002894,4678,POST: Upload file (patu),200,OK,Thread Group 1-85,text,true,8579,3969
1386864994805,12921,GET: Show add submission form (limu),200,OK,Thread Group 1-100,text,true,56844,12807
1386864995235,12537,POST: Save submission (agra),200,OK,Thread Group 1-49,text,true,58074,12426
1386864995277,12548,POST: Save submission (cada),200,OK,Thread Group 1-50,text,true,58074,12433
1386864994980,12944,GET: Show add submission form (lebr),200,OK,Thread Group 1-99,text,true,56839,12831
1386864995707,12340,POST: Save submission (jafl),200,OK,Thread Group 1-53,text,true,58079,12204
1386864995232,12921,GET: Show add submission form (brll),200,OK,Thread Group 1-101,text,true,56849,12805
1386864995645,12585,GET: Show add submission form (juha),200,OK,Thread Group 1-104,text,true,56823,12459
1386864995244,12987,GET: Show add submission form (vist),200,OK,Thread Group 1-102,text,true,56869,12843
1386864995547,12686,GET: Show add submission form (lodo),200,OK,Thread Group 1-103,text,true,56849,12557
1386865004387,3921,POST: Upload file (saha),200,OK,Thread Group 1-95,text,true,8582,3836
1386865004417,3894,POST: Upload file (shsa),200,OK,Thread Group 1-93,text,true,8582,3810
1386865004406,3906,POST: Upload file (clri),200,OK,Thread Group 1-94,text,true,8582,3802
1386865004415,3943,POST: Upload file (nosa),200,OK,Thread Group 1-92,text,true,8582,3840
1386865004415,3985,POST: Upload file (cagr),200,OK,Thread Group 1-91,text,true,8582,3916
1386864996229,12601,GET: Show add submission form (tamo),200,OK,Thread Group 1-105,text,true,56839,12468
1386864997043,12021,POST: Save submission (frma),200,OK,Thread Group 1-52,text,true,58094,11878
1386864997099,12067,POST: Save submission (llfl),200,OK,Thread Group 1-54,text,true,58069,11947
1386865005559,3675,POST: Upload file (rean),200,OK,Thread Group 1-96,text,true,8582,3612
1386864997200,12286,GET: Show add submission form (fldi),200,OK,Thread Group 1-106,text,true,56849,12172
1386864997218,12321,GET: Show add submission form (dere),200,OK,Thread Group 1-108,text,true,56844,12204
1386864997208,12335,GET: Show add submission form (brgr),200,OK,Thread Group 1-107,text,true,56844,12214
1386864997486,12267,GET: Show add submission form (roto),200,OK,Thread Group 1-109,text,true,56854,11987
1386864997744,12104,GET: Show add submission form (mawe),200,OK,Thread Group 1-112,text,true,56839,12046
1386865006325,3669,POST: Upload file (sawa),200,OK,Thread Group 1-98,text,true,8579,3579
1386865006026,4037,POST: Upload file (mepa),200,OK,Thread Group 1-97,text,true,8582,3925
1386864997955,12207,GET: Show add submission form (loch),200,OK,Thread Group 1-110,text,true,56849,12089
1386864998468,11934,POST: Save submission (albe),200,OK,Thread Group 1-51,text,true,58074,11801
1386864997983,12418,GET: Show add submission form (crbi),200,OK,Thread Group 1-111,text,true,56853,12286
1386864998368,12090,POST: Save submission (deke),200,OK,Thread Group 1-56,text,true,58079,11961
1386864998514,11949,POST: Save submission (rawa),200,OK,Thread Group 1-55,text,true,58069,11811
1386864998414,12051,POST: Save submission (defi),200,OK,Thread Group 1-58,text,true,58074,11913
1386864998362,12106,POST: Save submission (clad),200,OK,Thread Group 1-57,text,true,58079,11965
1386864998033,12722,GET: Show add submission form (frmu),200,OK,Thread Group 1-113,text,true,56849,12412
1386865007731,3354,POST: Upload file (limu),200,OK,Thread Group 1-100,text,true,8582,3233
1386864999359,11870,GET: Show add submission form (debu),200,OK,Thread Group 1-116,text,true,56849,11717
1386865007931,3405,POST: Upload file (lebr),200,OK,Thread Group 1-99,text,true,8582,3307
1386864999435,11963,GET: Show add submission form (rowo),200,OK,Thread Group 1-119,text,true,56849,11834
1386864999425,11975,GET: Show add submission form (memo),200,OK,Thread Group 1-114,text,true,56844,11845
1386864999441,12015,GET: Show add submission form (pada),200,OK,Thread Group 1-118,text,true,56859,11945
1386864999884,11633,POST: Save submission (masi),200,OK,Thread Group 1-62,text,true,58074,11501
1386864999613,12112,GET: Show add submission form (dico),200,OK,Thread Group 1-117,text,true,56839,12010
1386865008159,3621,POST: Upload file (brll),200,OK,Thread Group 1-101,text,true,8582,3466
1386865008238,3549,POST: Upload file (juha),200,OK,Thread Group 1-104,text,true,8579,3404
1386865008243,3594,POST: Upload file (vist),200,OK,Thread Group 1-102,text,true,8582,3477
1386864999800,12105,GET: Show add submission form (visu),200,OK,Thread Group 1-115,text,true,56864,11971
1386865008254,3660,POST: Upload file (lodo),200,OK,Thread Group 1-103,text,true,8582,3568
1386864999785,12131,GET: Show add submission form (edco),200,OK,Thread Group 1-121,text,true,56833,11990
1386865000324,11594,POST: Save submission (boma),200,OK,Thread Group 1-59,text,true,58089,11449
1386864999823,12095,GET: Show add submission form (esda),200,OK,Thread Group 1-124,text,true,56849,11950
1386864999785,12134,GET: Show add submission form (sebr),200,OK,Thread Group 1-123,text,true,56834,11988
1386864999805,12115,GET: Show add submission form (shca),200,OK,Thread Group 1-122,text,true,56869,11965
1386864999784,12163,GET: Show add submission form (nepr),200,OK,Thread Group 1-120,text,true,56832,12044
1386865000513,11723,GET: Show add submission form (kapa),200,OK,Thread Group 1-125,text,true,56853,11609
1386865000460,11876,GET: Show add submission form (raban),200,OK,Thread Group 1-126,text,true,56854,11710
1386865000509,11827,GET: Show add submission form (mawa),200,OK,Thread Group 1-128,text,true,56824,11662
1386865000609,11730,GET: Show add submission form (cogr),200,OK,Thread Group 1-129,text,true,56859,11562
1386865000509,11835,GET: Show add submission form (lone),200,OK,Thread Group 1-127,text,true,56839,11664
1386865001642,11201,GET: Show add submission form (wimi),200,OK,Thread Group 1-131,text,true,56839,10934
1386865001755,11249,POST: Save submission (mywa),200,OK,Thread Group 1-61,text,true,58084,10819
1386865001697,11321,POST: Save submission (cesc),200,OK,Thread Group 1-67,text,true,58074,10875
1386865008835,4185,POST: Upload file (tamo),200,OK,Thread Group 1-105,text,true,8582,3554
1386865001345,11676,POST: Save submission (emgu),200,OK,Thread Group 1-63,text,true,58084,11028
1386865001808,11223,POST: Save submission (viro),200,OK,Thread Group 1-72,text,true,58085,10770
1386865009555,3480,POST: Upload file (brgr),200,OK,Thread Group 1-107,text,true,8582,3084
1386865001464,11574,POST: Save submission (mefi),200,OK,Thread Group 1-60,text,true,58104,10957
1386865001408,11630,POST: Save submission (maca),200,OK,Thread Group 1-66,text,true,58070,10965
1386865009549,3525,POST: Upload file (dere),200,OK,Thread Group 1-108,text,true,8582,3343
1386865009497,3578,POST: Upload file (fldi),200,OK,Thread Group 1-106,text,true,8582,3449
1386865009761,3440,POST: Upload file (roto),200,OK,Thread Group 1-109,text,true,8582,3301
1386865009854,3348,POST: Upload file (mawe),200,OK,Thread Group 1-112,text,true,8582,3155
1386865002370,10910,POST: Save submission (edma),200,OK,Thread Group 1-71,text,true,58069,10696
1386865002371,10915,POST: Save submission (kagr),200,OK,Thread Group 1-68,text,true,58069,10697
1386865010175,3158,POST: Upload file (loch),200,OK,Thread Group 1-110,text,true,8582,3071
1386865001194,12139,POST: Save submission (mefig),200,OK,Thread Group 1-64,text,true,58094,11030
1386865002195,11181,GET: Show add submission form (befe),200,OK,Thread Group 1-130,text,true,56864,11073
1386865002286,11092,GET: Show add submission form (arwi),200,OK,Thread Group 1-132,text,true,56839,10982
1386865002807,10628,POST: Save submission (olba),200,OK,Thread Group 1-76,text,true,58069,10507
1386865002751,10687,POST: Save submission (roca),200,OK,Thread Group 1-75,text,true,58089,10566
1386865002923,10559,POST: Save submission (febo),200,OK,Thread Group 1-74,text,true,58074,10494
1386865002888,10667,POST: Save submission (mamu),200,OK,Thread Group 1-69,text,true,58089,10529
1386865002904,10654,POST: Save submission (alfu),200,OK,Thread Group 1-73,text,true,58074,10513
1386865002500,11058,GET: Show add submission form (prha),200,OK,Thread Group 1-133,text,true,56854,10917
1386865003006,11055,POST: Save submission (viad),200,OK,Thread Group 1-70,text,true,58074,10935
1386865010417,3646,POST: Upload file (crbi),200,OK,Thread Group 1-111,text,true,8579,3521
1386865003045,11056,POST: Save submission (roby),200,OK,Thread Group 1-65,text,true,58055,10949
1386865002622,11482,GET: Show add submission form (dwdi),200,OK,Thread Group 1-137,text,true,56844,11372
1386865002615,11499,GET: Show add submission form (rhro),200,OK,Thread Group 1-135,text,true,56864,11379
1386865003120,11029,POST: Save submission (cymc),200,OK,Thread Group 1-78,text,true,58094,10925
1386865003344,11170,POST: Save submission (begr),200,OK,Thread Group 1-77,text,true,58089,11048
1386865003017,11619,GET: Show add submission form (mani),200,OK,Thread Group 1-136,text,true,56864,11426
1386865010766,3945,POST: Upload file (frmu),200,OK,Thread Group 1-113,text,true,8582,3744
1386865003017,11699,GET: Show add submission form (chpo),200,OK,Thread Group 1-134,text,true,56854,11484
1386865011234,3583,POST: Upload file (debu),200,OK,Thread Group 1-116,text,true,8582,3500
1386865003395,11426,GET: Show add submission form (orli),200,OK,Thread Group 1-140,text,true,56834,11308
1386865003400,11428,GET: Show add submission form (alho),200,OK,Thread Group 1-139,text,true,56849,11303
1386865003347,11486,GET: Show add submission form (lesp),200,OK,Thread Group 1-138,text,true,56843,11356
1386865011464,3400,POST: Upload file (pada),200,OK,Thread Group 1-118,text,true,8582,3325
1386865011403,3513,POST: Upload file (rowo),200,OK,Thread Group 1-119,text,true,8582,3427
1386865011410,3556,POST: Upload file (memo),200,OK,Thread Group 1-114,text,true,8582,3478
1386865004386,10627,POST: Save submission (risc),200,OK,Thread Group 1-79,text,true,58080,10567
1386865004398,10667,POST: Save submission (caco),200,OK,Thread Group 1-81,text,true,58089,10555
1386865004647,10469,POST: Save submission (cabo),200,OK,Thread Group 1-82,text,true,58069,10405
1386865011939,3490,POST: Upload file (edco),200,OK,Thread Group 1-121,text,true,8579,3345
1386865011732,3703,POST: Upload file (dico),200,OK,Thread Group 1-117,text,true,8582,3552
1386865011947,3523,POST: Upload file (sebr),200,OK,Thread Group 1-123,text,true,8582,3408
1386865011961,3511,POST: Upload file (nepr),200,OK,Thread Group 1-120,text,true,8576,3326
1386865011947,3533,POST: Upload file (esda),200,OK,Thread Group 1-124,text,true,8582,3456
1386865011919,3735,POST: Upload file (visu),200,OK,Thread Group 1-115,text,true,8582,3543
1386865012243,3410,POST: Upload file (kapa),200,OK,Thread Group 1-125,text,true,8579,3255
1386865011948,3710,POST: Upload file (shca),200,OK,Thread Group 1-122,text,true,8582,3501
1386865012352,3308,POST: Upload file (raban),200,OK,Thread Group 1-126,text,true,8582,3175
1386865012347,3348,POST: Upload file (mawa),200,OK,Thread Group 1-128,text,true,8582,3265
1386865012361,3408,POST: Upload file (lone),200,OK,Thread Group 1-127,text,true,8582,3284
1386865004535,11238,GET: Show add submission form (rabl),200,OK,Thread Group 1-143,text,true,56839,11107
1386865004595,11178,GET: Show add submission form (jogi),200,OK,Thread Group 1-142,text,true,56828,11045
1386865004595,11189,GET: Show add submission form (krba),200,OK,Thread Group 1-141,text,true,56859,11045
1386865004940,10847,GET: Show add submission form (clpa),200,OK,Thread Group 1-144,text,true,56849,10700
1386865012372,3448,POST: Upload file (cogr),200,OK,Thread Group 1-129,text,true,8582,3335
1386865004945,10879,GET: Show add submission form (dafr),200,OK,Thread Group 1-150,text,true,56839,10742
1386865005414,10793,POST: Save submission (caru),200,OK,Thread Group 1-80,text,true,58089,10590
1386865012852,3420,POST: Upload file (wimi),200,OK,Thread Group 1-131,text,true,8582,3156
1386865005028,11416,GET: Show add submission form (kaca),200,OK,Thread Group 1-149,text,true,56834,11236
1386865005038,11410,GET: Show add submission form (anda),200,OK,Thread Group 1-146,text,true,56829,11226
1386865013382,3120,POST: Upload file (befe),200,OK,Thread Group 1-130,text,true,8582,2988
1386865005296,11219,GET: Show add submission form (momo),200,OK,Thread Group 1-148,text,true,56864,11056
1386865005307,11208,GET: Show add submission form (hope),200,OK,Thread Group 1-145,text,true,56849,11045
1386865013386,3134,POST: Upload file (arwi),200,OK,Thread Group 1-132,text,true,8582,3016
1386865004945,11577,GET: Show add submission form (grga),200,OK,Thread Group 1-147,text,true,56834,10743
1386865013568,3020,POST: Upload file (prha),200,OK,Thread Group 1-133,text,true,8582,2909
1386865006772,9820,POST: Save submission (erta),200,OK,Thread Group 1-87,text,true,58079,9661
1386865006618,9976,POST: Save submission (jowa),200,OK,Thread Group 1-84,text,true,58060,9812
1386865014122,2549,POST: Upload file (dwdi),200,OK,Thread Group 1-137,text,true,8582,2420
1386865014126,2548,POST: Upload file (rhro),200,OK,Thread Group 1-135,text,true,8582,2365
1386865007090,9589,POST: Save submission (sost),200,OK,Thread Group 1-88,text,true,58074,9399
1386865007000,9680,POST: Save submission (edhe),200,OK,Thread Group 1-83,text,true,58069,9491
1386865007242,9477,POST: Save submission (rosh),200,OK,Thread Group 1-86,text,true,58089,9335
1386865014644,2122,POST: Upload file (mani),200,OK,Thread Group 1-136,text,true,8582,2018
1386865007370,9401,POST: Save submission (lome),200,OK,Thread Group 1-90,text,true,58084,9289
1386865007373,9400,POST: Save submission (chmo),200,OK,Thread Group 1-89,text,true,58094,9283
1386865007577,9237,POST: Save submission (patu),200,OK,Thread Group 1-85,text,true,58075,9129
1386865014725,2358,POST: Upload file (chpo),200,OK,Thread Group 1-134,text,true,8582,2305
1386865014839,2413,POST: Upload file (orli),200,OK,Thread Group 1-140,text,true,8582,2306
1386865014858,2445,POST: Upload file (lesp),200,OK,Thread Group 1-138,text,true,8579,2333
1386865014840,2561,POST: Upload file (alho),200,OK,Thread Group 1-139,text,true,8582,2494
1386865008326,9125,POST: Save submission (clri),200,OK,Thread Group 1-94,text,true,58094,9014
1386865008369,9149,POST: Save submission (nosa),200,OK,Thread Group 1-92,text,true,58074,9021
1386865008320,9199,POST: Save submission (saha),200,OK,Thread Group 1-95,text,true,58084,9072
1386865008327,9197,POST: Save submission (shsa),200,OK,Thread Group 1-93,text,true,58079,9066
1386865008407,9251,POST: Save submission (cagr),200,OK,Thread Group 1-91,text,true,58079,9033
1386865009241,8804,POST: Save submission (rean),200,OK,Thread Group 1-96,text,true,58094,8735
1386865015792,2302,POST: Upload file (rabl),200,OK,Thread Group 1-143,text,true,8582,2241
1386865015803,2341,POST: Upload file (krba),200,OK,Thread Group 1-141,text,true,8582,2254
1386865015792,2356,POST: Upload file (jogi),200,OK,Thread Group 1-142,text,true,8579,2246
1386865015804,2349,POST: Upload file (clpa),200,OK,Thread Group 1-144,text,true,8582,2244
1386865015837,2318,POST: Upload file (dafr),200,OK,Thread Group 1-150,text,true,8582,2238
1386865010000,8345,POST: Save submission (sawa),200,OK,Thread Group 1-98,text,true,58050,8235
1386865010068,8332,POST: Save submission (mepa),200,OK,Thread Group 1-97,text,true,58079,8217
1386865016449,2019,POST: Upload file (kaca),200,OK,Thread Group 1-149,text,true,8582,1951
1386865016459,2058,POST: Upload file (anda),200,OK,Thread Group 1-146,text,true,8582,1958
1386865016535,1984,POST: Upload file (hope),200,OK,Thread Group 1-145,text,true,8582,1884
1386865016535,2027,POST: Upload file (grga),200,OK,Thread Group 1-147,text,true,8582,1916
1386865016536,2078,POST: Upload file (momo),200,OK,Thread Group 1-148,text,true,8582,1980
1386865011090,7575,POST: Save submission (limu),200,OK,Thread Group 1-100,text,true,58074,7513
1386865011346,7449,POST: Save submission (lebr),200,OK,Thread Group 1-99,text,true,58069,7382
1386865011791,7261,POST: Save submission (brll),200,OK,Thread Group 1-101,text,true,58079,7121
1386865011938,7207,POST: Save submission (lodo),200,OK,Thread Group 1-103,text,true,58079,7025
1386865011798,7347,POST: Save submission (juha),200,OK,Thread Group 1-104,text,true,58050,7164
1386865011843,7306,POST: Save submission (vist),200,OK,Thread Group 1-102,text,true,58099,7119
1386865013045,6409,POST: Save submission (tamo),200,OK,Thread Group 1-105,text,true,58069,6293
1386865013080,6420,POST: Save submission (dere),200,OK,Thread Group 1-108,text,true,58074,6308
1386865013081,6423,POST: Save submission (fldi),200,OK,Thread Group 1-106,text,true,58079,6307
1386865013209,6295,POST: Save submission (roto),200,OK,Thread Group 1-109,text,true,58084,6182
1386865013058,6452,POST: Save submission (brgr),200,OK,Thread Group 1-107,text,true,58074,6333
1386865013209,6341,POST: Save submission (mawe),200,OK,Thread Group 1-112,text,true,58069,6230
1386865013343,6207,POST: Save submission (loch),200,OK,Thread Group 1-110,text,true,58079,6096
1386865014078,5521,POST: Save submission (crbi),200,OK,Thread Group 1-111,text,true,58080,5410
1386865014718,4980,POST: Save submission (frmu),200,OK,Thread Group 1-113,text,true,58079,4920
1386865014876,4981,POST: Save submission (pada),200,OK,Thread Group 1-118,text,true,58089,4863
1386865014828,5029,POST: Save submission (debu),200,OK,Thread Group 1-116,text,true,58079,4911
1386865014925,4984,POST: Save submission (rowo),200,OK,Thread Group 1-119,text,true,58079,4864
1386865014972,4989,POST: Save submission (memo),200,OK,Thread Group 1-114,text,true,58074,4867
1386865015443,4685,POST: Save submission (edco),200,OK,Thread Group 1-121,text,true,58060,4555
1386865015445,4688,POST: Save submission (dico),200,OK,Thread Group 1-117,text,true,58069,4556
1386865015483,4658,POST: Save submission (nepr),200,OK,Thread Group 1-120,text,true,58056,4515
1386865015478,4666,POST: Save submission (sebr),200,OK,Thread Group 1-123,text,true,58064,4523
1386865015493,4655,POST: Save submission (esda),200,OK,Thread Group 1-124,text,true,58079,4509
1386865015671,4504,POST: Save submission (shca),200,OK,Thread Group 1-122,text,true,58099,4396
1386865015663,4513,POST: Save submission (kapa),200,OK,Thread Group 1-125,text,true,58080,4402
1386865015700,4534,POST: Save submission (mawa),200,OK,Thread Group 1-128,text,true,58054,4418
1386865015672,4562,POST: Save submission (raban),200,OK,Thread Group 1-126,text,true,58084,4446
1386865015663,4574,POST: Save submission (visu),200,OK,Thread Group 1-115,text,true,58094,4456
1386865015782,4456,POST: Save submission (lone),200,OK,Thread Group 1-127,text,true,58069,4333
1386865015827,4413,POST: Save submission (cogr),200,OK,Thread Group 1-129,text,true,58089,4288
1386865016278,4115,POST: Save submission (wimi),200,OK,Thread Group 1-131,text,true,58069,3987
1386865016535,3922,POST: Save submission (arwi),200,OK,Thread Group 1-132,text,true,58069,3780
1386865016595,3917,POST: Save submission (prha),200,OK,Thread Group 1-133,text,true,58084,3790
1386865016686,3829,POST: Save submission (rhro),200,OK,Thread Group 1-135,text,true,58094,3698
1386865016519,4000,POST: Save submission (befe),200,OK,Thread Group 1-130,text,true,58094,3864
1386865016770,3752,POST: Save submission (mani),200,OK,Thread Group 1-136,text,true,58094,3613
1386865016681,3841,POST: Save submission (dwdi),200,OK,Thread Group 1-137,text,true,58074,3702
1386865017088,3487,POST: Save submission (chpo),200,OK,Thread Group 1-134,text,true,58084,3359
1386865018150,2432,POST: Save submission (krba),200,OK,Thread Group 1-141,text,true,58089,2298
1386865017407,3178,POST: Save submission (alho),200,OK,Thread Group 1-139,text,true,58079,3041
1386865017259,3328,POST: Save submission (orli),200,OK,Thread Group 1-140,text,true,58064,3182
1386865017312,3281,POST: Save submission (lesp),200,OK,Thread Group 1-138,text,true,58070,3129
1386865018099,2494,POST: Save submission (rabl),200,OK,Thread Group 1-143,text,true,58069,2350
1386865018159,2435,POST: Save submission (jogi),200,OK,Thread Group 1-142,text,true,58055,2288
1386865018167,2429,POST: Save submission (dafr),200,OK,Thread Group 1-150,text,true,58069,2277
1386865018166,2431,POST: Save submission (clpa),200,OK,Thread Group 1-144,text,true,58079,2281
1386865018480,2145,POST: Save submission (kaca),200,OK,Thread Group 1-149,text,true,58064,2019
1386865018525,2104,POST: Save submission (anda),200,OK,Thread Group 1-146,text,true,58059,1977
1386865018569,2061,POST: Save submission (grga),200,OK,Thread Group 1-147,text,true,58064,1934
1386865018530,2100,POST: Save submission (hope),200,OK,Thread Group 1-145,text,true,58079,1970
1386865018619,2014,POST: Save submission (momo),200,OK,Thread Group 1-148,text,true,58094,1880
