1386863392886,313,GET: Login (tyll),200,OK,Thread Group 1-2,text,true,11533,278
1386863392885,364,GET: Login (huba),200,OK,Thread Group 1-1,text,true,11533,279
1386863393190,181,GET: Login (sojo),200,OK,Thread Group 1-3,text,true,11533,129
1386863393498,150,GET: Login (raba),200,OK,Thread Group 1-4,text,true,11533,69
1386863393793,210,GET: Login (cach),200,OK,Thread Group 1-5,text,true,11533,146
1386863394096,207,GET: Login (guwa),200,OK,Thread Group 1-6,text,true,11533,137
1386863394401,212,GET: Login (nilu),200,OK,Thread Group 1-7,text,true,11533,141
1386863394711,208,GET: Login (calo),200,OK,Thread Group 1-8,text,true,11533,145
1386863395012,182,GET: Login (trca),200,OK,Thread Group 1-9,text,true,11533,119
1386863395314,182,GET: Login (gemo),200,OK,Thread Group 1-10,text,true,11533,121
1386863395611,248,GET: Login (wewe),200,OK,Thread Group 1-11,text,true,11533,168
1386863395928,220,GET: Login (sest),200,OK,Thread Group 1-12,text,true,11533,136
1386863396218,182,GET: Login (juga),200,OK,Thread Group 1-13,text,true,11533,112
1386863396526,225,GET: Login (raha),200,OK,Thread Group 1-14,text,true,11533,159
1386863396834,309,GET: Login (daha),200,OK,Thread Group 1-15,text,true,11533,172
1386863397137,292,GET: Login (shbe),200,OK,Thread Group 1-16,text,true,11533,175
1386863397431,271,GET: Login (amgr),200,OK,Thread Group 1-17,text,true,11533,175
1386863397734,236,GET: Login (maga),200,OK,Thread Group 1-18,text,true,11533,140
1386863398043,311,GET: Login (cenu),200,OK,Thread Group 1-19,text,true,11533,200
1386863398341,225,GET: Login (caph),200,OK,Thread Group 1-20,text,true,11533,161
1386863398650,279,GET: Login (joch),200,OK,Thread Group 1-21,text,true,11533,164
1386863398959,398,GET: Login (jade),200,OK,Thread Group 1-22,text,true,11533,241
1386863399250,344,GET: Login (bola),200,OK,Thread Group 1-23,text,true,11533,233
1386863397711,1966,POST: Login (amgr),200,OK,Thread Group 1-17,text,true,319600,857
1386863396418,3309,POST: Login (juga),200,OK,Thread Group 1-13,text,true,319596,852
1386863395505,4236,POST: Login (gemo),200,OK,Thread Group 1-10,text,true,319604,848
1386863396156,3601,POST: Login (sest),200,OK,Thread Group 1-12,text,true,319598,745
1386863394628,5125,POST: Login (nilu),200,OK,Thread Group 1-7,text,true,319592,918
1386863397151,2610,POST: Login (daha),200,OK,Thread Group 1-15,text,true,319596,879
1386863395866,3913,POST: Login (wewe),200,OK,Thread Group 1-11,text,true,319596,784
1386863394312,5471,POST: Login (guwa),200,OK,Thread Group 1-6,text,true,319604,665
1386863396762,3023,POST: Login (raha),200,OK,Thread Group 1-14,text,true,319606,892
1386863397438,2347,POST: Login (shbe),200,OK,Thread Group 1-16,text,true,319596,978
1386863395208,4585,POST: Login (trca),200,OK,Thread Group 1-9,text,true,319592,816
1386863394928,4893,POST: Login (calo),200,OK,Thread Group 1-8,text,true,319594,819
1386863393376,6502,POST: Login (sojo),200,OK,Thread Group 1-3,text,true,319604,724
1386863394012,5870,POST: Login (cach),200,OK,Thread Group 1-5,text,true,319600,651
1386863393255,6624,POST: Login (huba),200,OK,Thread Group 1-1,text,true,319598,747
1386863393656,6222,POST: Login (raba),200,OK,Thread Group 1-4,text,true,319600,703
1386863399561,392,GET: Login (glbl),200,OK,Thread Group 1-24,text,true,11533,318
1386863393227,6785,POST: Login (tyll),200,OK,Thread Group 1-2,text,true,319596,725
1386863397978,2087,POST: Login (maga),200,OK,Thread Group 1-18,text,true,319602,841
1386863399906,438,GET: Login (masm),200,OK,Thread Group 1-25,text,true,11533,307
1386863399740,869,GET: View assignment (juga),200,OK,Thread Group 1-13,text,true,32296,750
1386863400157,506,GET: Login (jufe),200,OK,Thread Group 1-26,text,true,11533,391
1386863399693,973,GET: View assignment (amgr),200,OK,Thread Group 1-17,text,true,32302,850
1386863399887,842,GET: View assignment (gemo),200,OK,Thread Group 1-10,text,true,32308,711
1386863399886,849,GET: View assignment (nilu),200,OK,Thread Group 1-7,text,true,32288,714
1386863399884,903,GET: View assignment (sest),200,OK,Thread Group 1-12,text,true,32299,775
1386863399927,862,GET: View assignment (daha),200,OK,Thread Group 1-15,text,true,32296,732
1386863398361,2511,POST: Login (cenu),200,OK,Thread Group 1-19,text,true,319600,1063
1386863400462,479,GET: Login (jehu),200,OK,Thread Group 1-27,text,true,11533,402
1386863399967,1026,GET: View assignment (guwa),200,OK,Thread Group 1-6,text,true,32306,918
1386863399968,1037,GET: View assignment (raha),200,OK,Thread Group 1-14,text,true,32311,918
1386863399988,1018,GET: View assignment (shbe),200,OK,Thread Group 1-16,text,true,32296,898
1386863399954,1094,GET: View assignment (wewe),200,OK,Thread Group 1-11,text,true,32296,982
1386863400111,982,GET: View assignment (tyll),200,OK,Thread Group 1-2,text,true,32294,877
1386863400045,1050,GET: View assignment (huba),200,OK,Thread Group 1-1,text,true,32297,939
1386863400015,1080,GET: View assignment (sojo),200,OK,Thread Group 1-3,text,true,32306,969
1386863400054,1111,GET: View assignment (raba),200,OK,Thread Group 1-4,text,true,32300,980
1386863400044,1123,GET: View assignment (cach),200,OK,Thread Group 1-5,text,true,32300,990
1386863400004,1167,GET: View assignment (calo),200,OK,Thread Group 1-8,text,true,32291,1030
1386863400002,1171,GET: View assignment (trca),200,OK,Thread Group 1-9,text,true,32290,1033
1386863400770,464,GET: Login (mawh),200,OK,Thread Group 1-28,text,true,11533,371
1386863400134,1107,GET: View assignment (maga),200,OK,Thread Group 1-18,text,true,32305,949
1386863398575,3021,POST: Login (caph),200,OK,Thread Group 1-20,text,true,319600,1128
1386863401066,705,GET: Login (irmo),200,OK,Thread Group 1-29,text,true,11533,631
1386863401372,510,GET: Login (gopa),200,OK,Thread Group 1-30,text,true,11533,438
1386863401671,658,GET: Login (maco),200,OK,Thread Group 1-31,text,true,11533,353
1386863400933,1409,GET: View assignment (cenu),200,OK,Thread Group 1-19,text,true,32302,1122
1386863400621,1731,GET: Show add submission form (juga),200,OK,Thread Group 1-13,text,true,56839,1553
1386863400788,1568,GET: Show add submission form (nilu),200,OK,Thread Group 1-7,text,true,56829,1383
1386863400871,1489,GET: Show add submission form (sest),200,OK,Thread Group 1-12,text,true,56844,1301
1386863400764,1598,GET: Show add submission form (gemo),200,OK,Thread Group 1-10,text,true,56853,1406
1386863400715,1667,GET: Show add submission form (amgr),200,OK,Thread Group 1-17,text,true,56849,1537
1386863401608,844,GET: View assignment (caph),200,OK,Thread Group 1-20,text,true,32302,704
1386863400880,1581,GET: Show add submission form (daha),200,OK,Thread Group 1-15,text,true,56839,1433
1386863401973,516,GET: Login (alto),200,OK,Thread Group 1-32,text,true,11533,441
1386863401019,1480,GET: Show add submission form (guwa),200,OK,Thread Group 1-6,text,true,56859,1356
1386863402276,313,GET: Login (evpa),200,OK,Thread Group 1-33,text,true,11533,226
1386863401188,1754,GET: Show add submission form (raba),200,OK,Thread Group 1-4,text,true,56849,1644
1386863401209,1737,GET: Show add submission form (calo),200,OK,Thread Group 1-8,text,true,56834,1621
1386863401039,1911,GET: Show add submission form (shbe),200,OK,Thread Group 1-16,text,true,56839,1792
1386863401063,1892,GET: Show add submission form (wewe),200,OK,Thread Group 1-11,text,true,56839,1766
1386863401134,1823,GET: Show add submission form (sojo),200,OK,Thread Group 1-3,text,true,56859,1699
1386863398973,3986,POST: Login (joch),200,OK,Thread Group 1-21,text,true,319606,1322
1386863401196,1801,GET: Show add submission form (cach),200,OK,Thread Group 1-5,text,true,56849,1686
1386863401033,1965,GET: Show add submission form (raha),200,OK,Thread Group 1-14,text,true,56864,1846
1386863401125,1921,GET: Show add submission form (tyll),200,OK,Thread Group 1-2,text,true,56839,1805
1386863399369,3792,POST: Login (jade),200,OK,Thread Group 1-22,text,true,319590,1358
1386863399605,3563,POST: Login (bola),200,OK,Thread Group 1-23,text,true,319600,1168
1386863400357,2893,POST: Login (masm),200,OK,Thread Group 1-25,text,true,319602,1175
1386863400086,3164,POST: Login (glbl),200,OK,Thread Group 1-24,text,true,319596,961
1386863401133,2477,GET: Show add submission form (huba),200,OK,Thread Group 1-1,text,true,56844,2107
1386863402593,1053,GET: Login (flco),200,OK,Thread Group 1-34,text,true,11533,940
1386863402619,1036,POST: Upload file (daha),200,OK,Thread Group 1-15,text,true,8582,952
1386863402465,1193,POST: Upload file (gemo),200,OK,Thread Group 1-10,text,true,8579,1087
1386863402876,786,GET: Login (cogl),200,OK,Thread Group 1-35,text,true,11533,710
1386863402454,1208,POST: Upload file (sest),200,OK,Thread Group 1-12,text,true,8582,1068
1386863402544,1121,POST: Upload file (amgr),200,OK,Thread Group 1-17,text,true,8582,1027
1386863402401,1268,POST: Upload file (juga),200,OK,Thread Group 1-13,text,true,8582,1140
1386863402406,1263,POST: Upload file (nilu),200,OK,Thread Group 1-7,text,true,8582,1121
1386863402690,982,POST: Upload file (guwa),200,OK,Thread Group 1-6,text,true,8582,887
1386863401210,2496,GET: Show add submission form (trca),200,OK,Thread Group 1-9,text,true,56829,2391
1386863401282,2438,GET: Show add submission form (maga),200,OK,Thread Group 1-18,text,true,56830,2317
1386863402969,1792,POST: Upload file (shbe),200,OK,Thread Group 1-16,text,true,8582,1677
1386863403055,1707,POST: Upload file (tyll),200,OK,Thread Group 1-2,text,true,8582,1595
1386863403020,1743,POST: Upload file (cach),200,OK,Thread Group 1-5,text,true,8582,1620
1386863402969,1794,POST: Upload file (calo),200,OK,Thread Group 1-8,text,true,8582,1686
1386863402961,1805,POST: Upload file (raba),200,OK,Thread Group 1-4,text,true,8582,1697
1386863403001,1815,POST: Upload file (wewe),200,OK,Thread Group 1-11,text,true,8582,1710
1386863403177,1709,GET: Login (anba),200,OK,Thread Group 1-36,text,true,11533,1581
1386863403020,1870,POST: Upload file (raha),200,OK,Thread Group 1-14,text,true,8582,1736
1386863403481,1518,GET: Login (tatr),200,OK,Thread Group 1-37,text,true,11533,1448
1386863402978,2088,POST: Upload file (sojo),200,OK,Thread Group 1-3,text,true,8582,1961
1386863403785,1397,GET: Login (mach),200,OK,Thread Group 1-38,text,true,11533,1294
1386863404386,864,GET: Login (elcu),200,OK,Thread Group 1-40,text,true,11533,772
1386863404084,1168,GET: Login (yvgr),200,OK,Thread Group 1-39,text,true,11533,1076
1386863403625,1692,POST: Upload file (huba),200,OK,Thread Group 1-1,text,true,8582,1599
1386863402985,2410,GET: View assignment (joch),200,OK,Thread Group 1-21,text,true,32311,2259
1386863403720,1758,POST: Upload file (trca),200,OK,Thread Group 1-9,text,true,8582,1624
1386863403729,1752,POST: Upload file (maga),200,OK,Thread Group 1-18,text,true,8570,1588
1386863404682,874,GET: Login (dego),200,OK,Thread Group 1-41,text,true,11533,803
1386863402395,3393,GET: Show add submission form (cenu),200,OK,Thread Group 1-19,text,true,56849,3268
1386863404985,974,GET: Login (mica),200,OK,Thread Group 1-42,text,true,11533,858
1386863403175,2944,GET: View assignment (jade),200,OK,Thread Group 1-22,text,true,32287,2829
1386863403189,2929,GET: View assignment (bola),200,OK,Thread Group 1-23,text,true,32302,2817
1386863403258,2916,GET: View assignment (masm),200,OK,Thread Group 1-25,text,true,32305,2798
1386863403258,2926,GET: View assignment (glbl),200,OK,Thread Group 1-24,text,true,32296,2798
1386863405284,988,GET: Login (nahe),200,OK,Thread Group 1-43,text,true,11533,903
1386863402614,3711,GET: Show add submission form (caph),200,OK,Thread Group 1-20,text,true,56849,3601
1386863405586,972,GET: Login (kely),200,OK,Thread Group 1-44,text,true,11533,904
1386863400674,6193,POST: Login (jufe),200,OK,Thread Group 1-26,text,true,319600,1267
1386863405886,1018,GET: Login (thte),200,OK,Thread Group 1-45,text,true,11533,911
1386863405803,1261,POST: Upload file (cenu),200,OK,Thread Group 1-19,text,true,8582,1185
1386863403692,3529,POST: Save submission (amgr),200,OK,Thread Group 1-17,text,true,58079,3416
1386863406186,1084,GET: Login (dafo),200,OK,Thread Group 1-46,text,true,11533,977
1386863403690,3584,POST: Save submission (sest),200,OK,Thread Group 1-12,text,true,58074,3470
1386863403689,3589,POST: Save submission (daha),200,OK,Thread Group 1-15,text,true,58069,3469
1386863403705,3578,POST: Save submission (juga),200,OK,Thread Group 1-13,text,true,58069,3455
1386863403705,3618,POST: Save submission (nilu),200,OK,Thread Group 1-7,text,true,58059,3507
1386863403690,3633,POST: Save submission (gemo),200,OK,Thread Group 1-10,text,true,58080,3521
1386863403705,3627,POST: Save submission (guwa),200,OK,Thread Group 1-6,text,true,58089,3505
1386863406487,935,GET: Login (kava),200,OK,Thread Group 1-47,text,true,11533,853
1386863406335,1261,POST: Upload file (caph),200,OK,Thread Group 1-20,text,true,8582,1104
1386863406786,911,GET: Login (ligi),200,OK,Thread Group 1-48,text,true,11533,821
1386863404777,2970,POST: Save submission (tyll),200,OK,Thread Group 1-2,text,true,58069,2857
1386863404786,3012,POST: Save submission (cach),200,OK,Thread Group 1-5,text,true,58079,2900
1386863404788,3019,POST: Save submission (calo),200,OK,Thread Group 1-8,text,true,58064,2903
1386863404906,2910,POST: Save submission (raha),200,OK,Thread Group 1-14,text,true,58094,2779
1386863404806,3012,POST: Save submission (raba),200,OK,Thread Group 1-4,text,true,58079,2888
1386863404823,2997,POST: Save submission (wewe),200,OK,Thread Group 1-11,text,true,58069,2863
1386863404777,3044,POST: Save submission (shbe),200,OK,Thread Group 1-16,text,true,58069,2910
1386863407087,754,GET: Login (agra),200,OK,Thread Group 1-49,text,true,11533,685
1386863405088,2958,POST: Save submission (sojo),200,OK,Thread Group 1-3,text,true,58089,2849
1386863407389,755,GET: Login (cada),200,OK,Thread Group 1-50,text,true,11533,680
1386863405326,2876,POST: Save submission (huba),200,OK,Thread Group 1-1,text,true,58074,2760
1386863405495,2753,POST: Save submission (trca),200,OK,Thread Group 1-9,text,true,58059,2642
1386863405496,2808,POST: Save submission (maga),200,OK,Thread Group 1-18,text,true,58048,2691
1386863407694,660,GET: Login (albe),200,OK,Thread Group 1-51,text,true,11533,543
1386863401257,7136,POST: Login (mawh),200,OK,Thread Group 1-28,text,true,319598,1068
1386863400995,7432,POST: Login (jehu),200,OK,Thread Group 1-27,text,true,319596,1331
1386863405416,3117,GET: Show add submission form (joch),200,OK,Thread Group 1-21,text,true,56864,2928
1386863408000,593,GET: Login (frma),200,OK,Thread Group 1-52,text,true,11533,478
1386863406878,1819,GET: View assignment (jufe),200,OK,Thread Group 1-26,text,true,32302,1711
1386863406130,2783,GET: Show add submission form (jade),200,OK,Thread Group 1-22,text,true,56818,2660
1386863408297,621,GET: Login (jafl),200,OK,Thread Group 1-53,text,true,11533,501
1386863406138,2802,GET: Show add submission form (bola),200,OK,Thread Group 1-23,text,true,56849,2652
1386863406250,2703,GET: Show add submission form (glbl),200,OK,Thread Group 1-24,text,true,56839,2591
1386863406192,2769,GET: Show add submission form (masm),200,OK,Thread Group 1-25,text,true,56854,2649
1386863407078,1889,POST: Save submission (cenu),200,OK,Thread Group 1-19,text,true,58079,1762
1386863408599,497,GET: Login (llfl),200,OK,Thread Group 1-54,text,true,11533,412
1386863408552,652,POST: Upload file (joch),200,OK,Thread Group 1-21,text,true,8582,566
1386863407605,1660,POST: Save submission (caph),200,OK,Thread Group 1-20,text,true,58079,1537
1386863401782,7486,POST: Login (irmo),200,OK,Thread Group 1-29,text,true,319598,1002
1386863401893,7388,POST: Login (gopa),200,OK,Thread Group 1-30,text,true,319600,991
1386863408909,444,GET: Login (rawa),200,OK,Thread Group 1-55,text,true,11533,353
1386863402358,7422,POST: Login (maco),200,OK,Thread Group 1-31,text,true,319604,2197
1386863402682,7096,POST: Login (alto),200,OK,Thread Group 1-32,text,true,319592,1933
1386863402721,7101,POST: Login (evpa),200,OK,Thread Group 1-33,text,true,319598,1961
1386863403668,6197,POST: Login (flco),200,OK,Thread Group 1-34,text,true,319592,2181
1386863408982,918,POST: Upload file (bola),200,OK,Thread Group 1-23,text,true,8582,838
1386863408934,970,POST: Upload file (jade),200,OK,Thread Group 1-22,text,true,8579,870
1386863408412,1497,GET: View assignment (mawh),200,OK,Thread Group 1-28,text,true,32299,1375
1386863403689,6228,POST: Login (cogl),200,OK,Thread Group 1-35,text,true,319598,2153
1386863409020,937,POST: Upload file (masm),200,OK,Thread Group 1-25,text,true,8582,838
1386863408442,1521,GET: View assignment (jehu),200,OK,Thread Group 1-27,text,true,32296,1392
1386863409196,844,GET: Login (deke),200,OK,Thread Group 1-56,text,true,11533,736
1386863409018,1026,POST: Upload file (glbl),200,OK,Thread Group 1-24,text,true,8582,937
1386863409496,696,GET: Login (clad),200,OK,Thread Group 1-57,text,true,11533,602
1386863409804,644,GET: Login (defi),200,OK,Thread Group 1-58,text,true,11533,493
1386863405016,5601,POST: Login (tatr),200,OK,Thread Group 1-37,text,true,319594,1370
1386863404899,5721,POST: Login (anba),200,OK,Thread Group 1-36,text,true,319594,1420
1386863405198,5423,POST: Login (mach),200,OK,Thread Group 1-38,text,true,319600,1515
1386863405291,5375,POST: Login (yvgr),200,OK,Thread Group 1-39,text,true,319600,1564
1386863405262,5462,POST: Login (elcu),200,OK,Thread Group 1-40,text,true,319606,1597
1386863410099,742,GET: Login (boma),200,OK,Thread Group 1-59,text,true,11533,636
1386863405577,5337,POST: Login (dego),200,OK,Thread Group 1-41,text,true,319604,1595
1386863405972,5011,POST: Login (mica),200,OK,Thread Group 1-42,text,true,319606,1393
1386863408719,2384,GET: Show add submission form (jufe),200,OK,Thread Group 1-26,text,true,56849,2253
1386863409326,1816,GET: View assignment (gopa),200,OK,Thread Group 1-30,text,true,32302,1703
1386863409291,1855,GET: View assignment (irmo),200,OK,Thread Group 1-29,text,true,32299,1737
1386863410399,853,GET: Login (mefi),200,OK,Thread Group 1-60,text,true,11533,740
1386863410701,733,GET: Login (mywa),200,OK,Thread Group 1-61,text,true,11533,616
1386863409220,2310,POST: Save submission (joch),200,OK,Thread Group 1-21,text,true,58094,2145
1386863409836,1752,GET: View assignment (alto),200,OK,Thread Group 1-32,text,true,32290,1596
1386863409823,1766,GET: View assignment (maco),200,OK,Thread Group 1-31,text,true,32308,1609
1386863411013,640,GET: Login (masi),200,OK,Thread Group 1-62,text,true,11533,545
1386863409870,1788,GET: View assignment (evpa),200,OK,Thread Group 1-33,text,true,32299,1643
1386863409907,1889,GET: View assignment (flco),200,OK,Thread Group 1-34,text,true,32290,1741
1386863406294,5506,POST: Login (nahe),200,OK,Thread Group 1-43,text,true,319604,1447
1386863410005,1842,GET: View assignment (cogl),200,OK,Thread Group 1-35,text,true,32299,1709
1386863406569,5393,POST: Login (kely),200,OK,Thread Group 1-44,text,true,319598,1372
1386863411114,883,POST: Upload file (jufe),200,OK,Thread Group 1-26,text,true,8582,801
1386863411304,690,GET: Login (emgu),200,OK,Thread Group 1-63,text,true,11533,617
1386863409937,2115,POST: Save submission (bola),200,OK,Thread Group 1-23,text,true,58079,2003
1386863409947,2114,POST: Save submission (jade),200,OK,Thread Group 1-22,text,true,58045,1993
1386863410025,2229,POST: Save submission (masm),200,OK,Thread Group 1-25,text,true,58084,2114
1386863406924,5336,POST: Login (thte),200,OK,Thread Group 1-45,text,true,319598,1270
1386863410110,2248,POST: Save submission (glbl),200,OK,Thread Group 1-24,text,true,58069,2130
1386863411609,839,GET: Login (mefig),200,OK,Thread Group 1-64,text,true,11533,688
1386863411906,623,GET: Login (roby),200,OK,Thread Group 1-65,text,true,11533,528
1386863410632,1910,GET: View assignment (tatr),200,OK,Thread Group 1-37,text,true,32293,1717
1386863410652,1948,GET: View assignment (anba),200,OK,Thread Group 1-36,text,true,32293,1793
1386863410758,1844,GET: View assignment (elcu),200,OK,Thread Group 1-40,text,true,32311,1686
1386863410652,1952,GET: View assignment (mach),200,OK,Thread Group 1-38,text,true,32302,1792
1386863410686,1923,GET: View assignment (yvgr),200,OK,Thread Group 1-39,text,true,32302,1758
1386863409951,2658,GET: Show add submission form (mawh),200,OK,Thread Group 1-28,text,true,56844,2489
1386863410062,2583,GET: Show add submission form (jehu),200,OK,Thread Group 1-27,text,true,56839,2463
1386863412206,479,GET: Login (maca),200,OK,Thread Group 1-66,text,true,11533,400
1386863410923,1764,GET: View assignment (dego),200,OK,Thread Group 1-41,text,true,32308,1653
1386863410992,1799,GET: View assignment (mica),200,OK,Thread Group 1-42,text,true,32311,1685
1386863412509,626,GET: Login (cesc),200,OK,Thread Group 1-67,text,true,11533,556
1386863407282,5958,POST: Login (dafo),200,OK,Thread Group 1-46,text,true,319600,1463
1386863407429,5812,POST: Login (kava),200,OK,Thread Group 1-47,text,true,319602,1314
1386863407901,5546,POST: Login (agra),200,OK,Thread Group 1-49,text,true,319598,1198
1386863407714,5747,POST: Login (ligi),200,OK,Thread Group 1-48,text,true,319596,1280
1386863412812,817,GET: Login (kagr),200,OK,Thread Group 1-68,text,true,11533,666
1386863411819,1861,GET: View assignment (nahe),200,OK,Thread Group 1-43,text,true,32308,1726
1386863412736,943,POST: Upload file (jehu),200,OK,Thread Group 1-27,text,true,8582,823
1386863411154,2530,GET: Show add submission form (gopa),200,OK,Thread Group 1-30,text,true,56849,2391
1386863408155,5531,POST: Login (cada),200,OK,Thread Group 1-50,text,true,319598,1140
1386863412724,1004,POST: Upload file (mawh),200,OK,Thread Group 1-28,text,true,8582,892
1386863411976,1778,GET: View assignment (kely),200,OK,Thread Group 1-44,text,true,32299,1646
1386863411166,2593,GET: Show add submission form (irmo),200,OK,Thread Group 1-29,text,true,56844,2458
1386863413113,712,GET: Login (viad),200,OK,Thread Group 1-69,text,true,11533,615
1386863412011,2098,POST: Save submission (jufe),200,OK,Thread Group 1-26,text,true,58079,1861
1386863411604,2510,GET: Show add submission form (maco),200,OK,Thread Group 1-31,text,true,56859,2267
1386863411603,2513,GET: Show add submission form (alto),200,OK,Thread Group 1-32,text,true,56829,2271
1386863413416,809,GET: Login (mamu),200,OK,Thread Group 1-70,text,true,11533,695
1386863411861,2389,GET: Show add submission form (cogl),200,OK,Thread Group 1-35,text,true,56844,2236
1386863411809,2441,GET: Show add submission form (flco),200,OK,Thread Group 1-34,text,true,56829,2111
1386863412281,1971,GET: View assignment (thte),200,OK,Thread Group 1-45,text,true,32299,1815
1386863408368,5885,POST: Login (albe),200,OK,Thread Group 1-51,text,true,319598,1431
1386863411696,2559,GET: Show add submission form (evpa),200,OK,Thread Group 1-33,text,true,56844,2226
1386863413713,557,GET: Login (edma),200,OK,Thread Group 1-71,text,true,11533,479
1386863408970,5750,POST: Login (jafl),200,OK,Thread Group 1-53,text,true,319600,1271
1386863408620,6440,POST: Login (frma),200,OK,Thread Group 1-52,text,true,319606,1520
1386863413775,1601,POST: Upload file (irmo),200,OK,Thread Group 1-29,text,true,8582,1358
1386863409107,6273,POST: Login (llfl),200,OK,Thread Group 1-54,text,true,319596,1554
1386863414016,1429,GET: Login (viro),200,OK,Thread Group 1-72,text,true,11533,1193
1386863413739,1711,POST: Upload file (gopa),200,OK,Thread Group 1-30,text,true,8582,1516
1386863413476,2164,GET: View assignment (ligi),200,OK,Thread Group 1-48,text,true,32296,2014
1386863412704,2937,GET: Show add submission form (yvgr),200,OK,Thread Group 1-39,text,true,56849,2788
1386863413249,2397,GET: View assignment (dafo),200,OK,Thread Group 1-46,text,true,32302,2243
1386863413462,2287,GET: View assignment (agra),200,OK,Thread Group 1-49,text,true,32299,2102
1386863412634,3113,GET: Show add submission form (elcu),200,OK,Thread Group 1-40,text,true,56864,2933
1386863412622,3130,GET: Show add submission form (anba),200,OK,Thread Group 1-36,text,true,56834,2946
1386863414617,1214,GET: Login (febo),200,OK,Thread Group 1-74,text,true,11533,1109
1386863414276,1561,POST: Upload file (flco),200,OK,Thread Group 1-34,text,true,8582,1437
1386863414301,1540,POST: Upload file (evpa),200,OK,Thread Group 1-33,text,true,8582,1358
1386863414318,1534,GET: Login (alfu),200,OK,Thread Group 1-73,text,true,11533,1292
1386863413249,2614,GET: View assignment (kava),200,OK,Thread Group 1-47,text,true,32305,2318
1386863412673,3190,GET: Show add submission form (mach),200,OK,Thread Group 1-38,text,true,56849,2896
1386863414150,1714,POST: Upload file (alto),200,OK,Thread Group 1-32,text,true,8582,1489
1386863414149,1716,POST: Upload file (maco),200,OK,Thread Group 1-31,text,true,8582,1451
1386863414275,1593,POST: Upload file (cogl),200,OK,Thread Group 1-35,text,true,8582,1402
1386863412575,3313,GET: Show add submission form (tatr),200,OK,Thread Group 1-37,text,true,56834,2993
1386863414919,1038,GET: Login (roca),200,OK,Thread Group 1-75,text,true,11533,975
1386863412815,3191,GET: Show add submission form (mica),200,OK,Thread Group 1-42,text,true,56858,3007
1386863412749,3266,GET: Show add submission form (dego),200,OK,Thread Group 1-41,text,true,56859,3067
1386863415221,936,GET: Login (olba),200,OK,Thread Group 1-76,text,true,11533,845
1386863413740,2855,GET: View assignment (cada),200,OK,Thread Group 1-50,text,true,32299,2704
1386863413711,3018,POST: Save submission (jehu),200,OK,Thread Group 1-27,text,true,58069,2911
1386863413759,3194,POST: Save submission (mawh),200,OK,Thread Group 1-28,text,true,58074,3038
1386863409373,7646,POST: Login (rawa),200,OK,Thread Group 1-55,text,true,319596,1882
1386863415525,1747,GET: Login (begr),200,OK,Thread Group 1-77,text,true,11533,1650
1386863410109,7260,POST: Login (deke),200,OK,Thread Group 1-56,text,true,319600,1678
1386863415662,1769,POST: Upload file (yvgr),200,OK,Thread Group 1-39,text,true,8582,1643
1386863410461,7054,POST: Login (defi),200,OK,Thread Group 1-58,text,true,319598,1486
1386863410211,7355,POST: Login (clad),200,OK,Thread Group 1-57,text,true,319600,1577
1386863415839,1836,GET: Login (cymc),200,OK,Thread Group 1-78,text,true,11533,1758
1386863414284,3552,GET: View assignment (albe),200,OK,Thread Group 1-51,text,true,32299,3441
1386863415785,2228,POST: Upload file (anba),200,OK,Thread Group 1-36,text,true,8582,2056
1386863415771,2418,POST: Upload file (elcu),200,OK,Thread Group 1-40,text,true,8582,2158
1386863416164,2079,GET: Login (risc),200,OK,Thread Group 1-79,text,true,11533,1844
1386863415953,2316,POST: Upload file (mach),200,OK,Thread Group 1-38,text,true,8582,2190
1386863413694,4589,GET: Show add submission form (nahe),200,OK,Thread Group 1-43,text,true,56859,4366
1386863413775,4519,GET: Show add submission form (kely),200,OK,Thread Group 1-44,text,true,56844,4285
1386863416449,1989,GET: Login (caru),200,OK,Thread Group 1-80,text,true,11533,1874
1386863416025,2385,POST: Upload file (tatr),200,OK,Thread Group 1-37,text,true,8582,2225
1386863416128,2452,POST: Upload file (mica),200,OK,Thread Group 1-42,text,true,8579,2173
1386863416131,2456,POST: Upload file (dego),200,OK,Thread Group 1-41,text,true,8582,2247
1386863415070,3519,GET: View assignment (frma),200,OK,Thread Group 1-52,text,true,32311,3519
1386863416751,1899,GET: Login (caco),200,OK,Thread Group 1-81,text,true,11533,1829
1386863414733,4004,GET: View assignment (jafl),200,OK,Thread Group 1-53,text,true,32302,3867
1386863417043,2051,GET: Login (cabo),200,OK,Thread Group 1-82,text,true,11533,1930
1386863414280,4944,GET: Show add submission form (thte),200,OK,Thread Group 1-45,text,true,56844,4807
1386863417335,1918,GET: Login (edhe),200,OK,Thread Group 1-83,text,true,11533,1833
1386863410854,8428,POST: Login (boma),200,OK,Thread Group 1-59,text,true,319604,1340
1386863417639,1854,GET: Login (jowa),200,OK,Thread Group 1-84,text,true,11533,1758
1386863415397,4578,GET: View assignment (llfl),200,OK,Thread Group 1-54,text,true,32296,4440
1386863417941,2131,GET: Login (patu),200,OK,Thread Group 1-85,text,true,11533,1988
1386863411273,8969,POST: Login (mefi),200,OK,Thread Group 1-60,text,true,319610,1265
1386863418244,2114,GET: Login (rosh),200,OK,Thread Group 1-86,text,true,11533,2036
1386863415391,5352,POST: Save submission (irmo),200,OK,Thread Group 1-29,text,true,58074,5232
1386863418590,2192,GET: Login (erta),200,OK,Thread Group 1-87,text,true,11533,2085
1386863418865,2018,GET: Login (sost),200,OK,Thread Group 1-88,text,true,11533,1932
1386863415466,5437,POST: Save submission (gopa),200,OK,Thread Group 1-30,text,true,58079,5308
1386863418447,2460,POST: Upload file (nahe),200,OK,Thread Group 1-43,text,true,8582,2326
1386863418655,2281,POST: Upload file (kely),200,OK,Thread Group 1-44,text,true,8582,2163
1386863411452,9644,POST: Login (mywa),200,OK,Thread Group 1-61,text,true,319602,1330
1386863419155,1937,GET: Login (chmo),200,OK,Thread Group 1-89,text,true,11533,1825
1386863419455,1823,GET: Login (lome),200,OK,Thread Group 1-90,text,true,11533,1703
1386863419753,1578,GET: Login (cagr),200,OK,Thread Group 1-91,text,true,11533,1512
1386863415649,5735,GET: Show add submission form (ligi),200,OK,Thread Group 1-48,text,true,56839,5629
1386863419283,2108,POST: Upload file (thte),200,OK,Thread Group 1-45,text,true,8582,2004
1386863415664,5773,GET: Show add submission form (dafo),200,OK,Thread Group 1-46,text,true,56849,5661
1386863420054,1533,GET: Login (nosa),200,OK,Thread Group 1-92,text,true,11533,1453
1386863417082,4552,GET: View assignment (rawa),200,OK,Thread Group 1-55,text,true,32296,4443
1386863415876,5836,POST: Save submission (flco),200,OK,Thread Group 1-34,text,true,58059,5699
1386863411664,10086,POST: Login (masi),200,OK,Thread Group 1-62,text,true,319598,1371
1386863415762,5991,GET: Show add submission form (agra),200,OK,Thread Group 1-49,text,true,56838,5864
1386863420374,1418,GET: Login (shsa),200,OK,Thread Group 1-93,text,true,11533,1309
1386863417387,4410,GET: View assignment (deke),200,OK,Thread Group 1-56,text,true,32302,4289
1386863415912,5893,POST: Save submission (evpa),200,OK,Thread Group 1-33,text,true,58074,5763
1386863415955,5885,POST: Save submission (alto),200,OK,Thread Group 1-32,text,true,58059,5775
1386863415965,5927,POST: Save submission (maco),200,OK,Thread Group 1-31,text,true,58089,5812
1386863420656,1282,GET: Login (clri),200,OK,Thread Group 1-94,text,true,11533,1170
1386863416005,5957,POST: Save submission (cogl),200,OK,Thread Group 1-35,text,true,58074,5822
1386863417587,4409,GET: View assignment (defi),200,OK,Thread Group 1-58,text,true,32299,4294
1386863417635,4468,GET: View assignment (clad),200,OK,Thread Group 1-57,text,true,32302,4340
1386863415942,6372,GET: Show add submission form (kava),200,OK,Thread Group 1-47,text,true,56854,6243
1386863412030,10288,POST: Login (emgu),200,OK,Thread Group 1-63,text,true,319602,1106
1386863420954,1513,GET: Login (saha),200,OK,Thread Group 1-95,text,true,11533,1417
1386863421262,1348,GET: Login (rean),200,OK,Thread Group 1-96,text,true,11533,1246
1386863421556,1205,GET: Login (mepa),200,OK,Thread Group 1-97,text,true,11533,1144
1386863416628,6252,GET: Show add submission form (cada),200,OK,Thread Group 1-50,text,true,56844,6074
1386863417454,5488,POST: Save submission (yvgr),200,OK,Thread Group 1-39,text,true,58079,5299
1386863421456,1496,POST: Upload file (dafo),200,OK,Thread Group 1-46,text,true,8582,1384
1386863421395,1595,POST: Upload file (ligi),200,OK,Thread Group 1-48,text,true,8582,1495
1386863421858,1276,GET: Login (sawa),200,OK,Thread Group 1-98,text,true,11533,1130
1386863419404,3829,GET: View assignment (boma),200,OK,Thread Group 1-59,text,true,32308,3635
1386863418057,5180,POST: Save submission (anba),200,OK,Thread Group 1-36,text,true,58064,4982
1386863422159,1125,GET: Login (lebr),200,OK,Thread Group 1-99,text,true,11533,1028
1386863421795,1491,POST: Upload file (agra),200,OK,Thread Group 1-49,text,true,8579,1352
1386863417862,5475,GET: Show add submission form (albe),200,OK,Thread Group 1-51,text,true,56838,5353
1386863418264,5081,POST: Save submission (elcu),200,OK,Thread Group 1-40,text,true,58094,4951
1386863418445,4991,POST: Save submission (mach),200,OK,Thread Group 1-38,text,true,58079,4878
1386863422462,1071,GET: Login (limu),200,OK,Thread Group 1-100,text,true,11533,999
1386863418783,4751,POST: Save submission (mica),200,OK,Thread Group 1-42,text,true,58085,4641
1386863418772,4765,POST: Save submission (tatr),200,OK,Thread Group 1-37,text,true,58064,4652
1386863420324,3261,GET: View assignment (mefi),200,OK,Thread Group 1-60,text,true,32317,3148
1386863418825,4808,POST: Save submission (dego),200,OK,Thread Group 1-41,text,true,58089,4698
1386863422329,1483,POST: Upload file (kava),200,OK,Thread Group 1-47,text,true,8582,1303
1386863412461,11452,POST: Login (mefig),200,OK,Thread Group 1-64,text,true,319606,1679
1386863418827,5143,GET: Show add submission form (frma),200,OK,Thread Group 1-52,text,true,56864,4972
1386863418911,5363,GET: Show add submission form (jafl),200,OK,Thread Group 1-53,text,true,56849,5104
1386863412551,11731,POST: Login (roby),200,OK,Thread Group 1-65,text,true,319594,1675
1386863412748,11535,POST: Login (maca),200,OK,Thread Group 1-66,text,true,319600,1476
1386863421108,3227,GET: View assignment (mywa),200,OK,Thread Group 1-61,text,true,32305,3032
1386863422897,1445,POST: Upload file (cada),200,OK,Thread Group 1-50,text,true,8582,1285
1386863419993,4506,GET: Show add submission form (llfl),200,OK,Thread Group 1-54,text,true,56839,4391
1386863421770,2835,GET: View assignment (masi),200,OK,Thread Group 1-62,text,true,32299,2716
1386863423359,1375,POST: Upload file (albe),200,OK,Thread Group 1-51,text,true,8579,1248
1386863420974,3761,POST: Save submission (nahe),200,OK,Thread Group 1-43,text,true,58089,3618
1386863420995,3809,POST: Save submission (kely),200,OK,Thread Group 1-44,text,true,58074,3665
1386863413149,12031,POST: Login (cesc),200,OK,Thread Group 1-67,text,true,319598,1955
1386863421415,3770,POST: Save submission (thte),200,OK,Thread Group 1-45,text,true,58074,3519
1386863422341,2898,GET: View assignment (emgu),200,OK,Thread Group 1-63,text,true,32305,2728
1386863423983,1361,POST: Upload file (frma),200,OK,Thread Group 1-52,text,true,8582,1285
1386863424286,1595,POST: Upload file (jafl),200,OK,Thread Group 1-53,text,true,8582,1426
1386863424511,1449,POST: Upload file (llfl),200,OK,Thread Group 1-54,text,true,8582,1353
1386863421828,4144,GET: Show add submission form (deke),200,OK,Thread Group 1-56,text,true,56849,3946
1386863421644,4331,GET: Show add submission form (rawa),200,OK,Thread Group 1-55,text,true,56839,4128
1386863413836,12142,POST: Login (viad),200,OK,Thread Group 1-69,text,true,319598,2003
1386863413642,12350,POST: Login (kagr),200,OK,Thread Group 1-68,text,true,319596,2194
1386863422013,4178,GET: Show add submission form (defi),200,OK,Thread Group 1-58,text,true,56838,3933
1386863414239,11952,POST: Login (mamu),200,OK,Thread Group 1-70,text,true,319604,1961
1386863414311,11883,POST: Login (edma),200,OK,Thread Group 1-71,text,true,319596,1752
1386863422112,4185,GET: Show add submission form (clad),200,OK,Thread Group 1-57,text,true,56849,4068
1386863422966,3652,POST: Save submission (dafo),200,OK,Thread Group 1-46,text,true,58079,3519
1386863423001,3622,POST: Save submission (ligi),200,OK,Thread Group 1-48,text,true,58069,3485
1386863423312,3424,POST: Save submission (agra),200,OK,Thread Group 1-49,text,true,58065,3295
1386863423921,2871,GET: View assignment (mefig),200,OK,Thread Group 1-64,text,true,32311,2743
1386863424296,2854,GET: View assignment (maca),200,OK,Thread Group 1-66,text,true,32302,2731
1386863424296,2854,GET: View assignment (roby),200,OK,Thread Group 1-65,text,true,32293,2729
1386863415460,11752,POST: Login (viro),200,OK,Thread Group 1-72,text,true,319606,2837
1386863423249,4019,GET: Show add submission form (boma),200,OK,Thread Group 1-59,text,true,56859,3893
1386863423823,3514,POST: Save submission (kava),200,OK,Thread Group 1-47,text,true,58084,3376
1386863425995,1404,POST: Upload file (rawa),200,OK,Thread Group 1-55,text,true,8582,1333
1386863426306,1153,POST: Upload file (clad),200,OK,Thread Group 1-57,text,true,8582,1038
1386863426206,1257,POST: Upload file (defi),200,OK,Thread Group 1-58,text,true,8579,1163
1386863425994,1522,POST: Upload file (deke),200,OK,Thread Group 1-56,text,true,8582,1420
1386863423598,3979,GET: Show add submission form (mefi),200,OK,Thread Group 1-60,text,true,56868,3854
1386863424369,3274,POST: Save submission (cada),200,OK,Thread Group 1-50,text,true,58074,3140
1386863425190,2766,GET: View assignment (cesc),200,OK,Thread Group 1-67,text,true,32299,2442
1386863424743,3219,POST: Save submission (albe),200,OK,Thread Group 1-51,text,true,58065,2956
1386863424353,3618,GET: Show add submission form (mywa),200,OK,Thread Group 1-61,text,true,56854,3278
1386863415874,12143,POST: Login (febo),200,OK,Thread Group 1-74,text,true,319598,3818
1386863424614,3451,GET: Show add submission form (masi),200,OK,Thread Group 1-62,text,true,56838,3324
1386863415926,12164,POST: Login (alfu),200,OK,Thread Group 1-73,text,true,319598,4327
1386863416253,11839,POST: Login (olba),200,OK,Thread Group 1-76,text,true,319596,4092
1386863416123,11989,POST: Login (roca),200,OK,Thread Group 1-75,text,true,319604,4186
1386863425352,2870,POST: Save submission (frma),200,OK,Thread Group 1-52,text,true,58094,2799
1386863427277,999,POST: Upload file (boma),200,OK,Thread Group 1-59,text,true,8582,894
1386863425995,2402,GET: View assignment (viad),200,OK,Thread Group 1-69,text,true,32299,2274
1386863426011,2388,GET: View assignment (kagr),200,OK,Thread Group 1-68,text,true,32296,2258
1386863427594,860,POST: Upload file (mefi),200,OK,Thread Group 1-60,text,true,8579,753
1386863426206,2251,GET: View assignment (mamu),200,OK,Thread Group 1-70,text,true,32308,2121
1386863425975,2535,POST: Save submission (llfl),200,OK,Thread Group 1-54,text,true,58069,2412
1386863425894,2620,POST: Save submission (jafl),200,OK,Thread Group 1-53,text,true,58079,2491
1386863426223,2302,GET: View assignment (edma),200,OK,Thread Group 1-71,text,true,32296,2164
1386863425252,3313,GET: Show add submission form (emgu),200,OK,Thread Group 1-63,text,true,56854,3194
1386863417288,11286,POST: Login (begr),200,OK,Thread Group 1-77,text,true,319604,3590
1386863428009,877,POST: Upload file (mywa),200,OK,Thread Group 1-61,text,true,8582,735
1386863428079,875,POST: Upload file (masi),200,OK,Thread Group 1-62,text,true,8579,749
1386863417712,11270,POST: Login (cymc),200,OK,Thread Group 1-78,text,true,319606,3668
1386863427220,1777,GET: View assignment (viro),200,OK,Thread Group 1-72,text,true,32311,1652
1386863418848,10279,POST: Login (caco),200,OK,Thread Group 1-81,text,true,319604,3090
1386863419524,9602,POST: Login (jowa),200,OK,Thread Group 1-84,text,true,319596,2575
1386863418775,10396,POST: Login (caru),200,OK,Thread Group 1-80,text,true,319604,3163
1386863418380,10790,POST: Login (risc),200,OK,Thread Group 1-79,text,true,319604,3563
1386863419176,10041,POST: Login (cabo),200,OK,Thread Group 1-82,text,true,319596,2926
1386863426799,2418,GET: Show add submission form (mefig),200,OK,Thread Group 1-64,text,true,56864,2305
1386863427406,1875,POST: Save submission (rawa),200,OK,Thread Group 1-55,text,true,58069,1798
1386863420128,9253,POST: Login (patu),200,OK,Thread Group 1-85,text,true,319602,2232
1386863427472,2049,POST: Save submission (clad),200,OK,Thread Group 1-57,text,true,58079,1882
1386863427492,2031,POST: Save submission (defi),200,OK,Thread Group 1-58,text,true,58065,1862
1386863421301,8237,POST: Login (lome),200,OK,Thread Group 1-90,text,true,319602,1634
1386863419362,10215,POST: Login (edhe),200,OK,Thread Group 1-83,text,true,319596,2828
1386863427166,2460,GET: Show add submission form (maca),200,OK,Thread Group 1-66,text,true,56849,2356
1386863428665,973,POST: Upload file (emgu),200,OK,Thread Group 1-63,text,true,8582,865
1386863420493,9153,POST: Login (rosh),200,OK,Thread Group 1-86,text,true,319604,1967
1386863427528,2136,POST: Save submission (deke),200,OK,Thread Group 1-56,text,true,58079,1994
1386863420898,8776,POST: Login (sost),200,OK,Thread Group 1-88,text,true,319598,2040
1386863421142,8800,POST: Login (chmo),200,OK,Thread Group 1-89,text,true,319606,1801
1386863428110,1893,GET: View assignment (olba),200,OK,Thread Group 1-76,text,true,32296,1664
1386863428099,1909,GET: View assignment (alfu),200,OK,Thread Group 1-73,text,true,32299,1556
1386863428037,1972,GET: View assignment (febo),200,OK,Thread Group 1-74,text,true,32299,1621
1386863421990,8020,POST: Login (clri),200,OK,Thread Group 1-94,text,true,319606,1818
1386863421344,8671,POST: Login (cagr),200,OK,Thread Group 1-91,text,true,319600,1643
1386863421828,8202,POST: Login (shsa),200,OK,Thread Group 1-93,text,true,319600,1651
1386863420800,9235,POST: Login (erta),200,OK,Thread Group 1-87,text,true,319600,2138
1386863422487,7549,POST: Login (saha),200,OK,Thread Group 1-95,text,true,319602,1469
1386863428134,1903,GET: View assignment (roca),200,OK,Thread Group 1-75,text,true,32308,1520
1386863427158,2880,GET: Show add submission form (roby),200,OK,Thread Group 1-65,text,true,56834,2447
1386863422620,7420,POST: Login (rean),200,OK,Thread Group 1-96,text,true,319606,1526
1386863421597,8450,POST: Login (nosa),200,OK,Thread Group 1-92,text,true,319598,1882
1386863427973,2121,GET: Show add submission form (cesc),200,OK,Thread Group 1-67,text,true,56844,1995
1386863422769,7329,POST: Login (mepa),200,OK,Thread Group 1-97,text,true,319600,1898
1386863423297,6830,POST: Login (lebr),200,OK,Thread Group 1-99,text,true,319596,1784
1386863423541,6601,POST: Login (limu),200,OK,Thread Group 1-100,text,true,319598,1633
1386863423144,7036,POST: Login (sawa),200,OK,Thread Group 1-98,text,true,319592,1937
1386863429317,984,POST: Upload file (mefig),200,OK,Thread Group 1-64,text,true,8582,922
1386863428300,2155,POST: Save submission (boma),200,OK,Thread Group 1-59,text,true,58089,2043
1386863428668,1883,GET: View assignment (begr),200,OK,Thread Group 1-77,text,true,32308,1775
1386863429758,841,POST: Upload file (maca),200,OK,Thread Group 1-66,text,true,8582,757
1386863428533,2386,POST: Save submission (mefi),200,OK,Thread Group 1-60,text,true,58095,2010
1386863429036,1883,GET: View assignment (cymc),200,OK,Thread Group 1-78,text,true,32311,1622
1386863429149,1875,GET: View assignment (caco),200,OK,Thread Group 1-81,text,true,32308,1765
1386863429152,1881,GET: View assignment (jowa),200,OK,Thread Group 1-84,text,true,32296,1756
1386863428420,2619,GET: Show add submission form (kagr),200,OK,Thread Group 1-68,text,true,56833,2491
1386863429317,1754,GET: View assignment (cabo),200,OK,Thread Group 1-82,text,true,32296,1644
1386863428578,2493,GET: Show add submission form (edma),200,OK,Thread Group 1-71,text,true,56839,2383
1386863428550,2522,GET: Show add submission form (mamu),200,OK,Thread Group 1-70,text,true,56859,2411
1386863428406,2668,GET: Show add submission form (viad),200,OK,Thread Group 1-69,text,true,56844,2556
1386863428904,2215,POST: Save submission (mywa),200,OK,Thread Group 1-61,text,true,58084,2108
1386863429244,1927,GET: View assignment (risc),200,OK,Thread Group 1-79,text,true,32308,1816
1386863430112,1105,POST: Upload file (roby),200,OK,Thread Group 1-65,text,true,8582,1033
1386863430144,1122,POST: Upload file (cesc),200,OK,Thread Group 1-67,text,true,8582,1056
1386863428985,2336,POST: Save submission (masi),200,OK,Thread Group 1-62,text,true,58065,2224
1386863429240,2788,GET: View assignment (caru),200,OK,Thread Group 1-80,text,true,32308,2678
1386863429049,3034,GET: Show add submission form (viro),200,OK,Thread Group 1-72,text,true,56864,2920
1386863429533,2556,GET: View assignment (patu),200,OK,Thread Group 1-85,text,true,32305,2436
1386863429703,2429,GET: View assignment (lome),200,OK,Thread Group 1-90,text,true,32305,2317
1386863429791,2343,GET: View assignment (sost),200,OK,Thread Group 1-88,text,true,32299,2229
1386863429750,2487,GET: View assignment (edhe),200,OK,Thread Group 1-83,text,true,32296,2371
1386863429769,2480,GET: View assignment (rosh),200,OK,Thread Group 1-86,text,true,32308,2352
1386863431049,1279,POST: Upload file (kagr),200,OK,Thread Group 1-68,text,true,8579,1214
1386863431087,1294,POST: Upload file (mamu),200,OK,Thread Group 1-70,text,true,8582,1180
1386863431086,1296,POST: Upload file (edma),200,OK,Thread Group 1-71,text,true,8582,1212
1386863431087,1298,POST: Upload file (viad),200,OK,Thread Group 1-69,text,true,8582,1205
1386863429955,2523,GET: View assignment (chmo),200,OK,Thread Group 1-89,text,true,32313,2418
1386863430071,2459,GET: View assignment (cagr),200,OK,Thread Group 1-91,text,true,32302,2350
1386863429760,2772,POST: Save submission (emgu),200,OK,Thread Group 1-63,text,true,58084,2660
1386863430061,2523,GET: View assignment (clri),200,OK,Thread Group 1-94,text,true,32311,2409
1386863430099,2534,GET: View assignment (shsa),200,OK,Thread Group 1-93,text,true,32302,2425
1386863430100,2538,GET: View assignment (erta),200,OK,Thread Group 1-87,text,true,32302,2424
1386863430158,2488,GET: View assignment (limu),200,OK,Thread Group 1-100,text,true,32299,2364
1386863430100,2546,GET: View assignment (saha),200,OK,Thread Group 1-95,text,true,32307,2422
1386863430145,2505,GET: View assignment (mepa),200,OK,Thread Group 1-97,text,true,32302,2377
1386863430152,2530,GET: View assignment (lebr),200,OK,Thread Group 1-99,text,true,32296,2421
1386863430113,2570,GET: View assignment (rean),200,OK,Thread Group 1-96,text,true,32311,2460
1386863430195,2693,GET: View assignment (sawa),200,OK,Thread Group 1-98,text,true,32290,2378
1386863432091,879,POST: Upload file (viro),200,OK,Thread Group 1-72,text,true,8582,778
1386863430131,2843,GET: View assignment (nosa),200,OK,Thread Group 1-92,text,true,32299,2444
1386863430015,3071,GET: Show add submission form (olba),200,OK,Thread Group 1-76,text,true,56839,2940
1386863430312,2776,POST: Save submission (mefig),200,OK,Thread Group 1-64,text,true,58094,2651
1386863430059,3036,GET: Show add submission form (alfu),200,OK,Thread Group 1-73,text,true,56844,2903
1386863430101,3025,GET: Show add submission form (roca),200,OK,Thread Group 1-75,text,true,56859,2904
1386863430060,3082,GET: Show add submission form (febo),200,OK,Thread Group 1-74,text,true,56844,2946
1386863430604,2622,POST: Save submission (maca),200,OK,Thread Group 1-66,text,true,58079,2511
1386863431227,2351,POST: Save submission (roby),200,OK,Thread Group 1-65,text,true,58064,2238
1386863431275,2303,POST: Save submission (cesc),200,OK,Thread Group 1-67,text,true,58074,2190
1386863430556,3395,GET: Show add submission form (begr),200,OK,Thread Group 1-77,text,true,56859,3338
1386863431096,3009,GET: Show add submission form (cabo),200,OK,Thread Group 1-82,text,true,56839,2897
1386863430925,3498,GET: Show add submission form (cymc),200,OK,Thread Group 1-78,text,true,56864,3070
1386863432411,2231,POST: Save submission (viad),200,OK,Thread Group 1-69,text,true,58074,1786
1386863433153,1494,POST: Upload file (febo),200,OK,Thread Group 1-74,text,true,8582,881
1386863433112,1536,POST: Upload file (alfu),200,OK,Thread Group 1-73,text,true,8582,914
1386863433096,1553,POST: Upload file (olba),200,OK,Thread Group 1-76,text,true,8582,919
1386863432396,2257,POST: Save submission (mamu),200,OK,Thread Group 1-70,text,true,58089,1799
1386863433137,1520,POST: Upload file (roca),200,OK,Thread Group 1-75,text,true,8582,911
1386863432138,2520,GET: Show add submission form (lome),200,OK,Thread Group 1-90,text,true,56854,2061
1386863432403,2258,POST: Save submission (edma),200,OK,Thread Group 1-71,text,true,58069,1792
1386863431031,3631,GET: Show add submission form (caco),200,OK,Thread Group 1-81,text,true,56859,2965
1386863432035,2628,GET: Show add submission form (caru),200,OK,Thread Group 1-80,text,true,56859,2107
1386863432334,2333,POST: Save submission (kagr),200,OK,Thread Group 1-68,text,true,58060,1862
1386863432249,2416,GET: Show add submission form (edhe),200,OK,Thread Group 1-83,text,true,56839,1950
1386863432267,2419,GET: Show add submission form (rosh),200,OK,Thread Group 1-86,text,true,56859,1932
1386863432151,2516,GET: Show add submission form (sost),200,OK,Thread Group 1-88,text,true,56844,2045
1386863431179,3507,GET: Show add submission form (risc),200,OK,Thread Group 1-79,text,true,56859,2863
1386863432102,2584,GET: Show add submission form (patu),200,OK,Thread Group 1-85,text,true,56854,2094
1386863432489,2237,GET: Show add submission form (chmo),200,OK,Thread Group 1-89,text,true,56864,2113
1386863432981,1788,POST: Save submission (viro),200,OK,Thread Group 1-72,text,true,58094,1622
1386863431041,3728,GET: Show add submission form (jowa),200,OK,Thread Group 1-84,text,true,56839,2955
1386863434111,969,POST: Upload file (cabo),200,OK,Thread Group 1-82,text,true,8582,893
1386863433959,1168,POST: Upload file (begr),200,OK,Thread Group 1-77,text,true,8582,1066
1386863434432,756,POST: Upload file (cymc),200,OK,Thread Group 1-78,text,true,8582,688
1386863432537,2817,GET: Show add submission form (cagr),200,OK,Thread Group 1-91,text,true,56843,2707
1386863432592,2813,GET: Show add submission form (clri),200,OK,Thread Group 1-94,text,true,56864,2702
1386863432641,2767,GET: Show add submission form (shsa),200,OK,Thread Group 1-93,text,true,56849,2653
1386863432658,2750,GET: Show add submission form (saha),200,OK,Thread Group 1-95,text,true,56854,2636
1386863432656,2909,GET: Show add submission form (limu),200,OK,Thread Group 1-100,text,true,56844,2847
1386863432670,3427,GET: Show add submission form (mepa),200,OK,Thread Group 1-97,text,true,56849,3277
1386863432893,3249,GET: Show add submission form (sawa),200,OK,Thread Group 1-98,text,true,56829,3109
1386863434702,1455,POST: Upload file (lome),200,OK,Thread Group 1-90,text,true,8582,1339
1386863434730,1440,POST: Upload file (patu),200,OK,Thread Group 1-85,text,true,8582,1329
1386863434712,1459,POST: Upload file (caru),200,OK,Thread Group 1-80,text,true,8582,1350
1386863434731,1440,POST: Upload file (risc),200,OK,Thread Group 1-79,text,true,8582,1317
1386863432987,3188,GET: Show add submission form (nosa),200,OK,Thread Group 1-92,text,true,56844,3014
1386863432691,3483,GET: Show add submission form (lebr),200,OK,Thread Group 1-99,text,true,56839,3308
1386863434730,1448,POST: Upload file (sost),200,OK,Thread Group 1-88,text,true,8582,1284
1386863432656,3522,GET: Show add submission form (erta),200,OK,Thread Group 1-87,text,true,56849,3346
1386863434727,1453,POST: Upload file (edhe),200,OK,Thread Group 1-83,text,true,8582,1323
1386863434710,1476,POST: Upload file (caco),200,OK,Thread Group 1-81,text,true,8582,1365
1386863434782,1407,POST: Upload file (jowa),200,OK,Thread Group 1-84,text,true,8582,1310
1386863434729,1461,POST: Upload file (rosh),200,OK,Thread Group 1-86,text,true,8582,1325
1386863434748,1443,POST: Upload file (chmo),200,OK,Thread Group 1-89,text,true,8582,1300
1386863432692,3500,GET: Show add submission form (rean),200,OK,Thread Group 1-96,text,true,56864,3310
1386863435417,1448,POST: Upload file (shsa),200,OK,Thread Group 1-93,text,true,8582,1296
1386863435413,1452,POST: Upload file (clri),200,OK,Thread Group 1-94,text,true,8582,1337
1386863435364,1502,POST: Upload file (cagr),200,OK,Thread Group 1-91,text,true,8579,1351
1386863435575,1294,POST: Upload file (limu),200,OK,Thread Group 1-100,text,true,8582,1148
1386863435421,1449,POST: Upload file (saha),200,OK,Thread Group 1-95,text,true,8582,1297
1386863434693,2670,POST: Save submission (febo),200,OK,Thread Group 1-74,text,true,58074,2555
1386863434704,2706,POST: Save submission (roca),200,OK,Thread Group 1-75,text,true,58089,2594
1386863436104,1309,POST: Upload file (mepa),200,OK,Thread Group 1-97,text,true,8582,1237
1386863434693,2720,POST: Save submission (alfu),200,OK,Thread Group 1-73,text,true,58074,2605
1386863436227,1235,POST: Upload file (erta),200,OK,Thread Group 1-87,text,true,8582,1119
1386863436221,1241,POST: Upload file (lebr),200,OK,Thread Group 1-99,text,true,8582,1153
1386863436154,1309,POST: Upload file (sawa),200,OK,Thread Group 1-98,text,true,8582,1192
1386863436250,1218,POST: Upload file (rean),200,OK,Thread Group 1-96,text,true,8582,1106
1386863434693,2776,POST: Save submission (olba),200,OK,Thread Group 1-76,text,true,58069,2655
1386863436220,1286,POST: Upload file (nosa),200,OK,Thread Group 1-92,text,true,8582,1177
1386863435087,2505,POST: Save submission (cabo),200,OK,Thread Group 1-82,text,true,58069,2412
1386863435133,2543,POST: Save submission (begr),200,OK,Thread Group 1-77,text,true,58089,2483
1386863435199,2576,POST: Save submission (cymc),200,OK,Thread Group 1-78,text,true,58094,2517
1386863436215,1795,POST: Save submission (risc),200,OK,Thread Group 1-79,text,true,58089,1677
1386863436212,1879,POST: Save submission (caru),200,OK,Thread Group 1-80,text,true,58089,1731
1386863436177,1918,POST: Save submission (lome),200,OK,Thread Group 1-90,text,true,58084,1767
1386863436211,2003,POST: Save submission (patu),200,OK,Thread Group 1-85,text,true,58084,1783
1386863436227,1988,POST: Save submission (caco),200,OK,Thread Group 1-81,text,true,58089,1767
1386863436229,2062,POST: Save submission (chmo),200,OK,Thread Group 1-89,text,true,58094,1853
1386863436228,2064,POST: Save submission (jowa),200,OK,Thread Group 1-84,text,true,58069,1852
1386863436227,2071,POST: Save submission (edhe),200,OK,Thread Group 1-83,text,true,58069,1855
1386863436228,2070,POST: Save submission (rosh),200,OK,Thread Group 1-86,text,true,58089,1852
1386863436227,2072,POST: Save submission (sost),200,OK,Thread Group 1-88,text,true,58074,1853
1386863436878,1466,POST: Save submission (limu),200,OK,Thread Group 1-100,text,true,58074,1321
1386863436872,1472,POST: Save submission (shsa),200,OK,Thread Group 1-93,text,true,58079,1327
1386863436872,1472,POST: Save submission (cagr),200,OK,Thread Group 1-91,text,true,58070,1328
1386863436872,1476,POST: Save submission (clri),200,OK,Thread Group 1-94,text,true,58094,1327
1386863437512,877,POST: Save submission (nosa),200,OK,Thread Group 1-92,text,true,58074,767
1386863437476,926,POST: Save submission (sawa),200,OK,Thread Group 1-98,text,true,58059,808
1386863436879,1523,POST: Save submission (saha),200,OK,Thread Group 1-95,text,true,58084,1398
1386863437430,972,POST: Save submission (mepa),200,OK,Thread Group 1-97,text,true,58079,847
1386863437473,929,POST: Save submission (erta),200,OK,Thread Group 1-87,text,true,58079,819
1386863437489,914,POST: Save submission (rean),200,OK,Thread Group 1-96,text,true,58094,792
1386863437475,928,POST: Save submission (lebr),200,OK,Thread Group 1-99,text,true,58069,804
