<?xml version="1.0" encoding="UTF-8"?>
<svg xmlns="http://www.w3.org/2000/svg" xmlns:xlink="http://www.w3.org/1999/xlink" width="576pt" height="432pt" viewBox="0 0 576 432" version="1.1">
<defs>
<g>
<symbol overflow="visible" id="glyph0-0">
<path style="stroke:none;" d=""/>
</symbol>
<symbol overflow="visible" id="glyph0-1">
<path style="stroke:none;" d="M 3.109375 -6.0625 L 3.109375 0 L 4.15625 0 L 4.15625 -8.515625 L 3.46875 -8.515625 C 3.09375 -7.203125 2.859375 -7.015625 1.21875 -6.8125 L 1.21875 -6.0625 Z "/>
</symbol>
<symbol overflow="visible" id="glyph0-2">
<path style="stroke:none;" d=""/>
</symbol>
<symbol overflow="visible" id="glyph0-3">
<path style="stroke:none;" d="M 3.09375 -6.28125 L 2.046875 -6.28125 L 2.046875 -7.265625 C 2.046875 -7.6875 2.296875 -7.90625 2.75 -7.90625 C 2.828125 -7.90625 2.875 -7.90625 3.09375 -7.890625 L 3.09375 -8.71875 C 2.875 -8.765625 2.734375 -8.78125 2.53125 -8.78125 C 1.609375 -8.78125 1.0625 -8.25 1.0625 -7.359375 L 1.0625 -6.28125 L 0.21875 -6.28125 L 0.21875 -5.46875 L 1.0625 -5.46875 L 1.0625 0 L 2.046875 0 L 2.046875 -5.46875 L 3.09375 -5.46875 Z "/>
</symbol>
<symbol overflow="visible" id="glyph0-4">
<path style="stroke:none;" d="M 0.828125 -6.28125 L 0.828125 0 L 1.84375 0 L 1.84375 -3.265625 C 1.84375 -4.15625 2.0625 -4.75 2.546875 -5.09375 C 2.859375 -5.328125 3.15625 -5.40625 3.859375 -5.40625 L 3.859375 -6.4375 C 3.6875 -6.453125 3.59375 -6.46875 3.46875 -6.46875 C 2.8125 -6.46875 2.328125 -6.078125 1.75 -5.140625 L 1.75 -6.28125 Z "/>
</symbol>
<symbol overflow="visible" id="glyph0-5">
<path style="stroke:none;" d="M 3.265625 -6.46875 C 1.5 -6.46875 0.4375 -5.203125 0.4375 -3.09375 C 0.4375 -0.984375 1.484375 0.28125 3.28125 0.28125 C 5.046875 0.28125 6.125 -0.984375 6.125 -3.046875 C 6.125 -5.21875 5.078125 -6.46875 3.265625 -6.46875 Z M 3.28125 -5.546875 C 4.40625 -5.546875 5.078125 -4.625 5.078125 -3.0625 C 5.078125 -1.578125 4.375 -0.640625 3.28125 -0.640625 C 2.15625 -0.640625 1.46875 -1.578125 1.46875 -3.09375 C 1.46875 -4.609375 2.15625 -5.546875 3.28125 -5.546875 Z "/>
</symbol>
<symbol overflow="visible" id="glyph0-6">
<path style="stroke:none;" d="M 0.84375 -6.28125 L 0.84375 0 L 1.84375 0 L 1.84375 -3.46875 C 1.84375 -4.75 2.515625 -5.59375 3.546875 -5.59375 C 4.34375 -5.59375 4.84375 -5.109375 4.84375 -4.359375 L 4.84375 0 L 5.84375 0 L 5.84375 -4.75 C 5.84375 -5.796875 5.0625 -6.46875 3.859375 -6.46875 C 2.921875 -6.46875 2.3125 -6.109375 1.765625 -5.234375 L 1.765625 -6.28125 Z "/>
</symbol>
<symbol overflow="visible" id="glyph0-7">
<path style="stroke:none;" d="M 3.046875 -6.28125 L 2.015625 -6.28125 L 2.015625 -8.015625 L 1.015625 -8.015625 L 1.015625 -6.28125 L 0.171875 -6.28125 L 0.171875 -5.46875 L 1.015625 -5.46875 L 1.015625 -0.71875 C 1.015625 -0.078125 1.453125 0.28125 2.234375 0.28125 C 2.46875 0.28125 2.71875 0.25 3.046875 0.1875 L 3.046875 -0.640625 C 2.921875 -0.609375 2.765625 -0.59375 2.5625 -0.59375 C 2.140625 -0.59375 2.015625 -0.71875 2.015625 -1.15625 L 2.015625 -5.46875 L 3.046875 -5.46875 Z "/>
</symbol>
<symbol overflow="visible" id="glyph0-8">
<path style="stroke:none;" d="M 6.15625 -2.8125 C 6.15625 -3.765625 6.078125 -4.34375 5.90625 -4.8125 C 5.5 -5.84375 4.53125 -6.46875 3.359375 -6.46875 C 1.609375 -6.46875 0.484375 -5.125 0.484375 -3.0625 C 0.484375 -1 1.578125 0.28125 3.34375 0.28125 C 4.78125 0.28125 5.765625 -0.546875 6.03125 -1.90625 L 5.015625 -1.90625 C 4.734375 -1.078125 4.171875 -0.640625 3.375 -0.640625 C 2.734375 -0.640625 2.203125 -0.9375 1.859375 -1.46875 C 1.625 -1.828125 1.53125 -2.1875 1.53125 -2.8125 Z M 1.546875 -3.625 C 1.625 -4.78125 2.34375 -5.546875 3.34375 -5.546875 C 4.328125 -5.546875 5.09375 -4.734375 5.09375 -3.703125 C 5.09375 -3.671875 5.09375 -3.640625 5.078125 -3.625 Z "/>
</symbol>
<symbol overflow="visible" id="glyph0-9">
<path style="stroke:none;" d="M 5.9375 -8.75 L 4.9375 -8.75 L 4.9375 -5.5 C 4.53125 -6.125 3.859375 -6.46875 3.015625 -6.46875 C 1.375 -6.46875 0.3125 -5.15625 0.3125 -3.15625 C 0.3125 -1.03125 1.359375 0.28125 3.046875 0.28125 C 3.90625 0.28125 4.515625 -0.046875 5.046875 -0.828125 L 5.046875 0 L 5.9375 0 Z M 3.1875 -5.53125 C 4.265625 -5.53125 4.9375 -4.578125 4.9375 -3.078125 C 4.9375 -1.625 4.25 -0.65625 3.1875 -0.65625 C 2.09375 -0.65625 1.359375 -1.625 1.359375 -3.09375 C 1.359375 -4.5625 2.09375 -5.53125 3.1875 -5.53125 Z "/>
</symbol>
<symbol overflow="visible" id="glyph0-10">
<path style="stroke:none;" d="M 2.828125 -8.75 C 1.625 -7.171875 0.875 -4.984375 0.875 -3.109375 C 0.875 -1.21875 1.625 0.96875 2.828125 2.546875 L 3.484375 2.546875 C 2.4375 0.828125 1.84375 -1.1875 1.84375 -3.109375 C 1.84375 -5.015625 2.4375 -7.046875 3.484375 -8.75 Z "/>
</symbol>
<symbol overflow="visible" id="glyph0-11">
<path style="stroke:none;" d="M 5.71875 -8.515625 L 1.3125 -8.515625 L 0.6875 -3.875 L 1.65625 -3.875 C 2.140625 -4.46875 2.5625 -4.671875 3.21875 -4.671875 C 4.359375 -4.671875 5.078125 -3.890625 5.078125 -2.625 C 5.078125 -1.40625 4.375 -0.65625 3.21875 -0.65625 C 2.296875 -0.65625 1.734375 -1.125 1.46875 -2.09375 L 0.421875 -2.09375 C 0.5625 -1.390625 0.6875 -1.0625 0.9375 -0.75 C 1.421875 -0.09375 2.28125 0.28125 3.234375 0.28125 C 4.953125 0.28125 6.15625 -0.96875 6.15625 -2.765625 C 6.15625 -4.453125 5.046875 -5.609375 3.40625 -5.609375 C 2.8125 -5.609375 2.328125 -5.453125 1.84375 -5.09375 L 2.171875 -7.46875 L 5.71875 -7.46875 Z "/>
</symbol>
<symbol overflow="visible" id="glyph0-12">
<path style="stroke:none;" d="M 3.296875 -8.515625 C 2.515625 -8.515625 1.78125 -8.15625 1.34375 -7.578125 C 0.796875 -6.828125 0.515625 -5.6875 0.515625 -4.109375 C 0.515625 -1.25 1.46875 0.28125 3.296875 0.28125 C 5.09375 0.28125 6.078125 -1.25 6.078125 -4.046875 C 6.078125 -5.703125 5.8125 -6.796875 5.25 -7.578125 C 4.8125 -8.171875 4.109375 -8.515625 3.296875 -8.515625 Z M 3.296875 -7.578125 C 4.4375 -7.578125 5 -6.421875 5 -4.140625 C 5 -1.734375 4.453125 -0.59375 3.28125 -0.59375 C 2.15625 -0.59375 1.59375 -1.78125 1.59375 -4.109375 C 1.59375 -6.4375 2.15625 -7.578125 3.296875 -7.578125 Z "/>
</symbol>
<symbol overflow="visible" id="glyph0-13">
<path style="stroke:none;" d="M 5.78125 0 L 5.78125 -6.28125 L 4.78125 -6.28125 L 4.78125 -2.71875 C 4.78125 -1.4375 4.109375 -0.59375 3.078125 -0.59375 C 2.28125 -0.59375 1.78125 -1.078125 1.78125 -1.84375 L 1.78125 -6.28125 L 0.78125 -6.28125 L 0.78125 -1.4375 C 0.78125 -0.390625 1.5625 0.28125 2.78125 0.28125 C 3.703125 0.28125 4.296875 -0.046875 4.890625 -0.875 L 4.890625 0 Z "/>
</symbol>
<symbol overflow="visible" id="glyph0-14">
<path style="stroke:none;" d="M 5.25 -4.53125 C 5.25 -5.765625 4.421875 -6.46875 2.96875 -6.46875 C 1.515625 -6.46875 0.5625 -5.71875 0.5625 -4.546875 C 0.5625 -3.5625 1.0625 -3.09375 2.5625 -2.734375 L 3.484375 -2.515625 C 4.1875 -2.34375 4.46875 -2.09375 4.46875 -1.625 C 4.46875 -1.046875 3.875 -0.640625 3 -0.640625 C 2.453125 -0.640625 2 -0.796875 1.75 -1.0625 C 1.59375 -1.25 1.53125 -1.421875 1.46875 -1.875 L 0.40625 -1.875 C 0.453125 -0.421875 1.265625 0.28125 2.921875 0.28125 C 4.5 0.28125 5.515625 -0.5 5.515625 -1.71875 C 5.515625 -2.65625 4.984375 -3.171875 3.734375 -3.46875 L 2.765625 -3.703125 C 1.953125 -3.890625 1.609375 -4.15625 1.609375 -4.59375 C 1.609375 -5.171875 2.125 -5.546875 2.9375 -5.546875 C 3.75 -5.546875 4.171875 -5.203125 4.203125 -4.53125 Z "/>
</symbol>
<symbol overflow="visible" id="glyph0-15">
<path style="stroke:none;" d="M 1.109375 2.546875 C 2.3125 0.96875 3.078125 -1.21875 3.078125 -3.09375 C 3.078125 -4.984375 2.3125 -7.171875 1.109375 -8.75 L 0.453125 -8.75 C 1.515625 -7.03125 2.09375 -5.015625 2.09375 -3.09375 C 2.09375 -1.1875 1.515625 0.84375 0.453125 2.546875 Z "/>
</symbol>
<symbol overflow="visible" id="glyph0-16">
<path style="stroke:none;" d="M 2.65625 -3.90625 L 3.234375 -3.90625 C 4.390625 -3.90625 4.984375 -3.390625 4.984375 -2.359375 C 4.984375 -1.296875 4.328125 -0.65625 3.234375 -0.65625 C 2.078125 -0.65625 1.515625 -1.234375 1.4375 -2.46875 L 0.390625 -2.46875 C 0.4375 -1.78125 0.546875 -1.34375 0.75 -0.953125 C 1.1875 -0.140625 2.03125 0.28125 3.1875 0.28125 C 4.9375 0.28125 6.078125 -0.765625 6.078125 -2.375 C 6.078125 -3.453125 5.65625 -4.0625 4.625 -4.40625 C 5.421875 -4.71875 5.8125 -5.3125 5.8125 -6.171875 C 5.8125 -7.625 4.84375 -8.515625 3.234375 -8.515625 C 1.515625 -8.515625 0.59375 -7.578125 0.5625 -5.765625 L 1.625 -5.765625 C 1.625 -6.28125 1.6875 -6.5625 1.8125 -6.828125 C 2.046875 -7.296875 2.578125 -7.578125 3.234375 -7.578125 C 4.171875 -7.578125 4.734375 -7.03125 4.734375 -6.125 C 4.734375 -5.53125 4.53125 -5.171875 4.0625 -4.984375 C 3.765625 -4.859375 3.390625 -4.8125 2.65625 -4.796875 Z "/>
</symbol>
<symbol overflow="visible" id="glyph1-0">
<path style="stroke:none;" d=""/>
</symbol>
<symbol overflow="visible" id="glyph1-1">
<path style="stroke:none;" d="M -8.515625 -3.296875 C -8.515625 -2.515625 -8.15625 -1.78125 -7.578125 -1.34375 C -6.828125 -0.796875 -5.6875 -0.515625 -4.109375 -0.515625 C -1.25 -0.515625 0.28125 -1.46875 0.28125 -3.296875 C 0.28125 -5.09375 -1.25 -6.078125 -4.046875 -6.078125 C -5.703125 -6.078125 -6.796875 -5.8125 -7.578125 -5.25 C -8.171875 -4.8125 -8.515625 -4.109375 -8.515625 -3.296875 Z M -7.578125 -3.296875 C -7.578125 -4.4375 -6.421875 -5 -4.140625 -5 C -1.734375 -5 -0.59375 -4.453125 -0.59375 -3.28125 C -0.59375 -2.15625 -1.78125 -1.59375 -4.109375 -1.59375 C -6.4375 -1.59375 -7.578125 -2.15625 -7.578125 -3.296875 Z "/>
</symbol>
<symbol overflow="visible" id="glyph1-2">
<path style="stroke:none;" d="M -8.515625 -5.71875 L -8.515625 -1.3125 L -3.875 -0.6875 L -3.875 -1.65625 C -4.46875 -2.140625 -4.671875 -2.5625 -4.671875 -3.21875 C -4.671875 -4.359375 -3.890625 -5.078125 -2.625 -5.078125 C -1.40625 -5.078125 -0.65625 -4.375 -0.65625 -3.21875 C -0.65625 -2.296875 -1.125 -1.734375 -2.09375 -1.46875 L -2.09375 -0.421875 C -1.390625 -0.5625 -1.0625 -0.6875 -0.75 -0.9375 C -0.09375 -1.421875 0.28125 -2.28125 0.28125 -3.234375 C 0.28125 -4.953125 -0.96875 -6.15625 -2.765625 -6.15625 C -4.453125 -6.15625 -5.609375 -5.046875 -5.609375 -3.40625 C -5.609375 -2.8125 -5.453125 -2.328125 -5.09375 -1.84375 L -7.46875 -2.171875 L -7.46875 -5.71875 Z "/>
</symbol>
<symbol overflow="visible" id="glyph1-3">
<path style="stroke:none;" d="M -6.0625 -3.109375 L 0 -3.109375 L 0 -4.15625 L -8.515625 -4.15625 L -8.515625 -3.46875 C -7.203125 -3.09375 -7.015625 -2.859375 -6.8125 -1.21875 L -6.0625 -1.21875 Z "/>
</symbol>
<symbol overflow="visible" id="glyph1-4">
<path style="stroke:none;" d="M -1.046875 -6.078125 L -1.046875 -1.59375 C -1.734375 -1.703125 -2.1875 -2.09375 -2.796875 -3.125 L -3.4375 -4.328125 C -4.09375 -5.515625 -4.96875 -6.125 -6.015625 -6.125 C -6.71875 -6.125 -7.375 -5.84375 -7.84375 -5.34375 C -8.296875 -4.84375 -8.515625 -4.21875 -8.515625 -3.40625 C -8.515625 -2.328125 -8.125 -1.53125 -7.40625 -1.0625 C -6.953125 -0.75 -6.421875 -0.625 -5.5625 -0.59375 L -5.5625 -1.65625 C -6.125 -1.6875 -6.484375 -1.765625 -6.75 -1.90625 C -7.265625 -2.1875 -7.578125 -2.734375 -7.578125 -3.375 C -7.578125 -4.328125 -6.90625 -5.046875 -5.984375 -5.046875 C -5.3125 -5.046875 -4.734375 -4.65625 -4.3125 -3.90625 L -3.6875 -2.796875 C -2.671875 -1.015625 -1.875 -0.5 0 -0.40625 L 0 -6.078125 Z "/>
</symbol>
<symbol overflow="visible" id="glyph1-5">
<path style="stroke:none;" d="M -8.75 -2.078125 L -8.75 -0.953125 L 0 -0.953125 L 0 -6.390625 L -0.984375 -6.390625 L -0.984375 -2.078125 Z "/>
</symbol>
<symbol overflow="visible" id="glyph1-6">
<path style="stroke:none;" d="M -0.59375 -6.421875 C -0.5625 -6.3125 -0.5625 -6.265625 -0.5625 -6.203125 C -0.5625 -5.859375 -0.75 -5.65625 -1.0625 -5.65625 L -4.75 -5.65625 C -5.875 -5.65625 -6.46875 -4.84375 -6.46875 -3.296875 C -6.46875 -2.390625 -6.203125 -1.625 -5.734375 -1.21875 C -5.40625 -0.921875 -5.046875 -0.796875 -4.421875 -0.78125 L -4.421875 -1.78125 C -5.203125 -1.875 -5.546875 -2.328125 -5.546875 -3.265625 C -5.546875 -4.15625 -5.203125 -4.671875 -4.609375 -4.671875 L -4.34375 -4.671875 C -3.921875 -4.671875 -3.75 -4.421875 -3.640625 -3.625 C -3.46875 -2.203125 -3.421875 -1.984375 -3.265625 -1.609375 C -2.96875 -0.875 -2.40625 -0.5 -1.578125 -0.5 C -0.4375 -0.5 0.28125 -1.296875 0.28125 -2.5625 C 0.28125 -3.359375 0 -4 -0.640625 -4.703125 C -0.015625 -4.78125 0.28125 -5.09375 0.28125 -5.734375 C 0.28125 -5.9375 0.25 -6.09375 0.171875 -6.421875 Z M -1.984375 -4.671875 C -1.640625 -4.671875 -1.4375 -4.578125 -1.15625 -4.265625 C -0.796875 -3.859375 -0.59375 -3.375 -0.59375 -2.78125 C -0.59375 -2 -0.96875 -1.546875 -1.609375 -1.546875 C -2.265625 -1.546875 -2.609375 -1.984375 -2.765625 -3.0625 C -2.90625 -4.109375 -2.953125 -4.328125 -3.109375 -4.671875 Z "/>
</symbol>
<symbol overflow="visible" id="glyph1-7">
<path style="stroke:none;" d="M -6.28125 -3.046875 L -6.28125 -2.015625 L -8.015625 -2.015625 L -8.015625 -1.015625 L -6.28125 -1.015625 L -6.28125 -0.171875 L -5.46875 -0.171875 L -5.46875 -1.015625 L -0.71875 -1.015625 C -0.078125 -1.015625 0.28125 -1.453125 0.28125 -2.234375 C 0.28125 -2.46875 0.25 -2.71875 0.1875 -3.046875 L -0.640625 -3.046875 C -0.609375 -2.921875 -0.59375 -2.765625 -0.59375 -2.5625 C -0.59375 -2.140625 -0.71875 -2.015625 -1.15625 -2.015625 L -5.46875 -2.015625 L -5.46875 -3.046875 Z "/>
</symbol>
<symbol overflow="visible" id="glyph1-8">
<path style="stroke:none;" d="M -2.8125 -6.15625 C -3.765625 -6.15625 -4.34375 -6.078125 -4.8125 -5.90625 C -5.84375 -5.5 -6.46875 -4.53125 -6.46875 -3.359375 C -6.46875 -1.609375 -5.125 -0.484375 -3.0625 -0.484375 C -1 -0.484375 0.28125 -1.578125 0.28125 -3.34375 C 0.28125 -4.78125 -0.546875 -5.765625 -1.90625 -6.03125 L -1.90625 -5.015625 C -1.078125 -4.734375 -0.640625 -4.171875 -0.640625 -3.375 C -0.640625 -2.734375 -0.9375 -2.203125 -1.46875 -1.859375 C -1.828125 -1.625 -2.1875 -1.53125 -2.8125 -1.53125 Z M -3.625 -1.546875 C -4.78125 -1.625 -5.546875 -2.34375 -5.546875 -3.34375 C -5.546875 -4.328125 -4.734375 -5.09375 -3.703125 -5.09375 C -3.671875 -5.09375 -3.640625 -5.09375 -3.625 -5.078125 Z "/>
</symbol>
<symbol overflow="visible" id="glyph1-9">
<path style="stroke:none;" d="M -6.28125 -0.84375 L 0 -0.84375 L 0 -1.84375 L -3.46875 -1.84375 C -4.75 -1.84375 -5.59375 -2.515625 -5.59375 -3.546875 C -5.59375 -4.34375 -5.109375 -4.84375 -4.359375 -4.84375 L 0 -4.84375 L 0 -5.84375 L -4.75 -5.84375 C -5.796875 -5.84375 -6.46875 -5.0625 -6.46875 -3.859375 C -6.46875 -2.921875 -6.109375 -2.3125 -5.234375 -1.765625 L -6.28125 -1.765625 Z "/>
</symbol>
<symbol overflow="visible" id="glyph1-10">
<path style="stroke:none;" d="M -4.171875 -5.65625 C -4.78125 -5.609375 -5.1875 -5.46875 -5.53125 -5.234375 C -6.125 -4.796875 -6.46875 -4.046875 -6.46875 -3.171875 C -6.46875 -1.46875 -5.125 -0.375 -3.03125 -0.375 C -1.015625 -0.375 0.28125 -1.453125 0.28125 -3.15625 C 0.28125 -4.65625 -0.625 -5.609375 -2.15625 -5.71875 L -2.15625 -4.71875 C -1.15625 -4.546875 -0.640625 -4.03125 -0.640625 -3.1875 C -0.640625 -2.078125 -1.546875 -1.421875 -3.03125 -1.421875 C -4.609375 -1.421875 -5.546875 -2.0625 -5.546875 -3.15625 C -5.546875 -4 -5.046875 -4.53125 -4.171875 -4.640625 Z "/>
</symbol>
<symbol overflow="visible" id="glyph1-11">
<path style="stroke:none;" d="M -6.28125 -4.65625 L -1.390625 -2.921875 L -6.28125 -1.3125 L -6.28125 -0.234375 L 0.03125 -2.359375 L 1.015625 -1.984375 C 1.46875 -1.828125 1.625 -1.59375 1.625 -1.171875 C 1.625 -1.03125 1.609375 -0.859375 1.5625 -0.640625 L 2.453125 -0.640625 C 2.5625 -0.859375 2.609375 -1.0625 2.609375 -1.3125 C 2.609375 -1.640625 2.515625 -1.984375 2.3125 -2.25 C 2.09375 -2.5625 1.828125 -2.75 1.3125 -2.9375 L -6.28125 -5.734375 Z "/>
</symbol>
<symbol overflow="visible" id="glyph1-12">
<path style="stroke:none;" d=""/>
</symbol>
<symbol overflow="visible" id="glyph1-13">
<path style="stroke:none;" d="M -8.75 -2.828125 C -7.171875 -1.625 -4.984375 -0.875 -3.109375 -0.875 C -1.21875 -0.875 0.96875 -1.625 2.546875 -2.828125 L 2.546875 -3.484375 C 0.828125 -2.4375 -1.1875 -1.84375 -3.109375 -1.84375 C -5.015625 -1.84375 -7.046875 -2.4375 -8.75 -3.484375 Z "/>
</symbol>
<symbol overflow="visible" id="glyph1-14">
<path style="stroke:none;" d="M -6.28125 -0.84375 L 0 -0.84375 L 0 -1.84375 L -3.953125 -1.84375 C -4.859375 -1.84375 -5.59375 -2.515625 -5.59375 -3.328125 C -5.59375 -4.0625 -5.140625 -4.484375 -4.328125 -4.484375 L 0 -4.484375 L 0 -5.5 L -3.953125 -5.5 C -4.859375 -5.5 -5.59375 -6.15625 -5.59375 -6.96875 C -5.59375 -7.703125 -5.125 -8.140625 -4.328125 -8.140625 L 0 -8.140625 L 0 -9.140625 L -4.71875 -9.140625 C -5.84375 -9.140625 -6.46875 -8.5 -6.46875 -7.3125 C -6.46875 -6.484375 -6.21875 -5.96875 -5.515625 -5.390625 C -6.1875 -5.015625 -6.46875 -4.515625 -6.46875 -3.703125 C -6.46875 -2.859375 -6.15625 -2.296875 -5.40625 -1.765625 L -6.28125 -1.765625 Z "/>
</symbol>
<symbol overflow="visible" id="glyph1-15">
<path style="stroke:none;" d="M -4.53125 -5.25 C -5.765625 -5.25 -6.46875 -4.421875 -6.46875 -2.96875 C -6.46875 -1.515625 -5.71875 -0.5625 -4.546875 -0.5625 C -3.5625 -0.5625 -3.09375 -1.0625 -2.734375 -2.5625 L -2.515625 -3.484375 C -2.34375 -4.1875 -2.09375 -4.46875 -1.625 -4.46875 C -1.046875 -4.46875 -0.640625 -3.875 -0.640625 -3 C -0.640625 -2.453125 -0.796875 -2 -1.0625 -1.75 C -1.25 -1.59375 -1.421875 -1.53125 -1.875 -1.46875 L -1.875 -0.40625 C -0.421875 -0.453125 0.28125 -1.265625 0.28125 -2.921875 C 0.28125 -4.5 -0.5 -5.515625 -1.71875 -5.515625 C -2.65625 -5.515625 -3.171875 -4.984375 -3.46875 -3.734375 L -3.703125 -2.765625 C -3.890625 -1.953125 -4.15625 -1.609375 -4.59375 -1.609375 C -5.171875 -1.609375 -5.546875 -2.125 -5.546875 -2.9375 C -5.546875 -3.75 -5.203125 -4.171875 -4.53125 -4.203125 Z "/>
</symbol>
<symbol overflow="visible" id="glyph1-16">
<path style="stroke:none;" d="M 2.546875 -1.109375 C 0.96875 -2.3125 -1.21875 -3.078125 -3.09375 -3.078125 C -4.984375 -3.078125 -7.171875 -2.3125 -8.75 -1.109375 L -8.75 -0.453125 C -7.03125 -1.515625 -5.015625 -2.09375 -3.09375 -2.09375 C -1.1875 -2.09375 0.84375 -1.515625 2.546875 -0.453125 Z "/>
</symbol>
<symbol overflow="visible" id="glyph2-0">
<path style="stroke:none;" d=""/>
</symbol>
<symbol overflow="visible" id="glyph2-1">
<path style="stroke:none;" d="M 9.578125 -1.484375 C 10.28125 -2.34375 10.734375 -3.78125 10.734375 -5.203125 C 10.734375 -6.734375 10.1875 -8.21875 9.265625 -9.21875 C 8.359375 -10.203125 7.171875 -10.671875 5.671875 -10.671875 C 4.171875 -10.671875 3 -10.203125 2.09375 -9.21875 C 1.171875 -8.21875 0.625 -6.734375 0.625 -5.171875 C 0.625 -3.59375 1.171875 -2.125 2.09375 -1.125 C 3 -0.140625 4.1875 0.328125 5.671875 0.328125 C 6.75 0.328125 7.5625 0.109375 8.40625 -0.390625 L 9.640625 0.78125 L 10.734375 -0.390625 Z M 6.921875 -4 L 5.8125 -2.84375 L 6.921875 -1.78125 C 6.59375 -1.609375 6.125 -1.515625 5.65625 -1.515625 C 3.9375 -1.515625 2.78125 -2.96875 2.78125 -5.171875 C 2.78125 -7.375 3.9375 -8.828125 5.671875 -8.828125 C 7.4375 -8.828125 8.578125 -7.390625 8.578125 -5.15625 C 8.578125 -4.296875 8.40625 -3.515625 8.09375 -2.875 Z "/>
</symbol>
<symbol overflow="visible" id="glyph2-2">
<path style="stroke:none;" d="M 7.796875 0 L 7.796875 -7.78125 L 5.78125 -7.78125 L 5.78125 -2.90625 C 5.78125 -1.984375 5.125 -1.390625 4.15625 -1.390625 C 3.28125 -1.390625 2.859375 -1.84375 2.859375 -2.78125 L 2.859375 -7.78125 L 0.828125 -7.78125 L 0.828125 -2.359375 C 0.828125 -0.640625 1.78125 0.328125 3.4375 0.328125 C 4.5 0.328125 5.203125 -0.0625 5.78125 -0.921875 L 5.78125 0 Z "/>
</symbol>
<symbol overflow="visible" id="glyph2-3">
<path style="stroke:none;" d="M 2.984375 -7.78125 L 0.96875 -7.78125 L 0.96875 0 L 2.984375 0 Z M 2.984375 -10.5 L 0.96875 -10.5 L 0.96875 -8.703125 L 2.984375 -8.703125 Z "/>
</symbol>
<symbol overflow="visible" id="glyph2-4">
<path style="stroke:none;" d="M 6.609375 -7.78125 L 0.5625 -7.78125 L 0.5625 -6.15625 L 4.15625 -6.15625 L 0.296875 -1.625 L 0.296875 0 L 6.734375 0 L 6.734375 -1.625 L 2.796875 -1.625 L 6.609375 -6.15625 Z "/>
</symbol>
<symbol overflow="visible" id="glyph2-5">
<path style="stroke:none;" d=""/>
</symbol>
<symbol overflow="visible" id="glyph2-6">
<path style="stroke:none;" d="M 2.921875 -10.5 C 1.265625 -8.015625 0.578125 -6.015625 0.578125 -3.8125 C 0.578125 -1.59375 1.265625 0.390625 2.921875 2.875 L 4.359375 2.875 C 2.84375 -0.09375 2.34375 -1.703125 2.34375 -3.8125 C 2.34375 -5.921875 2.84375 -7.5625 4.359375 -10.5 Z "/>
</symbol>
<symbol overflow="visible" id="glyph2-7">
<path style="stroke:none;" d="M 3.421875 -7.046875 L 3.421875 0 L 5.453125 0 L 5.453125 -10.21875 L 4.109375 -10.21875 C 3.78125 -9 2.734375 -8.390625 0.984375 -8.390625 L 0.984375 -7.046875 Z "/>
</symbol>
<symbol overflow="visible" id="glyph2-8">
<path style="stroke:none;" d="M 3.9375 -10.4375 C 2.84375 -10.4375 1.90625 -9.96875 1.28125 -9.125 C 0.6875 -8.328125 0.421875 -7.015625 0.421875 -5.046875 C 0.421875 -3.234375 0.65625 -1.953125 1.140625 -1.1875 C 1.75 -0.21875 2.734375 0.328125 3.9375 0.328125 C 5.046875 0.328125 5.953125 -0.109375 6.578125 -0.984375 C 7.15625 -1.75 7.453125 -3.078125 7.453125 -4.984375 C 7.453125 -6.859375 7.21875 -8.125 6.734375 -8.921875 C 6.125 -9.890625 5.125 -10.4375 3.9375 -10.4375 Z M 3.9375 -8.796875 C 4.453125 -8.796875 4.875 -8.515625 5.109375 -7.984375 C 5.3125 -7.546875 5.4375 -6.421875 5.4375 -5.03125 C 5.4375 -3.890625 5.3125 -2.734375 5.171875 -2.328125 C 4.9375 -1.734375 4.515625 -1.390625 3.9375 -1.390625 C 3.40625 -1.390625 3 -1.671875 2.75 -2.1875 C 2.546875 -2.625 2.4375 -3.703125 2.4375 -5.0625 C 2.4375 -6.25 2.546875 -7.421875 2.6875 -7.84375 C 2.921875 -8.453125 3.359375 -8.796875 3.9375 -8.796875 Z "/>
</symbol>
<symbol overflow="visible" id="glyph2-9">
<path style="stroke:none;" d="M 7.265625 -10.5 L 7.265625 -3.390625 C 7.265625 -2.125 6.609375 -1.515625 5.265625 -1.515625 C 3.90625 -1.515625 3.25 -2.125 3.25 -3.390625 L 3.25 -10.5 L 1.09375 -10.5 L 1.09375 -3.390625 C 1.09375 -2.203125 1.40625 -1.375 2.125 -0.734375 C 2.875 -0.046875 3.984375 0.328125 5.265625 0.328125 C 6.53125 0.328125 7.640625 -0.046875 8.40625 -0.734375 C 9.109375 -1.375 9.421875 -2.203125 9.421875 -3.390625 L 9.421875 -10.5 Z "/>
</symbol>
<symbol overflow="visible" id="glyph2-10">
<path style="stroke:none;" d="M 7.28125 -5.265625 C 7.25 -6.921875 5.984375 -7.90625 3.890625 -7.90625 C 1.921875 -7.90625 0.6875 -6.921875 0.6875 -5.3125 C 0.6875 -4.796875 0.84375 -4.34375 1.125 -4.046875 C 1.390625 -3.78125 1.640625 -3.640625 2.390625 -3.40625 L 4.796875 -2.65625 C 5.296875 -2.5 5.46875 -2.328125 5.46875 -2.015625 C 5.46875 -1.546875 4.90625 -1.25 3.96875 -1.25 C 3.453125 -1.25 3.046875 -1.359375 2.78125 -1.53125 C 2.5625 -1.6875 2.484375 -1.84375 2.390625 -2.265625 L 0.421875 -2.265625 C 0.46875 -0.5625 1.734375 0.328125 4.09375 0.328125 C 5.171875 0.328125 6 0.09375 6.5625 -0.359375 C 7.140625 -0.828125 7.484375 -1.546875 7.484375 -2.3125 C 7.484375 -3.3125 6.984375 -3.96875 5.96875 -4.265625 L 3.421875 -5 C 2.859375 -5.171875 2.703125 -5.28125 2.703125 -5.609375 C 2.703125 -6.03125 3.171875 -6.328125 3.875 -6.328125 C 4.84375 -6.328125 5.3125 -5.984375 5.328125 -5.265625 Z "/>
</symbol>
<symbol overflow="visible" id="glyph2-11">
<path style="stroke:none;" d="M 7.546875 -3.25 C 7.5625 -3.421875 7.5625 -3.5 7.5625 -3.59375 C 7.5625 -4.375 7.453125 -5.09375 7.265625 -5.640625 C 6.734375 -7.0625 5.484375 -7.90625 3.921875 -7.90625 C 1.6875 -7.90625 0.3125 -6.296875 0.3125 -3.6875 C 0.3125 -1.203125 1.671875 0.328125 3.875 0.328125 C 5.625 0.328125 7.03125 -0.65625 7.484375 -2.1875 L 5.484375 -2.1875 C 5.25 -1.5625 4.6875 -1.203125 3.953125 -1.203125 C 3.375 -1.203125 2.90625 -1.453125 2.625 -1.890625 C 2.4375 -2.171875 2.359375 -2.515625 2.328125 -3.25 Z M 2.359375 -4.59375 C 2.5 -5.78125 3 -6.375 3.890625 -6.375 C 4.390625 -6.375 4.859375 -6.125 5.140625 -5.71875 C 5.328125 -5.4375 5.421875 -5.125 5.453125 -4.59375 Z "/>
</symbol>
<symbol overflow="visible" id="glyph2-12">
<path style="stroke:none;" d="M 0.90625 -7.78125 L 0.90625 0 L 2.921875 0 L 2.921875 -4.140625 C 2.921875 -5.3125 3.515625 -5.90625 4.703125 -5.90625 C 4.90625 -5.90625 5.0625 -5.890625 5.328125 -5.84375 L 5.328125 -7.890625 C 5.21875 -7.90625 5.140625 -7.90625 5.078125 -7.90625 C 4.15625 -7.90625 3.359375 -7.296875 2.921875 -6.25 L 2.921875 -7.78125 Z "/>
</symbol>
<symbol overflow="visible" id="glyph2-13">
<path style="stroke:none;" d="M 1.75 2.875 C 3.421875 0.390625 4.109375 -1.59375 4.109375 -3.796875 C 4.109375 -6.015625 3.421875 -8.015625 1.75 -10.5 L 0.3125 -10.5 C 1.84375 -7.53125 2.328125 -5.921875 2.328125 -3.796875 C 2.328125 -1.703125 1.84375 -0.0625 0.3125 2.875 Z "/>
</symbol>
</g>
</defs>
<g id="surface1">
<rect x="0" y="0" width="576" height="432" style="fill:rgb(100%,100%,100%);fill-opacity:1;stroke:none;"/>
<path style=" stroke:none;fill-rule:nonzero;fill:rgb(100%,100%,100%);fill-opacity:1;" d="M 88.332031 340.140625 L 178.464844 340.140625 L 178.464844 326.757812 L 88.332031 326.757812 Z "/>
<path style="fill:none;stroke-width:2.25;stroke-linecap:butt;stroke-linejoin:round;stroke:rgb(0%,0%,0%);stroke-opacity:1;stroke-miterlimit:10;" d="M 88.332031 335.824219 L 178.464844 335.824219 "/>
<path style="fill:none;stroke-width:0.75;stroke-linecap:round;stroke-linejoin:round;stroke:rgb(0%,0%,0%);stroke-opacity:1;stroke-dasharray:3,3;stroke-miterlimit:10;" d="M 133.398438 347.253906 L 133.398438 340.140625 "/>
<path style="fill:none;stroke-width:0.75;stroke-linecap:round;stroke-linejoin:round;stroke:rgb(0%,0%,0%);stroke-opacity:1;stroke-dasharray:3,3;stroke-miterlimit:10;" d="M 133.398438 308.335938 L 133.398438 326.757812 "/>
<path style="fill:none;stroke-width:0.75;stroke-linecap:round;stroke-linejoin:round;stroke:rgb(0%,0%,0%);stroke-opacity:1;stroke-miterlimit:10;" d="M 110.867188 347.253906 L 155.933594 347.253906 "/>
<path style="fill:none;stroke-width:0.75;stroke-linecap:round;stroke-linejoin:round;stroke:rgb(0%,0%,0%);stroke-opacity:1;stroke-miterlimit:10;" d="M 110.867188 308.335938 L 155.933594 308.335938 "/>
<path style="fill:none;stroke-width:0.75;stroke-linecap:round;stroke-linejoin:round;stroke:rgb(0%,0%,0%);stroke-opacity:1;stroke-miterlimit:10;" d="M 88.332031 340.140625 L 178.464844 340.140625 L 178.464844 326.757812 L 88.332031 326.757812 L 88.332031 340.140625 "/>
<path style=" stroke:none;fill-rule:nonzero;fill:rgb(100%,100%,100%);fill-opacity:1;" d="M 201 337.316406 L 291.132812 337.316406 L 291.132812 304.691406 L 201 304.691406 Z "/>
<path style="fill:none;stroke-width:2.25;stroke-linecap:butt;stroke-linejoin:round;stroke:rgb(0%,0%,0%);stroke-opacity:1;stroke-miterlimit:10;" d="M 201 326.785156 L 291.132812 326.785156 "/>
<path style="fill:none;stroke-width:0.75;stroke-linecap:round;stroke-linejoin:round;stroke:rgb(0%,0%,0%);stroke-opacity:1;stroke-dasharray:3,3;stroke-miterlimit:10;" d="M 246.066406 347.464844 L 246.066406 337.316406 "/>
<path style="fill:none;stroke-width:0.75;stroke-linecap:round;stroke-linejoin:round;stroke:rgb(0%,0%,0%);stroke-opacity:1;stroke-dasharray:3,3;stroke-miterlimit:10;" d="M 246.066406 255.992188 L 246.066406 304.691406 "/>
<path style="fill:none;stroke-width:0.75;stroke-linecap:round;stroke-linejoin:round;stroke:rgb(0%,0%,0%);stroke-opacity:1;stroke-miterlimit:10;" d="M 223.535156 347.464844 L 268.601562 347.464844 "/>
<path style="fill:none;stroke-width:0.75;stroke-linecap:round;stroke-linejoin:round;stroke:rgb(0%,0%,0%);stroke-opacity:1;stroke-miterlimit:10;" d="M 223.535156 255.992188 L 268.601562 255.992188 "/>
<path style="fill:none;stroke-width:0.75;stroke-linecap:round;stroke-linejoin:round;stroke:rgb(0%,0%,0%);stroke-opacity:1;stroke-miterlimit:10;" d="M 201 337.316406 L 291.132812 337.316406 L 291.132812 304.691406 L 201 304.691406 L 201 337.316406 "/>
<path style=" stroke:none;fill-rule:nonzero;fill:rgb(100%,100%,100%);fill-opacity:1;" d="M 313.667969 328.792969 L 403.800781 328.792969 L 403.800781 225.058594 L 313.667969 225.058594 Z "/>
<path style="fill:none;stroke-width:2.25;stroke-linecap:butt;stroke-linejoin:round;stroke:rgb(0%,0%,0%);stroke-opacity:1;stroke-miterlimit:10;" d="M 313.667969 287.957031 L 403.800781 287.957031 "/>
<path style="fill:none;stroke-width:0.75;stroke-linecap:round;stroke-linejoin:round;stroke:rgb(0%,0%,0%);stroke-opacity:1;stroke-dasharray:3,3;stroke-miterlimit:10;" d="M 358.734375 347.464844 L 358.734375 328.792969 "/>
<path style="fill:none;stroke-width:0.75;stroke-linecap:round;stroke-linejoin:round;stroke:rgb(0%,0%,0%);stroke-opacity:1;stroke-dasharray:3,3;stroke-miterlimit:10;" d="M 358.734375 70.132812 L 358.734375 225.058594 "/>
<path style="fill:none;stroke-width:0.75;stroke-linecap:round;stroke-linejoin:round;stroke:rgb(0%,0%,0%);stroke-opacity:1;stroke-miterlimit:10;" d="M 336.199219 347.464844 L 381.265625 347.464844 "/>
<path style="fill:none;stroke-width:0.75;stroke-linecap:round;stroke-linejoin:round;stroke:rgb(0%,0%,0%);stroke-opacity:1;stroke-miterlimit:10;" d="M 336.199219 70.132812 L 381.265625 70.132812 "/>
<path style="fill:none;stroke-width:0.75;stroke-linecap:round;stroke-linejoin:round;stroke:rgb(0%,0%,0%);stroke-opacity:1;stroke-miterlimit:10;" d="M 313.667969 328.792969 L 403.800781 328.792969 L 403.800781 225.058594 L 313.667969 225.058594 L 313.667969 328.792969 "/>
<path style=" stroke:none;fill-rule:nonzero;fill:rgb(100%,100%,100%);fill-opacity:1;" d="M 426.332031 331.863281 L 516.464844 331.863281 L 516.464844 255.34375 L 426.332031 255.34375 Z "/>
<path style="fill:none;stroke-width:2.25;stroke-linecap:butt;stroke-linejoin:round;stroke:rgb(0%,0%,0%);stroke-opacity:1;stroke-miterlimit:10;" d="M 426.332031 313.089844 L 516.464844 313.089844 "/>
<path style="fill:none;stroke-width:0.75;stroke-linecap:round;stroke-linejoin:round;stroke:rgb(0%,0%,0%);stroke-opacity:1;stroke-dasharray:3,3;stroke-miterlimit:10;" d="M 471.398438 347.441406 L 471.398438 331.863281 "/>
<path style="fill:none;stroke-width:0.75;stroke-linecap:round;stroke-linejoin:round;stroke:rgb(0%,0%,0%);stroke-opacity:1;stroke-dasharray:3,3;stroke-miterlimit:10;" d="M 471.398438 145.144531 L 471.398438 255.34375 "/>
<path style="fill:none;stroke-width:0.75;stroke-linecap:round;stroke-linejoin:round;stroke:rgb(0%,0%,0%);stroke-opacity:1;stroke-miterlimit:10;" d="M 448.867188 347.441406 L 493.933594 347.441406 "/>
<path style="fill:none;stroke-width:0.75;stroke-linecap:round;stroke-linejoin:round;stroke:rgb(0%,0%,0%);stroke-opacity:1;stroke-miterlimit:10;" d="M 448.867188 145.144531 L 493.933594 145.144531 "/>
<path style="fill:none;stroke-width:0.75;stroke-linecap:round;stroke-linejoin:round;stroke:rgb(0%,0%,0%);stroke-opacity:1;stroke-miterlimit:10;" d="M 426.332031 331.863281 L 516.464844 331.863281 L 516.464844 255.34375 L 426.332031 255.34375 L 426.332031 331.863281 "/>
<path style="fill:none;stroke-width:0.75;stroke-linecap:round;stroke-linejoin:round;stroke:rgb(0%,0%,0%);stroke-opacity:1;stroke-miterlimit:10;" d="M 133.398438 358.558594 L 471.398438 358.558594 "/>
<path style="fill:none;stroke-width:0.75;stroke-linecap:round;stroke-linejoin:round;stroke:rgb(0%,0%,0%);stroke-opacity:1;stroke-miterlimit:10;" d="M 133.398438 358.558594 L 133.398438 365.761719 "/>
<path style="fill:none;stroke-width:0.75;stroke-linecap:round;stroke-linejoin:round;stroke:rgb(0%,0%,0%);stroke-opacity:1;stroke-miterlimit:10;" d="M 246.066406 358.558594 L 246.066406 365.761719 "/>
<path style="fill:none;stroke-width:0.75;stroke-linecap:round;stroke-linejoin:round;stroke:rgb(0%,0%,0%);stroke-opacity:1;stroke-miterlimit:10;" d="M 358.734375 358.558594 L 358.734375 365.761719 "/>
<path style="fill:none;stroke-width:0.75;stroke-linecap:round;stroke-linejoin:round;stroke:rgb(0%,0%,0%);stroke-opacity:1;stroke-miterlimit:10;" d="M 471.398438 358.558594 L 471.398438 365.761719 "/>
<g style="fill:rgb(0%,0%,0%);fill-opacity:1;">
  <use xlink:href="#glyph0-1" x="77.398438" y="383.916016"/>
  <use xlink:href="#glyph0-2" x="84.070312" y="383.916016"/>
  <use xlink:href="#glyph0-3" x="87.40625" y="383.916016"/>
  <use xlink:href="#glyph0-4" x="90.742188" y="383.916016"/>
  <use xlink:href="#glyph0-5" x="94.738281" y="383.916016"/>
  <use xlink:href="#glyph0-6" x="101.410156" y="383.916016"/>
  <use xlink:href="#glyph0-7" x="108.082031" y="383.916016"/>
  <use xlink:href="#glyph0-8" x="111.417969" y="383.916016"/>
  <use xlink:href="#glyph0-6" x="118.089844" y="383.916016"/>
  <use xlink:href="#glyph0-9" x="124.761719" y="383.916016"/>
  <use xlink:href="#glyph0-2" x="131.433594" y="383.916016"/>
  <use xlink:href="#glyph0-10" x="134.769531" y="383.916016"/>
  <use xlink:href="#glyph0-11" x="138.765625" y="383.916016"/>
  <use xlink:href="#glyph0-12" x="145.4375" y="383.916016"/>
  <use xlink:href="#glyph0-2" x="152.109375" y="383.916016"/>
  <use xlink:href="#glyph0-13" x="155.445312" y="383.916016"/>
  <use xlink:href="#glyph0-14" x="162.117188" y="383.916016"/>
  <use xlink:href="#glyph0-8" x="168.117188" y="383.916016"/>
  <use xlink:href="#glyph0-4" x="174.789062" y="383.916016"/>
  <use xlink:href="#glyph0-14" x="178.785156" y="383.916016"/>
  <use xlink:href="#glyph0-15" x="184.785156" y="383.916016"/>
</g>
<g style="fill:rgb(0%,0%,0%);fill-opacity:1;">
  <use xlink:href="#glyph0-16" x="296.234375" y="383.916016"/>
  <use xlink:href="#glyph0-2" x="302.90625" y="383.916016"/>
  <use xlink:href="#glyph0-3" x="306.242188" y="383.916016"/>
  <use xlink:href="#glyph0-4" x="309.578125" y="383.916016"/>
  <use xlink:href="#glyph0-5" x="313.574219" y="383.916016"/>
  <use xlink:href="#glyph0-6" x="320.246094" y="383.916016"/>
  <use xlink:href="#glyph0-7" x="326.917969" y="383.916016"/>
  <use xlink:href="#glyph0-8" x="330.253906" y="383.916016"/>
  <use xlink:href="#glyph0-6" x="336.925781" y="383.916016"/>
  <use xlink:href="#glyph0-9" x="343.597656" y="383.916016"/>
  <use xlink:href="#glyph0-14" x="350.269531" y="383.916016"/>
  <use xlink:href="#glyph0-2" x="356.269531" y="383.916016"/>
  <use xlink:href="#glyph0-10" x="359.605469" y="383.916016"/>
  <use xlink:href="#glyph0-1" x="363.601562" y="383.916016"/>
  <use xlink:href="#glyph0-11" x="370.273438" y="383.916016"/>
  <use xlink:href="#glyph0-12" x="376.945312" y="383.916016"/>
  <use xlink:href="#glyph0-2" x="383.617188" y="383.916016"/>
  <use xlink:href="#glyph0-13" x="386.953125" y="383.916016"/>
  <use xlink:href="#glyph0-14" x="393.625" y="383.916016"/>
  <use xlink:href="#glyph0-8" x="399.625" y="383.916016"/>
  <use xlink:href="#glyph0-4" x="406.296875" y="383.916016"/>
  <use xlink:href="#glyph0-14" x="410.292969" y="383.916016"/>
  <use xlink:href="#glyph0-15" x="416.292969" y="383.916016"/>
</g>
<path style="fill:none;stroke-width:0.75;stroke-linecap:round;stroke-linejoin:round;stroke:rgb(0%,0%,0%);stroke-opacity:1;stroke-miterlimit:10;" d="M 59.039062 349.554688 L 59.039062 85.0625 "/>
<path style="fill:none;stroke-width:0.75;stroke-linecap:round;stroke-linejoin:round;stroke:rgb(0%,0%,0%);stroke-opacity:1;stroke-miterlimit:10;" d="M 59.039062 349.554688 L 51.839844 349.554688 "/>
<path style="fill:none;stroke-width:0.75;stroke-linecap:round;stroke-linejoin:round;stroke:rgb(0%,0%,0%);stroke-opacity:1;stroke-miterlimit:10;" d="M 59.039062 283.433594 L 51.839844 283.433594 "/>
<path style="fill:none;stroke-width:0.75;stroke-linecap:round;stroke-linejoin:round;stroke:rgb(0%,0%,0%);stroke-opacity:1;stroke-miterlimit:10;" d="M 59.039062 217.308594 L 51.839844 217.308594 "/>
<path style="fill:none;stroke-width:0.75;stroke-linecap:round;stroke-linejoin:round;stroke:rgb(0%,0%,0%);stroke-opacity:1;stroke-miterlimit:10;" d="M 59.039062 151.1875 L 51.839844 151.1875 "/>
<path style="fill:none;stroke-width:0.75;stroke-linecap:round;stroke-linejoin:round;stroke:rgb(0%,0%,0%);stroke-opacity:1;stroke-miterlimit:10;" d="M 59.039062 85.0625 L 51.839844 85.0625 "/>
<g style="fill:rgb(0%,0%,0%);fill-opacity:1;">
  <use xlink:href="#glyph1-1" x="41.197266" y="353.054688"/>
</g>
<g style="fill:rgb(0%,0%,0%);fill-opacity:1;">
  <use xlink:href="#glyph1-2" x="41.197266" y="296.933594"/>
  <use xlink:href="#glyph1-1" x="41.197266" y="290.261719"/>
  <use xlink:href="#glyph1-1" x="41.197266" y="283.589844"/>
  <use xlink:href="#glyph1-1" x="41.197266" y="276.917969"/>
</g>
<g style="fill:rgb(0%,0%,0%);fill-opacity:1;">
  <use xlink:href="#glyph1-3" x="41.197266" y="234.308594"/>
  <use xlink:href="#glyph1-1" x="41.197266" y="227.636719"/>
  <use xlink:href="#glyph1-1" x="41.197266" y="220.964844"/>
  <use xlink:href="#glyph1-1" x="41.197266" y="214.292969"/>
  <use xlink:href="#glyph1-1" x="41.197266" y="207.621094"/>
</g>
<g style="fill:rgb(0%,0%,0%);fill-opacity:1;">
  <use xlink:href="#glyph1-3" x="41.197266" y="168.1875"/>
  <use xlink:href="#glyph1-2" x="41.197266" y="161.515625"/>
  <use xlink:href="#glyph1-1" x="41.197266" y="154.84375"/>
  <use xlink:href="#glyph1-1" x="41.197266" y="148.171875"/>
  <use xlink:href="#glyph1-1" x="41.197266" y="141.5"/>
</g>
<g style="fill:rgb(0%,0%,0%);fill-opacity:1;">
  <use xlink:href="#glyph1-4" x="41.197266" y="102.0625"/>
  <use xlink:href="#glyph1-1" x="41.197266" y="95.390625"/>
  <use xlink:href="#glyph1-1" x="41.197266" y="88.71875"/>
  <use xlink:href="#glyph1-1" x="41.197266" y="82.046875"/>
  <use xlink:href="#glyph1-1" x="41.197266" y="75.375"/>
</g>
<g style="fill:rgb(0%,0%,0%);fill-opacity:1;">
  <use xlink:href="#glyph2-1" x="245.898438" y="34.116211"/>
  <use xlink:href="#glyph2-2" x="257.106445" y="34.116211"/>
  <use xlink:href="#glyph2-3" x="265.908203" y="34.116211"/>
  <use xlink:href="#glyph2-4" x="269.913086" y="34.116211"/>
  <use xlink:href="#glyph2-5" x="277.116211" y="34.116211"/>
  <use xlink:href="#glyph2-6" x="281.121094" y="34.116211"/>
  <use xlink:href="#glyph2-7" x="285.917969" y="34.116211"/>
  <use xlink:href="#glyph2-8" x="293.927734" y="34.116211"/>
  <use xlink:href="#glyph2-8" x="301.9375" y="34.116211"/>
  <use xlink:href="#glyph2-5" x="309.947266" y="34.116211"/>
  <use xlink:href="#glyph2-9" x="313.952148" y="34.116211"/>
  <use xlink:href="#glyph2-10" x="324.353516" y="34.116211"/>
  <use xlink:href="#glyph2-11" x="332.363281" y="34.116211"/>
  <use xlink:href="#glyph2-12" x="340.373047" y="34.116211"/>
  <use xlink:href="#glyph2-10" x="345.977539" y="34.116211"/>
  <use xlink:href="#glyph2-13" x="353.987305" y="34.116211"/>
</g>
<g style="fill:rgb(0%,0%,0%);fill-opacity:1;">
  <use xlink:href="#glyph1-5" x="12.396484" y="243.800781"/>
  <use xlink:href="#glyph1-6" x="12.396484" y="237.128906"/>
  <use xlink:href="#glyph1-7" x="12.396484" y="230.457031"/>
  <use xlink:href="#glyph1-8" x="12.396484" y="227.121094"/>
  <use xlink:href="#glyph1-9" x="12.396484" y="220.449219"/>
  <use xlink:href="#glyph1-10" x="12.396484" y="213.777344"/>
  <use xlink:href="#glyph1-11" x="12.396484" y="207.777344"/>
  <use xlink:href="#glyph1-12" x="12.396484" y="201.777344"/>
  <use xlink:href="#glyph1-13" x="12.396484" y="198.441406"/>
  <use xlink:href="#glyph1-14" x="12.396484" y="194.445312"/>
  <use xlink:href="#glyph1-15" x="12.396484" y="184.449219"/>
  <use xlink:href="#glyph1-16" x="12.396484" y="178.449219"/>
</g>
<path style="fill:none;stroke-width:0.75;stroke-linecap:round;stroke-linejoin:round;stroke:rgb(0%,0%,0%);stroke-opacity:1;stroke-miterlimit:10;" d="M 59.039062 358.558594 L 545.761719 358.558594 L 545.761719 59.039062 L 59.039062 59.039062 L 59.039062 358.558594 "/>
</g>
</svg>
