1386864616113,267,GET: Login (huba),200,OK,Thread Group 1-1,text,true,11533,229
1386864616113,328,GET: Login (tyll),200,OK,Thread Group 1-2,text,true,11533,260
1386864616152,289,GET: Login (sojo),200,OK,Thread Group 1-3,text,true,11533,219
1386864616369,195,GET: Login (raba),200,OK,Thread Group 1-4,text,true,11533,144
1386864616571,151,GET: Login (cach),200,OK,Thread Group 1-5,text,true,11533,97
1386864616768,274,GET: Login (guwa),200,OK,Thread Group 1-6,text,true,11533,153
1386864616971,244,GET: Login (nilu),200,OK,Thread Group 1-7,text,true,11533,149
1386864617175,217,GET: Login (calo),200,OK,Thread Group 1-8,text,true,11533,131
1386864617376,239,GET: Login (trca),200,OK,Thread Group 1-9,text,true,11533,158
1386864617582,278,GET: Login (gemo),200,OK,Thread Group 1-10,text,true,11533,181
1386864617780,257,GET: Login (wewe),200,OK,Thread Group 1-11,text,true,11533,148
1386864618186,807,GET: Login (juga),200,OK,Thread Group 1-13,text,true,11533,725
1386864617981,1012,GET: Login (sest),200,OK,Thread Group 1-12,text,true,11533,933
1386864618596,1439,GET: Login (daha),200,OK,Thread Group 1-15,text,true,11533,1361
1386864618793,1242,GET: Login (shbe),200,OK,Thread Group 1-16,text,true,11533,1166
1386864618397,1688,GET: Login (raha),200,OK,Thread Group 1-14,text,true,11533,1615
1386864619000,1085,GET: Login (amgr),200,OK,Thread Group 1-17,text,true,11533,1014
1386864619399,2548,GET: Login (cenu),200,OK,Thread Group 1-19,text,true,11533,2451
1386864619198,2749,GET: Login (maga),200,OK,Thread Group 1-18,text,true,11533,2657
1386864620614,1399,GET: Login (masm),200,OK,Thread Group 1-25,text,true,11533,1346
1386864620221,1841,GET: Login (bola),200,OK,Thread Group 1-23,text,true,11533,1741
1386864619609,2504,GET: Login (caph),200,OK,Thread Group 1-20,text,true,11533,2406
1386864620011,2212,GET: Login (jade),200,OK,Thread Group 1-22,text,true,11533,2153
1386864620412,1861,GET: Login (glbl),200,OK,Thread Group 1-24,text,true,11533,1771
1386864619811,2461,GET: Login (joch),200,OK,Thread Group 1-21,text,true,11533,2370
1386864621630,2403,GET: Login (gopa),200,OK,Thread Group 1-30,text,true,11533,2307
1386864620815,3220,GET: Login (jufe),200,OK,Thread Group 1-26,text,true,11533,3116
1386864621830,2304,GET: Login (maco),200,OK,Thread Group 1-31,text,true,11533,2244
1386864621228,2906,GET: Login (mawh),200,OK,Thread Group 1-28,text,true,11533,2840
1386864621025,3157,GET: Login (jehu),200,OK,Thread Group 1-27,text,true,11533,3051
1386864621424,2758,GET: Login (irmo),200,OK,Thread Group 1-29,text,true,11533,2654
1386864622030,2338,GET: Login (alto),200,OK,Thread Group 1-32,text,true,11533,2279
1386864622244,2249,GET: Login (evpa),200,OK,Thread Group 1-33,text,true,11533,2190
1386864622440,2368,GET: Login (flco),200,OK,Thread Group 1-34,text,true,11533,2313
1386864622644,2231,GET: Login (cogl),200,OK,Thread Group 1-35,text,true,11533,2180
1386864622840,2260,GET: Login (anba),200,OK,Thread Group 1-36,text,true,11533,2202
1386864623051,2391,GET: Login (tatr),200,OK,Thread Group 1-37,text,true,11533,2342
1386864623240,2511,GET: Login (mach),200,OK,Thread Group 1-38,text,true,11533,2414
1386864623441,2361,GET: Login (yvgr),200,OK,Thread Group 1-39,text,true,11533,2284
1386864623646,2348,GET: Login (elcu),200,OK,Thread Group 1-40,text,true,11533,2229
1386864623844,2418,GET: Login (dego),200,OK,Thread Group 1-41,text,true,11533,2361
1386864624042,2837,GET: Login (mica),200,OK,Thread Group 1-42,text,true,11533,2545
1386864624449,3217,GET: Login (kely),200,OK,Thread Group 1-44,text,true,11533,3115
1386864624243,3427,GET: Login (nahe),200,OK,Thread Group 1-43,text,true,11533,3319
1386864625050,3918,GET: Login (kava),200,OK,Thread Group 1-47,text,true,11533,3840
1386864624848,4176,GET: Login (dafo),200,OK,Thread Group 1-46,text,true,11533,4055
1386864624649,4378,GET: Login (thte),200,OK,Thread Group 1-45,text,true,11533,4252
1386864625246,3783,GET: Login (ligi),200,OK,Thread Group 1-48,text,true,11533,3659
1386864625655,4602,GET: Login (cada),200,OK,Thread Group 1-50,text,true,11533,4547
1386864626656,3652,GET: Login (rawa),200,OK,Thread Group 1-55,text,true,11533,3553
1386864625449,4859,GET: Login (agra),200,OK,Thread Group 1-49,text,true,11533,4755
1386864626861,3512,GET: Login (deke),200,OK,Thread Group 1-56,text,true,11533,3421
1386864625851,4522,GET: Login (albe),200,OK,Thread Group 1-51,text,true,11533,4426
1386864626255,4119,GET: Login (jafl),200,OK,Thread Group 1-53,text,true,11533,4032
1386864626458,3921,GET: Login (llfl),200,OK,Thread Group 1-54,text,true,11533,3831
1386864626053,4398,GET: Login (frma),200,OK,Thread Group 1-52,text,true,11533,4247
1386864627265,4050,GET: Login (defi),200,OK,Thread Group 1-58,text,true,11533,3978
1386864627058,4311,GET: Login (clad),200,OK,Thread Group 1-57,text,true,11533,4225
1386864627665,3712,GET: Login (mefi),200,OK,Thread Group 1-60,text,true,11533,3621
1386864627871,3511,GET: Login (mywa),200,OK,Thread Group 1-61,text,true,11533,3418
1386864627466,3917,GET: Login (boma),200,OK,Thread Group 1-59,text,true,11533,3818
1386864628072,3444,GET: Login (masi),200,OK,Thread Group 1-62,text,true,11533,3354
1386864628275,3582,GET: Login (emgu),200,OK,Thread Group 1-63,text,true,11533,3531
1386864628469,3548,GET: Login (mefig),200,OK,Thread Group 1-64,text,true,11533,3474
1386864628669,3398,GET: Login (roby),200,OK,Thread Group 1-65,text,true,11533,3285
1386864628875,3393,GET: Login (maca),200,OK,Thread Group 1-66,text,true,11533,3336
1386864629272,3380,GET: Login (kagr),200,OK,Thread Group 1-68,text,true,11533,3303
1386864629074,3578,GET: Login (cesc),200,OK,Thread Group 1-67,text,true,11533,3481
1386864629474,3512,GET: Login (viad),200,OK,Thread Group 1-69,text,true,11533,3426
1386864629675,3712,GET: Login (mamu),200,OK,Thread Group 1-70,text,true,11533,3621
1386864629875,3670,GET: Login (edma),200,OK,Thread Group 1-71,text,true,11533,3568
1386864630082,3568,GET: Login (viro),200,OK,Thread Group 1-72,text,true,11533,3489
1386864630277,3762,GET: Login (alfu),200,OK,Thread Group 1-73,text,true,11533,3696
1386864630477,4073,GET: Login (febo),200,OK,Thread Group 1-74,text,true,11533,3972
1386864630678,3873,GET: Login (roca),200,OK,Thread Group 1-75,text,true,11533,3768
1386864630881,5005,GET: Login (olba),200,OK,Thread Group 1-76,text,true,11533,4929
1386864631084,4806,GET: Login (begr),200,OK,Thread Group 1-77,text,true,11533,4728
1386864631495,4465,GET: Login (risc),200,OK,Thread Group 1-79,text,true,11533,4340
1386864631282,4830,GET: Login (cymc),200,OK,Thread Group 1-78,text,true,11533,4774
1386864631685,5403,GET: Login (caru),200,OK,Thread Group 1-80,text,true,11533,5348
1386864632092,5050,GET: Login (cabo),200,OK,Thread Group 1-82,text,true,11533,4980
1386864631893,5262,GET: Login (caco),200,OK,Thread Group 1-81,text,true,11533,5180
1386864632494,4663,GET: Login (jowa),200,OK,Thread Group 1-84,text,true,11533,4570
1386864632293,4864,GET: Login (edhe),200,OK,Thread Group 1-83,text,true,11533,4758
1386864632698,4459,GET: Login (patu),200,OK,Thread Group 1-85,text,true,11533,4338
1386864632901,4256,GET: Login (rosh),200,OK,Thread Group 1-86,text,true,11533,4142
1386864633100,4108,GET: Login (erta),200,OK,Thread Group 1-87,text,true,11533,4010
1386864633906,4379,GET: Login (cagr),200,OK,Thread Group 1-91,text,true,11533,4235
1386864633705,4579,GET: Login (lome),200,OK,Thread Group 1-90,text,true,11533,4435
1386864634111,4182,GET: Login (nosa),200,OK,Thread Group 1-92,text,true,11533,4023
1386864633502,4793,GET: Login (chmo),200,OK,Thread Group 1-89,text,true,11533,4530
1386864633301,4997,GET: Login (sost),200,OK,Thread Group 1-88,text,true,11533,4734
1386864634319,4306,GET: Login (shsa),200,OK,Thread Group 1-93,text,true,11533,4092
1386864634517,4335,GET: Login (clri),200,OK,Thread Group 1-94,text,true,11533,4221
1386864634719,4308,GET: Login (saha),200,OK,Thread Group 1-95,text,true,11533,4184
1386864634923,4205,GET: Login (rean),200,OK,Thread Group 1-96,text,true,11533,4106
1386864635126,4002,GET: Login (mepa),200,OK,Thread Group 1-97,text,true,11533,3895
1386864635325,3969,GET: Login (sawa),200,OK,Thread Group 1-98,text,true,11533,3911
1386864635525,4079,GET: Login (lebr),200,OK,Thread Group 1-99,text,true,11533,4006
1386864635725,3937,GET: Login (limu),200,OK,Thread Group 1-100,text,true,11533,3818
1386864635928,4070,GET: Login (brll),200,OK,Thread Group 1-101,text,true,11533,3940
1386864636132,3925,GET: Login (vist),200,OK,Thread Group 1-102,text,true,11533,3779
1386864636331,4251,GET: Login (lodo),200,OK,Thread Group 1-103,text,true,11533,4175
1386864636532,4178,GET: Login (juha),200,OK,Thread Group 1-104,text,true,11533,4123
1386864636737,4438,GET: Login (tamo),200,OK,Thread Group 1-105,text,true,11533,4367
1386864636938,4528,GET: Login (fldi),200,OK,Thread Group 1-106,text,true,11533,4446
1386864637743,4627,GET: Login (loch),200,OK,Thread Group 1-110,text,true,11533,4560
1386864637138,5235,GET: Login (brgr),200,OK,Thread Group 1-107,text,true,11533,5158
1386864637544,4829,GET: Login (roto),200,OK,Thread Group 1-109,text,true,11533,4747
1386864637338,5081,GET: Login (dere),200,OK,Thread Group 1-108,text,true,11533,4978
1386864638145,5178,GET: Login (mawe),200,OK,Thread Group 1-112,text,true,11533,5063
1386864638956,4374,GET: Login (debu),200,OK,Thread Group 1-116,text,true,11533,4295
1386864638550,4782,GET: Login (memo),200,OK,Thread Group 1-114,text,true,11533,4685
1386864638803,4530,GET: Login (visu),200,OK,Thread Group 1-115,text,true,11533,4450
1386864637943,5391,GET: Login (crbi),200,OK,Thread Group 1-111,text,true,11533,5268
1386864638346,4992,GET: Login (frmu),200,OK,Thread Group 1-113,text,true,11533,4893
1386864639159,4221,GET: Login (dico),200,OK,Thread Group 1-117,text,true,11533,4141
1386864639362,4310,GET: Login (pada),200,OK,Thread Group 1-118,text,true,11533,4197
1386864639963,4337,GET: Login (edco),200,OK,Thread Group 1-121,text,true,11533,4215
1386864639762,4621,GET: Login (nepr),200,OK,Thread Group 1-120,text,true,11533,4536
1386864639561,4822,GET: Login (rowo),200,OK,Thread Group 1-119,text,true,11533,4734
1386864640167,4266,GET: Login (shca),200,OK,Thread Group 1-122,text,true,11533,4192
1386864640367,4132,GET: Login (sebr),200,OK,Thread Group 1-123,text,true,11533,4036
1386864640569,4340,GET: Login (esda),200,OK,Thread Group 1-124,text,true,11533,4240
1386864640774,4390,GET: Login (kapa),200,OK,Thread Group 1-125,text,true,11533,4303
1386864640971,4290,GET: Login (raban),200,OK,Thread Group 1-126,text,true,11533,4227
1386864641173,4288,GET: Login (lone),200,OK,Thread Group 1-127,text,true,11533,4195
1386864641375,4423,GET: Login (mawa),200,OK,Thread Group 1-128,text,true,11533,4339
1386864641576,4407,GET: Login (cogr),200,OK,Thread Group 1-129,text,true,11533,4295
1386864641778,4412,GET: Login (befe),200,OK,Thread Group 1-130,text,true,11533,4334
1386864641978,4311,GET: Login (wimi),200,OK,Thread Group 1-131,text,true,11533,4249
1386864642180,4359,GET: Login (arwi),200,OK,Thread Group 1-132,text,true,11533,4260
1386864642382,4409,GET: Login (prha),200,OK,Thread Group 1-133,text,true,11533,4337
1386864642584,4257,GET: Login (chpo),200,OK,Thread Group 1-134,text,true,11533,4196
1386864642784,4390,GET: Login (rhro),200,OK,Thread Group 1-135,text,true,11533,4280
1386864642986,4690,GET: Login (mani),200,OK,Thread Group 1-136,text,true,11533,4592
1386864643190,4548,GET: Login (dwdi),200,OK,Thread Group 1-137,text,true,11533,4465
1386864643797,4658,GET: Login (orli),200,OK,Thread Group 1-140,text,true,11533,4574
1386864643995,4460,GET: Login (krba),200,OK,Thread Group 1-141,text,true,11533,4384
1386864643390,5065,GET: Login (lesp),200,OK,Thread Group 1-138,text,true,11533,4983
1386864643592,4874,GET: Login (alho),200,OK,Thread Group 1-139,text,true,11533,4785
1386864644194,5234,GET: Login (jogi),200,OK,Thread Group 1-142,text,true,11533,5145
1386864644397,5032,GET: Login (rabl),200,OK,Thread Group 1-143,text,true,11533,4936
1386864644601,4829,GET: Login (clpa),200,OK,Thread Group 1-144,text,true,11533,4735
1386864644805,4743,GET: Login (hope),200,OK,Thread Group 1-145,text,true,11533,4573
1386864645206,4547,GET: Login (grga),200,OK,Thread Group 1-147,text,true,11533,4224
1386864645404,4428,GET: Login (momo),200,OK,Thread Group 1-148,text,true,11533,4162
1386864645002,4835,GET: Login (anda),200,OK,Thread Group 1-146,text,true,11533,4432
1386864645604,4274,GET: Login (kaca),200,OK,Thread Group 1-149,text,true,11533,4195
1386864645811,4765,GET: Login (dafr),200,OK,Thread Group 1-150,text,true,11533,4687
1386864616446,66938,POST: Login (tyll),200,OK,Thread Group 1-2,text,true,319596,830
1386864622123,61299,POST: Login (caph),200,OK,Thread Group 1-20,text,true,319600,2426
1386864622072,61360,POST: Login (bola),200,OK,Thread Group 1-23,text,true,319600,2882
1386864622021,61419,POST: Login (masm),200,OK,Thread Group 1-25,text,true,319602,2661
1386864622285,61255,POST: Login (glbl),200,OK,Thread Group 1-24,text,true,319596,2666
1386864622246,62296,POST: Login (jade),200,OK,Thread Group 1-22,text,true,319590,2708
1386864620045,66639,POST: Login (shbe),200,OK,Thread Group 1-16,text,true,319596,1241
1386864620095,67219,POST: Login (raha),200,OK,Thread Group 1-14,text,true,319606,1134
1386864621960,67898,POST: Login (cenu),200,OK,Thread Group 1-19,text,true,319600,3002
1386864622285,68023,POST: Login (joch),200,OK,Thread Group 1-21,text,true,319606,2679
1386864620096,70451,POST: Login (amgr),200,OK,Thread Group 1-17,text,true,319600,1131
1386864620045,71027,POST: Login (daha),200,OK,Thread Group 1-15,text,true,319596,1124
1386864621961,69335,POST: Login (maga),200,OK,Thread Group 1-18,text,true,319602,3002
1386864683405,12134,GET: View assignment (tyll),200,OK,Thread Group 1-2,text,true,32294,12065
1386864683441,12405,GET: View assignment (caph),200,OK,Thread Group 1-20,text,true,32302,12338
1386864683450,12686,GET: View assignment (bola),200,OK,Thread Group 1-23,text,true,32302,12620
1386864683450,12857,GET: View assignment (masm),200,OK,Thread Group 1-25,text,true,32305,12788
1386864683548,13282,GET: View assignment (glbl),200,OK,Thread Group 1-24,text,true,32296,13215
1386864684551,13990,GET: View assignment (jade),200,OK,Thread Group 1-22,text,true,32287,13879
1386864619003,79787,POST: Login (juga),200,OK,Thread Group 1-13,text,true,319596,697
1386864616728,82265,POST: Login (cach),200,OK,Thread Group 1-5,text,true,319600,897
1386864616446,82624,POST: Login (sojo),200,OK,Thread Group 1-3,text,true,319604,888
1386864616400,82900,POST: Login (huba),200,OK,Thread Group 1-1,text,true,319598,876
1386864686691,15678,GET: View assignment (shbe),200,OK,Thread Group 1-16,text,true,32296,15617
1386864687325,15506,GET: View assignment (raha),200,OK,Thread Group 1-14,text,true,32311,15442
1386864625814,82823,POST: Login (yvgr),200,OK,Thread Group 1-39,text,true,319600,3210
1386864625455,83235,POST: Login (tatr),200,OK,Thread Group 1-37,text,true,319594,3363
1386864633666,75024,POST: Login (viro),200,OK,Thread Group 1-72,text,true,319606,4271
1386864630415,78344,POST: Login (deke),200,OK,Thread Group 1-56,text,true,319600,3960
1386864625760,82999,POST: Login (mach),200,OK,Thread Group 1-38,text,true,319600,3268
1386864624819,83942,POST: Login (flco),200,OK,Thread Group 1-34,text,true,319592,3273
1386864630407,78355,POST: Login (jafl),200,OK,Thread Group 1-53,text,true,319600,4144
1386864624381,84393,POST: Login (alto),200,OK,Thread Group 1-32,text,true,319592,3234
1386864626002,82773,POST: Login (elcu),200,OK,Thread Group 1-40,text,true,319606,3119
1386864624503,84279,POST: Login (evpa),200,OK,Thread Group 1-33,text,true,319598,3366
1386864628976,79808,POST: Login (kava),200,OK,Thread Group 1-47,text,true,319602,3578
1386864627680,81114,POST: Login (nahe),200,OK,Thread Group 1-43,text,true,319604,3700
1386864633397,75480,POST: Login (mamu),200,OK,Thread Group 1-70,text,true,319604,4228
1386864631405,77505,POST: Login (mywa),200,OK,Thread Group 1-61,text,true,319602,4064
1386864638637,70374,POST: Login (shsa),200,OK,Thread Group 1-93,text,true,319600,4629
1386864624199,84872,POST: Login (irmo),200,OK,Thread Group 1-29,text,true,319598,3417
1386864635969,73108,POST: Login (risc),200,OK,Thread Group 1-79,text,true,319604,4412
1386864629044,80037,POST: Login (thte),200,OK,Thread Group 1-45,text,true,319598,3558
1386864624047,85035,POST: Login (gopa),200,OK,Thread Group 1-30,text,true,319600,2901
1386864624160,84956,POST: Login (maco),200,OK,Thread Group 1-31,text,true,319604,3146
1386864642388,66814,POST: Login (loch),200,OK,Thread Group 1-110,text,true,319600,4452
1386864624047,85153,POST: Login (jufe),200,OK,Thread Group 1-26,text,true,319600,3030
1386864632997,76203,POST: Login (viad),200,OK,Thread Group 1-69,text,true,319598,4209
1386864644449,64752,POST: Login (shca),200,OK,Thread Group 1-122,text,true,319608,4542
1386864631323,77876,POST: Login (defi),200,OK,Thread Group 1-58,text,true,319598,4147
1386864631391,77808,POST: Login (clad),200,OK,Thread Group 1-57,text,true,319600,4079
1386864632667,76532,POST: Login (cesc),200,OK,Thread Group 1-67,text,true,319598,4475
1386864629044,80155,POST: Login (ligi),200,OK,Thread Group 1-48,text,true,319596,3558
1386864631528,77710,POST: Login (masi),200,OK,Thread Group 1-62,text,true,319598,4306
1386864626272,82969,POST: Login (dego),200,OK,Thread Group 1-41,text,true,319604,3232
1386864642403,66840,POST: Login (roto),200,OK,Thread Group 1-109,text,true,319602,4441
1386864627674,81568,POST: Login (kely),200,OK,Thread Group 1-44,text,true,319598,3694
1386864643369,65876,POST: Login (frmu),200,OK,Thread Group 1-113,text,true,319600,4550
1386864639172,70123,POST: Login (mepa),200,OK,Thread Group 1-97,text,true,319600,4153
1386864630321,78990,POST: Login (rawa),200,OK,Thread Group 1-55,text,true,319596,3821
1386864629038,80293,POST: Login (dafo),200,OK,Thread Group 1-46,text,true,319600,3564
1386864643362,65969,POST: Login (memo),200,OK,Thread Group 1-114,text,true,319598,4558
1386864624150,85185,POST: Login (mawh),200,OK,Thread Group 1-28,text,true,319598,3157
1386864643352,65984,POST: Login (debu),200,OK,Thread Group 1-116,text,true,319600,4442
1386864642426,66910,POST: Login (dere),200,OK,Thread Group 1-108,text,true,319598,4420
1386864644311,65028,POST: Login (edco),200,OK,Thread Group 1-121,text,true,319596,4245
1386864635900,73450,POST: Login (olba),200,OK,Thread Group 1-76,text,true,319596,4381
1386864631405,77948,POST: Login (boma),200,OK,Thread Group 1-59,text,true,319604,3655
1386864630267,79086,POST: Login (cada),200,OK,Thread Group 1-50,text,true,319598,3873
1386864638861,70495,POST: Login (clri),200,OK,Thread Group 1-94,text,true,319606,4405
1386864633552,75804,POST: Login (edma),200,OK,Thread Group 1-71,text,true,319596,4234
1386864634563,74794,POST: Login (roca),200,OK,Thread Group 1-75,text,true,319604,4465
1386864645174,64185,POST: Login (kapa),200,OK,Thread Group 1-125,text,true,319604,4659
1386864624199,85164,POST: Login (jehu),200,OK,Thread Group 1-27,text,true,319596,3417
1386864637188,72194,POST: Login (caco),200,OK,Thread Group 1-81,text,true,319604,4480
1386864639141,70266,POST: Login (rean),200,OK,Thread Group 1-96,text,true,319606,4135
1386864630426,78984,POST: Login (llfl),200,OK,Thread Group 1-54,text,true,319596,4125
1386864638340,71078,POST: Login (chmo),200,OK,Thread Group 1-89,text,true,319606,4671
1386864643396,66033,POST: Login (dico),200,OK,Thread Group 1-117,text,true,319596,4400
1386864643344,66088,POST: Login (mawe),200,OK,Thread Group 1-112,text,true,319596,4579
1386864644394,65042,POST: Login (nepr),200,OK,Thread Group 1-120,text,true,319598,4495
1386864632028,77409,POST: Login (mefig),200,OK,Thread Group 1-64,text,true,319606,4235
1386864637223,72272,POST: Login (erta),200,OK,Thread Group 1-87,text,true,319600,4395
1386864641184,68312,POST: Login (tamo),200,OK,Thread Group 1-105,text,true,319596,4437
1386864643680,65820,POST: Login (pada),200,OK,Thread Group 1-118,text,true,319604,4539
1386864631870,77635,POST: Login (emgu),200,OK,Thread Group 1-63,text,true,319602,4292
1386864631404,78103,POST: Login (mefi),200,OK,Thread Group 1-60,text,true,319610,4072
1386864637190,72351,POST: Login (rosh),200,OK,Thread Group 1-86,text,true,319604,4432
1386864632079,77470,POST: Login (roby),200,OK,Thread Group 1-65,text,true,319594,4083
1386864639042,70509,POST: Login (saha),200,OK,Thread Group 1-95,text,true,319602,4289
1386864637189,72362,POST: Login (patu),200,OK,Thread Group 1-85,text,true,319602,4479
1386864630460,79092,POST: Login (frma),200,OK,Thread Group 1-52,text,true,319606,4095
1386864636122,73432,POST: Login (cymc),200,OK,Thread Group 1-78,text,true,319606,4259
1386864645269,64288,POST: Login (raban),200,OK,Thread Group 1-126,text,true,319602,4562
1386864632285,77301,POST: Login (maca),200,OK,Thread Group 1-66,text,true,319600,4078
1386864630321,79271,POST: Login (agra),200,OK,Thread Group 1-49,text,true,319598,3718
1386864637189,72416,POST: Login (jowa),200,OK,Thread Group 1-84,text,true,319596,4433
1386864634563,75048,POST: Login (febo),200,OK,Thread Group 1-74,text,true,319598,4464
1386864635916,73697,POST: Login (begr),200,OK,Thread Group 1-77,text,true,319604,4475
1386864632667,76946,POST: Login (kagr),200,OK,Thread Group 1-68,text,true,319596,4290
1386864638340,71275,POST: Login (sost),200,OK,Thread Group 1-88,text,true,319598,4936
1386864638298,71318,POST: Login (lome),200,OK,Thread Group 1-90,text,true,319602,4765
1386864637189,72429,POST: Login (edhe),200,OK,Thread Group 1-83,text,true,319596,4429
1386864634049,75612,POST: Login (alfu),200,OK,Thread Group 1-73,text,true,319598,4184
1386864637103,72639,POST: Login (caru),200,OK,Thread Group 1-80,text,true,319604,4023
1386864639305,70446,POST: Login (sawa),200,OK,Thread Group 1-98,text,true,319592,4427
1386864624884,84866,POST: Login (cogl),200,OK,Thread Group 1-35,text,true,319598,3459
1386864625109,84643,POST: Login (anba),200,OK,Thread Group 1-36,text,true,319594,3383
1386864640074,69681,POST: Login (vist),200,OK,Thread Group 1-102,text,true,319608,4209
1386864644508,65250,POST: Login (sebr),200,OK,Thread Group 1-123,text,true,319594,4381
1386864640727,69032,POST: Login (juha),200,OK,Thread Group 1-104,text,true,319592,4487
1386864638297,71463,POST: Login (cagr),200,OK,Thread Group 1-91,text,true,319600,4969
1386864640593,69169,POST: Login (lodo),200,OK,Thread Group 1-103,text,true,319600,4402
1386864626892,82936,POST: Login (mica),200,OK,Thread Group 1-42,text,true,319606,3414
1386864646856,62978,POST: Login (chpo),200,OK,Thread Group 1-134,text,true,319602,4623
1386864645474,64364,POST: Login (lone),200,OK,Thread Group 1-127,text,true,319596,4407
1386864637168,72675,POST: Login (cabo),200,OK,Thread Group 1-82,text,true,319596,4367
1386864640011,69834,POST: Login (brll),200,OK,Thread Group 1-101,text,true,319600,4275
1386864641474,68373,POST: Login (fldi),200,OK,Thread Group 1-106,text,true,319600,4508
1386864638340,71508,POST: Login (nosa),200,OK,Thread Group 1-92,text,true,319598,4935
1386864643368,66515,POST: Login (visu),200,OK,Thread Group 1-115,text,true,319606,4431
1386864639617,70273,POST: Login (lebr),200,OK,Thread Group 1-99,text,true,319596,4613
1386864643368,66563,POST: Login (crbi),200,OK,Thread Group 1-111,text,true,319604,4431
1386864644421,65510,POST: Login (rowo),200,OK,Thread Group 1-119,text,true,319600,4570
1386864646804,63205,POST: Login (prha),200,OK,Thread Group 1-133,text,true,319602,4365
1386864639672,70610,POST: Login (limu),200,OK,Thread Group 1-100,text,true,319598,4558
1386864646300,64152,POST: Login (wimi),200,OK,Thread Group 1-131,text,true,319596,4869
1386864646200,64252,POST: Login (befe),200,OK,Thread Group 1-130,text,true,319606,4969
1386864645812,64640,POST: Login (mawa),200,OK,Thread Group 1-128,text,true,319590,4356
1386864646558,63903,POST: Login (arwi),200,OK,Thread Group 1-132,text,true,319596,4561
1386864647181,63546,POST: Login (rhro),200,OK,Thread Group 1-135,text,true,319606,4573
1386864689867,21016,GET: View assignment (cenu),200,OK,Thread Group 1-19,text,true,32302,20849
1386864645999,65129,POST: Login (cogr),200,OK,Thread Group 1-129,text,true,319604,4439
1386864690318,20872,GET: View assignment (joch),200,OK,Thread Group 1-21,text,true,32311,20698
1386864690561,20742,GET: View assignment (amgr),200,OK,Thread Group 1-17,text,true,32302,20620
1386864648502,62978,POST: Login (alho),200,OK,Thread Group 1-139,text,true,319600,4501
1386864647686,64135,POST: Login (mani),200,OK,Thread Group 1-136,text,true,319606,4368
1386864691090,20837,GET: View assignment (daha),200,OK,Thread Group 1-15,text,true,32296,20722
1386864644918,67143,POST: Login (esda),200,OK,Thread Group 1-124,text,true,319600,4914
1386864691310,21067,GET: View assignment (maga),200,OK,Thread Group 1-18,text,true,32305,20942
1386864648472,64030,POST: Login (orli),200,OK,Thread Group 1-140,text,true,319594,4682
1386864648488,64304,POST: Login (lesp),200,OK,Thread Group 1-138,text,true,319600,4664
1386864647752,65325,POST: Login (dwdi),200,OK,Thread Group 1-137,text,true,319598,4380
1386864649760,63525,POST: Login (grga),200,OK,Thread Group 1-147,text,true,319594,4568
1386864649561,63895,POST: Login (hope),200,OK,Thread Group 1-145,text,true,319600,4525
1386864649439,64393,POST: Login (rabl),200,OK,Thread Group 1-143,text,true,319596,4355
1386864649438,64682,POST: Login (jogi),200,OK,Thread Group 1-142,text,true,319594,4539
1386864630406,83922,POST: Login (albe),200,OK,Thread Group 1-51,text,true,319598,4205
1386864642390,72212,POST: Login (brgr),200,OK,Thread Group 1-107,text,true,319598,4450
1386864649449,65439,POST: Login (clpa),200,OK,Thread Group 1-144,text,true,319600,4528
1386864648479,66805,POST: Login (krba),200,OK,Thread Group 1-141,text,true,319604,4620
1386864649888,65727,POST: Login (kaca),200,OK,Thread Group 1-149,text,true,319594,4440
1386864650583,65190,POST: Login (dafr),200,OK,Thread Group 1-150,text,true,319596,4453
1386864649850,66406,POST: Login (momo),200,OK,Thread Group 1-148,text,true,319606,4336
1386864649851,66889,POST: Login (anda),200,OK,Thread Group 1-146,text,true,319592,4425
1386864698800,20606,GET: View assignment (juga),200,OK,Thread Group 1-13,text,true,32296,20549
1386864699308,20306,GET: View assignment (huba),200,OK,Thread Group 1-1,text,true,32297,20191
1386864699002,20656,GET: View assignment (cach),200,OK,Thread Group 1-5,text,true,32300,20547
1386864699083,20575,GET: View assignment (sojo),200,OK,Thread Group 1-3,text,true,32306,20466
1386864619011,104224,POST: Login (sest),200,OK,Thread Group 1-12,text,true,319598,740
1386864617219,106322,POST: Login (nilu),200,OK,Thread Group 1-7,text,true,319592,770
1386864709116,14973,GET: View assignment (risc),200,OK,Thread Group 1-79,text,true,32308,14863
1386864708794,15536,GET: View assignment (mach),200,OK,Thread Group 1-38,text,true,32302,15335
1386864709222,15117,GET: View assignment (maco),200,OK,Thread Group 1-31,text,true,32308,14855
1386864708655,15690,GET: View assignment (yvgr),200,OK,Thread Group 1-39,text,true,32302,15535
1386864708819,15526,GET: View assignment (jafl),200,OK,Thread Group 1-53,text,true,32302,15310
1386864708845,15503,GET: View assignment (alto),200,OK,Thread Group 1-32,text,true,32290,15284
1386864709116,15232,GET: View assignment (thte),200,OK,Thread Group 1-45,text,true,32299,14911
1386864709022,15327,GET: View assignment (shsa),200,OK,Thread Group 1-93,text,true,32302,15056
1386864708706,15645,GET: View assignment (viro),200,OK,Thread Group 1-72,text,true,32311,15484
1386864709287,15075,GET: View assignment (clad),200,OK,Thread Group 1-57,text,true,32302,14899
1386864709255,15109,GET: View assignment (defi),200,OK,Thread Group 1-58,text,true,32299,14874
1386864709087,15278,GET: View assignment (irmo),200,OK,Thread Group 1-29,text,true,32299,15042
1386864708793,15573,GET: View assignment (deke),200,OK,Thread Group 1-56,text,true,32302,15395
1386864709500,14867,GET: View assignment (edma),200,OK,Thread Group 1-71,text,true,32296,14688
1386864709224,15143,GET: View assignment (jufe),200,OK,Thread Group 1-26,text,true,32302,14905
1386864708887,15481,GET: View assignment (mamu),200,OK,Thread Group 1-70,text,true,32308,15303
1386864709202,15170,GET: View assignment (gopa),200,OK,Thread Group 1-30,text,true,32302,14928
1386864708865,15692,GET: View assignment (kava),200,OK,Thread Group 1-47,text,true,32305,15381
1386864709448,15110,GET: View assignment (mepa),200,OK,Thread Group 1-97,text,true,32302,14910
1386864709234,15328,GET: View assignment (viad),200,OK,Thread Group 1-69,text,true,32299,15125
1386864709394,15192,GET: View assignment (frmu),200,OK,Thread Group 1-113,text,true,32304,14963
1386864708865,15724,GET: View assignment (elcu),200,OK,Thread Group 1-40,text,true,32311,15430
1386864708866,15724,GET: View assignment (evpa),200,OK,Thread Group 1-33,text,true,32299,15492
1386864709517,15076,GET: View assignment (rean),200,OK,Thread Group 1-96,text,true,32311,14841
1386864709334,15261,GET: View assignment (ligi),200,OK,Thread Group 1-48,text,true,32296,14913
1386864709456,15143,GET: View assignment (mawh),200,OK,Thread Group 1-28,text,true,32299,14793
1386864709501,15102,GET: View assignment (roca),200,OK,Thread Group 1-75,text,true,32308,14857
1386864709559,15047,GET: View assignment (chmo),200,OK,Thread Group 1-89,text,true,32313,14801
1386864709253,15357,GET: View assignment (shca),200,OK,Thread Group 1-122,text,true,32316,15105
1386864696838,27818,GET: Show add submission form (glbl),200,OK,Thread Group 1-24,text,true,56839,27568
1386864709939,14725,GET: View assignment (anba),200,OK,Thread Group 1-36,text,true,32293,14576
1386864709998,14670,GET: View assignment (brll),200,OK,Thread Group 1-101,text,true,32304,14410
1386864709517,15158,GET: View assignment (caco),200,OK,Thread Group 1-81,text,true,32308,14729
1386864709382,15295,GET: View assignment (dego),200,OK,Thread Group 1-41,text,true,32308,14867
1386864708919,15761,GET: View assignment (mywa),200,OK,Thread Group 1-61,text,true,32305,15327
1386864709448,15232,GET: View assignment (rawa),200,OK,Thread Group 1-55,text,true,32296,14907
1386864709756,14926,GET: View assignment (raban),200,OK,Thread Group 1-126,text,true,32307,14759
1386864709394,15290,GET: View assignment (kely),200,OK,Thread Group 1-44,text,true,32299,14967
1386864709449,15236,GET: View assignment (dafo),200,OK,Thread Group 1-46,text,true,32302,14905
1386864695549,29141,GET: Show add submission form (tyll),200,OK,Thread Group 1-2,text,true,56839,28857
1386864709958,14735,GET: View assignment (sebr),200,OK,Thread Group 1-123,text,true,32295,14567
1386864709482,15211,GET: View assignment (boma),200,OK,Thread Group 1-59,text,true,32308,14880
1386864709695,15001,GET: View assignment (cymc),200,OK,Thread Group 1-78,text,true,32311,14820
1386864709649,15048,GET: View assignment (tamo),200,OK,Thread Group 1-105,text,true,32298,14852
1386864709383,15316,GET: View assignment (roto),200,OK,Thread Group 1-109,text,true,32307,15021
1386864708706,15993,GET: View assignment (tatr),200,OK,Thread Group 1-37,text,true,32293,15603
1386864709497,15203,GET: View assignment (clri),200,OK,Thread Group 1-94,text,true,32311,14750
1386864709649,15052,GET: View assignment (erta),200,OK,Thread Group 1-87,text,true,32302,14759
1386864709459,15244,GET: View assignment (debu),200,OK,Thread Group 1-116,text,true,32304,14901
1386864709501,15202,GET: View assignment (kapa),200,OK,Thread Group 1-125,text,true,32310,14988
1386864709695,15010,GET: View assignment (patu),200,OK,Thread Group 1-85,text,true,32305,14834
1386864709669,15038,GET: View assignment (mefi),200,OK,Thread Group 1-60,text,true,32317,14844
1386864709775,14932,GET: View assignment (jowa),200,OK,Thread Group 1-84,text,true,32296,14788
1386864709994,14716,GET: View assignment (cabo),200,OK,Thread Group 1-82,text,true,32296,14525
1386864709774,14938,GET: View assignment (agra),200,OK,Thread Group 1-49,text,true,32299,14789
1386864710025,14687,GET: View assignment (crbi),200,OK,Thread Group 1-111,text,true,32310,14446
1386864709857,14856,GET: View assignment (edhe),200,OK,Thread Group 1-83,text,true,32296,14666
1386864709301,15412,GET: View assignment (cesc),200,OK,Thread Group 1-67,text,true,32299,15053
1386864710006,14710,GET: View assignment (nosa),200,OK,Thread Group 1-92,text,true,32299,14497
1386864709621,15095,GET: View assignment (nepr),200,OK,Thread Group 1-120,text,true,32301,14785
1386864709923,14794,GET: View assignment (caru),200,OK,Thread Group 1-80,text,true,32308,14644
1386864709509,15210,GET: View assignment (jehu),200,OK,Thread Group 1-27,text,true,32296,14849
1386864709620,15099,GET: View assignment (mefig),200,OK,Thread Group 1-64,text,true,32311,14851
1386864709932,14788,GET: View assignment (sawa),200,OK,Thread Group 1-98,text,true,32290,14589
1386864709688,15032,GET: View assignment (rosh),200,OK,Thread Group 1-86,text,true,32308,14780
1386864709696,15027,GET: View assignment (frma),200,OK,Thread Group 1-52,text,true,32311,14821
1386864709518,15210,GET: View assignment (llfl),200,OK,Thread Group 1-54,text,true,32296,14947
1386864709791,14941,GET: View assignment (febo),200,OK,Thread Group 1-74,text,true,32299,14571
1386864709689,15044,GET: View assignment (roby),200,OK,Thread Group 1-65,text,true,32293,14925
1386864709659,15076,GET: View assignment (pada),200,OK,Thread Group 1-118,text,true,32310,14860
1386864709478,15259,GET: View assignment (edco),200,OK,Thread Group 1-121,text,true,32298,14876
1386864709570,15167,GET: View assignment (dico),200,OK,Thread Group 1-117,text,true,32298,14931
1386864709981,14760,GET: View assignment (lone),200,OK,Thread Group 1-127,text,true,32298,14536
1386864709774,14971,GET: View assignment (maca),200,OK,Thread Group 1-66,text,true,32302,14747
1386864709846,14901,GET: View assignment (lome),200,OK,Thread Group 1-90,text,true,32305,14719
1386864709792,14956,GET: View assignment (kagr),200,OK,Thread Group 1-68,text,true,32296,14832
1386864709845,14900,GET: View assignment (sost),200,OK,Thread Group 1-88,text,true,32299,14674
1386864696317,28441,GET: Show add submission form (masm),200,OK,Thread Group 1-25,text,true,56854,28247
1386864709932,14825,GET: View assignment (cogl),200,OK,Thread Group 1-35,text,true,32299,14597
1386864709965,14803,GET: View assignment (cagr),200,OK,Thread Group 1-91,text,true,32302,14651
1386864710036,14737,GET: View assignment (prha),200,OK,Thread Group 1-133,text,true,32307,14474
1386864710017,14759,GET: View assignment (visu),200,OK,Thread Group 1-115,text,true,32313,14474
1386864709792,14977,GET: View assignment (begr),200,OK,Thread Group 1-77,text,true,32308,14828
1386864696143,28634,GET: Show add submission form (bola),200,OK,Thread Group 1-23,text,true,56849,28325
1386864709914,14865,GET: View assignment (alfu),200,OK,Thread Group 1-73,text,true,32299,14699
1386864709463,15309,GET: View assignment (dere),200,OK,Thread Group 1-108,text,true,32301,14895
1386864695857,28914,GET: Show add submission form (caph),200,OK,Thread Group 1-20,text,true,56849,28608
1386864709450,15321,GET: View assignment (memo),200,OK,Thread Group 1-114,text,true,32301,15168
1386864709982,14787,GET: View assignment (chpo),200,OK,Thread Group 1-134,text,true,32307,14638
1386864709981,14804,GET: View assignment (mica),200,OK,Thread Group 1-42,text,true,32311,14635
1386864698552,26234,GET: Show add submission form (jade),200,OK,Thread Group 1-22,text,true,56824,25961
1386864708803,15986,GET: View assignment (flco),200,OK,Thread Group 1-34,text,true,32290,15861
1386864709223,15568,GET: View assignment (loch),200,OK,Thread Group 1-110,text,true,32304,15440
1386864710002,14790,GET: View assignment (fldi),200,OK,Thread Group 1-106,text,true,32304,14616
1386864709373,15485,GET: View assignment (masi),200,OK,Thread Group 1-62,text,true,32299,15352
1386864708869,15997,GET: View assignment (nahe),200,OK,Thread Group 1-43,text,true,32308,15855
1386864710017,14897,GET: View assignment (lebr),200,OK,Thread Group 1-99,text,true,32296,14766
1386864709607,15319,GET: View assignment (mawe),200,OK,Thread Group 1-112,text,true,32298,15175
1386864710026,14903,GET: View assignment (rowo),200,OK,Thread Group 1-119,text,true,32304,14757
1386864709668,15321,GET: View assignment (emgu),200,OK,Thread Group 1-63,text,true,32305,15173
1386864709958,15032,GET: View assignment (vist),200,OK,Thread Group 1-102,text,true,32316,14881
1386864709480,15517,GET: View assignment (olba),200,OK,Thread Group 1-76,text,true,32296,15361
1386864709690,15313,GET: View assignment (saha),200,OK,Thread Group 1-95,text,true,32307,15151
1386864709959,15085,GET: View assignment (juha),200,OK,Thread Group 1-104,text,true,32292,14951
1386864709972,15120,GET: View assignment (lodo),200,OK,Thread Group 1-103,text,true,32304,14925
1386864709483,15609,GET: View assignment (cada),200,OK,Thread Group 1-50,text,true,32299,15420
1386864710463,14767,GET: View assignment (wimi),200,OK,Thread Group 1-131,text,true,32298,14576
1386864710463,14824,GET: View assignment (mawa),200,OK,Thread Group 1-128,text,true,32289,14695
1386864710288,15198,GET: View assignment (limu),200,OK,Thread Group 1-100,text,true,32299,15087
1386864710463,15249,GET: View assignment (befe),200,OK,Thread Group 1-130,text,true,32313,15178
1386864710735,15516,GET: View assignment (rhro),200,OK,Thread Group 1-135,text,true,32313,15378
1386864617398,108854,POST: Login (calo),200,OK,Thread Group 1-8,text,true,319594,788
1386864710481,15823,GET: View assignment (arwi),200,OK,Thread Group 1-132,text,true,32298,15711
1386864711136,15264,GET: View assignment (cogr),200,OK,Thread Group 1-129,text,true,32310,15158
1386864711492,15111,GET: View assignment (alho),200,OK,Thread Group 1-139,text,true,32304,15001
1386864711827,14825,GET: View assignment (mani),200,OK,Thread Group 1-136,text,true,32313,14716
1386864712069,14842,GET: View assignment (esda),200,OK,Thread Group 1-124,text,true,32304,14734
1386864712511,14475,GET: View assignment (orli),200,OK,Thread Group 1-140,text,true,32295,14341
1386864712802,14253,GET: View assignment (lesp),200,OK,Thread Group 1-138,text,true,32304,14100
1386864713085,14532,GET: View assignment (dwdi),200,OK,Thread Group 1-137,text,true,32301,14418
1386864713299,14362,GET: View assignment (grga),200,OK,Thread Group 1-147,text,true,32295,14254
1386864713840,13921,GET: View assignment (rabl),200,OK,Thread Group 1-143,text,true,32298,13863
1386864713465,14355,GET: View assignment (hope),200,OK,Thread Group 1-145,text,true,32304,14238
1386864714900,13014,GET: View assignment (clpa),200,OK,Thread Group 1-144,text,true,32304,12954
1386864714335,13658,GET: View assignment (albe),200,OK,Thread Group 1-51,text,true,32299,13519
1386864714128,13868,GET: View assignment (jogi),200,OK,Thread Group 1-142,text,true,32295,13727
1386864714608,13611,GET: View assignment (brgr),200,OK,Thread Group 1-107,text,true,32301,13421
1386864715293,13008,GET: View assignment (krba),200,OK,Thread Group 1-141,text,true,32310,12803
1386864715780,12622,GET: View assignment (dafr),200,OK,Thread Group 1-150,text,true,32298,12511
1386864715626,12781,GET: View assignment (kaca),200,OK,Thread Group 1-149,text,true,32295,12662
1386864702377,26079,GET: Show add submission form (shbe),200,OK,Thread Group 1-16,text,true,56839,25961
1386864702841,25619,GET: Show add submission form (raha),200,OK,Thread Group 1-14,text,true,56864,25500
1386864716266,12240,GET: View assignment (momo),200,OK,Thread Group 1-148,text,true,32313,12173
1386864710892,17668,GET: Show add submission form (cenu),200,OK,Thread Group 1-19,text,true,56849,17547
1386864716750,12068,GET: View assignment (anda),200,OK,Thread Group 1-146,text,true,32292,12007
1386864711198,18029,GET: Show add submission form (joch),200,OK,Thread Group 1-21,text,true,56864,17968
1386864725028,4364,POST: Upload file (tyll),200,OK,Thread Group 1-2,text,true,8582,4294
1386864711313,18131,GET: Show add submission form (amgr),200,OK,Thread Group 1-17,text,true,56843,18020
1386864725235,4261,POST: Upload file (bola),200,OK,Thread Group 1-23,text,true,8582,4192
1386864724928,4616,POST: Upload file (glbl),200,OK,Thread Group 1-24,text,true,8582,4513
1386864725236,4359,POST: Upload file (caph),200,OK,Thread Group 1-20,text,true,8582,4258
1386864725204,4440,POST: Upload file (masm),200,OK,Thread Group 1-25,text,true,8582,4369
1386864725251,4497,POST: Upload file (jade),200,OK,Thread Group 1-22,text,true,8582,4432
1386864711933,18220,GET: Show add submission form (daha),200,OK,Thread Group 1-15,text,true,56839,18026
1386864712386,18451,GET: Show add submission form (maga),200,OK,Thread Group 1-18,text,true,56854,18383
1386864617051,114028,POST: Login (guwa),200,OK,Thread Group 1-6,text,true,319604,759
1386864618043,113123,POST: Login (wewe),200,OK,Thread Group 1-11,text,true,319596,719
1386864617866,113376,POST: Login (gemo),200,OK,Thread Group 1-10,text,true,319604,855
1386864617624,113669,POST: Login (trca),200,OK,Thread Group 1-9,text,true,319592,789
1386864616571,114851,POST: Login (raba),200,OK,Thread Group 1-4,text,true,319600,879
1386864728485,5510,POST: Upload file (raha),200,OK,Thread Group 1-14,text,true,8582,5421
1386864728470,5628,POST: Upload file (shbe),200,OK,Thread Group 1-16,text,true,8582,5564
1386864723247,10963,GET: View assignment (sest),200,OK,Thread Group 1-12,text,true,32299,10901
1386864728572,5771,POST: Upload file (cenu),200,OK,Thread Group 1-19,text,true,8582,5635
1386864723551,11002,GET: View assignment (nilu),200,OK,Thread Group 1-7,text,true,32288,10941
1386864729236,6067,POST: Upload file (joch),200,OK,Thread Group 1-21,text,true,8582,5958
1386864729452,6015,POST: Upload file (amgr),200,OK,Thread Group 1-17,text,true,8579,5833
1386864719414,16246,GET: Show add submission form (juga),200,OK,Thread Group 1-13,text,true,56839,16125
1386864719665,16039,GET: Show add submission form (sojo),200,OK,Thread Group 1-3,text,true,56859,15922
1386864730165,5600,POST: Upload file (daha),200,OK,Thread Group 1-15,text,true,8582,5470
1386864719666,16105,GET: Show add submission form (cach),200,OK,Thread Group 1-5,text,true,56849,15965
1386864719625,16147,GET: Show add submission form (huba),200,OK,Thread Group 1-1,text,true,56844,16006
1386864730846,5020,POST: Upload file (maga),200,OK,Thread Group 1-18,text,true,8582,4920
1386864726260,10833,GET: View assignment (calo),200,OK,Thread Group 1-8,text,true,32291,10721
1386864724095,13951,GET: Show add submission form (risc),200,OK,Thread Group 1-79,text,true,56859,13791
1386864724394,13896,GET: Show add submission form (alto),200,OK,Thread Group 1-32,text,true,56829,13753
1386864724394,13897,GET: Show add submission form (jafl),200,OK,Thread Group 1-53,text,true,56849,13750
1386864724343,13952,GET: Show add submission form (mach),200,OK,Thread Group 1-38,text,true,56849,13804
1386864724394,14081,GET: Show add submission form (thte),200,OK,Thread Group 1-45,text,true,56838,13877
1386864724419,14142,GET: Show add submission form (mamu),200,OK,Thread Group 1-70,text,true,56859,13925
1386864724417,14146,GET: Show add submission form (irmo),200,OK,Thread Group 1-29,text,true,56844,13854
1386864724417,14149,GET: Show add submission form (jufe),200,OK,Thread Group 1-26,text,true,56849,13855
1386864724425,14178,GET: Show add submission form (gopa),200,OK,Thread Group 1-30,text,true,56849,14035
1386864724419,14254,GET: Show add submission form (edma),200,OK,Thread Group 1-71,text,true,56839,14130
1386864724399,14308,GET: Show add submission form (shsa),200,OK,Thread Group 1-93,text,true,56849,14152
1386864724401,14674,GET: Show add submission form (viro),200,OK,Thread Group 1-72,text,true,56864,14603
1386864724417,15045,GET: Show add submission form (clad),200,OK,Thread Group 1-57,text,true,56849,14930
1386864724393,15115,GET: Show add submission form (yvgr),200,OK,Thread Group 1-39,text,true,56849,15004
1386864724417,15093,GET: Show add submission form (defi),200,OK,Thread Group 1-58,text,true,56844,14982
1386864724418,15141,GET: Show add submission form (deke),200,OK,Thread Group 1-56,text,true,56849,15033
1386864724391,15169,GET: Show add submission form (maco),200,OK,Thread Group 1-31,text,true,56853,15055
1386864724868,15354,GET: Show add submission form (viad),200,OK,Thread Group 1-69,text,true,56838,15237
1386864724888,15400,GET: Show add submission form (mawh),200,OK,Thread Group 1-28,text,true,56838,15269
1386864725031,15540,GET: Show add submission form (boma),200,OK,Thread Group 1-59,text,true,56859,15237
1386864724867,15709,GET: Show add submission form (mepa),200,OK,Thread Group 1-97,text,true,56849,15528
1386864724888,15694,GET: Show add submission form (rean),200,OK,Thread Group 1-96,text,true,56864,15379
1386864725001,15588,GET: Show add submission form (mywa),200,OK,Thread Group 1-61,text,true,56854,15393
1386864725222,15517,GET: Show add submission form (visu),200,OK,Thread Group 1-115,text,true,56864,15274
1386864724919,15825,GET: Show add submission form (shca),200,OK,Thread Group 1-122,text,true,56869,15354
1386864724992,15753,GET: Show add submission form (brll),200,OK,Thread Group 1-101,text,true,56849,15403
1386864724868,15886,GET: Show add submission form (frmu),200,OK,Thread Group 1-113,text,true,56849,15407
1386864724889,15868,GET: Show add submission form (ligi),200,OK,Thread Group 1-48,text,true,56839,15507
1386864724993,15772,GET: Show add submission form (caco),200,OK,Thread Group 1-81,text,true,56859,15277
1386864725144,15613,GET: Show add submission form (sawa),200,OK,Thread Group 1-98,text,true,56829,15351
1386864724999,15773,GET: Show add submission form (dego),200,OK,Thread Group 1-41,text,true,56859,15274
1386864725094,15681,GET: Show add submission form (cabo),200,OK,Thread Group 1-82,text,true,56839,15303
1386864725341,15440,GET: Show add submission form (olba),200,OK,Thread Group 1-76,text,true,56839,15197
1386864725027,15755,GET: Show add submission form (kely),200,OK,Thread Group 1-44,text,true,56844,15367
1386864725190,15604,GET: Show add submission form (sost),200,OK,Thread Group 1-88,text,true,56844,15334
1386864724894,15900,GET: Show add submission form (roca),200,OK,Thread Group 1-75,text,true,56859,15373
1386864725251,15558,GET: Show add submission form (mica),200,OK,Thread Group 1-42,text,true,56864,15289
1386864725053,15765,GET: Show add submission form (roto),200,OK,Thread Group 1-109,text,true,56854,15452
1386864725104,15725,GET: Show add submission form (agra),200,OK,Thread Group 1-49,text,true,56844,15291
1386864725153,15673,GET: Show add submission form (rosh),200,OK,Thread Group 1-86,text,true,56859,15343
1386864725316,15514,GET: Show add submission form (lebr),200,OK,Thread Group 1-99,text,true,56839,15227
1386864725027,15806,GET: Show add submission form (dafo),200,OK,Thread Group 1-46,text,true,56849,15246
1386864725005,15830,GET: Show add submission form (rawa),200,OK,Thread Group 1-55,text,true,56839,15391
1386864725234,15605,GET: Show add submission form (begr),200,OK,Thread Group 1-77,text,true,56859,15268
1386864735719,5123,POST: Upload file (sojo),200,OK,Thread Group 1-3,text,true,8582,5050
1386864724928,15915,GET: Show add submission form (anba),200,OK,Thread Group 1-36,text,true,56834,15342
1386864725154,15692,GET: Show add submission form (roby),200,OK,Thread Group 1-65,text,true,56834,15373
1386864725187,15660,GET: Show add submission form (kagr),200,OK,Thread Group 1-68,text,true,56839,15326
1386864725236,15612,GET: Show add submission form (chpo),200,OK,Thread Group 1-134,text,true,56854,15261
1386864725132,15721,GET: Show add submission form (nosa),200,OK,Thread Group 1-92,text,true,56832,15400
1386864725723,15217,GET: Show add submission form (befe),200,OK,Thread Group 1-130,text,true,56864,14994
1386864725496,15445,GET: Show add submission form (limu),200,OK,Thread Group 1-100,text,true,56844,15221
1386864725105,15838,GET: Show add submission form (crbi),200,OK,Thread Group 1-111,text,true,56859,15393
1386864725093,15850,GET: Show add submission form (mefi),200,OK,Thread Group 1-60,text,true,56874,15403
1386864725082,15865,GET: Show add submission form (patu),200,OK,Thread Group 1-85,text,true,56854,15408
1386864725081,15868,GET: Show add submission form (kapa),200,OK,Thread Group 1-125,text,true,56853,15396
1386864725264,15685,GET: Show add submission form (fldi),200,OK,Thread Group 1-106,text,true,56849,15261
1386864725154,15791,GET: Show add submission form (febo),200,OK,Thread Group 1-74,text,true,56844,15381
1386864735670,5297,POST: Upload file (juga),200,OK,Thread Group 1-13,text,true,8582,4906
1386864725362,15608,GET: Show add submission form (wimi),200,OK,Thread Group 1-131,text,true,56839,15255
1386864725317,15655,GET: Show add submission form (rowo),200,OK,Thread Group 1-119,text,true,56849,15226
1386864725053,15890,GET: Show add submission form (tamo),200,OK,Thread Group 1-105,text,true,56839,15444
1386864725094,15851,GET: Show add submission form (jowa),200,OK,Thread Group 1-84,text,true,56839,15402
1386864725219,15727,GET: Show add submission form (prha),200,OK,Thread Group 1-133,text,true,56854,15277
1386864725069,15881,GET: Show add submission form (clri),200,OK,Thread Group 1-94,text,true,56864,15446
1386864725154,15797,GET: Show add submission form (frma),200,OK,Thread Group 1-52,text,true,56864,15363
1386864725236,15732,GET: Show add submission form (memo),200,OK,Thread Group 1-114,text,true,56844,15293
1386864725344,15610,GET: Show add submission form (lodo),200,OK,Thread Group 1-103,text,true,56849,15248
1386864724888,16079,GET: Show add submission form (elcu),200,OK,Thread Group 1-40,text,true,56858,15509
1386864725135,15820,GET: Show add submission form (jehu),200,OK,Thread Group 1-27,text,true,56839,15362
1386864725060,15907,GET: Show add submission form (tatr),200,OK,Thread Group 1-37,text,true,56834,15438
1386864725031,15936,GET: Show add submission form (sebr),200,OK,Thread Group 1-123,text,true,56834,15362
1386864725235,15732,GET: Show add submission form (dere),200,OK,Thread Group 1-108,text,true,56844,15261
1386864725235,15731,GET: Show add submission form (alfu),200,OK,Thread Group 1-73,text,true,56844,15292
1386864725023,15943,GET: Show add submission form (raban),200,OK,Thread Group 1-126,text,true,56854,15250
1386864725154,15812,GET: Show add submission form (pada),200,OK,Thread Group 1-118,text,true,56859,15344
1386864724888,16077,GET: Show add submission form (evpa),200,OK,Thread Group 1-33,text,true,56844,15384
1386864725111,15855,GET: Show add submission form (edhe),200,OK,Thread Group 1-83,text,true,56833,15387
1386864725264,15701,GET: Show add submission form (loch),200,OK,Thread Group 1-110,text,true,56849,15328
1386864725070,15895,GET: Show add submission form (erta),200,OK,Thread Group 1-87,text,true,56849,15425
1386864725338,15627,GET: Show add submission form (vist),200,OK,Thread Group 1-102,text,true,56869,15206
1386864725160,15804,GET: Show add submission form (edco),200,OK,Thread Group 1-121,text,true,56839,15334
1386864725170,15794,GET: Show add submission form (dico),200,OK,Thread Group 1-117,text,true,56833,15372
1386864735821,5176,POST: Upload file (huba),200,OK,Thread Group 1-1,text,true,8582,5136
1386864725070,15894,GET: Show add submission form (debu),200,OK,Thread Group 1-116,text,true,56849,15425
1386864725316,15648,GET: Show add submission form (mawe),200,OK,Thread Group 1-112,text,true,56839,15228
1386864725172,15791,GET: Show add submission form (maca),200,OK,Thread Group 1-66,text,true,56849,15370
1386864725133,15830,GET: Show add submission form (nepr),200,OK,Thread Group 1-120,text,true,56844,15374
1386864725337,15626,GET: Show add submission form (emgu),200,OK,Thread Group 1-63,text,true,56854,15256
1386864724866,16097,GET: Show add submission form (kava),200,OK,Thread Group 1-47,text,true,56854,15530
1386864725344,15662,GET: Show add submission form (juha),200,OK,Thread Group 1-104,text,true,56829,15613
1386864725351,15611,GET: Show add submission form (cada),200,OK,Thread Group 1-50,text,true,56844,15194
1386864725171,15791,GET: Show add submission form (lone),200,OK,Thread Group 1-127,text,true,56833,15326
1386864725052,15910,GET: Show add submission form (cymc),200,OK,Thread Group 1-78,text,true,56864,15458
1386864725218,15744,GET: Show add submission form (cagr),200,OK,Thread Group 1-91,text,true,56849,15279
1386864725142,15819,GET: Show add submission form (mefig),200,OK,Thread Group 1-64,text,true,56864,15352
1386864725301,15660,GET: Show add submission form (masi),200,OK,Thread Group 1-62,text,true,56844,15241
1386864725205,15752,GET: Show add submission form (cogl),200,OK,Thread Group 1-35,text,true,56844,15276
1386864724913,16043,GET: Show add submission form (chmo),200,OK,Thread Group 1-89,text,true,56864,15479
1386864725124,15831,GET: Show add submission form (cesc),200,OK,Thread Group 1-67,text,true,56844,15357
1386864725154,15801,GET: Show add submission form (llfl),200,OK,Thread Group 1-54,text,true,56839,15373
1386864725134,15818,GET: Show add submission form (caru),200,OK,Thread Group 1-80,text,true,56859,15363
1386864725178,15775,GET: Show add submission form (lome),200,OK,Thread Group 1-90,text,true,56854,15318
1386864725262,15690,GET: Show add submission form (flco),200,OK,Thread Group 1-34,text,true,56829,15275
1386864725363,15598,GET: Show add submission form (mawa),200,OK,Thread Group 1-128,text,true,56824,15174
1386864725308,15654,GET: Show add submission form (nahe),200,OK,Thread Group 1-43,text,true,56859,15297
1386864735819,5223,POST: Upload file (cach),200,OK,Thread Group 1-5,text,true,8582,5194
1386864725343,15705,GET: Show add submission form (saha),200,OK,Thread Group 1-95,text,true,56854,15613
1386864726259,15500,GET: Show add submission form (rhro),200,OK,Thread Group 1-135,text,true,56864,15424
1386864726311,15708,GET: Show add submission form (arwi),200,OK,Thread Group 1-132,text,true,56839,15606
1386864726412,16078,GET: Show add submission form (cogr),200,OK,Thread Group 1-129,text,true,56859,15937
1386864726615,15920,GET: Show add submission form (alho),200,OK,Thread Group 1-139,text,true,56843,15812
1386864726659,15931,GET: Show add submission form (mani),200,OK,Thread Group 1-136,text,true,56864,15868
1386864727065,16482,GET: Show add submission form (lesp),200,OK,Thread Group 1-138,text,true,56849,16271
1386864726921,16628,GET: Show add submission form (esda),200,OK,Thread Group 1-124,text,true,56849,16419
1386864727001,16606,GET: Show add submission form (orli),200,OK,Thread Group 1-140,text,true,56834,16446
1386864731086,12588,GET: View assignment (guwa),200,OK,Thread Group 1-6,text,true,32306,12437
1386864731257,12433,GET: View assignment (gemo),200,OK,Thread Group 1-10,text,true,32308,12276
1386864731193,12497,GET: View assignment (wewe),200,OK,Thread Group 1-11,text,true,32296,12333
1386864727634,16066,GET: Show add submission form (dwdi),200,OK,Thread Group 1-137,text,true,56844,15894
1386864731301,12415,GET: View assignment (trca),200,OK,Thread Group 1-9,text,true,32290,12230
1386864727673,16038,GET: Show add submission form (grga),200,OK,Thread Group 1-147,text,true,56834,15855
1386864731431,12834,GET: View assignment (raba),200,OK,Thread Group 1-4,text,true,32300,12554
1386864727769,16644,GET: Show add submission form (rabl),200,OK,Thread Group 1-143,text,true,56833,16216
1386864727839,16757,GET: Show add submission form (hope),200,OK,Thread Group 1-145,text,true,56849,16610
1386864728016,16761,GET: Show add submission form (jogi),200,OK,Thread Group 1-142,text,true,56834,16649
1386864728005,16827,GET: Show add submission form (albe),200,OK,Thread Group 1-51,text,true,56844,16661
1386864727926,16906,GET: Show add submission form (clpa),200,OK,Thread Group 1-144,text,true,56849,16739
1386864738061,10657,POST: Upload file (risc),200,OK,Thread Group 1-79,text,true,8582,10515
1386864728244,20532,GET: Show add submission form (brgr),200,OK,Thread Group 1-107,text,true,56844,20414
1386864728412,20900,GET: Show add submission form (dafr),200,OK,Thread Group 1-150,text,true,56839,20838
1386864728312,22059,GET: Show add submission form (krba),200,OK,Thread Group 1-141,text,true,56859,21947
1386864728422,22002,GET: Show add submission form (kaca),200,OK,Thread Group 1-149,text,true,56834,21887
1386864728515,21909,GET: Show add submission form (momo),200,OK,Thread Group 1-148,text,true,56864,21794
1386864738301,12568,POST: Upload file (jafl),200,OK,Thread Group 1-53,text,true,8582,12423
1386864738300,12687,POST: Upload file (alto),200,OK,Thread Group 1-32,text,true,8582,12501
1386864738488,13228,POST: Upload file (thte),200,OK,Thread Group 1-45,text,true,8579,13146
1386864738311,13466,POST: Upload file (mach),200,OK,Thread Group 1-38,text,true,8582,13389
1386864738575,13202,POST: Upload file (irmo),200,OK,Thread Group 1-29,text,true,8582,13090
1386864738612,13393,POST: Upload file (gopa),200,OK,Thread Group 1-30,text,true,8582,13308
1386864738573,13487,POST: Upload file (mamu),200,OK,Thread Group 1-70,text,true,8582,13367
1386864738721,13344,POST: Upload file (edma),200,OK,Thread Group 1-71,text,true,8582,13245
1386864738585,13483,POST: Upload file (jufe),200,OK,Thread Group 1-26,text,true,8582,13351
1386864738722,13436,POST: Upload file (shsa),200,OK,Thread Group 1-93,text,true,8582,13366
1386864739089,13117,POST: Upload file (viro),200,OK,Thread Group 1-72,text,true,8582,13015
1386864728829,23482,GET: Show add submission form (anda),200,OK,Thread Group 1-146,text,true,56829,23367
1386864739574,12962,POST: Upload file (maco),200,OK,Thread Group 1-31,text,true,8579,12868
1386864739573,12963,POST: Upload file (deke),200,OK,Thread Group 1-56,text,true,8582,12866
1386864739519,13064,POST: Upload file (yvgr),200,OK,Thread Group 1-39,text,true,8582,12990
1386864739531,13108,POST: Upload file (defi),200,OK,Thread Group 1-58,text,true,8582,13010
1386864729403,23238,POST: Save submission (tyll),200,OK,Thread Group 1-2,text,true,58069,23120
1386864729509,23184,POST: Save submission (bola),200,OK,Thread Group 1-23,text,true,58079,23117
1386864739471,13267,POST: Upload file (clad),200,OK,Thread Group 1-57,text,true,8582,13195
1386864729556,23302,POST: Save submission (glbl),200,OK,Thread Group 1-24,text,true,58069,23175
1386864729605,23255,POST: Save submission (caph),200,OK,Thread Group 1-20,text,true,58079,23127
1386864729759,23148,POST: Save submission (jade),200,OK,Thread Group 1-22,text,true,58054,23089
1386864740233,12874,POST: Upload file (viad),200,OK,Thread Group 1-69,text,true,8579,12783
1386864729660,23641,POST: Save submission (masm),200,OK,Thread Group 1-25,text,true,58084,23580
1386864740296,13424,POST: Upload file (mawh),200,OK,Thread Group 1-28,text,true,8579,13364
1386864740584,13337,POST: Upload file (boma),200,OK,Thread Group 1-59,text,true,8582,13259
1386864741247,13289,POST: Upload file (mefi),200,OK,Thread Group 1-60,text,true,8582,13195
1386864741157,13453,POST: Upload file (cabo),200,OK,Thread Group 1-82,text,true,8582,13323
1386864741337,13287,POST: Upload file (edhe),200,OK,Thread Group 1-83,text,true,8579,13139
1386864741319,13306,POST: Upload file (sebr),200,OK,Thread Group 1-123,text,true,8582,13184
1386864741211,13415,POST: Upload file (begr),200,OK,Thread Group 1-77,text,true,8582,13296
1386864741165,13464,POST: Upload file (olba),200,OK,Thread Group 1-76,text,true,8582,13346
1386864741226,13407,POST: Upload file (kagr),200,OK,Thread Group 1-68,text,true,8582,13225
1386864741113,13525,POST: Upload file (frmu),200,OK,Thread Group 1-113,text,true,8582,13413
1386864741058,13581,POST: Upload file (rean),200,OK,Thread Group 1-96,text,true,8582,13506
1386864741113,13534,POST: Upload file (shca),200,OK,Thread Group 1-122,text,true,8582,13430
1386864741274,13374,POST: Upload file (prha),200,OK,Thread Group 1-133,text,true,8582,13262
1386864741248,13400,POST: Upload file (kapa),200,OK,Thread Group 1-125,text,true,8579,13237
1386864741339,13313,POST: Upload file (loch),200,OK,Thread Group 1-110,text,true,8582,13228
1386864741155,13497,POST: Upload file (caco),200,OK,Thread Group 1-81,text,true,8582,13366
1386864741245,13407,POST: Upload file (limu),200,OK,Thread Group 1-100,text,true,8582,13316
1386864741108,13545,POST: Upload file (visu),200,OK,Thread Group 1-115,text,true,8582,13360
1386864741328,13328,POST: Upload file (raban),200,OK,Thread Group 1-126,text,true,8582,13132
1386864741180,13477,POST: Upload file (rosh),200,OK,Thread Group 1-86,text,true,8582,13316
1386864741273,13384,POST: Upload file (wimi),200,OK,Thread Group 1-131,text,true,8582,13242
1386864741273,13384,POST: Upload file (febo),200,OK,Thread Group 1-74,text,true,8582,13182
1386864741239,13419,POST: Upload file (befe),200,OK,Thread Group 1-130,text,true,8582,13249
1386864741178,13480,POST: Upload file (sost),200,OK,Thread Group 1-88,text,true,8582,13321
1386864741248,13411,POST: Upload file (patu),200,OK,Thread Group 1-85,text,true,8582,13199
1386864741328,13332,POST: Upload file (alfu),200,OK,Thread Group 1-73,text,true,8582,13203
1386864741112,13549,POST: Upload file (mywa),200,OK,Thread Group 1-61,text,true,8582,13438
1386864741347,13314,POST: Upload file (erta),200,OK,Thread Group 1-87,text,true,8582,13124
1386864741056,13626,POST: Upload file (mepa),200,OK,Thread Group 1-97,text,true,8582,13532
1386864741203,13491,POST: Upload file (dafo),200,OK,Thread Group 1-46,text,true,8582,13400
1386864741359,13336,POST: Upload file (dico),200,OK,Thread Group 1-117,text,true,8579,13261
1386864741179,13518,POST: Upload file (mica),200,OK,Thread Group 1-42,text,true,8582,13433
1386864741180,13523,POST: Upload file (agra),200,OK,Thread Group 1-49,text,true,8582,13426
1386864741179,13526,POST: Upload file (roto),200,OK,Thread Group 1-109,text,true,8582,13421
1386864741404,13302,POST: Upload file (llfl),200,OK,Thread Group 1-54,text,true,8582,13211
1386864741406,13349,POST: Upload file (nahe),200,OK,Thread Group 1-43,text,true,8582,13253
1386864741273,13484,POST: Upload file (rowo),200,OK,Thread Group 1-119,text,true,8582,13352
1386864741396,13361,POST: Upload file (chmo),200,OK,Thread Group 1-89,text,true,8582,13262
1386864741178,13580,POST: Upload file (roca),200,OK,Thread Group 1-75,text,true,8582,13467
1386864741360,13402,POST: Upload file (mawe),200,OK,Thread Group 1-112,text,true,8582,13289
1386864741155,13609,POST: Upload file (sawa),200,OK,Thread Group 1-98,text,true,8582,13487
1386864741370,13395,POST: Upload file (kava),200,OK,Thread Group 1-47,text,true,8582,13285
1386864741405,13363,POST: Upload file (flco),200,OK,Thread Group 1-34,text,true,8582,13218
1386864741384,13384,POST: Upload file (cagr),200,OK,Thread Group 1-91,text,true,8582,13284
1386864741413,13359,POST: Upload file (saha),200,OK,Thread Group 1-95,text,true,8582,13249
1386864741284,13531,POST: Upload file (frma),200,OK,Thread Group 1-52,text,true,8582,13390
1386864741274,13542,POST: Upload file (tamo),200,OK,Thread Group 1-105,text,true,8582,13398
1386864741393,13425,POST: Upload file (cogl),200,OK,Thread Group 1-35,text,true,8582,13298
1386864741139,13686,POST: Upload file (ligi),200,OK,Thread Group 1-48,text,true,8582,13569
1386864741405,13426,POST: Upload file (mawa),200,OK,Thread Group 1-128,text,true,8582,13278
1386864741165,13667,POST: Upload file (kely),200,OK,Thread Group 1-44,text,true,8582,13523
1386864741397,13437,POST: Upload file (cesc),200,OK,Thread Group 1-67,text,true,8582,13326
1386864741767,13077,POST: Upload file (rhro),200,OK,Thread Group 1-135,text,true,8582,12948
1386864741156,13689,POST: Upload file (dego),200,OK,Thread Group 1-41,text,true,8582,13540
1386864741404,13443,POST: Upload file (caru),200,OK,Thread Group 1-80,text,true,8582,13297
1386864741329,13520,POST: Upload file (evpa),200,OK,Thread Group 1-33,text,true,8582,13382
1386864741392,13458,POST: Upload file (masi),200,OK,Thread Group 1-62,text,true,8582,13290
1386864741311,13542,POST: Upload file (tatr),200,OK,Thread Group 1-37,text,true,8582,13408
1386864741388,13466,POST: Upload file (mefig),200,OK,Thread Group 1-64,text,true,8582,13317
1386864741371,13494,POST: Upload file (juha),200,OK,Thread Group 1-104,text,true,8582,13356
1386864741292,13604,POST: Upload file (memo),200,OK,Thread Group 1-114,text,true,8582,13472
1386864741220,13676,POST: Upload file (anba),200,OK,Thread Group 1-36,text,true,8582,13550
1386864741309,13591,POST: Upload file (jehu),200,OK,Thread Group 1-27,text,true,8582,13458
1386864741182,13728,POST: Upload file (lebr),200,OK,Thread Group 1-99,text,true,8582,13578
1386864741237,13673,POST: Upload file (nosa),200,OK,Thread Group 1-92,text,true,8576,13520
1386864741405,13510,POST: Upload file (lome),200,OK,Thread Group 1-90,text,true,8582,13349
1386864741375,13539,POST: Upload file (lone),200,OK,Thread Group 1-127,text,true,8579,13358
1386864741329,13586,POST: Upload file (pada),200,OK,Thread Group 1-118,text,true,8582,13402
1386864741112,13806,POST: Upload file (brll),200,OK,Thread Group 1-101,text,true,8582,13630
1386864741205,13783,POST: Upload file (rawa),200,OK,Thread Group 1-55,text,true,8582,13648
1386864741282,13706,POST: Upload file (clri),200,OK,Thread Group 1-94,text,true,8582,13566
1386864741261,13739,POST: Upload file (fldi),200,OK,Thread Group 1-106,text,true,8582,13555
1386864741247,13758,POST: Upload file (crbi),200,OK,Thread Group 1-111,text,true,8582,13598
1386864741349,13875,POST: Upload file (vist),200,OK,Thread Group 1-102,text,true,8582,13552
1386864741358,14064,POST: Upload file (edco),200,OK,Thread Group 1-121,text,true,8582,13528
1386864742502,12921,POST: Upload file (cogr),200,OK,Thread Group 1-129,text,true,8582,12546
1386864741361,14062,POST: Upload file (nepr),200,OK,Thread Group 1-120,text,true,8582,13583
1386864741360,14063,POST: Upload file (maca),200,OK,Thread Group 1-66,text,true,8582,13615
1386864741300,14124,POST: Upload file (elcu),200,OK,Thread Group 1-40,text,true,8579,13719
1386864742602,12822,POST: Upload file (mani),200,OK,Thread Group 1-136,text,true,8582,12504
1386864741226,14199,POST: Upload file (roby),200,OK,Thread Group 1-65,text,true,8582,13773
1386864741274,14151,POST: Upload file (jowa),200,OK,Thread Group 1-84,text,true,8582,13721
1386864741384,14042,POST: Upload file (cymc),200,OK,Thread Group 1-78,text,true,8582,13599
1386864741370,14056,POST: Upload file (emgu),200,OK,Thread Group 1-63,text,true,8582,13610
1386864741320,14107,POST: Upload file (dere),200,OK,Thread Group 1-108,text,true,8582,13672
1386864742028,13399,POST: Upload file (arwi),200,OK,Thread Group 1-132,text,true,8582,13016
1386864741359,14069,POST: Upload file (debu),200,OK,Thread Group 1-116,text,true,8582,13612
1386864741299,14129,POST: Upload file (lodo),200,OK,Thread Group 1-103,text,true,8582,13687
1386864742546,12883,POST: Upload file (alho),200,OK,Thread Group 1-139,text,true,8579,12530
1386864741228,14201,POST: Upload file (chpo),200,OK,Thread Group 1-134,text,true,8582,13738
1386864741372,14057,POST: Upload file (cada),200,OK,Thread Group 1-50,text,true,8582,13591
1386864743620,12200,POST: Upload file (orli),200,OK,Thread Group 1-140,text,true,8582,12096
1386864743562,12302,POST: Upload file (lesp),200,OK,Thread Group 1-138,text,true,8582,12212
1386864743574,12298,POST: Upload file (esda),200,OK,Thread Group 1-124,text,true,8582,12168
1386864743751,12164,POST: Upload file (dwdi),200,OK,Thread Group 1-137,text,true,8582,12099
1386864743764,12197,POST: Upload file (grga),200,OK,Thread Group 1-147,text,true,8582,12134
1386864744420,11618,POST: Upload file (rabl),200,OK,Thread Group 1-143,text,true,8579,11556
1386864744607,11543,POST: Upload file (hope),200,OK,Thread Group 1-145,text,true,8582,11444
1386864744844,11353,POST: Upload file (clpa),200,OK,Thread Group 1-144,text,true,8582,11257
1386864744788,11409,POST: Upload file (jogi),200,OK,Thread Group 1-142,text,true,8582,11334
1386864744844,11354,POST: Upload file (albe),200,OK,Thread Group 1-51,text,true,8582,11239
1386864748782,7463,POST: Upload file (brgr),200,OK,Thread Group 1-107,text,true,8582,7397
1386864749323,6929,POST: Upload file (dafr),200,OK,Thread Group 1-150,text,true,8582,6844
1386864750430,5865,POST: Upload file (kaca),200,OK,Thread Group 1-149,text,true,8582,5787
1386864750379,5914,POST: Upload file (krba),200,OK,Thread Group 1-141,text,true,8582,5809
1386864734012,22338,POST: Save submission (raha),200,OK,Thread Group 1-14,text,true,58094,22225
1386864750430,5922,POST: Upload file (momo),200,OK,Thread Group 1-148,text,true,8582,5807
1386864734104,22253,POST: Save submission (shbe),200,OK,Thread Group 1-16,text,true,58069,22131
1386864734219,22302,GET: Show add submission form (sest),200,OK,Thread Group 1-12,text,true,56838,22185
1386864734352,22224,POST: Save submission (cenu),200,OK,Thread Group 1-19,text,true,58079,22104
1386864734564,22052,GET: Show add submission form (nilu),200,OK,Thread Group 1-7,text,true,56829,21944
1386864752324,4337,POST: Upload file (anda),200,OK,Thread Group 1-146,text,true,8582,4275
1386864735311,21694,POST: Save submission (joch),200,OK,Thread Group 1-21,text,true,58094,21628
1386864735474,22003,POST: Save submission (amgr),200,OK,Thread Group 1-17,text,true,58070,21940
1386864735778,21961,POST: Save submission (daha),200,OK,Thread Group 1-15,text,true,58069,21894
1386864735912,22140,POST: Save submission (maga),200,OK,Thread Group 1-18,text,true,58084,22077
1386864737101,22536,GET: Show add submission form (calo),200,OK,Thread Group 1-8,text,true,56834,22472
1386864756532,4165,POST: Upload file (sest),200,OK,Thread Group 1-12,text,true,8579,4070
1386864756631,4134,POST: Upload file (nilu),200,OK,Thread Group 1-7,text,true,8582,4072
1386864741274,21813,POST: Save submission (juga),200,OK,Thread Group 1-13,text,true,58069,21696
1386864741358,21780,POST: Save submission (huba),200,OK,Thread Group 1-1,text,true,58074,21661
1386864741218,21921,POST: Save submission (sojo),200,OK,Thread Group 1-3,text,true,58089,21800
1386864741406,21773,POST: Save submission (cach),200,OK,Thread Group 1-5,text,true,58079,21664
1386864759642,5330,POST: Upload file (calo),200,OK,Thread Group 1-8,text,true,8582,5221
1386864743723,21362,GET: Show add submission form (gemo),200,OK,Thread Group 1-10,text,true,56859,21283
1386864743764,21360,GET: Show add submission form (trca),200,OK,Thread Group 1-9,text,true,56829,21241
1386864743690,21434,GET: Show add submission form (guwa),200,OK,Thread Group 1-6,text,true,56859,21315
1386864744271,20860,GET: Show add submission form (raba),200,OK,Thread Group 1-4,text,true,56849,20736
1386864743732,21402,GET: Show add submission form (wewe),200,OK,Thread Group 1-11,text,true,56839,21273
1386864748726,16500,POST: Save submission (risc),200,OK,Thread Group 1-79,text,true,58089,16437
1386864750875,14555,POST: Save submission (jafl),200,OK,Thread Group 1-53,text,true,58079,14438
1386864750996,14483,POST: Save submission (alto),200,OK,Thread Group 1-32,text,true,58059,14367
1386864751782,13744,POST: Save submission (irmo),200,OK,Thread Group 1-29,text,true,58074,13632
1386864751782,13746,POST: Save submission (mach),200,OK,Thread Group 1-38,text,true,58079,13634
1386864751728,13854,POST: Save submission (thte),200,OK,Thread Group 1-45,text,true,58065,13736
1386864752018,13613,POST: Save submission (gopa),200,OK,Thread Group 1-30,text,true,58079,13496
1386864752072,13573,POST: Save submission (mamu),200,OK,Thread Group 1-70,text,true,58089,13443
1386864752088,13593,POST: Save submission (jufe),200,OK,Thread Group 1-26,text,true,58079,13479
1386864752088,13594,POST: Save submission (edma),200,OK,Thread Group 1-71,text,true,58069,13476
1386864752216,13520,POST: Save submission (viro),200,OK,Thread Group 1-72,text,true,58094,13401
1386864752171,13569,POST: Save submission (shsa),200,OK,Thread Group 1-93,text,true,58079,13445
1386864752547,13441,POST: Save submission (deke),200,OK,Thread Group 1-56,text,true,58079,13236
1386864752594,13397,POST: Save submission (yvgr),200,OK,Thread Group 1-39,text,true,58079,13189
1386864752547,13444,POST: Save submission (maco),200,OK,Thread Group 1-31,text,true,58080,13234
1386864752656,13419,POST: Save submission (defi),200,OK,Thread Group 1-58,text,true,58074,13195
1386864752745,13330,POST: Save submission (clad),200,OK,Thread Group 1-57,text,true,58079,13106
1386864753113,13050,POST: Save submission (viad),200,OK,Thread Group 1-69,text,true,58065,12944
1386864753725,12829,POST: Save submission (mawh),200,OK,Thread Group 1-28,text,true,58065,12585
1386864753927,12779,POST: Save submission (boma),200,OK,Thread Group 1-59,text,true,58089,12522
1386864754543,12690,POST: Save submission (mefi),200,OK,Thread Group 1-60,text,true,58104,12624
1386864754662,12668,POST: Save submission (cabo),200,OK,Thread Group 1-82,text,true,58069,12605
1386864754729,13061,POST: Save submission (olba),200,OK,Thread Group 1-76,text,true,58069,12947
1386864754953,12903,POST: Save submission (dico),200,OK,Thread Group 1-117,text,true,58060,12773
1386864754919,12972,POST: Save submission (alfu),200,OK,Thread Group 1-73,text,true,58074,12857
1386864754856,13038,POST: Save submission (caco),200,OK,Thread Group 1-81,text,true,58089,12923
1386864755057,13012,POST: Save submission (frma),200,OK,Thread Group 1-52,text,true,58094,12777
1386864755062,13008,POST: Save submission (ligi),200,OK,Thread Group 1-48,text,true,58069,12816
1386864754870,13201,POST: Save submission (febo),200,OK,Thread Group 1-74,text,true,58074,12960
1386864755059,13011,POST: Save submission (tamo),200,OK,Thread Group 1-105,text,true,58069,12774
1386864755051,13019,POST: Save submission (saha),200,OK,Thread Group 1-95,text,true,58084,12782
1386864755050,13021,POST: Save submission (cagr),200,OK,Thread Group 1-91,text,true,58079,12833
1386864754789,13282,POST: Save submission (prha),200,OK,Thread Group 1-133,text,true,58084,13045
1386864755008,13063,POST: Save submission (nahe),200,OK,Thread Group 1-43,text,true,58089,12825
1386864754731,13341,POST: Save submission (kagr),200,OK,Thread Group 1-68,text,true,58069,13099
1386864755023,13049,POST: Save submission (kava),200,OK,Thread Group 1-47,text,true,58084,12855
1386864754913,13159,POST: Save submission (sost),200,OK,Thread Group 1-88,text,true,58074,12915
1386864755020,13053,POST: Save submission (roca),200,OK,Thread Group 1-75,text,true,58089,12808
1386864754869,13206,POST: Save submission (wimi),200,OK,Thread Group 1-131,text,true,58069,12961
1386864754723,13352,POST: Save submission (edhe),200,OK,Thread Group 1-83,text,true,58060,13109
1386864754965,13110,POST: Save submission (agra),200,OK,Thread Group 1-49,text,true,58074,12863
1386864754869,13206,POST: Save submission (rosh),200,OK,Thread Group 1-86,text,true,58089,12963
1386864755093,12982,POST: Save submission (tatr),200,OK,Thread Group 1-37,text,true,58064,12789
1386864755079,12997,POST: Save submission (cesc),200,OK,Thread Group 1-67,text,true,58074,12799
1386864755068,13008,POST: Save submission (mawa),200,OK,Thread Group 1-128,text,true,58054,12812
1386864754855,13222,POST: Save submission (loch),200,OK,Thread Group 1-110,text,true,58079,12975
1386864754965,13112,POST: Save submission (roto),200,OK,Thread Group 1-109,text,true,58084,12913
1386864755049,13028,POST: Save submission (flco),200,OK,Thread Group 1-34,text,true,58059,12831
1386864755070,13009,POST: Save submission (kely),200,OK,Thread Group 1-44,text,true,58074,12813
1386864755060,13024,POST: Save submission (cogl),200,OK,Thread Group 1-35,text,true,58074,12831
1386864754857,13270,POST: Save submission (visu),200,OK,Thread Group 1-115,text,true,58094,13096
1386864755114,13021,POST: Save submission (anba),200,OK,Thread Group 1-36,text,true,58064,12840
1386864755080,13058,POST: Save submission (dego),200,OK,Thread Group 1-41,text,true,58089,12859
1386864755146,12995,POST: Save submission (brll),200,OK,Thread Group 1-101,text,true,58079,12808
1386864755139,13003,POST: Save submission (pada),200,OK,Thread Group 1-118,text,true,58089,12812
1386864754857,13289,POST: Save submission (raban),200,OK,Thread Group 1-126,text,true,58084,13108
1386864755111,13039,POST: Save submission (memo),200,OK,Thread Group 1-114,text,true,58074,12834
1386864755124,13026,POST: Save submission (lebr),200,OK,Thread Group 1-99,text,true,58069,12828
1386864754920,13233,POST: Save submission (mywa),200,OK,Thread Group 1-61,text,true,58084,13034
1386864755081,13073,POST: Save submission (evpa),200,OK,Thread Group 1-33,text,true,58074,12886
1386864754724,13434,POST: Save submission (sebr),200,OK,Thread Group 1-123,text,true,58064,13111
1386864755091,13070,POST: Save submission (masi),200,OK,Thread Group 1-62,text,true,58074,12858
1386864755079,13082,POST: Save submission (rhro),200,OK,Thread Group 1-135,text,true,58094,12874
1386864754953,13215,POST: Save submission (mica),200,OK,Thread Group 1-42,text,true,58094,12995
1386864754729,13441,POST: Save submission (begr),200,OK,Thread Group 1-77,text,true,58089,13220
1386864755135,13035,POST: Save submission (lone),200,OK,Thread Group 1-127,text,true,58060,12817
1386864754920,13252,POST: Save submission (erta),200,OK,Thread Group 1-87,text,true,58079,12963
1386864754952,13221,POST: Save submission (dafo),200,OK,Thread Group 1-46,text,true,58079,12998
1386864755105,13068,POST: Save submission (juha),200,OK,Thread Group 1-104,text,true,58059,12859
1386864755080,13094,POST: Save submission (caru),200,OK,Thread Group 1-80,text,true,58089,12871
1386864755009,13250,POST: Save submission (chmo),200,OK,Thread Group 1-89,text,true,58094,13069
1386864754829,13434,POST: Save submission (kapa),200,OK,Thread Group 1-125,text,true,58080,13250
1386864755008,13256,POST: Save submission (rowo),200,OK,Thread Group 1-119,text,true,58079,13070
1386864755133,13136,POST: Save submission (lome),200,OK,Thread Group 1-90,text,true,58084,12835
1386864755132,13138,POST: Save submission (nosa),200,OK,Thread Group 1-92,text,true,58056,12946
1386864754856,13418,POST: Save submission (limu),200,OK,Thread Group 1-100,text,true,58074,13222
1386864754914,13362,POST: Save submission (patu),200,OK,Thread Group 1-85,text,true,58084,13164
1386864754904,13427,POST: Save submission (befe),200,OK,Thread Group 1-130,text,true,58094,13183
1386864755022,13382,POST: Save submission (sawa),200,OK,Thread Group 1-98,text,true,58059,13216
1386864755470,12984,POST: Save submission (maca),200,OK,Thread Group 1-66,text,true,58079,12842
1386864755172,13294,POST: Save submission (clri),200,OK,Thread Group 1-94,text,true,58094,13068
1386864755019,13460,POST: Save submission (mawe),200,OK,Thread Group 1-112,text,true,58069,13221
1386864754966,13517,POST: Save submission (llfl),200,OK,Thread Group 1-54,text,true,58069,13273
1386864755124,13360,POST: Save submission (jehu),200,OK,Thread Group 1-27,text,true,58069,13119
1386864754944,13551,POST: Save submission (mepa),200,OK,Thread Group 1-97,text,true,58079,13294
1386864755466,13031,POST: Save submission (nepr),200,OK,Thread Group 1-120,text,true,58074,12856
1386864755471,13028,POST: Save submission (elcu),200,OK,Thread Group 1-40,text,true,58085,12846
1386864755481,13025,POST: Save submission (jowa),200,OK,Thread Group 1-84,text,true,58069,12836
1386864755497,13011,POST: Save submission (dere),200,OK,Thread Group 1-108,text,true,58074,12825
1386864754771,13737,POST: Save submission (rean),200,OK,Thread Group 1-96,text,true,58094,13469
1386864754772,13737,POST: Save submission (shca),200,OK,Thread Group 1-122,text,true,58099,13468
1386864755171,13339,POST: Save submission (rawa),200,OK,Thread Group 1-55,text,true,58069,13074
1386864755471,13040,POST: Save submission (roby),200,OK,Thread Group 1-65,text,true,58064,12851
1386864754766,13745,POST: Save submission (frmu),200,OK,Thread Group 1-113,text,true,58079,13479
1386864755470,13042,POST: Save submission (mani),200,OK,Thread Group 1-136,text,true,58094,12851
1386864755499,13013,POST: Save submission (arwi),200,OK,Thread Group 1-132,text,true,58069,12817
1386864755516,12997,POST: Save submission (chpo),200,OK,Thread Group 1-134,text,true,58084,12801
1386864755881,12632,POST: Save submission (esda),200,OK,Thread Group 1-124,text,true,58079,12498
1386864755235,13278,POST: Save submission (vist),200,OK,Thread Group 1-102,text,true,58099,13014
1386864755179,13334,POST: Save submission (crbi),200,OK,Thread Group 1-111,text,true,58089,13140
1386864755103,13412,POST: Save submission (mefig),200,OK,Thread Group 1-64,text,true,58094,13143
1386864765161,3357,POST: Upload file (wewe),200,OK,Thread Group 1-11,text,true,8582,3254
1386864755462,13064,POST: Save submission (edco),200,OK,Thread Group 1-121,text,true,58069,12854
1386864755493,13035,POST: Save submission (emgu),200,OK,Thread Group 1-63,text,true,58084,12829
1386864755828,12701,POST: Save submission (orli),200,OK,Thread Group 1-140,text,true,58064,12543
1386864765134,3396,POST: Upload file (trca),200,OK,Thread Group 1-9,text,true,8582,3276
1386864755507,13023,POST: Save submission (lodo),200,OK,Thread Group 1-103,text,true,58079,12815
1386864755505,13026,POST: Save submission (debu),200,OK,Thread Group 1-116,text,true,58079,12816
1386864755465,13066,POST: Save submission (cogr),200,OK,Thread Group 1-129,text,true,58089,12852
1386864755871,12663,POST: Save submission (lesp),200,OK,Thread Group 1-138,text,true,58079,12510
1386864755517,13017,POST: Save submission (cada),200,OK,Thread Group 1-50,text,true,58074,12799
1386864755493,13041,POST: Save submission (cymc),200,OK,Thread Group 1-78,text,true,58094,12824
1386864755172,13363,POST: Save submission (fldi),200,OK,Thread Group 1-106,text,true,58079,13066
1386864755511,13024,POST: Save submission (alho),200,OK,Thread Group 1-139,text,true,58070,12810
1386864765098,3438,POST: Upload file (gemo),200,OK,Thread Group 1-10,text,true,8582,3305
1386864765134,3403,POST: Upload file (guwa),200,OK,Thread Group 1-6,text,true,8582,3301
1386864755922,12619,POST: Save submission (dwdi),200,OK,Thread Group 1-137,text,true,58074,12453
1386864765144,3399,POST: Upload file (raba),200,OK,Thread Group 1-4,text,true,8582,3273
1386864756049,12494,POST: Save submission (rabl),200,OK,Thread Group 1-143,text,true,58060,12371
1386864755968,12578,POST: Save submission (grga),200,OK,Thread Group 1-147,text,true,58064,12453
1386864756203,12380,POST: Save submission (clpa),200,OK,Thread Group 1-144,text,true,58079,12269
1386864756157,12430,POST: Save submission (hope),200,OK,Thread Group 1-145,text,true,58079,12314
1386864756215,12426,POST: Save submission (albe),200,OK,Thread Group 1-51,text,true,58074,12305
1386864756205,12436,POST: Save submission (jogi),200,OK,Thread Group 1-142,text,true,58064,12315
1386864756305,12380,POST: Save submission (kaca),200,OK,Thread Group 1-149,text,true,58064,12266
1386864756310,12385,POST: Save submission (krba),200,OK,Thread Group 1-141,text,true,58089,12265
1386864756257,12443,POST: Save submission (brgr),200,OK,Thread Group 1-107,text,true,58074,12314
1386864756672,12060,POST: Save submission (anda),200,OK,Thread Group 1-146,text,true,58059,11949
1386864756361,12374,POST: Save submission (momo),200,OK,Thread Group 1-148,text,true,58094,12262
1386864756264,12475,POST: Save submission (dafr),200,OK,Thread Group 1-150,text,true,58069,12359
1386864760774,8055,POST: Save submission (nilu),200,OK,Thread Group 1-7,text,true,58059,7948
1386864760705,8176,POST: Save submission (sest),200,OK,Thread Group 1-12,text,true,58065,8065
1386864764980,3954,POST: Save submission (calo),200,OK,Thread Group 1-8,text,true,58064,3842
1386864768617,428,POST: Save submission (guwa),200,OK,Thread Group 1-6,text,true,58089,305
1386864768616,429,POST: Save submission (gemo),200,OK,Thread Group 1-10,text,true,58089,306
1386864768613,552,POST: Save submission (trca),200,OK,Thread Group 1-9,text,true,58059,359
1386864768625,543,POST: Save submission (raba),200,OK,Thread Group 1-4,text,true,58079,347
1386864768611,559,POST: Save submission (wewe),200,OK,Thread Group 1-11,text,true,58069,364
