1386864458775,264,GET: Login (huba),200,OK,Thread Group 1-1,text,true,11533,216
1386864458775,314,GET: Login (tyll),200,OK,Thread Group 1-2,text,true,11533,237
1386864458841,248,GET: Login (sojo),200,OK,Thread Group 1-3,text,true,11533,171
1386864459055,166,GET: Login (raba),200,OK,Thread Group 1-4,text,true,11533,107
1386864459249,146,GET: Login (cach),200,OK,Thread Group 1-5,text,true,11533,94
1386864459454,195,GET: Login (guwa),200,OK,Thread Group 1-6,text,true,11533,114
1386864459658,191,GET: Login (nilu),200,OK,Thread Group 1-7,text,true,11533,111
1386864459861,212,GET: Login (calo),200,OK,Thread Group 1-8,text,true,11533,136
1386864460063,211,GET: Login (trca),200,OK,Thread Group 1-9,text,true,11533,151
1386864460268,207,GET: Login (gemo),200,OK,Thread Group 1-10,text,true,11533,137
1386864460469,209,GET: Login (wewe),200,OK,Thread Group 1-11,text,true,11533,145
1386864460674,205,GET: Login (sest),200,OK,Thread Group 1-12,text,true,11533,140
1386864460882,220,GET: Login (juga),200,OK,Thread Group 1-13,text,true,11533,162
1386864461082,221,GET: Login (raha),200,OK,Thread Group 1-14,text,true,11533,154
1386864461286,268,GET: Login (daha),200,OK,Thread Group 1-15,text,true,11533,172
1386864461485,220,GET: Login (shbe),200,OK,Thread Group 1-16,text,true,11533,125
1386864461688,295,GET: Login (amgr),200,OK,Thread Group 1-17,text,true,11533,171
1386864461893,238,GET: Login (maga),200,OK,Thread Group 1-18,text,true,11533,132
1386864462093,190,GET: Login (cenu),200,OK,Thread Group 1-19,text,true,11533,119
1386864462297,236,GET: Login (caph),200,OK,Thread Group 1-20,text,true,11533,139
1386864462508,177,GET: Login (joch),200,OK,Thread Group 1-21,text,true,11533,108
1386864462702,183,GET: Login (jade),200,OK,Thread Group 1-22,text,true,11533,117
1386864462904,217,GET: Login (bola),200,OK,Thread Group 1-23,text,true,11533,150
1386864463108,218,GET: Login (glbl),200,OK,Thread Group 1-24,text,true,11533,147
1386864463328,300,GET: Login (masm),200,OK,Thread Group 1-25,text,true,11533,188
1386864463511,263,GET: Login (jufe),200,OK,Thread Group 1-26,text,true,11533,190
1386864463715,484,GET: Login (jehu),200,OK,Thread Group 1-27,text,true,11533,371
1386864463916,434,GET: Login (mawh),200,OK,Thread Group 1-28,text,true,11533,367
1386864464118,232,GET: Login (irmo),200,OK,Thread Group 1-29,text,true,11533,163
1386864464323,435,GET: Login (gopa),200,OK,Thread Group 1-30,text,true,11533,151
1386864464612,303,GET: Login (maco),200,OK,Thread Group 1-31,text,true,11533,184
1386864464741,410,GET: Login (alto),200,OK,Thread Group 1-32,text,true,11533,248
1386864464953,375,GET: Login (evpa),200,OK,Thread Group 1-33,text,true,11533,276
1386864465127,259,GET: Login (flco),200,OK,Thread Group 1-34,text,true,11533,188
1386864463787,2566,POST: Login (jufe),200,OK,Thread Group 1-26,text,true,319600,1066
1386864462143,4241,POST: Login (maga),200,OK,Thread Group 1-18,text,true,319602,1131
1386864461321,5064,POST: Login (raha),200,OK,Thread Group 1-14,text,true,319606,1219
1386864460689,5793,POST: Login (wewe),200,OK,Thread Group 1-11,text,true,319596,1117
1386864461714,4777,POST: Login (shbe),200,OK,Thread Group 1-16,text,true,319596,1261
1386864463639,2856,POST: Login (masm),200,OK,Thread Group 1-25,text,true,319602,972
1386864462898,3601,POST: Login (jade),200,OK,Thread Group 1-22,text,true,319590,1093
1386864462699,3812,POST: Login (joch),200,OK,Thread Group 1-21,text,true,319606,1021
1386864463136,3386,POST: Login (bola),200,OK,Thread Group 1-23,text,true,319600,1069
1386864461997,4525,POST: Login (amgr),200,OK,Thread Group 1-17,text,true,319600,1222
1386864462299,4228,POST: Login (cenu),200,OK,Thread Group 1-19,text,true,319600,1021
1386864463342,3188,POST: Login (glbl),200,OK,Thread Group 1-24,text,true,319596,1054
1386864462545,3988,POST: Login (caph),200,OK,Thread Group 1-20,text,true,319600,1080
1386864460894,5645,POST: Login (sest),200,OK,Thread Group 1-12,text,true,319598,1238
1386864465340,1201,GET: Login (cogl),200,OK,Thread Group 1-35,text,true,11533,1114
1386864461567,4980,POST: Login (daha),200,OK,Thread Group 1-15,text,true,319596,1267
1386864461112,5450,POST: Login (juga),200,OK,Thread Group 1-13,text,true,319596,1171
1386864460485,6100,POST: Login (gemo),200,OK,Thread Group 1-10,text,true,319604,1074
1386864465551,1071,GET: Login (anba),200,OK,Thread Group 1-36,text,true,11533,1004
1386864460283,6346,POST: Login (trca),200,OK,Thread Group 1-9,text,true,319592,1120
1386864459865,6787,POST: Login (nilu),200,OK,Thread Group 1-7,text,true,319592,711
1386864459656,6998,POST: Login (guwa),200,OK,Thread Group 1-6,text,true,319604,869
1386864459063,7628,POST: Login (huba),200,OK,Thread Group 1-1,text,true,319598,786
1386864460082,6613,POST: Login (calo),200,OK,Thread Group 1-8,text,true,319594,801
1386864459400,7308,POST: Login (cach),200,OK,Thread Group 1-5,text,true,319600,724
1386864459097,7870,POST: Login (tyll),200,OK,Thread Group 1-2,text,true,319596,754
1386864459226,7748,POST: Login (raba),200,OK,Thread Group 1-4,text,true,319600,798
1386864459098,7976,POST: Login (sojo),200,OK,Thread Group 1-3,text,true,319604,701
1386864464363,2832,POST: Login (mawh),200,OK,Thread Group 1-28,text,true,319598,1278
1386864466376,855,GET: View assignment (jufe),200,OK,Thread Group 1-26,text,true,32302,733
1386864466471,796,GET: View assignment (maga),200,OK,Thread Group 1-18,text,true,32305,687
1386864464238,3059,POST: Login (jehu),200,OK,Thread Group 1-27,text,true,319596,1450
1386864464429,2892,POST: Login (irmo),200,OK,Thread Group 1-29,text,true,319598,1210
1386864466488,836,GET: View assignment (raha),200,OK,Thread Group 1-14,text,true,32311,723
1386864466590,763,GET: View assignment (wewe),200,OK,Thread Group 1-11,text,true,32296,621
1386864466651,882,GET: View assignment (shbe),200,OK,Thread Group 1-16,text,true,32296,757
1386864466713,822,GET: View assignment (masm),200,OK,Thread Group 1-25,text,true,32305,699
1386864466341,1240,GET: Login (elcu),200,OK,Thread Group 1-40,text,true,11533,1156
1386864465737,1846,GET: Login (tatr),200,OK,Thread Group 1-37,text,true,11533,1758
1386864465940,1691,GET: Login (mach),200,OK,Thread Group 1-38,text,true,11533,1569
1386864466138,1496,GET: Login (yvgr),200,OK,Thread Group 1-39,text,true,11533,1376
1386864464796,2904,POST: Login (gopa),200,OK,Thread Group 1-30,text,true,319600,1163
1386864466853,950,GET: View assignment (amgr),200,OK,Thread Group 1-17,text,true,32302,835
1386864466840,963,GET: View assignment (jade),200,OK,Thread Group 1-22,text,true,32287,849
1386864466863,945,GET: View assignment (glbl),200,OK,Thread Group 1-24,text,true,32296,821
1386864466871,999,GET: View assignment (sest),200,OK,Thread Group 1-12,text,true,32299,864
1386864466849,1033,GET: View assignment (joch),200,OK,Thread Group 1-21,text,true,32311,885
1386864466849,1036,GET: View assignment (bola),200,OK,Thread Group 1-23,text,true,32302,885
1386864466986,973,GET: View assignment (daha),200,OK,Thread Group 1-15,text,true,32296,810
1386864466986,987,GET: View assignment (juga),200,OK,Thread Group 1-13,text,true,32296,810
1386864466855,1120,GET: View assignment (cenu),200,OK,Thread Group 1-19,text,true,32302,939
1386864466870,1108,GET: View assignment (caph),200,OK,Thread Group 1-20,text,true,32302,926
1386864467005,999,GET: View assignment (gemo),200,OK,Thread Group 1-10,text,true,32308,851
1386864467019,986,GET: View assignment (trca),200,OK,Thread Group 1-9,text,true,32290,837
1386864467124,947,GET: View assignment (guwa),200,OK,Thread Group 1-6,text,true,32306,815
1386864467126,960,GET: View assignment (huba),200,OK,Thread Group 1-1,text,true,32297,813
1386864467141,946,GET: View assignment (cach),200,OK,Thread Group 1-5,text,true,32300,801
1386864467020,1068,GET: View assignment (nilu),200,OK,Thread Group 1-7,text,true,32288,922
1386864467137,1000,GET: View assignment (calo),200,OK,Thread Group 1-8,text,true,32291,857
1386864467289,978,GET: View assignment (raba),200,OK,Thread Group 1-4,text,true,32300,840
1386864467287,982,GET: View assignment (tyll),200,OK,Thread Group 1-2,text,true,32294,842
1386864467426,885,GET: View assignment (sojo),200,OK,Thread Group 1-3,text,true,32306,753
1386864464942,3395,POST: Login (maco),200,OK,Thread Group 1-31,text,true,319604,1620
1386864467566,894,GET: View assignment (mawh),200,OK,Thread Group 1-28,text,true,32299,779
1386864466541,2135,GET: Login (dego),200,OK,Thread Group 1-41,text,true,11533,1917
1386864467945,833,GET: Login (ligi),200,OK,Thread Group 1-48,text,true,11533,596
1386864466940,1841,GET: Login (nahe),200,OK,Thread Group 1-43,text,true,11533,1504
1386864467542,1242,GET: Login (dafo),200,OK,Thread Group 1-46,text,true,11533,948
1386864467743,1051,GET: Login (kava),200,OK,Thread Group 1-47,text,true,11533,870
1386864467143,1653,GET: Login (kely),200,OK,Thread Group 1-44,text,true,11533,1395
1386864466742,2057,GET: Login (mica),200,OK,Thread Group 1-42,text,true,11533,1732
1386864467342,1458,GET: Login (thte),200,OK,Thread Group 1-45,text,true,11533,1219
1386864467614,1192,GET: View assignment (jehu),200,OK,Thread Group 1-27,text,true,32296,881
1386864467716,1151,GET: Show add submission form (raha),200,OK,Thread Group 1-14,text,true,56864,1007
1386864467707,1187,GET: View assignment (irmo),200,OK,Thread Group 1-29,text,true,32299,1018
1386864467738,1169,GET: Show add submission form (wewe),200,OK,Thread Group 1-11,text,true,56839,985
1386864467573,1345,GET: Show add submission form (jufe),200,OK,Thread Group 1-26,text,true,56849,1150
1386864465165,4043,POST: Login (alto),200,OK,Thread Group 1-32,text,true,319592,2001
1386864467597,2167,GET: Show add submission form (maga),200,OK,Thread Group 1-18,text,true,56854,1625
1386864468019,1761,GET: View assignment (gopa),200,OK,Thread Group 1-30,text,true,32302,1105
1386864467857,1922,GET: Show add submission form (masm),200,OK,Thread Group 1-25,text,true,56854,1654
1386864465352,4439,POST: Login (evpa),200,OK,Thread Group 1-33,text,true,319598,1966
1386864467850,1960,GET: Show add submission form (shbe),200,OK,Thread Group 1-16,text,true,56839,1661
1386864465442,4837,POST: Login (flco),200,OK,Thread Group 1-34,text,true,319592,2141
1386864468981,1497,GET: Login (jafl),200,OK,Thread Group 1-53,text,true,11533,1288
1386864468145,2342,GET: Login (agra),200,OK,Thread Group 1-49,text,true,11533,2091
1386864468548,1942,GET: Login (albe),200,OK,Thread Group 1-51,text,true,11533,1700
1386864469192,1300,GET: Login (llfl),200,OK,Thread Group 1-54,text,true,11533,1048
1386864469363,1143,GET: Login (rawa),200,OK,Thread Group 1-55,text,true,11533,966
1386864468752,1757,GET: Login (frma),200,OK,Thread Group 1-52,text,true,11533,1573
1386864468345,2170,GET: Login (cada),200,OK,Thread Group 1-50,text,true,11533,1918
1386864468270,2435,GET: Show add submission form (glbl),200,OK,Thread Group 1-24,text,true,56827,2192
1386864468237,2597,GET: Show add submission form (amgr),200,OK,Thread Group 1-17,text,true,56843,2390
1386864468254,2598,GET: Show add submission form (jade),200,OK,Thread Group 1-22,text,true,56824,2338
1386864469602,1346,GET: Login (deke),200,OK,Thread Group 1-56,text,true,11533,1160
1386864469801,1270,GET: Login (clad),200,OK,Thread Group 1-57,text,true,11533,1094
1386864468373,2869,GET: Show add submission form (bola),200,OK,Thread Group 1-23,text,true,56849,2619
1386864468365,2960,GET: Show add submission form (joch),200,OK,Thread Group 1-21,text,true,56864,2694
1386864468353,2990,GET: Show add submission form (sest),200,OK,Thread Group 1-12,text,true,56844,2724
1386864468445,2895,GET: Show add submission form (daha),200,OK,Thread Group 1-15,text,true,56839,2629
1386864469843,1550,POST: Upload file (wewe),200,OK,Thread Group 1-11,text,true,8582,1350
1386864470208,1193,GET: Login (boma),200,OK,Thread Group 1-59,text,true,11533,1060
1386864469865,1540,POST: Upload file (jufe),200,OK,Thread Group 1-26,text,true,8582,1267
1386864469991,1437,GET: Login (defi),200,OK,Thread Group 1-58,text,true,11533,1226
1386864469790,1640,POST: Upload file (raha),200,OK,Thread Group 1-14,text,true,8582,1419
1386864468603,3400,GET: Show add submission form (cach),200,OK,Thread Group 1-5,text,true,56849,2894
1386864468696,3304,GET: Show add submission form (calo),200,OK,Thread Group 1-8,text,true,56834,2809
1386864468826,3184,GET: View assignment (maco),200,OK,Thread Group 1-31,text,true,32308,2709
1386864468446,3561,GET: Show add submission form (juga),200,OK,Thread Group 1-13,text,true,56839,3054
1386864468751,3251,GET: Show add submission form (sojo),200,OK,Thread Group 1-3,text,true,56859,2787
1386864468726,3274,GET: Show add submission form (tyll),200,OK,Thread Group 1-2,text,true,56839,2859
1386864468717,3279,GET: Show add submission form (raba),200,OK,Thread Group 1-4,text,true,56849,3279
1386864468610,3406,GET: Show add submission form (nilu),200,OK,Thread Group 1-7,text,true,56829,2890
1386864468513,3507,GET: Show add submission form (gemo),200,OK,Thread Group 1-10,text,true,56859,2975
1386864468479,3541,GET: Show add submission form (caph),200,OK,Thread Group 1-20,text,true,56849,3056
1386864470622,1402,GET: Login (mywa),200,OK,Thread Group 1-61,text,true,11533,1402
1386864468594,3429,GET: Show add submission form (huba),200,OK,Thread Group 1-1,text,true,56844,2895
1386864468514,3514,GET: Show add submission form (trca),200,OK,Thread Group 1-9,text,true,56829,2978
1386864468593,3435,GET: Show add submission form (guwa),200,OK,Thread Group 1-6,text,true,56859,2895
1386864470366,1666,GET: Login (mefi),200,OK,Thread Group 1-60,text,true,11533,1141
1386864468827,3198,GET: Show add submission form (mawh),200,OK,Thread Group 1-28,text,true,56844,3198
1386864468447,3175,GET: Show add submission form (cenu),200,OK,Thread Group 1-19,text,true,56849,2965
1386864470450,1610,POST: Upload file (maga),200,OK,Thread Group 1-18,text,true,8582,1546
1386864470518,1543,POST: Upload file (masm),200,OK,Thread Group 1-25,text,true,8582,1477
1386864470553,1508,POST: Upload file (shbe),200,OK,Thread Group 1-16,text,true,8582,1442
1386864470770,1400,GET: Login (masi),200,OK,Thread Group 1-62,text,true,11533,1266
1386864470995,1177,GET: Login (emgu),200,OK,Thread Group 1-63,text,true,11533,1043
1386864471252,1055,GET: Login (mefig),200,OK,Thread Group 1-64,text,true,11533,963
1386864471396,1011,GET: Login (roby),200,OK,Thread Group 1-65,text,true,11533,913
1386864470165,2549,GET: View assignment (alto),200,OK,Thread Group 1-32,text,true,32290,2415
1386864471608,1300,GET: Login (maca),200,OK,Thread Group 1-66,text,true,11533,1161
1386864469841,3077,GET: Show add submission form (irmo),200,OK,Thread Group 1-29,text,true,56844,2896
1386864472068,866,GET: Login (cesc),200,OK,Thread Group 1-68,text,true,11533,732
1386864470521,2422,GET: View assignment (evpa),200,OK,Thread Group 1-33,text,true,32299,2279
1386864469571,3376,GET: Show add submission form (jehu),200,OK,Thread Group 1-27,text,true,56839,3165
1386864472073,912,GET: Login (kagr),200,OK,Thread Group 1-67,text,true,11533,762
1386864472205,809,GET: Login (viad),200,OK,Thread Group 1-69,text,true,11533,681
1386864472205,945,POST: Upload file (glbl),200,OK,Thread Group 1-24,text,true,8576,824
1386864471048,2288,GET: View assignment (flco),200,OK,Thread Group 1-34,text,true,32290,2126
1386864472418,952,GET: Login (mamu),200,OK,Thread Group 1-70,text,true,11533,748
1386864472595,877,GET: Login (edma),200,OK,Thread Group 1-71,text,true,11533,760
1386864472788,824,GET: Login (viro),200,OK,Thread Group 1-72,text,true,11533,721
1386864470454,3207,GET: Show add submission form (gopa),200,OK,Thread Group 1-30,text,true,56849,3007
1386864472780,1073,POST: Upload file (jade),200,OK,Thread Group 1-22,text,true,8582,877
1386864472777,1093,POST: Upload file (amgr),200,OK,Thread Group 1-17,text,true,8579,904
1386864472991,966,GET: Login (alfu),200,OK,Thread Group 1-73,text,true,11533,728
1386864473182,1038,GET: Login (febo),200,OK,Thread Group 1-74,text,true,11533,877
1386864473193,1340,POST: Upload file (bola),200,OK,Thread Group 1-23,text,true,8582,1076
1386864473196,1380,POST: Upload file (joch),200,OK,Thread Group 1-21,text,true,8582,978
1386864473444,1301,POST: Upload file (daha),200,OK,Thread Group 1-15,text,true,8582,979
1386864473381,1339,GET: Login (roca),200,OK,Thread Group 1-75,text,true,11533,1096
1386864473441,1419,POST: Upload file (sest),200,OK,Thread Group 1-12,text,true,8582,1177
1386864473588,1348,GET: Login (olba),200,OK,Thread Group 1-76,text,true,11533,1082
1386864473791,1292,GET: Login (begr),200,OK,Thread Group 1-77,text,true,11533,1168
1386864466884,8216,POST: Login (cogl),200,OK,Thread Group 1-35,text,true,319598,2796
1386864473982,1203,GET: Login (cymc),200,OK,Thread Group 1-78,text,true,11533,1099
1386864467010,8342,POST: Login (anba),200,OK,Thread Group 1-36,text,true,319594,3171
1386864474184,1651,GET: Login (risc),200,OK,Thread Group 1-79,text,true,11533,1492
1386864474797,1250,GET: Login (cabo),200,OK,Thread Group 1-82,text,true,11533,1150
1386864474389,1659,GET: Login (caru),200,OK,Thread Group 1-80,text,true,11533,1540
1386864474590,1458,GET: Login (caco),200,OK,Thread Group 1-81,text,true,11533,1341
1386864474988,1060,GET: Login (edhe),200,OK,Thread Group 1-83,text,true,11533,969
1386864475392,678,GET: Login (patu),200,OK,Thread Group 1-85,text,true,11533,598
1386864475190,880,GET: Login (jowa),200,OK,Thread Group 1-84,text,true,11533,780
1386864473863,2263,POST: Upload file (calo),200,OK,Thread Group 1-8,text,true,8582,2135
1386864475593,745,GET: Login (rosh),200,OK,Thread Group 1-86,text,true,11533,648
1386864473967,2387,POST: Upload file (nilu),200,OK,Thread Group 1-7,text,true,8582,2283
1386864474009,2354,POST: Upload file (gemo),200,OK,Thread Group 1-10,text,true,8582,2229
1386864473886,2479,POST: Upload file (juga),200,OK,Thread Group 1-13,text,true,8582,2337
1386864473927,2500,POST: Upload file (sojo),200,OK,Thread Group 1-3,text,true,8582,2333
1386864474138,2309,POST: Upload file (guwa),200,OK,Thread Group 1-6,text,true,8582,2165
1386864473633,2831,POST: Save submission (raha),200,OK,Thread Group 1-14,text,true,58094,2699
1386864474085,2382,POST: Upload file (trca),200,OK,Thread Group 1-9,text,true,8582,2169
1386864473929,2538,POST: Upload file (tyll),200,OK,Thread Group 1-2,text,true,8582,2289
1386864474012,2457,POST: Upload file (caph),200,OK,Thread Group 1-20,text,true,8582,2272
1386864474059,2410,POST: Upload file (huba),200,OK,Thread Group 1-1,text,true,8582,2223
1386864473860,2611,POST: Upload file (cach),200,OK,Thread Group 1-5,text,true,8582,2390
1386864473964,2515,POST: Upload file (raba),200,OK,Thread Group 1-4,text,true,8582,2283
1386864475795,700,GET: Login (erta),200,OK,Thread Group 1-87,text,true,11533,639
1386864475180,1317,POST: Upload file (irmo),200,OK,Thread Group 1-29,text,true,8582,1212
1386864474237,2268,POST: Upload file (cenu),200,OK,Thread Group 1-19,text,true,8582,2090
1386864474176,2332,POST: Upload file (mawh),200,OK,Thread Group 1-28,text,true,8582,2138
1386864473548,2973,POST: Save submission (jufe),200,OK,Thread Group 1-26,text,true,58079,2794
1386864473496,3025,POST: Save submission (wewe),200,OK,Thread Group 1-11,text,true,58069,2848
1386864473885,2655,GET: Show add submission form (maco),200,OK,Thread Group 1-31,text,true,56859,2447
1386864475464,1096,POST: Upload file (gopa),200,OK,Thread Group 1-30,text,true,8582,984
1386864475196,1392,POST: Upload file (jehu),200,OK,Thread Group 1-27,text,true,8582,1135
1386864475997,822,GET: Login (sost),200,OK,Thread Group 1-88,text,true,11533,620
1386864474321,2662,POST: Save submission (shbe),200,OK,Thread Group 1-16,text,true,58069,2488
1386864474318,2667,POST: Save submission (masm),200,OK,Thread Group 1-25,text,true,58084,2494
1386864476199,823,GET: Login (chmo),200,OK,Thread Group 1-89,text,true,11533,682
1386864474289,2803,POST: Save submission (maga),200,OK,Thread Group 1-18,text,true,58084,2670
1386864476402,733,GET: Login (lome),200,OK,Thread Group 1-90,text,true,11533,552
1386864474976,2162,GET: Show add submission form (alto),200,OK,Thread Group 1-32,text,true,56829,2039
1386864475195,1956,GET: Show add submission form (evpa),200,OK,Thread Group 1-33,text,true,56844,1816
1386864475261,1921,POST: Save submission (glbl),200,OK,Thread Group 1-24,text,true,58051,1747
1386864476603,641,GET: Login (cagr),200,OK,Thread Group 1-91,text,true,11533,568
1386864475472,1840,POST: Save submission (jade),200,OK,Thread Group 1-22,text,true,58054,1702
1386864476809,608,GET: Login (nosa),200,OK,Thread Group 1-92,text,true,11533,507
1386864475520,1901,POST: Save submission (amgr),200,OK,Thread Group 1-17,text,true,58070,1780
1386864475646,1859,POST: Save submission (bola),200,OK,Thread Group 1-23,text,true,58079,1712
1386864475883,1640,GET: View assignment (cogl),200,OK,Thread Group 1-35,text,true,32299,1525
1386864475414,2160,GET: Show add submission form (flco),200,OK,Thread Group 1-34,text,true,56823,2045
1386864475648,1935,POST: Save submission (joch),200,OK,Thread Group 1-21,text,true,58094,1762
1386864475712,2095,POST: Save submission (daha),200,OK,Thread Group 1-15,text,true,58069,1854
1386864477005,841,GET: Login (shsa),200,OK,Thread Group 1-93,text,true,11533,552
1386864476059,1792,GET: View assignment (anba),200,OK,Thread Group 1-36,text,true,32293,1554
1386864477208,761,GET: Login (clri),200,OK,Thread Group 1-94,text,true,11533,536
1386864477417,749,GET: Login (saha),200,OK,Thread Group 1-95,text,true,11533,680
1386864475867,2377,POST: Save submission (sest),200,OK,Thread Group 1-12,text,true,58074,2186
1386864477820,723,GET: Login (mepa),200,OK,Thread Group 1-97,text,true,11533,590
1386864477615,976,GET: Login (rean),200,OK,Thread Group 1-96,text,true,11533,826
1386864467891,10730,POST: Login (elcu),200,OK,Thread Group 1-40,text,true,319606,5461
1386864477773,904,POST: Upload file (maco),200,OK,Thread Group 1-31,text,true,8582,763
1386864476707,2012,POST: Save submission (calo),200,OK,Thread Group 1-8,text,true,58064,1817
1386864468006,10935,POST: Login (mach),200,OK,Thread Group 1-38,text,true,319600,5075
1386864468007,10951,POST: Login (yvgr),200,OK,Thread Group 1-39,text,true,319600,5127
1386864478218,797,GET: Login (lebr),200,OK,Thread Group 1-99,text,true,11533,674
1386864478017,1023,GET: Login (sawa),200,OK,Thread Group 1-98,text,true,11533,875
1386864478424,630,GET: Login (limu),200,OK,Thread Group 1-100,text,true,11533,469
1386864467893,11257,POST: Login (tatr),200,OK,Thread Group 1-37,text,true,319594,4845
1386864478626,578,GET: Login (brll),200,OK,Thread Group 1-101,text,true,11533,475
1386864478832,642,GET: Login (vist),200,OK,Thread Group 1-102,text,true,11533,551
1386864478419,1076,POST: Upload file (evpa),200,OK,Thread Group 1-33,text,true,8582,964
1386864479029,504,GET: Login (lodo),200,OK,Thread Group 1-103,text,true,11533,377
1386864478417,1131,POST: Upload file (alto),200,OK,Thread Group 1-32,text,true,8582,967
1386864477396,2255,POST: Save submission (nilu),200,OK,Thread Group 1-7,text,true,58059,2128
1386864477556,2210,POST: Save submission (sojo),200,OK,Thread Group 1-3,text,true,58089,2026
1386864479231,573,GET: Login (juha),200,OK,Thread Group 1-104,text,true,11533,455
1386864478853,985,POST: Upload file (flco),200,OK,Thread Group 1-34,text,true,8579,776
1386864479432,488,GET: Login (tamo),200,OK,Thread Group 1-105,text,true,11533,347
1386864477553,2371,POST: Save submission (juga),200,OK,Thread Group 1-13,text,true,58069,2133
1386864477551,2426,POST: Save submission (gemo),200,OK,Thread Group 1-10,text,true,58089,2243
1386864477615,2367,POST: Save submission (tyll),200,OK,Thread Group 1-2,text,true,58069,2176
1386864477558,2427,POST: Save submission (guwa),200,OK,Thread Group 1-6,text,true,58089,2233
1386864477686,2302,POST: Save submission (cach),200,OK,Thread Group 1-5,text,true,58079,2108
1386864477626,2449,POST: Save submission (caph),200,OK,Thread Group 1-20,text,true,58079,2165
1386864477753,2315,POST: Save submission (cenu),200,OK,Thread Group 1-19,text,true,58079,2188
1386864477774,2270,POST: Save submission (gopa),200,OK,Thread Group 1-30,text,true,58079,2021
1386864477614,2493,POST: Save submission (trca),200,OK,Thread Group 1-9,text,true,58059,2286
1386864477751,2363,POST: Save submission (irmo),200,OK,Thread Group 1-29,text,true,58074,2152
1386864477764,2388,POST: Save submission (mawh),200,OK,Thread Group 1-28,text,true,58074,2029
1386864477697,2457,POST: Save submission (raba),200,OK,Thread Group 1-4,text,true,58079,2244
1386864477627,2596,POST: Save submission (huba),200,OK,Thread Group 1-1,text,true,58074,2395
1386864477808,2417,POST: Save submission (jehu),200,OK,Thread Group 1-27,text,true,58069,2223
1386864479634,617,GET: Login (fldi),200,OK,Thread Group 1-106,text,true,11533,437
1386864479837,597,GET: Login (brgr),200,OK,Thread Group 1-107,text,true,11533,446
1386864469477,11129,POST: Login (nahe),200,OK,Thread Group 1-43,text,true,319604,6930
1386864480038,582,GET: Login (dere),200,OK,Thread Group 1-108,text,true,11533,379
1386864480241,409,GET: Login (roto),200,OK,Thread Group 1-109,text,true,11533,342
1386864469566,11220,POST: Login (mica),200,OK,Thread Group 1-42,text,true,319606,6833
1386864480441,519,GET: Login (loch),200,OK,Thread Group 1-110,text,true,11533,376
1386864469568,11550,POST: Login (thte),200,OK,Thread Group 1-45,text,true,319598,6980
1386864469473,11648,POST: Login (ligi),200,OK,Thread Group 1-48,text,true,319596,6926
1386864469489,11909,POST: Login (kava),200,OK,Thread Group 1-47,text,true,319602,6916
1386864469479,11920,POST: Login (dafo),200,OK,Thread Group 1-46,text,true,319600,7070
1386864478828,2573,GET: Show add submission form (cogl),200,OK,Thread Group 1-35,text,true,56844,2573
1386864469251,12152,POST: Login (dego),200,OK,Thread Group 1-41,text,true,319604,7150
1386864469531,11861,POST: Login (kely),200,OK,Thread Group 1-44,text,true,319598,7434
1386864480642,827,GET: Login (crbi),200,OK,Thread Group 1-111,text,true,11533,766
1386864481046,486,GET: Login (frmu),200,OK,Thread Group 1-113,text,true,11533,363
1386864480844,690,GET: Login (mawe),200,OK,Thread Group 1-112,text,true,11533,547
1386864479564,2074,GET: View assignment (elcu),200,OK,Thread Group 1-40,text,true,32311,1898
1386864479112,2564,GET: Show add submission form (anba),200,OK,Thread Group 1-36,text,true,56834,2346
1386864479570,2255,POST: Save submission (maco),200,OK,Thread Group 1-31,text,true,58089,2127
1386864479850,2098,GET: View assignment (mach),200,OK,Thread Group 1-38,text,true,32302,1965
1386864479850,2104,GET: View assignment (yvgr),200,OK,Thread Group 1-39,text,true,32302,1967
1386864471566,10537,POST: Login (cada),200,OK,Thread Group 1-50,text,true,319598,6411
1386864471478,10627,POST: Login (jafl),200,OK,Thread Group 1-53,text,true,319600,5939
1386864471528,10582,POST: Login (rawa),200,OK,Thread Group 1-55,text,true,319596,6090
1386864481413,796,GET: Login (memo),200,OK,Thread Group 1-114,text,true,11533,635
1386864471481,10751,POST: Login (llfl),200,OK,Thread Group 1-54,text,true,319596,6091
1386864480128,2109,GET: View assignment (tatr),200,OK,Thread Group 1-37,text,true,32293,1877
1386864481451,833,GET: Login (visu),200,OK,Thread Group 1-115,text,true,11533,681
1386864471480,10963,POST: Login (albe),200,OK,Thread Group 1-51,text,true,319598,6097
1386864471480,10963,POST: Login (agra),200,OK,Thread Group 1-49,text,true,319598,6091
1386864481653,797,GET: Login (debu),200,OK,Thread Group 1-116,text,true,11533,700
1386864481855,641,GET: Login (dico),200,OK,Thread Group 1-117,text,true,11533,538
1386864482056,494,GET: Login (pada),200,OK,Thread Group 1-118,text,true,11533,326
1386864471530,11059,POST: Login (frma),200,OK,Thread Group 1-52,text,true,319606,5888
1386864480525,2114,POST: Save submission (evpa),200,OK,Thread Group 1-33,text,true,58074,1977
1386864480533,2203,POST: Save submission (alto),200,OK,Thread Group 1-32,text,true,58059,2009
1386864482257,573,GET: Login (rowo),200,OK,Thread Group 1-119,text,true,11533,421
1386864482458,588,GET: Login (nepr),200,OK,Thread Group 1-120,text,true,11533,350
1386864480900,2161,POST: Save submission (flco),200,OK,Thread Group 1-34,text,true,58050,1924
1386864482277,907,POST: Upload file (cogl),200,OK,Thread Group 1-35,text,true,8582,665
1386864482658,628,GET: Login (edco),200,OK,Thread Group 1-121,text,true,11533,410
1386864481695,1891,GET: View assignment (nahe),200,OK,Thread Group 1-43,text,true,32308,1766
1386864482859,817,GET: Login (shca),200,OK,Thread Group 1-122,text,true,11533,707
1386864481875,1858,GET: View assignment (mica),200,OK,Thread Group 1-42,text,true,32311,1688
1386864483060,684,GET: Login (sebr),200,OK,Thread Group 1-123,text,true,11533,552
1386864483265,755,GET: Login (esda),200,OK,Thread Group 1-124,text,true,11533,511
1386864482937,1107,POST: Upload file (anba),200,OK,Thread Group 1-36,text,true,8582,906
1386864483468,623,GET: Login (kapa),200,OK,Thread Group 1-125,text,true,11533,375
1386864482168,2130,GET: View assignment (ligi),200,OK,Thread Group 1-48,text,true,32296,1917
1386864483668,694,GET: Login (raban),200,OK,Thread Group 1-126,text,true,11533,450
1386864482172,2306,GET: View assignment (kava),200,OK,Thread Group 1-47,text,true,32305,1964
1386864482286,2220,GET: View assignment (kely),200,OK,Thread Group 1-44,text,true,32299,1954
1386864482167,2356,GET: View assignment (thte),200,OK,Thread Group 1-45,text,true,32299,1974
1386864482285,2259,GET: View assignment (dego),200,OK,Thread Group 1-41,text,true,32308,1901
1386864474057,10511,POST: Login (mywa),200,OK,Thread Group 1-61,text,true,319602,5690
1386864474757,9860,POST: Login (roby),200,OK,Thread Group 1-65,text,true,319594,4990
1386864475188,9466,POST: Login (cesc),200,OK,Thread Group 1-68,text,true,319598,4768
1386864474141,10590,POST: Login (mefi),200,OK,Thread Group 1-60,text,true,319610,5601
1386864474698,10141,POST: Login (mefig),200,OK,Thread Group 1-64,text,true,319606,5103
1386864483869,1076,GET: Login (lone),200,OK,Thread Group 1-127,text,true,11533,818
1386864473631,11421,POST: Login (defi),200,OK,Thread Group 1-58,text,true,319598,6111
1386864475148,9916,POST: Login (maca),200,OK,Thread Group 1-66,text,true,319600,4655
1386864474379,10687,POST: Login (emgu),200,OK,Thread Group 1-63,text,true,319602,5360
1386864482173,2934,GET: View assignment (dafo),200,OK,Thread Group 1-46,text,true,32302,2515
1386864474377,10859,POST: Login (masi),200,OK,Thread Group 1-62,text,true,319598,5572
1386864473022,12243,POST: Login (clad),200,OK,Thread Group 1-57,text,true,319600,6565
1386864475415,9857,POST: Login (mamu),200,OK,Thread Group 1-70,text,true,319604,4885
1386864484069,1394,GET: Login (mawa),200,OK,Thread Group 1-128,text,true,11533,1144
1386864484279,1220,GET: Login (cogr),200,OK,Thread Group 1-129,text,true,11533,1046
1386864473499,12229,POST: Login (boma),200,OK,Thread Group 1-59,text,true,319604,6249
1386864472802,12942,POST: Login (deke),200,OK,Thread Group 1-56,text,true,319600,6943
1386864484482,1321,GET: Login (befe),200,OK,Thread Group 1-130,text,true,11533,1125
1386864475258,10559,POST: Login (viad),200,OK,Thread Group 1-69,text,true,319598,5140
1386864475252,10652,POST: Login (kagr),200,OK,Thread Group 1-67,text,true,319596,5246
1386864475529,10445,POST: Login (alfu),200,OK,Thread Group 1-73,text,true,319598,5122
1386864484686,1347,GET: Login (wimi),200,OK,Thread Group 1-131,text,true,11533,1088
1386864484879,1333,GET: Login (arwi),200,OK,Thread Group 1-132,text,true,11533,1095
1386864475643,10650,POST: Login (febo),200,OK,Thread Group 1-74,text,true,319598,5194
1386864483202,3107,GET: View assignment (cada),200,OK,Thread Group 1-50,text,true,32299,2881
1386864483202,3134,GET: View assignment (jafl),200,OK,Thread Group 1-53,text,true,32302,2882
1386864483249,3219,GET: View assignment (rawa),200,OK,Thread Group 1-55,text,true,32296,2916
1386864475433,11236,POST: Login (edma),200,OK,Thread Group 1-71,text,true,319596,5400
1386864482819,3943,GET: Show add submission form (elcu),200,OK,Thread Group 1-40,text,true,56864,3674
1386864483586,3356,GET: View assignment (agra),200,OK,Thread Group 1-49,text,true,32299,3144
1386864483516,3469,GET: View assignment (llfl),200,OK,Thread Group 1-54,text,true,32296,3211
1386864475463,11526,POST: Login (viro),200,OK,Thread Group 1-72,text,true,319606,5370
1386864483191,3824,GET: Show add submission form (mach),200,OK,Thread Group 1-38,text,true,56849,3542
1386864485103,1939,GET: Login (prha),200,OK,Thread Group 1-133,text,true,11533,1712
1386864475876,11375,POST: Login (begr),200,OK,Thread Group 1-77,text,true,319604,5523
1386864483192,4065,GET: Show add submission form (yvgr),200,OK,Thread Group 1-39,text,true,56849,3673
1386864483585,3974,GET: View assignment (albe),200,OK,Thread Group 1-51,text,true,32299,3701
1386864483824,3893,GET: View assignment (frma),200,OK,Thread Group 1-52,text,true,32311,3745
1386864485287,2630,GET: Login (chpo),200,OK,Thread Group 1-134,text,true,11533,2367
1386864483518,4475,GET: Show add submission form (tatr),200,OK,Thread Group 1-37,text,true,56834,4120
1386864485484,2547,GET: Login (rhro),200,OK,Thread Group 1-135,text,true,11533,2293
1386864475713,12593,POST: Login (roca),200,OK,Thread Group 1-75,text,true,319604,5694
1386864475875,12542,POST: Login (olba),200,OK,Thread Group 1-76,text,true,319596,5948
1386864476058,12561,POST: Login (cymc),200,OK,Thread Group 1-78,text,true,319606,5942
1386864476595,12554,POST: Login (cabo),200,OK,Thread Group 1-82,text,true,319596,5603
1386864486304,2847,GET: Login (alho),200,OK,Thread Group 1-139,text,true,11533,2847
1386864476656,12493,POST: Login (caru),200,OK,Thread Group 1-80,text,true,319604,5439
1386864485686,3468,GET: Login (mani),200,OK,Thread Group 1-136,text,true,11533,3468
1386864476313,12841,POST: Login (risc),200,OK,Thread Group 1-79,text,true,319604,5682
1386864476657,12496,POST: Login (edhe),200,OK,Thread Group 1-83,text,true,319596,5546
1386864476657,12496,POST: Login (caco),200,OK,Thread Group 1-81,text,true,319604,5588
1386864476674,12478,POST: Login (jowa),200,OK,Thread Group 1-84,text,true,319596,5422
1386864486095,3057,GET: Login (lesp),200,OK,Thread Group 1-138,text,true,11533,3057
1386864476671,12526,POST: Login (patu),200,OK,Thread Group 1-85,text,true,319602,5527
1386864485886,3407,GET: Login (dwdi),200,OK,Thread Group 1-137,text,true,11533,3262
1386864484292,5111,POST: Save submission (cogl),200,OK,Thread Group 1-35,text,true,58074,4856
1386864484849,5028,GET: Show add submission form (nahe),200,OK,Thread Group 1-43,text,true,56859,4702
1386864484949,5162,GET: Show add submission form (mica),200,OK,Thread Group 1-42,text,true,56864,4706
1386864477344,12889,POST: Login (rosh),200,OK,Thread Group 1-86,text,true,319604,5203
1386864486492,3783,GET: Login (orli),200,OK,Thread Group 1-140,text,true,11533,3517
1386864486694,3619,GET: Login (krba),200,OK,Thread Group 1-141,text,true,11533,3443
1386864486895,3441,GET: Login (jogi),200,OK,Thread Group 1-142,text,true,11533,3186
1386864487096,3251,GET: Login (rabl),200,OK,Thread Group 1-143,text,true,11533,2938
1386864487298,3061,GET: Login (clpa),200,OK,Thread Group 1-144,text,true,11533,2901
1386864487573,2858,GET: Login (hope),200,OK,Thread Group 1-145,text,true,11533,2720
1386864477704,12740,POST: Login (erta),200,OK,Thread Group 1-87,text,true,319600,5290
1386864487700,2798,GET: Login (anda),200,OK,Thread Group 1-146,text,true,11533,2702
1386864487904,2671,GET: Login (grga),200,OK,Thread Group 1-147,text,true,11533,2458
1386864486096,4755,POST: Save submission (anba),200,OK,Thread Group 1-36,text,true,58064,4516
1386864487084,3861,GET: View assignment (roby),200,OK,Thread Group 1-65,text,true,32293,3679
1386864486359,4593,GET: Show add submission form (ligi),200,OK,Thread Group 1-48,text,true,56839,4404
1386864487085,3871,GET: View assignment (cesc),200,OK,Thread Group 1-68,text,true,32299,3680
1386864488108,2894,GET: Login (momo),200,OK,Thread Group 1-148,text,true,11533,2670
1386864488305,2716,GET: Login (kaca),200,OK,Thread Group 1-149,text,true,11533,2478
1386864487248,3801,GET: View assignment (mefig),200,OK,Thread Group 1-64,text,true,32311,3567
1386864488510,2545,GET: Login (dafr),200,OK,Thread Group 1-150,text,true,11533,2387
1386864487011,4094,GET: View assignment (mywa),200,OK,Thread Group 1-61,text,true,32305,3969
1386864478060,13100,POST: Login (sost),200,OK,Thread Group 1-88,text,true,319598,5409
1386864487247,3985,GET: View assignment (mefi),200,OK,Thread Group 1-60,text,true,32317,3793
1386864486855,4377,GET: Show add submission form (kava),200,OK,Thread Group 1-47,text,true,56854,4182
1386864486926,4311,GET: Show add submission form (kely),200,OK,Thread Group 1-44,text,true,56844,4169
1386864487808,3481,GET: View assignment (emgu),200,OK,Thread Group 1-63,text,true,32305,3355
1386864486997,4308,GET: Show add submission form (thte),200,OK,Thread Group 1-45,text,true,56838,4165
1386864487804,3512,GET: View assignment (defi),200,OK,Thread Group 1-58,text,true,32299,3429
1386864487807,3538,GET: View assignment (maca),200,OK,Thread Group 1-66,text,true,32302,3424
1386864488032,3400,GET: View assignment (clad),200,OK,Thread Group 1-57,text,true,32302,3263
1386864478552,12890,POST: Login (cagr),200,OK,Thread Group 1-91,text,true,319600,5242
1386864487952,3493,GET: View assignment (masi),200,OK,Thread Group 1-62,text,true,32299,3278
1386864490388,1067,POST: Upload file (elcu),200,OK,Thread Group 1-40,text,true,8582,910
1386864488033,3446,GET: View assignment (mamu),200,OK,Thread Group 1-70,text,true,32308,3292
1386864487001,4528,GET: Show add submission form (dego),200,OK,Thread Group 1-41,text,true,56859,4370
1386864478414,13138,POST: Login (chmo),200,OK,Thread Group 1-89,text,true,319606,5380
1386864490630,976,POST: Upload file (mach),200,OK,Thread Group 1-38,text,true,8582,803
1386864478416,13275,POST: Login (lome),200,OK,Thread Group 1-90,text,true,319602,5381
1386864490790,982,POST: Upload file (yvgr),200,OK,Thread Group 1-39,text,true,8582,756
1386864489271,2509,GET: View assignment (boma),200,OK,Thread Group 1-59,text,true,32308,2352
1386864489345,2512,GET: View assignment (kagr),200,OK,Thread Group 1-67,text,true,32296,2334
1386864479327,12622,POST: Login (saha),200,OK,Thread Group 1-95,text,true,319602,5231
1386864489273,2745,GET: View assignment (deke),200,OK,Thread Group 1-56,text,true,32302,2503
1386864478769,13337,POST: Login (nosa),200,OK,Thread Group 1-92,text,true,319598,5375
1386864487940,4210,GET: Show add submission form (dafo),200,OK,Thread Group 1-46,text,true,56849,4066
1386864479111,13070,POST: Login (shsa),200,OK,Thread Group 1-93,text,true,319600,5441
1386864489445,2748,GET: View assignment (alfu),200,OK,Thread Group 1-73,text,true,32299,2640
1386864489336,2860,GET: View assignment (viad),200,OK,Thread Group 1-69,text,true,32299,2750
1386864479113,13128,POST: Login (clri),200,OK,Thread Group 1-94,text,true,319606,5390
1386864479562,12712,POST: Login (mepa),200,OK,Thread Group 1-97,text,true,319600,5671
1386864490318,2010,GET: View assignment (edma),200,OK,Thread Group 1-71,text,true,32296,1834
1386864491242,1093,POST: Upload file (tatr),200,OK,Thread Group 1-37,text,true,8582,878
1386864479563,12778,POST: Login (rean),200,OK,Thread Group 1-96,text,true,319606,5777
1386864490280,2268,GET: View assignment (febo),200,OK,Thread Group 1-74,text,true,32299,2100
1386864490621,1988,GET: View assignment (viro),200,OK,Thread Group 1-72,text,true,32311,1839
1386864490789,1821,GET: View assignment (begr),200,OK,Thread Group 1-77,text,true,32308,1672
1386864479852,12769,POST: Login (sawa),200,OK,Thread Group 1-98,text,true,319592,5822
1386864479868,12782,POST: Login (limu),200,OK,Thread Group 1-100,text,true,319598,6750
1386864479851,12879,POST: Login (lebr),200,OK,Thread Group 1-99,text,true,319596,6061
1386864492000,794,POST: Upload file (nahe),200,OK,Thread Group 1-43,text,true,8582,635
1386864490283,2591,GET: Show add submission form (jafl),200,OK,Thread Group 1-53,text,true,56849,2394
1386864490281,2797,GET: Show add submission form (cada),200,OK,Thread Group 1-50,text,true,56844,2578
1386864480524,12723,POST: Login (vist),200,OK,Thread Group 1-102,text,true,319608,6595
1386864490318,2797,GET: Show add submission form (rawa),200,OK,Thread Group 1-55,text,true,56839,2659
1386864490623,2625,GET: Show add submission form (llfl),200,OK,Thread Group 1-54,text,true,56839,2480
1386864490622,2628,GET: Show add submission form (agra),200,OK,Thread Group 1-49,text,true,56844,2426
1386864492262,990,POST: Upload file (mica),200,OK,Thread Group 1-42,text,true,8582,788
1386864491388,1866,GET: View assignment (cymc),200,OK,Thread Group 1-78,text,true,32311,1660
1386864491381,1910,GET: View assignment (roca),200,OK,Thread Group 1-75,text,true,32308,1874
1386864491458,1899,GET: View assignment (cabo),200,OK,Thread Group 1-82,text,true,32296,1790
1386864490857,2510,GET: Show add submission form (albe),200,OK,Thread Group 1-51,text,true,56844,2398
1386864480131,13313,POST: Login (brll),200,OK,Thread Group 1-101,text,true,319600,6996
1386864490858,2581,GET: Show add submission form (frma),200,OK,Thread Group 1-52,text,true,56864,2414
1386864491382,2048,GET: View assignment (olba),200,OK,Thread Group 1-76,text,true,32296,1939
1386864491656,1845,GET: View assignment (caru),200,OK,Thread Group 1-80,text,true,32308,1596
1386864491666,1876,GET: View assignment (risc),200,OK,Thread Group 1-79,text,true,32308,1609
1386864491805,1804,GET: View assignment (patu),200,OK,Thread Group 1-85,text,true,32305,1666
1386864491667,1953,GET: View assignment (edhe),200,OK,Thread Group 1-83,text,true,32296,1757
1386864491737,1939,GET: View assignment (caco),200,OK,Thread Group 1-81,text,true,32308,1786
1386864480532,13165,POST: Login (lodo),200,OK,Thread Group 1-103,text,true,319600,7063
1386864491799,1955,GET: View assignment (jowa),200,OK,Thread Group 1-84,text,true,32296,1779
1386864480899,12951,POST: Login (juha),200,OK,Thread Group 1-104,text,true,319592,6922
1386864481033,13063,POST: Login (tamo),200,OK,Thread Group 1-105,text,true,319596,7430
1386864492816,1285,POST: Upload file (ligi),200,OK,Thread Group 1-48,text,true,8582,898
1386864493014,1132,POST: Upload file (kely),200,OK,Thread Group 1-44,text,true,8582,973
1386864493014,1268,POST: Upload file (kava),200,OK,Thread Group 1-47,text,true,8582,1153
1386864492303,1980,GET: View assignment (rosh),200,OK,Thread Group 1-86,text,true,32308,1829
1386864493300,1015,POST: Upload file (thte),200,OK,Thread Group 1-45,text,true,8579,887
1386864492373,2014,GET: View assignment (erta),200,OK,Thread Group 1-87,text,true,32302,1858
1386864493531,1097,POST: Upload file (dego),200,OK,Thread Group 1-41,text,true,8582,903
1386864493985,1073,POST: Upload file (dafo),200,OK,Thread Group 1-46,text,true,8582,896
1386864493013,2131,GET: View assignment (sost),200,OK,Thread Group 1-88,text,true,32299,1998
1386864492815,2446,GET: Show add submission form (roby),200,OK,Thread Group 1-65,text,true,56834,2201
1386864492887,2386,GET: Show add submission form (mefig),200,OK,Thread Group 1-64,text,true,56864,2125
1386864492885,2424,GET: Show add submission form (cesc),200,OK,Thread Group 1-68,text,true,56844,2183
1386864481637,13764,POST: Login (brgr),200,OK,Thread Group 1-107,text,true,319598,9348
1386864493460,2109,GET: View assignment (cagr),200,OK,Thread Group 1-91,text,true,32302,1901
1386864493533,2175,GET: View assignment (chmo),200,OK,Thread Group 1-89,text,true,32313,1929
1386864493564,2183,GET: View assignment (lome),200,OK,Thread Group 1-90,text,true,32305,1948
1386864481636,14121,POST: Login (fldi),200,OK,Thread Group 1-106,text,true,319600,9641
1386864482606,13214,POST: Login (mawe),200,OK,Thread Group 1-112,text,true,319596,8975
1386864481867,13982,POST: Login (dere),200,OK,Thread Group 1-108,text,true,319598,9461
1386864481869,13993,POST: Login (roto),200,OK,Thread Group 1-109,text,true,319602,9408
1386864493373,2597,GET: Show add submission form (maca),200,OK,Thread Group 1-66,text,true,56849,2448
1386864493460,2552,GET: Show add submission form (masi),200,OK,Thread Group 1-62,text,true,56844,2365
1386864493461,2557,POST: Save submission (elcu),200,OK,Thread Group 1-40,text,true,58094,2408
1386864492966,3056,GET: Show add submission form (mywa),200,OK,Thread Group 1-61,text,true,56854,2857
1386864493471,2562,GET: Show add submission form (mamu),200,OK,Thread Group 1-70,text,true,56859,2400
1386864493384,2686,GET: Show add submission form (clad),200,OK,Thread Group 1-57,text,true,56849,2437
1386864493014,3057,GET: Show add submission form (mefi),200,OK,Thread Group 1-60,text,true,56874,2814
1386864493299,2825,GET: Show add submission form (emgu),200,OK,Thread Group 1-63,text,true,56854,2545
1386864493916,2263,GET: View assignment (saha),200,OK,Thread Group 1-95,text,true,32307,2084
1386864493533,2685,POST: Save submission (mach),200,OK,Thread Group 1-38,text,true,58079,2468
1386864493372,2857,GET: Show add submission form (defi),200,OK,Thread Group 1-58,text,true,56844,2501
1386864493976,2282,GET: View assignment (nosa),200,OK,Thread Group 1-92,text,true,32299,2120
1386864493986,2406,GET: View assignment (shsa),200,OK,Thread Group 1-93,text,true,32302,2260
1386864493718,2687,GET: Show add submission form (boma),200,OK,Thread Group 1-59,text,true,56859,2528
1386864493717,2694,POST: Save submission (yvgr),200,OK,Thread Group 1-39,text,true,58079,2428
1386864494183,2310,GET: View assignment (mepa),200,OK,Thread Group 1-97,text,true,32302,2076
1386864494924,1572,POST: Upload file (jafl),200,OK,Thread Group 1-53,text,true,8582,1429
1386864494956,1541,POST: Upload file (cada),200,OK,Thread Group 1-50,text,true,8582,1397
1386864495030,1484,POST: Upload file (rawa),200,OK,Thread Group 1-55,text,true,8582,1323
1386864495039,1491,POST: Upload file (llfl),200,OK,Thread Group 1-54,text,true,8582,1345
1386864494025,2512,GET: View assignment (clri),200,OK,Thread Group 1-94,text,true,32311,2356
1386864495041,1614,POST: Upload file (agra),200,OK,Thread Group 1-49,text,true,8582,1429
1386864493866,2839,GET: Show add submission form (kagr),200,OK,Thread Group 1-67,text,true,56839,2585
1386864495428,1288,POST: Upload file (albe),200,OK,Thread Group 1-51,text,true,8582,1106
1386864495429,1307,POST: Upload file (frma),200,OK,Thread Group 1-52,text,true,8582,1109
1386864482605,14473,POST: Login (frmu),200,OK,Thread Group 1-113,text,true,319600,9025
1386864494523,2567,GET: View assignment (sawa),200,OK,Thread Group 1-98,text,true,32290,2050
1386864494443,2649,GET: View assignment (rean),200,OK,Thread Group 1-96,text,true,32311,2128
1386864482166,14928,POST: Login (loch),200,OK,Thread Group 1-110,text,true,319600,9414
1386864493975,3120,GET: Show add submission form (deke),200,OK,Thread Group 1-56,text,true,56849,2742
1386864494682,2569,GET: View assignment (limu),200,OK,Thread Group 1-100,text,true,32299,2367
1386864494336,2916,GET: Show add submission form (edma),200,OK,Thread Group 1-71,text,true,56839,2716
1386864494025,3227,GET: Show add submission form (viad),200,OK,Thread Group 1-69,text,true,56844,2877
1386864495029,2225,GET: View assignment (vist),200,OK,Thread Group 1-102,text,true,32316,2225
1386864482570,14685,POST: Login (crbi),200,OK,Thread Group 1-111,text,true,319604,9267
1386864494420,2835,POST: Save submission (tatr),200,OK,Thread Group 1-37,text,true,58064,2835
1386864494864,2392,GET: View assignment (lebr),200,OK,Thread Group 1-99,text,true,32296,2392
1386864494511,2745,GET: Show add submission form (viro),200,OK,Thread Group 1-72,text,true,56864,2745
1386864494023,3235,GET: Show add submission form (alfu),200,OK,Thread Group 1-73,text,true,56844,2694
1386864494451,3047,GET: Show add submission form (febo),200,OK,Thread Group 1-74,text,true,56844,2804
1386864495429,2189,GET: View assignment (brll),200,OK,Thread Group 1-101,text,true,32304,1964
1386864494865,2774,POST: Save submission (nahe),200,OK,Thread Group 1-43,text,true,58089,2528
1386864483515,14131,POST: Login (memo),200,OK,Thread Group 1-114,text,true,319598,9594
1386864483593,14052,POST: Login (dico),200,OK,Thread Group 1-117,text,true,319596,9276
1386864495620,2050,GET: View assignment (juha),200,OK,Thread Group 1-104,text,true,32292,1916
1386864483651,14034,POST: Login (pada),200,OK,Thread Group 1-118,text,true,319604,9601
1386864496686,1026,POST: Upload file (cesc),200,OK,Thread Group 1-68,text,true,8582,848
1386864496671,1409,POST: Upload file (roby),200,OK,Thread Group 1-65,text,true,8582,906
1386864495863,2227,GET: View assignment (tamo),200,OK,Thread Group 1-105,text,true,32298,1762
1386864495619,2487,GET: View assignment (lodo),200,OK,Thread Group 1-103,text,true,32304,2005
1386864496672,1438,POST: Upload file (mefig),200,OK,Thread Group 1-64,text,true,8582,878
1386864483948,14185,POST: Login (rowo),200,OK,Thread Group 1-119,text,true,319600,9306
1386864495097,3042,POST: Save submission (mica),200,OK,Thread Group 1-42,text,true,58094,2561
1386864483989,14158,POST: Login (nepr),200,OK,Thread Group 1-120,text,true,319598,9492
1386864483518,14639,POST: Login (visu),200,OK,Thread Group 1-115,text,true,319606,9736
1386864497366,1191,POST: Upload file (maca),200,OK,Thread Group 1-66,text,true,8582,787
1386864495445,3173,GET: Show add submission form (olba),200,OK,Thread Group 1-76,text,true,56839,2430
1386864495930,2697,POST: Save submission (thte),200,OK,Thread Group 1-45,text,true,58065,2068
1386864483587,15068,POST: Login (debu),200,OK,Thread Group 1-116,text,true,319600,9523
1386864495180,3474,GET: Show add submission form (roca),200,OK,Thread Group 1-75,text,true,56859,2817
1386864495455,3205,GET: Show add submission form (risc),200,OK,Thread Group 1-79,text,true,56859,2638
1386864495347,3313,GET: Show add submission form (cabo),200,OK,Thread Group 1-82,text,true,56839,2528
1386864495933,2742,POST: Save submission (kava),200,OK,Thread Group 1-47,text,true,58084,2066
1386864495446,3239,GET: Show add submission form (caru),200,OK,Thread Group 1-80,text,true,56859,2427
1386864495864,2827,POST: Save submission (ligi),200,OK,Thread Group 1-48,text,true,58069,2131
1386864495179,3513,GET: Show add submission form (cymc),200,OK,Thread Group 1-78,text,true,56864,2816
1386864497508,1663,POST: Upload file (mamu),200,OK,Thread Group 1-70,text,true,8582,1411
1386864496821,2689,GET: View assignment (brgr),200,OK,Thread Group 1-107,text,true,32301,1631
1386864497259,2246,GET: View assignment (fldi),200,OK,Thread Group 1-106,text,true,32304,2053
1386864495620,3890,GET: Show add submission form (jowa),200,OK,Thread Group 1-84,text,true,56839,2742
1386864497555,1962,POST: Upload file (clad),200,OK,Thread Group 1-57,text,true,8582,1397
1386864497672,1847,POST: Upload file (defi),200,OK,Thread Group 1-58,text,true,8582,1256
1386864497499,2021,POST: Upload file (mywa),200,OK,Thread Group 1-61,text,true,8582,1455
1386864497588,1934,POST: Upload file (emgu),200,OK,Thread Group 1-63,text,true,8582,1339
1386864497497,2026,POST: Upload file (masi),200,OK,Thread Group 1-62,text,true,8582,1388
1386864497586,1939,POST: Upload file (mefi),200,OK,Thread Group 1-60,text,true,8582,1345
1386864486053,13478,POST: Login (esda),200,OK,Thread Group 1-124,text,true,319600,8033
1386864484947,14584,POST: Login (shca),200,OK,Thread Group 1-122,text,true,319608,9143
1386864496267,3270,POST: Save submission (dego),200,OK,Thread Group 1-41,text,true,58089,2092
1386864486099,13438,POST: Login (kapa),200,OK,Thread Group 1-125,text,true,319604,7982
1386864495475,4065,GET: Show add submission form (edhe),200,OK,Thread Group 1-83,text,true,56839,2801
1386864497264,2281,GET: View assignment (mawe),200,OK,Thread Group 1-112,text,true,32298,2131
1386864494512,5031,GET: Show add submission form (begr),200,OK,Thread Group 1-77,text,true,56859,2742
1386864497264,2289,GET: View assignment (dere),200,OK,Thread Group 1-108,text,true,32301,1994
1386864495474,4098,GET: Show add submission form (patu),200,OK,Thread Group 1-85,text,true,56848,2981
1386864484298,15284,POST: Login (edco),200,OK,Thread Group 1-121,text,true,319596,9792
1386864495926,3667,POST: Save submission (kely),200,OK,Thread Group 1-44,text,true,58074,2349
1386864496616,2988,POST: Save submission (dafo),200,OK,Thread Group 1-46,text,true,58079,2645
1386864484964,14641,POST: Login (sebr),200,OK,Thread Group 1-123,text,true,319594,9122
1386864495929,3680,GET: Show add submission form (rosh),200,OK,Thread Group 1-86,text,true,56859,3329
1386864495940,3673,GET: Show add submission form (erta),200,OK,Thread Group 1-87,text,true,56849,3319
1386864495534,4096,GET: Show add submission form (caco),200,OK,Thread Group 1-81,text,true,56859,2828
1386864496617,3226,GET: Show add submission form (sost),200,OK,Thread Group 1-88,text,true,56844,2930
1386864497015,2931,GET: Show add submission form (cagr),200,OK,Thread Group 1-91,text,true,56849,2650
1386864497269,2948,GET: View assignment (roto),200,OK,Thread Group 1-109,text,true,32307,2428
1386864486361,14161,POST: Login (raban),200,OK,Thread Group 1-126,text,true,319602,8366
1386864497813,2781,POST: Upload file (boma),200,OK,Thread Group 1-59,text,true,8582,2533
1386864498423,2249,POST: Upload file (kagr),200,OK,Thread Group 1-67,text,true,8582,1986
1386864487721,12966,POST: Login (lone),200,OK,Thread Group 1-127,text,true,319596,7646
1386864498637,2056,POST: Upload file (deke),200,OK,Thread Group 1-56,text,true,8582,1760
1386864498725,1975,POST: Upload file (viad),200,OK,Thread Group 1-69,text,true,8582,1626
1386864498722,2020,POST: Upload file (edma),200,OK,Thread Group 1-71,text,true,8582,1780
1386864489885,10865,POST: Login (arwi),200,OK,Thread Group 1-132,text,true,319596,5482
1386864499060,1696,POST: Upload file (alfu),200,OK,Thread Group 1-73,text,true,8582,1438
1386864499017,1781,POST: Upload file (viro),200,OK,Thread Group 1-72,text,true,8582,1569
1386864497258,3655,GET: Show add submission form (chmo),200,OK,Thread Group 1-89,text,true,56864,3329
1386864489446,11530,POST: Login (wimi),200,OK,Thread Group 1-131,text,true,319596,5870
1386864497258,3737,GET: Show add submission form (lome),200,OK,Thread Group 1-90,text,true,56854,3560
1386864499716,1482,POST: Upload file (febo),200,OK,Thread Group 1-74,text,true,8582,1297
1386864497670,3695,GET: Show add submission form (saha),200,OK,Thread Group 1-95,text,true,56854,3490
1386864497674,3735,GET: Show add submission form (nosa),200,OK,Thread Group 1-92,text,true,56844,3485
1386864490712,10831,POST: Login (prha),200,OK,Thread Group 1-133,text,true,319602,5493
1386864489168,12430,POST: Login (cogr),200,OK,Thread Group 1-129,text,true,319604,6886
1386864498478,3311,GET: View assignment (frmu),200,OK,Thread Group 1-113,text,true,32304,3131
1386864489166,12632,POST: Login (mawa),200,OK,Thread Group 1-128,text,true,319590,7035
1386864498637,3199,GET: View assignment (loch),200,OK,Thread Group 1-110,text,true,32304,2972
1386864497833,4203,GET: Show add submission form (mepa),200,OK,Thread Group 1-97,text,true,56849,4017
1386864497853,4263,POST: Save submission (cada),200,OK,Thread Group 1-50,text,true,58074,4046
1386864497951,4207,GET: Show add submission form (clri),200,OK,Thread Group 1-94,text,true,56864,3993
1386864497949,4265,POST: Save submission (llfl),200,OK,Thread Group 1-54,text,true,58069,3995
1386864497948,4281,POST: Save submission (rawa),200,OK,Thread Group 1-55,text,true,58069,4046
1386864497801,4446,GET: Show add submission form (shsa),200,OK,Thread Group 1-93,text,true,56849,4194
1386864497978,4281,POST: Save submission (agra),200,OK,Thread Group 1-49,text,true,58074,4068
1386864498844,3425,GET: View assignment (crbi),200,OK,Thread Group 1-111,text,true,32310,3202
1386864497847,4443,POST: Save submission (jafl),200,OK,Thread Group 1-53,text,true,58079,4248
1386864498423,3942,POST: Save submission (albe),200,OK,Thread Group 1-51,text,true,58074,3721
1386864489332,13179,POST: Login (befe),200,OK,Thread Group 1-130,text,true,319606,6871
1386864498429,4122,POST: Save submission (frma),200,OK,Thread Group 1-52,text,true,58094,3903
1386864498590,4001,GET: Show add submission form (sawa),200,OK,Thread Group 1-98,text,true,56829,3741
1386864498854,3877,GET: Show add submission form (lebr),200,OK,Thread Group 1-99,text,true,56839,3609
1386864491161,11577,POST: Login (chpo),200,OK,Thread Group 1-134,text,true,319602,5915
1386864499783,2970,GET: View assignment (pada),200,OK,Thread Group 1-118,text,true,32310,2741
1386864499731,3049,GET: View assignment (dico),200,OK,Thread Group 1-117,text,true,32298,2799
1386864499729,3074,GET: View assignment (memo),200,OK,Thread Group 1-114,text,true,32301,2842
1386864498592,4218,GET: Show add submission form (rean),200,OK,Thread Group 1-96,text,true,56864,3932
1386864498769,4140,GET: Show add submission form (vist),200,OK,Thread Group 1-102,text,true,56869,3805
1386864498721,4222,GET: Show add submission form (limu),200,OK,Thread Group 1-100,text,true,56844,3913
1386864491304,11820,POST: Login (rhro),200,OK,Thread Group 1-135,text,true,319606,5766
1386864501645,1765,POST: Upload file (olba),200,OK,Thread Group 1-76,text,true,8582,1639
1386864501828,1607,POST: Upload file (cymc),200,OK,Thread Group 1-78,text,true,8582,1374
1386864499718,3753,GET: Show add submission form (brll),200,OK,Thread Group 1-101,text,true,56849,3414
1386864501772,1766,POST: Upload file (cabo),200,OK,Thread Group 1-82,text,true,8582,1441
1386864501736,1811,POST: Upload file (risc),200,OK,Thread Group 1-79,text,true,8582,1469
1386864501698,1851,POST: Upload file (roca),200,OK,Thread Group 1-75,text,true,8582,1492
1386864501777,1809,POST: Upload file (caru),200,OK,Thread Group 1-80,text,true,8582,1507
1386864499800,3825,POST: Save submission (cesc),200,OK,Thread Group 1-68,text,true,58074,3651
1386864499782,3957,GET: Show add submission form (juha),200,OK,Thread Group 1-104,text,true,56829,3716
1386864491655,12337,POST: Login (alho),200,OK,Thread Group 1-139,text,true,319600,5771
1386864502546,1539,POST: Upload file (jowa),200,OK,Thread Group 1-84,text,true,8582,1294
1386864501133,2983,GET: View assignment (nepr),200,OK,Thread Group 1-120,text,true,32301,2714
1386864500960,3157,GET: View assignment (rowo),200,OK,Thread Group 1-119,text,true,32304,2893
1386864501099,3312,GET: View assignment (visu),200,OK,Thread Group 1-115,text,true,32313,3092
1386864500886,3629,POST: Save submission (mefig),200,OK,Thread Group 1-64,text,true,58094,3417
1386864502675,2090,POST: Upload file (edhe),200,OK,Thread Group 1-83,text,true,8582,1823
1386864500801,3967,POST: Save submission (roby),200,OK,Thread Group 1-65,text,true,58064,3632
1386864502837,1949,POST: Upload file (rosh),200,OK,Thread Group 1-86,text,true,8582,1689
1386864500803,4033,GET: Show add submission form (tamo),200,OK,Thread Group 1-105,text,true,56839,3697
1386864501697,3181,GET: View assignment (debu),200,OK,Thread Group 1-116,text,true,32304,2982
1386864500846,4034,GET: Show add submission form (lodo),200,OK,Thread Group 1-103,text,true,56843,3748
1386864502690,2228,POST: Upload file (begr),200,OK,Thread Group 1-77,text,true,8582,1886
1386864502696,2224,POST: Upload file (patu),200,OK,Thread Group 1-85,text,true,8579,1885
1386864502881,2040,POST: Upload file (caco),200,OK,Thread Group 1-81,text,true,8582,1695
1386864502837,2134,POST: Upload file (erta),200,OK,Thread Group 1-87,text,true,8582,1809
1386864503294,1763,POST: Upload file (sost),200,OK,Thread Group 1-88,text,true,8582,1520
1386864503339,1784,POST: Upload file (cagr),200,OK,Thread Group 1-91,text,true,8582,1523
1386864492886,12334,POST: Login (momo),200,OK,Thread Group 1-148,text,true,319606,5695
1386864504023,1659,POST: Upload file (chmo),200,OK,Thread Group 1-89,text,true,8582,1339
1386864492371,13312,POST: Login (clpa),200,OK,Thread Group 1-144,text,true,319600,6212
1386864501642,4046,POST: Save submission (maca),200,OK,Thread Group 1-66,text,true,58079,3537
1386864504024,1703,POST: Upload file (lome),200,OK,Thread Group 1-90,text,true,8582,1662
1386864492304,13441,POST: Login (orli),200,OK,Thread Group 1-140,text,true,319594,6095
1386864504394,1368,POST: Upload file (nosa),200,OK,Thread Group 1-92,text,true,8582,1287
1386864492312,13465,POST: Login (rabl),200,OK,Thread Group 1-143,text,true,319596,6079
1386864491881,13917,POST: Login (dwdi),200,OK,Thread Group 1-137,text,true,319598,5936
1386864504392,1417,POST: Upload file (saha),200,OK,Thread Group 1-95,text,true,8582,1290
1386864492305,13528,POST: Login (krba),200,OK,Thread Group 1-141,text,true,319604,6074
1386864502769,3089,GET: View assignment (edco),200,OK,Thread Group 1-121,text,true,32298,2998
1386864502674,3202,GET: View assignment (kapa),200,OK,Thread Group 1-125,text,true,32310,3055
1386864502625,3291,GET: View assignment (esda),200,OK,Thread Group 1-124,text,true,32304,3120
1386864492310,13612,POST: Login (jogi),200,OK,Thread Group 1-142,text,true,319594,6077
1386864491800,14128,POST: Login (lesp),200,OK,Thread Group 1-138,text,true,319600,6592
1386864502826,3128,GET: View assignment (sebr),200,OK,Thread Group 1-123,text,true,32295,3002
1386864502529,3468,GET: Show add submission form (brgr),200,OK,Thread Group 1-107,text,true,56844,3350
1386864502641,3375,GET: View assignment (shca),200,OK,Thread Group 1-122,text,true,32316,3207
1386864502549,3702,POST: Save submission (clad),200,OK,Thread Group 1-57,text,true,58079,3432
1386864505195,1156,POST: Upload file (shsa),200,OK,Thread Group 1-93,text,true,8582,866
1386864492494,13862,POST: Login (grga),200,OK,Thread Group 1-147,text,true,319594,7075
1386864502622,3738,POST: Save submission (mefi),200,OK,Thread Group 1-60,text,true,58104,3359
1386864505101,1273,POST: Upload file (clri),200,OK,Thread Group 1-94,text,true,8582,1142
1386864503514,2862,GET: View assignment (raban),200,OK,Thread Group 1-126,text,true,32307,2702
1386864502618,3760,POST: Save submission (masi),200,OK,Thread Group 1-62,text,true,58074,3453
1386864492965,13417,POST: Login (dafr),200,OK,Thread Group 1-150,text,true,319596,6589
1386864502531,3855,GET: Show add submission form (fldi),200,OK,Thread Group 1-106,text,true,56849,3451
1386864492374,14016,POST: Login (hope),200,OK,Thread Group 1-145,text,true,319600,6984
1386864491657,14740,POST: Login (mani),200,OK,Thread Group 1-136,text,true,319606,6727
1386864492886,13511,POST: Login (kaca),200,OK,Thread Group 1-149,text,true,319594,6497
1386864492429,13968,POST: Login (anda),200,OK,Thread Group 1-146,text,true,319592,6950
1386864503672,2785,GET: View assignment (arwi),200,OK,Thread Group 1-132,text,true,32298,2645
1386864503580,2885,GET: View assignment (lone),200,OK,Thread Group 1-127,text,true,32298,2737
1386864502678,3788,GET: Show add submission form (mawe),200,OK,Thread Group 1-112,text,true,56839,3636
1386864504022,2460,GET: View assignment (wimi),200,OK,Thread Group 1-131,text,true,32298,2290
1386864502454,4032,POST: Save submission (mamu),200,OK,Thread Group 1-70,text,true,58089,3855
1386864502616,3872,POST: Save submission (emgu),200,OK,Thread Group 1-63,text,true,58084,3693
1386864503658,2831,POST: Save submission (deke),200,OK,Thread Group 1-56,text,true,58079,2652
1386864504507,1986,GET: View assignment (cogr),200,OK,Thread Group 1-129,text,true,32310,1859
1386864502692,3804,GET: Show add submission form (dere),200,OK,Thread Group 1-108,text,true,56844,3618
1386864503578,2919,POST: Save submission (kagr),200,OK,Thread Group 1-67,text,true,58069,2734
1386864502579,3928,POST: Save submission (defi),200,OK,Thread Group 1-58,text,true,58074,3731
1386864503341,3167,GET: Show add submission form (roto),200,OK,Thread Group 1-109,text,true,56854,2968
1386864503812,2698,POST: Save submission (viro),200,OK,Thread Group 1-72,text,true,58094,2502
1386864503671,2842,POST: Save submission (edma),200,OK,Thread Group 1-71,text,true,58069,2640
1386864502581,3932,POST: Save submission (mywa),200,OK,Thread Group 1-61,text,true,58084,3729
1386864503669,2845,POST: Save submission (viad),200,OK,Thread Group 1-69,text,true,58074,2696
1386864503577,2944,POST: Save submission (boma),200,OK,Thread Group 1-59,text,true,58089,2740
1386864505021,1560,POST: Upload file (mepa),200,OK,Thread Group 1-97,text,true,8582,875
1386864505705,1254,POST: Upload file (sawa),200,OK,Thread Group 1-98,text,true,8582,808
1386864506177,884,POST: Upload file (juha),200,OK,Thread Group 1-104,text,true,8582,576
1386864506413,649,POST: Upload file (tamo),200,OK,Thread Group 1-105,text,true,8582,493
1386864505901,1163,POST: Upload file (limu),200,OK,Thread Group 1-100,text,true,8582,818
1386864505823,1242,POST: Upload file (rean),200,OK,Thread Group 1-96,text,true,8582,893
1386864505709,1358,POST: Upload file (lebr),200,OK,Thread Group 1-99,text,true,8582,952
1386864506087,980,POST: Upload file (brll),200,OK,Thread Group 1-101,text,true,8582,631
1386864505824,1246,POST: Upload file (vist),200,OK,Thread Group 1-102,text,true,8582,878
1386864504130,3120,POST: Save submission (febo),200,OK,Thread Group 1-74,text,true,58074,2236
1386864504838,2415,GET: View assignment (mawa),200,OK,Thread Group 1-128,text,true,32289,1652
1386864504470,2786,GET: View assignment (prha),200,OK,Thread Group 1-133,text,true,32307,1961
1386864506033,1227,POST: Save submission (olba),200,OK,Thread Group 1-76,text,true,58069,1013
1386864503718,3561,POST: Save submission (alfu),200,OK,Thread Group 1-73,text,true,58074,2647
1386864505710,1640,GET: View assignment (chpo),200,OK,Thread Group 1-134,text,true,32307,1521
1386864505693,1660,GET: View assignment (befe),200,OK,Thread Group 1-130,text,true,32313,1536
1386864505941,1412,GET: View assignment (rhro),200,OK,Thread Group 1-135,text,true,32313,1290
1386864506142,1216,POST: Save submission (roca),200,OK,Thread Group 1-75,text,true,58089,1087
1386864506195,1164,GET: View assignment (alho),200,OK,Thread Group 1-139,text,true,32304,1037
1386864506085,1288,POST: Save submission (cymc),200,OK,Thread Group 1-78,text,true,58094,1065
1386864506141,1296,POST: Save submission (risc),200,OK,Thread Group 1-79,text,true,58089,1197
1386864506533,1025,POST: Upload file (lodo),200,OK,Thread Group 1-103,text,true,8579,901
1386864506176,1385,POST: Save submission (caru),200,OK,Thread Group 1-80,text,true,58089,1261
1386864506140,1426,POST: Save submission (cabo),200,OK,Thread Group 1-82,text,true,58069,1293
1386864506876,853,POST: Upload file (brgr),200,OK,Thread Group 1-107,text,true,8582,622
1386864506289,1465,POST: Save submission (jowa),200,OK,Thread Group 1-84,text,true,58069,1186
1386864506392,1494,POST: Save submission (rosh),200,OK,Thread Group 1-86,text,true,58089,1331
1386864505711,2207,GET: Show add submission form (dico),200,OK,Thread Group 1-117,text,true,56839,2094
1386864504853,3066,GET: Show add submission form (loch),200,OK,Thread Group 1-110,text,true,56849,2950
1386864506297,1631,GET: Show add submission form (rowo),200,OK,Thread Group 1-119,text,true,56849,1505
1386864505815,2115,GET: Show add submission form (memo),200,OK,Thread Group 1-114,text,true,56844,1987
1386864504837,3098,GET: Show add submission form (frmu),200,OK,Thread Group 1-113,text,true,56849,2974
1386864506370,1568,POST: Save submission (edhe),200,OK,Thread Group 1-83,text,true,58069,1433
1386864505242,2732,GET: Show add submission form (crbi),200,OK,Thread Group 1-111,text,true,56859,2610
1386864506540,1502,POST: Save submission (patu),200,OK,Thread Group 1-85,text,true,58075,1323
1386864505710,2269,GET: Show add submission form (pada),200,OK,Thread Group 1-118,text,true,56859,2144
1386864506566,1476,POST: Save submission (cagr),200,OK,Thread Group 1-91,text,true,58079,1295
1386864506553,1490,POST: Save submission (erta),200,OK,Thread Group 1-87,text,true,58079,1354
1386864506533,1510,GET: Show add submission form (debu),200,OK,Thread Group 1-116,text,true,56849,1325
1386864506565,1480,POST: Save submission (sost),200,OK,Thread Group 1-88,text,true,58074,1291
1386864506358,1686,GET: Show add submission form (visu),200,OK,Thread Group 1-115,text,true,56864,1496
1386864506291,1755,GET: Show add submission form (nepr),200,OK,Thread Group 1-120,text,true,56838,1568
1386864506542,1507,POST: Save submission (caco),200,OK,Thread Group 1-81,text,true,58089,1308
1386864506591,1474,GET: View assignment (momo),200,OK,Thread Group 1-148,text,true,32313,1371
1386864506832,1266,GET: View assignment (dwdi),200,OK,Thread Group 1-137,text,true,32301,1120
1386864506534,1576,POST: Save submission (begr),200,OK,Thread Group 1-77,text,true,58089,1419
1386864506831,1283,GET: View assignment (rabl),200,OK,Thread Group 1-143,text,true,32298,1214
1386864506634,1496,POST: Save submission (chmo),200,OK,Thread Group 1-89,text,true,58094,1411
1386864506867,1265,GET: View assignment (lesp),200,OK,Thread Group 1-138,text,true,32304,1178
1386864506635,1498,GET: View assignment (clpa),200,OK,Thread Group 1-144,text,true,32304,1409
1386864506824,1398,GET: View assignment (orli),200,OK,Thread Group 1-140,text,true,32295,1278
1386864506825,1404,POST: Save submission (nosa),200,OK,Thread Group 1-92,text,true,58074,1279
1386864506832,1397,POST: Save submission (saha),200,OK,Thread Group 1-95,text,true,58084,1270
1386864506866,1446,GET: View assignment (jogi),200,OK,Thread Group 1-142,text,true,32295,1335
1386864507316,996,POST: Upload file (mawe),200,OK,Thread Group 1-112,text,true,8582,882
1386864507259,1060,POST: Upload file (fldi),200,OK,Thread Group 1-106,text,true,8582,945
1386864506838,1484,GET: View assignment (krba),200,OK,Thread Group 1-141,text,true,32310,1364
1386864507402,958,POST: Upload file (dere),200,OK,Thread Group 1-108,text,true,8582,793
1386864507411,954,POST: Upload file (roto),200,OK,Thread Group 1-109,text,true,8582,852
1386864506868,1615,GET: Show add submission form (esda),200,OK,Thread Group 1-124,text,true,56843,1493
1386864506852,1662,GET: Show add submission form (edco),200,OK,Thread Group 1-121,text,true,56839,1552
1386864506925,1601,GET: Show add submission form (shca),200,OK,Thread Group 1-122,text,true,56869,1477
1386864506866,1668,GET: Show add submission form (kapa),200,OK,Thread Group 1-125,text,true,56859,1545
1386864506870,1665,GET: Show add submission form (sebr),200,OK,Thread Group 1-123,text,true,56828,1534
1386864506822,1727,POST: Save submission (lome),200,OK,Thread Group 1-90,text,true,58084,1584
1386864507266,1295,GET: View assignment (kaca),200,OK,Thread Group 1-149,text,true,32295,1187
1386864507250,1848,POST: Save submission (shsa),200,OK,Thread Group 1-93,text,true,58079,1529
1386864508053,1110,POST: Save submission (vist),200,OK,Thread Group 1-102,text,true,58099,879
1386864507272,1896,GET: Show add submission form (raban),200,OK,Thread Group 1-126,text,true,56848,1655
1386864507251,1927,GET: View assignment (grga),200,OK,Thread Group 1-147,text,true,32295,1672
1386864507266,1924,GET: View assignment (mani),200,OK,Thread Group 1-136,text,true,32313,1668
1386864507257,1935,POST: Save submission (clri),200,OK,Thread Group 1-94,text,true,58094,1674
1386864507481,1713,POST: Save submission (mepa),200,OK,Thread Group 1-97,text,true,58079,1455
1386864508051,1144,POST: Save submission (limu),200,OK,Thread Group 1-100,text,true,58074,1010
1386864507259,1938,GET: View assignment (dafr),200,OK,Thread Group 1-150,text,true,32298,1665
1386864507393,1805,GET: Show add submission form (wimi),200,OK,Thread Group 1-131,text,true,56839,1531
1386864508052,1147,POST: Save submission (lebr),200,OK,Thread Group 1-99,text,true,58069,879
1386864507265,1937,GET: View assignment (hope),200,OK,Thread Group 1-145,text,true,32304,1669
1386864507272,1932,GET: View assignment (anda),200,OK,Thread Group 1-146,text,true,32292,1659
1386864508051,1159,POST: Save submission (rean),200,OK,Thread Group 1-96,text,true,58094,1009
1386864507315,1895,GET: Show add submission form (arwi),200,OK,Thread Group 1-132,text,true,56839,1609
1386864507402,1810,GET: Show add submission form (cogr),200,OK,Thread Group 1-129,text,true,56859,1530
1386864507315,1897,GET: Show add submission form (lone),200,OK,Thread Group 1-127,text,true,56839,1609
1386864507786,1431,POST: Save submission (sawa),200,OK,Thread Group 1-98,text,true,58059,1138
1386864507950,1267,POST: Save submission (juha),200,OK,Thread Group 1-104,text,true,58059,977
1386864508048,1171,POST: Save submission (brll),200,OK,Thread Group 1-101,text,true,58079,1012
1386864508050,1176,POST: Save submission (tamo),200,OK,Thread Group 1-105,text,true,58069,1009
1386864508572,867,POST: Save submission (lodo),200,OK,Thread Group 1-103,text,true,58070,758
1386864508086,2121,GET: Show add submission form (prha),200,OK,Thread Group 1-133,text,true,56854,1962
1386864508080,2129,GET: Show add submission form (mawa),200,OK,Thread Group 1-128,text,true,56824,1969
1386864508348,2056,GET: Show add submission form (alho),200,OK,Thread Group 1-139,text,true,56843,1845
1386864508319,2084,GET: Show add submission form (rhro),200,OK,Thread Group 1-135,text,true,56864,1874
1386864508327,2079,GET: Show add submission form (chpo),200,OK,Thread Group 1-134,text,true,56854,1866
1386864508862,1552,GET: Show add submission form (dwdi),200,OK,Thread Group 1-137,text,true,56844,1334
1386864508866,1552,GET: Show add submission form (rabl),200,OK,Thread Group 1-143,text,true,56839,1333
1386864508712,1708,POST: Save submission (brgr),200,OK,Thread Group 1-107,text,true,58074,1478
1386864508328,2094,GET: Show add submission form (befe),200,OK,Thread Group 1-130,text,true,56864,1871
1386864508886,1681,POST: Save submission (mawe),200,OK,Thread Group 1-112,text,true,58069,1547
1386864508860,1710,GET: Show add submission form (momo),200,OK,Thread Group 1-148,text,true,56864,1573
1386864508867,1703,GET: Show add submission form (lesp),200,OK,Thread Group 1-138,text,true,56849,1566
1386864508939,2013,POST: Upload file (edco),200,OK,Thread Group 1-121,text,true,8582,1836
1386864508773,2184,POST: Upload file (frmu),200,OK,Thread Group 1-113,text,true,8582,1987
1386864508787,2172,POST: Upload file (pada),200,OK,Thread Group 1-118,text,true,8582,1970
1386864508799,2160,POST: Upload file (debu),200,OK,Thread Group 1-116,text,true,8582,1926
1386864508763,2200,POST: Upload file (memo),200,OK,Thread Group 1-114,text,true,8582,1953
1386864508757,2206,POST: Upload file (loch),200,OK,Thread Group 1-110,text,true,8582,1943
1386864508783,2183,POST: Upload file (crbi),200,OK,Thread Group 1-111,text,true,8582,1978
1386864508722,2246,POST: Upload file (dico),200,OK,Thread Group 1-117,text,true,8582,2033
1386864508759,2210,POST: Upload file (rowo),200,OK,Thread Group 1-119,text,true,8582,1952
1386864508802,2167,POST: Upload file (visu),200,OK,Thread Group 1-115,text,true,8582,1965
1386864508820,2153,POST: Upload file (nepr),200,OK,Thread Group 1-120,text,true,8579,1881
1386864508949,2054,POST: Upload file (kapa),200,OK,Thread Group 1-125,text,true,8582,1878
1386864508919,2087,POST: Upload file (esda),200,OK,Thread Group 1-124,text,true,8579,1964
1386864509313,1736,GET: Show add submission form (dafr),200,OK,Thread Group 1-150,text,true,56839,1628
1386864508868,2254,GET: Show add submission form (clpa),200,OK,Thread Group 1-144,text,true,56849,2122
1386864508985,2138,GET: Show add submission form (kaca),200,OK,Thread Group 1-149,text,true,56834,2007
1386864509315,1810,GET: Show add submission form (hope),200,OK,Thread Group 1-145,text,true,56849,1677
1386864508886,2242,POST: Save submission (fldi),200,OK,Thread Group 1-106,text,true,58079,2100
1386864508886,2244,GET: Show add submission form (krba),200,OK,Thread Group 1-141,text,true,56859,2103
1386864508868,2262,GET: Show add submission form (orli),200,OK,Thread Group 1-140,text,true,56822,2118
1386864508916,2216,POST: Save submission (roto),200,OK,Thread Group 1-109,text,true,58084,2069
1386864508915,2219,POST: Save submission (dere),200,OK,Thread Group 1-108,text,true,58074,2072
1386864509315,1820,GET: Show add submission form (anda),200,OK,Thread Group 1-146,text,true,56829,1675
1386864509280,1878,GET: Show add submission form (grga),200,OK,Thread Group 1-147,text,true,56834,1707
1386864509309,1849,GET: Show add submission form (mani),200,OK,Thread Group 1-136,text,true,56864,1678
1386864508886,2274,GET: Show add submission form (jogi),200,OK,Thread Group 1-142,text,true,56834,2105
1386864508940,2244,POST: Upload file (shca),200,OK,Thread Group 1-122,text,true,8582,2175
1386864509279,1997,POST: Upload file (raban),200,OK,Thread Group 1-126,text,true,8579,1936
1386864508974,2359,POST: Upload file (sebr),200,OK,Thread Group 1-123,text,true,8579,2235
1386864509325,2024,POST: Upload file (arwi),200,OK,Thread Group 1-132,text,true,8582,1894
1386864509325,2028,POST: Upload file (cogr),200,OK,Thread Group 1-129,text,true,8582,1894
1386864509313,2074,POST: Upload file (wimi),200,OK,Thread Group 1-131,text,true,8582,1981
1386864509326,2245,POST: Upload file (lone),200,OK,Thread Group 1-127,text,true,8582,2158
1386864510444,1368,POST: Upload file (dwdi),200,OK,Thread Group 1-137,text,true,8582,1112
1386864510448,1431,POST: Upload file (rabl),200,OK,Thread Group 1-143,text,true,8582,1209
1386864510438,1444,POST: Upload file (chpo),200,OK,Thread Group 1-134,text,true,8582,1114
1386864510462,1423,POST: Upload file (befe),200,OK,Thread Group 1-130,text,true,8582,1060
1386864510426,1460,POST: Upload file (rhro),200,OK,Thread Group 1-135,text,true,8582,1117
1386864510418,1469,POST: Upload file (alho),200,OK,Thread Group 1-139,text,true,8579,1248
1386864510222,1666,POST: Upload file (mawa),200,OK,Thread Group 1-128,text,true,8582,1316
1386864510214,1678,POST: Upload file (prha),200,OK,Thread Group 1-133,text,true,8582,1301
1386864510982,1031,POST: Save submission (debu),200,OK,Thread Group 1-116,text,true,58079,893
1386864510994,1067,POST: Save submission (loch),200,OK,Thread Group 1-110,text,true,58079,961
1386864510993,1121,POST: Save submission (memo),200,OK,Thread Group 1-114,text,true,58074,1011
1386864510583,1780,POST: Upload file (lesp),200,OK,Thread Group 1-138,text,true,8582,1657
1386864510582,1849,POST: Upload file (momo),200,OK,Thread Group 1-148,text,true,8582,1734
1386864511168,1282,POST: Upload file (dafr),200,OK,Thread Group 1-150,text,true,8582,1169
1386864511273,1185,POST: Upload file (clpa),200,OK,Thread Group 1-144,text,true,8582,1073
1386864511323,1139,POST: Upload file (anda),200,OK,Thread Group 1-146,text,true,8582,1033
1386864511280,1183,POST: Upload file (hope),200,OK,Thread Group 1-145,text,true,8582,1062
1386864511335,1134,POST: Upload file (jogi),200,OK,Thread Group 1-142,text,true,8582,1018
1386864511326,1149,POST: Upload file (mani),200,OK,Thread Group 1-136,text,true,8582,1019
1386864511274,1203,POST: Upload file (kaca),200,OK,Thread Group 1-149,text,true,8582,1068
1386864511295,1192,POST: Upload file (orli),200,OK,Thread Group 1-140,text,true,8576,1081
1386864511279,1214,POST: Upload file (krba),200,OK,Thread Group 1-141,text,true,8582,1109
1386864511325,1172,POST: Upload file (grga),200,OK,Thread Group 1-147,text,true,8582,1034
1386864511011,1587,POST: Save submission (dico),200,OK,Thread Group 1-117,text,true,58069,1467
1386864511011,1587,POST: Save submission (crbi),200,OK,Thread Group 1-111,text,true,58089,1469
1386864511064,1538,POST: Save submission (esda),200,OK,Thread Group 1-124,text,true,58070,1416
1386864511030,1572,POST: Save submission (nepr),200,OK,Thread Group 1-120,text,true,58065,1448
1386864511012,1599,POST: Save submission (rowo),200,OK,Thread Group 1-119,text,true,58079,1479
1386864511065,1557,POST: Save submission (kapa),200,OK,Thread Group 1-125,text,true,58089,1426
1386864511438,1188,POST: Save submission (sebr),200,OK,Thread Group 1-123,text,true,58055,1044
1386864511013,1615,POST: Save submission (visu),200,OK,Thread Group 1-115,text,true,58094,1468
1386864510982,1647,POST: Save submission (pada),200,OK,Thread Group 1-118,text,true,58089,1499
1386864510967,1820,POST: Save submission (edco),200,OK,Thread Group 1-121,text,true,58069,1563
1386864510983,1845,POST: Save submission (frmu),200,OK,Thread Group 1-113,text,true,58079,1547
1386864511428,1401,POST: Save submission (raban),200,OK,Thread Group 1-126,text,true,58075,1104
1386864511344,1500,POST: Save submission (shca),200,OK,Thread Group 1-122,text,true,58099,1188
1386864511576,1406,POST: Save submission (wimi),200,OK,Thread Group 1-131,text,true,58069,1248
1386864511936,1099,POST: Save submission (prha),200,OK,Thread Group 1-133,text,true,58084,883
1386864511920,1131,POST: Save submission (mawa),200,OK,Thread Group 1-128,text,true,58054,904
1386864511469,1585,POST: Save submission (arwi),200,OK,Thread Group 1-132,text,true,58069,1355
1386864511920,1141,POST: Save submission (alho),200,OK,Thread Group 1-139,text,true,58070,898
1386864511910,1152,POST: Save submission (rhro),200,OK,Thread Group 1-135,text,true,58094,913
1386864511470,1596,POST: Save submission (cogr),200,OK,Thread Group 1-129,text,true,58089,1348
1386864511909,1160,POST: Save submission (befe),200,OK,Thread Group 1-130,text,true,58094,907
1386864511622,1450,POST: Save submission (lone),200,OK,Thread Group 1-127,text,true,58069,1194
1386864511823,1251,POST: Save submission (dwdi),200,OK,Thread Group 1-137,text,true,58074,993
1386864511908,1168,POST: Save submission (chpo),200,OK,Thread Group 1-134,text,true,58084,915
1386864511890,1188,POST: Save submission (rabl),200,OK,Thread Group 1-143,text,true,58069,924
1386864512384,868,POST: Save submission (lesp),200,OK,Thread Group 1-138,text,true,58079,637
1386864512491,763,POST: Save submission (dafr),200,OK,Thread Group 1-150,text,true,58069,581
1386864512451,804,POST: Save submission (momo),200,OK,Thread Group 1-148,text,true,58094,571
1386864512663,630,POST: Save submission (kaca),200,OK,Thread Group 1-149,text,true,58064,517
1386864512661,686,POST: Save submission (mani),200,OK,Thread Group 1-136,text,true,58094,576
1386864512674,678,POST: Save submission (orli),200,OK,Thread Group 1-140,text,true,58046,563
1386864512745,608,POST: Save submission (krba),200,OK,Thread Group 1-141,text,true,58089,490
1386864512654,702,POST: Save submission (hope),200,OK,Thread Group 1-145,text,true,58079,580
1386864512746,611,POST: Save submission (grga),200,OK,Thread Group 1-147,text,true,58064,491
1386864512648,709,POST: Save submission (anda),200,OK,Thread Group 1-146,text,true,58059,589
1386864512655,702,POST: Save submission (jogi),200,OK,Thread Group 1-142,text,true,58064,582
1386864512536,822,POST: Save submission (clpa),200,OK,Thread Group 1-144,text,true,58079,696
