1386862222091,251,GET: Login (huba),200,OK,Thread Group 1-1,text,true,11533,207
1386862223072,173,GET: Login (tyll),200,OK,Thread Group 1-2,text,true,11533,112
1386862222368,1500,POST: Login (huba),200,OK,Thread Group 1-1,text,true,319598,518
1386862223884,361,GET: View assignment (huba),200,OK,Thread Group 1-1,text,true,32297,290
1386862224288,200,GET: Login (sojo),200,OK,Thread Group 1-3,text,true,11533,90
1386862224254,561,GET: Show add submission form (huba),200,OK,Thread Group 1-1,text,true,56844,454
1386862224832,290,POST: Upload file (huba),200,OK,Thread Group 1-1,text,true,8582,284
1386862225127,359,POST: Save submission (huba),200,OK,Thread Group 1-1,text,true,58074,249
1386862225469,163,GET: Login (raba),200,OK,Thread Group 1-4,text,true,11533,106
1386862226672,216,GET: Login (cach),200,OK,Thread Group 1-5,text,true,11533,158
1386862227883,225,GET: Login (guwa),200,OK,Thread Group 1-6,text,true,11533,151
1386862225640,2530,POST: Login (raba),200,OK,Thread Group 1-4,text,true,319600,850
1386862223252,4986,POST: Login (tyll),200,OK,Thread Group 1-2,text,true,319596,680
1386862228177,378,GET: View assignment (raba),200,OK,Thread Group 1-4,text,true,30978,267
1386862228245,463,GET: View assignment (tyll),200,OK,Thread Group 1-2,text,true,30972,350
1386862228565,466,GET: Show add submission form (raba),200,OK,Thread Group 1-4,text,true,55729,356
1386862224497,4542,POST: Login (sojo),200,OK,Thread Group 1-3,text,true,319604,727
1386862226898,2195,POST: Login (cach),200,OK,Thread Group 1-5,text,true,319600,893
1386862228720,411,GET: Show add submission form (tyll),200,OK,Thread Group 1-2,text,true,55719,351
1386862229091,218,GET: Login (nilu),200,OK,Thread Group 1-7,text,true,11533,132
1386862229039,465,POST: Upload file (raba),200,OK,Thread Group 1-4,text,true,8582,390
1386862229051,454,GET: View assignment (sojo),200,OK,Thread Group 1-3,text,true,30984,329
1386862229102,455,GET: View assignment (cach),200,OK,Thread Group 1-5,text,true,30978,345
1386862229145,492,POST: Upload file (tyll),200,OK,Thread Group 1-2,text,true,8582,434
1386862229517,378,GET: Show add submission form (sojo),200,OK,Thread Group 1-3,text,true,55739,248
1386862229564,381,GET: Show add submission form (cach),200,OK,Thread Group 1-5,text,true,55729,260
1386862229911,428,POST: Upload file (sojo),200,OK,Thread Group 1-3,text,true,8582,420
1386862229952,441,POST: Upload file (cach),200,OK,Thread Group 1-5,text,true,8582,432
1386862230291,177,GET: Login (calo),200,OK,Thread Group 1-8,text,true,11533,101
1386862229316,1973,POST: Login (nilu),200,OK,Thread Group 1-7,text,true,319592,1050
1386862228120,3174,POST: Login (guwa),200,OK,Thread Group 1-6,text,true,319604,861
1386862231499,270,GET: Login (trca),200,OK,Thread Group 1-9,text,true,11533,164
1386862231299,522,GET: View assignment (nilu),200,OK,Thread Group 1-7,text,true,30966,413
1386862231309,561,GET: View assignment (guwa),200,OK,Thread Group 1-6,text,true,30984,453
1386862231832,343,GET: Show add submission form (nilu),200,OK,Thread Group 1-7,text,true,55709,231
1386862231879,344,GET: Show add submission form (guwa),200,OK,Thread Group 1-6,text,true,55739,234
1386862230485,1799,POST: Login (calo),200,OK,Thread Group 1-8,text,true,319594,910
1386862232188,760,POST: Upload file (nilu),200,OK,Thread Group 1-7,text,true,8582,530
1386862232236,756,POST: Upload file (guwa),200,OK,Thread Group 1-6,text,true,8582,577
1386862232686,672,GET: Login (gemo),200,OK,Thread Group 1-10,text,true,11533,283
1386862232298,1066,GET: View assignment (calo),200,OK,Thread Group 1-8,text,true,30969,635
1386862233382,497,GET: Show add submission form (calo),200,OK,Thread Group 1-8,text,true,55714,360
1386862231782,2274,POST: Login (trca),200,OK,Thread Group 1-9,text,true,319592,1162
1386862233891,216,GET: Login (wewe),200,OK,Thread Group 1-11,text,true,11533,135
1386862233898,461,POST: Upload file (calo),200,OK,Thread Group 1-8,text,true,8582,454
1386862234064,449,GET: View assignment (trca),200,OK,Thread Group 1-9,text,true,30966,337
1386862234526,465,GET: Show add submission form (trca),200,OK,Thread Group 1-9,text,true,55709,310
1386862233371,1881,POST: Login (gemo),200,OK,Thread Group 1-10,text,true,319604,988
1386862235098,205,GET: Login (sest),200,OK,Thread Group 1-12,text,true,11533,128
1386862235005,481,POST: Upload file (trca),200,OK,Thread Group 1-9,text,true,8582,384
1386862235268,427,GET: View assignment (gemo),200,OK,Thread Group 1-10,text,true,30984,311
1386862234124,1754,POST: Login (wewe),200,OK,Thread Group 1-11,text,true,319596,914
1386862235709,468,GET: Show add submission form (gemo),200,OK,Thread Group 1-10,text,true,55736,339
1386862235894,459,GET: View assignment (wewe),200,OK,Thread Group 1-11,text,true,30972,329
1386862236300,218,GET: Login (juga),200,OK,Thread Group 1-13,text,true,11533,143
1386862236193,522,POST: Upload file (gemo),200,OK,Thread Group 1-10,text,true,8579,428
1386862236368,399,GET: Show add submission form (wewe),200,OK,Thread Group 1-11,text,true,55719,290
1386862235318,1788,POST: Login (sest),200,OK,Thread Group 1-12,text,true,319598,916
1386862236777,443,POST: Upload file (wewe),200,OK,Thread Group 1-11,text,true,8582,432
1386862237118,488,GET: View assignment (sest),200,OK,Thread Group 1-12,text,true,30975,376
1386862237508,247,GET: Login (raha),200,OK,Thread Group 1-14,text,true,11533,148
1386862237622,469,GET: Show add submission form (sest),200,OK,Thread Group 1-12,text,true,55724,323
1386862236531,1761,POST: Login (juga),200,OK,Thread Group 1-13,text,true,319596,924
1386862238134,506,POST: Upload file (sest),200,OK,Thread Group 1-12,text,true,8582,436
1386862238326,469,GET: View assignment (juga),200,OK,Thread Group 1-13,text,true,30972,355
1386862238699,199,GET: Login (daha),200,OK,Thread Group 1-15,text,true,11533,126
1386862238838,374,GET: Show add submission form (juga),200,OK,Thread Group 1-13,text,true,55719,260
1386862237770,1794,POST: Login (raha),200,OK,Thread Group 1-14,text,true,319606,918
1386862239259,579,POST: Upload file (juga),200,OK,Thread Group 1-13,text,true,8582,464
1386862239598,515,GET: View assignment (raha),200,OK,Thread Group 1-14,text,true,30987,370
1386862239902,271,GET: Login (shbe),200,OK,Thread Group 1-16,text,true,11533,183
1386862240146,342,GET: Show add submission form (raha),200,OK,Thread Group 1-14,text,true,55744,232
1386862238937,1806,POST: Login (daha),200,OK,Thread Group 1-15,text,true,319596,964
1386862240517,407,POST: Upload file (raha),200,OK,Thread Group 1-14,text,true,8582,397
1386862241108,221,GET: Login (amgr),200,OK,Thread Group 1-17,text,true,11533,150
1386862240777,556,GET: View assignment (daha),200,OK,Thread Group 1-15,text,true,30972,445
1386862241398,338,GET: Show add submission form (daha),200,OK,Thread Group 1-15,text,true,55719,224
1386862240207,1871,POST: Login (shbe),200,OK,Thread Group 1-16,text,true,319596,974
1386862241767,501,POST: Upload file (daha),200,OK,Thread Group 1-15,text,true,8582,488
1386862242324,251,GET: Login (maga),200,OK,Thread Group 1-18,text,true,11533,146
1386862242103,523,GET: View assignment (shbe),200,OK,Thread Group 1-16,text,true,30972,414
1386862242653,403,GET: Show add submission form (shbe),200,OK,Thread Group 1-16,text,true,55719,216
1386862241360,1875,POST: Login (amgr),200,OK,Thread Group 1-17,text,true,319600,1066
1386862243068,573,POST: Upload file (shbe),200,OK,Thread Group 1-16,text,true,8582,483
1386862243252,486,GET: View assignment (amgr),200,OK,Thread Group 1-17,text,true,30978,378
1386862243516,271,GET: Login (cenu),200,OK,Thread Group 1-19,text,true,11533,163
1386862243745,474,GET: Show add submission form (amgr),200,OK,Thread Group 1-17,text,true,55729,319
1386862242610,1872,POST: Login (maga),200,OK,Thread Group 1-18,text,true,319602,980
1386862244719,345,GET: Login (caph),200,OK,Thread Group 1-20,text,true,11533,237
1386862244493,578,GET: View assignment (maga),200,OK,Thread Group 1-18,text,true,30981,447
1386862244235,941,POST: Upload file (amgr),200,OK,Thread Group 1-17,text,true,8582,776
1386862245086,345,GET: Show add submission form (maga),200,OK,Thread Group 1-18,text,true,55734,244
1386862245443,413,POST: Upload file (maga),200,OK,Thread Group 1-18,text,true,8582,402
1386862243800,2078,POST: Login (cenu),200,OK,Thread Group 1-19,text,true,319600,1107
1386862245924,253,GET: Login (joch),200,OK,Thread Group 1-21,text,true,11533,151
1386862245887,443,GET: View assignment (cenu),200,OK,Thread Group 1-19,text,true,30978,334
1386862246338,418,GET: Show add submission form (cenu),200,OK,Thread Group 1-19,text,true,55729,294
1386862245076,1752,POST: Login (caph),200,OK,Thread Group 1-20,text,true,319600,903
1386862246765,547,POST: Upload file (cenu),200,OK,Thread Group 1-19,text,true,8582,532
1386862247123,248,GET: Login (jade),200,OK,Thread Group 1-22,text,true,11533,180
1386862246839,538,GET: View assignment (caph),200,OK,Thread Group 1-20,text,true,30978,416
1386862247386,341,GET: Show add submission form (caph),200,OK,Thread Group 1-20,text,true,55729,213
1386862246188,1884,POST: Login (joch),200,OK,Thread Group 1-21,text,true,319606,1030
1386862247738,523,POST: Upload file (caph),200,OK,Thread Group 1-20,text,true,8582,512
1386862248328,230,GET: Login (bola),200,OK,Thread Group 1-23,text,true,11533,145
1386862248082,598,GET: View assignment (joch),200,OK,Thread Group 1-21,text,true,30987,468
1386862248686,313,GET: Show add submission form (joch),200,OK,Thread Group 1-21,text,true,55744,199
1386862247379,1820,POST: Login (jade),200,OK,Thread Group 1-22,text,true,319590,990
1386862249013,629,POST: Upload file (joch),200,OK,Thread Group 1-21,text,true,8582,429
1386862249208,585,GET: View assignment (jade),200,OK,Thread Group 1-22,text,true,30963,471
1386862249530,310,GET: Login (glbl),200,OK,Thread Group 1-24,text,true,11533,208
1386862249802,392,GET: Show add submission form (jade),200,OK,Thread Group 1-22,text,true,55704,279
1386862248568,1781,POST: Login (bola),200,OK,Thread Group 1-23,text,true,319600,888
1386862250210,575,POST: Upload file (jade),200,OK,Thread Group 1-22,text,true,8582,482
1386862250360,584,GET: View assignment (bola),200,OK,Thread Group 1-23,text,true,30978,466
1386862250732,251,GET: Login (masm),200,OK,Thread Group 1-25,text,true,11533,150
1386862250954,336,GET: Show add submission form (bola),200,OK,Thread Group 1-23,text,true,55729,221
1386862249853,1834,POST: Login (glbl),200,OK,Thread Group 1-24,text,true,319596,984
1386862251303,536,POST: Upload file (bola),200,OK,Thread Group 1-23,text,true,8582,461
1386862251693,511,GET: View assignment (glbl),200,OK,Thread Group 1-24,text,true,30972,386
1386862252214,505,GET: Show add submission form (glbl),200,OK,Thread Group 1-24,text,true,55719,392
1386862250994,1774,POST: Login (masm),200,OK,Thread Group 1-25,text,true,319602,894
1386862252731,461,POST: Upload file (glbl),200,OK,Thread Group 1-24,text,true,8582,447
1386862252777,525,GET: View assignment (masm),200,OK,Thread Group 1-25,text,true,30981,405
1386862253317,397,GET: Show add submission form (masm),200,OK,Thread Group 1-25,text,true,55734,283
1386862253726,468,POST: Upload file (masm),200,OK,Thread Group 1-25,text,true,8582,457
1386862229512,119844,POST: Save submission (raba),200,OK,Thread Group 1-4,text,true,33230,119230
1386862229647,119710,POST: Save submission (tyll),200,OK,Thread Group 1-2,text,true,33224,118961
1386862230352,119736,POST: Save submission (sojo),200,OK,Thread Group 1-3,text,true,33236,119158
1386862230405,120472,POST: Save submission (cach),200,OK,Thread Group 1-5,text,true,33230,119405
1386862232957,120109,POST: Save submission (nilu),200,OK,Thread Group 1-7,text,true,33218,119454
1386862233004,120248,POST: Save submission (guwa),200,OK,Thread Group 1-6,text,true,33236,119588
1386862234369,119997,POST: Save submission (calo),200,OK,Thread Group 1-8,text,true,33221,119376
1386862235495,119593,POST: Save submission (trca),200,OK,Thread Group 1-9,text,true,33220,118973
1386862236722,119586,POST: Save submission (gemo),200,OK,Thread Group 1-10,text,true,33238,118968
1386862237233,119536,POST: Save submission (wewe),200,OK,Thread Group 1-11,text,true,33226,118974
1386862238681,120004,POST: Save submission (sest),200,OK,Thread Group 1-12,text,true,33229,119301
1386862239878,120323,POST: Save submission (juga),200,OK,Thread Group 1-13,text,true,33226,119592
1386862240969,119660,POST: Save submission (raha),200,OK,Thread Group 1-14,text,true,33241,119003
1386862242303,120622,POST: Save submission (daha),200,OK,Thread Group 1-15,text,true,33226,119541
1386862243655,120818,POST: Save submission (shbe),200,OK,Thread Group 1-16,text,true,33226,120187
1386862245183,120511,POST: Save submission (amgr),200,OK,Thread Group 1-17,text,true,33232,119867
1386862245865,120497,POST: Save submission (maga),200,OK,Thread Group 1-18,text,true,33235,119890
1386862247322,120278,POST: Save submission (cenu),200,OK,Thread Group 1-19,text,true,33232,119649
1386862248271,120407,POST: Save submission (caph),200,OK,Thread Group 1-20,text,true,33232,119779
1386862249654,120388,POST: Save submission (joch),200,OK,Thread Group 1-21,text,true,33241,119835
1386862250795,120165,POST: Save submission (jade),200,OK,Thread Group 1-22,text,true,33217,119498
1386862251848,119701,POST: Save submission (bola),200,OK,Thread Group 1-23,text,true,33232,119011
1386862253201,119822,POST: Save submission (glbl),200,OK,Thread Group 1-24,text,true,33226,119121
1386862254204,119722,POST: Save submission (masm),200,OK,Thread Group 1-25,text,true,33235,119174
