1386865394688,414,GET: Login (tyll),200,OK,Thread Group 1-2,text,true,11533,291
1386865394732,370,GET: Login (sojo),200,OK,Thread Group 1-3,text,true,11533,247
1386865394688,412,GET: Login (huba),200,OK,Thread Group 1-1,text,true,11533,291
1386865394949,199,GET: Login (raba),200,OK,Thread Group 1-4,text,true,11533,137
1386865395141,165,GET: Login (cach),200,OK,Thread Group 1-5,text,true,11533,112
1386865395350,165,GET: Login (guwa),200,OK,Thread Group 1-6,text,true,11533,106
1386865395546,169,GET: Login (nilu),200,OK,Thread Group 1-7,text,true,11533,94
1386865395751,217,GET: Login (calo),200,OK,Thread Group 1-8,text,true,11533,142
1386865395957,234,GET: Login (trca),200,OK,Thread Group 1-9,text,true,11533,165
1386865396157,235,GET: Login (gemo),200,OK,Thread Group 1-10,text,true,11533,153
1386865396359,234,GET: Login (wewe),200,OK,Thread Group 1-11,text,true,11533,178
1386865396563,858,GET: Login (sest),200,OK,Thread Group 1-12,text,true,11533,790
1386865396766,805,GET: Login (juga),200,OK,Thread Group 1-13,text,true,11533,701
1386865397584,917,GET: Login (amgr),200,OK,Thread Group 1-17,text,true,11533,833
1386865397175,1327,GET: Login (daha),200,OK,Thread Group 1-15,text,true,11533,1253
1386865397389,1116,GET: Login (shbe),200,OK,Thread Group 1-16,text,true,11533,1040
1386865396973,1533,GET: Login (raha),200,OK,Thread Group 1-14,text,true,11533,1457
1386865399232,333,GET: Login (masm),200,OK,Thread Group 1-25,text,true,11533,236
1386865398397,1228,GET: Login (joch),200,OK,Thread Group 1-21,text,true,11533,1081
1386865397792,1836,GET: Login (maga),200,OK,Thread Group 1-18,text,true,11533,1708
1386865399010,621,GET: Login (glbl),200,OK,Thread Group 1-24,text,true,11533,484
1386865398197,1435,GET: Login (caph),200,OK,Thread Group 1-20,text,true,11533,1294
1386865398602,1031,GET: Login (jade),200,OK,Thread Group 1-22,text,true,11533,892
1386865397992,1644,GET: Login (cenu),200,OK,Thread Group 1-19,text,true,11533,1499
1386865398805,835,GET: Login (bola),200,OK,Thread Group 1-23,text,true,11533,690
1386865399832,832,GET: Login (mawh),200,OK,Thread Group 1-28,text,true,11533,758
1386865399637,1034,GET: Login (jehu),200,OK,Thread Group 1-27,text,true,11533,946
1386865399469,1259,GET: Login (jufe),200,OK,Thread Group 1-26,text,true,11533,1180
1386865400025,703,GET: Login (irmo),200,OK,Thread Group 1-29,text,true,11533,570
1386865400239,543,GET: Login (gopa),200,OK,Thread Group 1-30,text,true,11533,451
1386865400433,349,GET: Login (maco),200,OK,Thread Group 1-31,text,true,11533,269
1386865400631,495,GET: Login (alto),200,OK,Thread Group 1-32,text,true,11533,273
1386865401037,314,GET: Login (flco),200,OK,Thread Group 1-34,text,true,11533,233
1386865400830,527,GET: Login (evpa),200,OK,Thread Group 1-33,text,true,11533,431
1386865401234,274,GET: Login (cogl),200,OK,Thread Group 1-35,text,true,11533,203
1386865401434,629,GET: Login (anba),200,OK,Thread Group 1-36,text,true,11533,362
1386865401638,575,GET: Login (tatr),200,OK,Thread Group 1-37,text,true,11533,511
1386865401837,481,GET: Login (mach),200,OK,Thread Group 1-38,text,true,11533,393
1386865402038,579,GET: Login (yvgr),200,OK,Thread Group 1-39,text,true,11533,419
1386865402239,426,GET: Login (elcu),200,OK,Thread Group 1-40,text,true,11533,355
1386865398510,4295,POST: Login (amgr),200,OK,Thread Group 1-17,text,true,319600,1165
1386865398521,4307,POST: Login (daha),200,OK,Thread Group 1-15,text,true,319596,1040
1386865398521,4327,POST: Login (shbe),200,OK,Thread Group 1-16,text,true,319596,1038
1386865397584,5303,POST: Login (juga),200,OK,Thread Group 1-13,text,true,319596,960
1386865397432,5490,POST: Login (sest),200,OK,Thread Group 1-12,text,true,319598,1165
1386865398529,4449,POST: Login (raha),200,OK,Thread Group 1-14,text,true,319606,1034
1386865396197,6798,POST: Login (trca),200,OK,Thread Group 1-9,text,true,319592,823
1386865396599,6405,POST: Login (wewe),200,OK,Thread Group 1-11,text,true,319596,923
1386865395129,7929,POST: Login (tyll),200,OK,Thread Group 1-2,text,true,319596,842
1386865395313,7749,POST: Login (cach),200,OK,Thread Group 1-5,text,true,319600,829
1386865395520,7546,POST: Login (guwa),200,OK,Thread Group 1-6,text,true,319604,723
1386865395129,7952,POST: Login (huba),200,OK,Thread Group 1-1,text,true,319598,840
1386865396398,6686,POST: Login (gemo),200,OK,Thread Group 1-10,text,true,319604,873
1386865395719,7374,POST: Login (nilu),200,OK,Thread Group 1-7,text,true,319592,795
1386865395156,7950,POST: Login (raba),200,OK,Thread Group 1-4,text,true,319600,814
1386865402440,737,GET: Login (dego),200,OK,Thread Group 1-41,text,true,11533,527
1386865395979,7202,POST: Login (calo),200,OK,Thread Group 1-8,text,true,319594,765
1386865399578,3607,POST: Login (masm),200,OK,Thread Group 1-25,text,true,319602,1606
1386865402641,586,GET: Login (mica),200,OK,Thread Group 1-42,text,true,11533,463
1386865399731,3568,POST: Login (cenu),200,OK,Thread Group 1-19,text,true,319600,1670
1386865399687,3709,POST: Login (caph),200,OK,Thread Group 1-20,text,true,319600,1669
1386865395129,8280,POST: Login (sojo),200,OK,Thread Group 1-3,text,true,319604,913
1386865399684,3822,POST: Login (glbl),200,OK,Thread Group 1-24,text,true,319596,1679
1386865399656,3938,POST: Login (joch),200,OK,Thread Group 1-21,text,true,319606,1801
1386865399692,4212,POST: Login (jade),200,OK,Thread Group 1-22,text,true,319590,1965
1386865399733,4174,POST: Login (bola),200,OK,Thread Group 1-23,text,true,319600,1923
1386865399655,4291,POST: Login (maga),200,OK,Thread Group 1-18,text,true,319602,2001
1386865402841,1277,GET: Login (nahe),200,OK,Thread Group 1-43,text,true,11533,1216
1386865403046,1224,GET: Login (kely),200,OK,Thread Group 1-44,text,true,11533,1134
1386865400690,3643,POST: Login (jehu),200,OK,Thread Group 1-27,text,true,319596,1423
1386865402878,1496,GET: View assignment (amgr),200,OK,Thread Group 1-17,text,true,32302,1390
1386865403011,1413,GET: View assignment (shbe),200,OK,Thread Group 1-16,text,true,32296,1306
1386865403117,1358,GET: View assignment (juga),200,OK,Thread Group 1-13,text,true,32296,1250
1386865403009,1467,GET: View assignment (daha),200,OK,Thread Group 1-15,text,true,32296,1358
1386865403293,1598,GET: View assignment (sest),200,OK,Thread Group 1-12,text,true,32299,1473
1386865403470,2104,GET: View assignment (cach),200,OK,Thread Group 1-5,text,true,32300,1759
1386865403405,2173,GET: View assignment (trca),200,OK,Thread Group 1-9,text,true,32290,1722
1386865403514,2065,GET: View assignment (nilu),200,OK,Thread Group 1-7,text,true,32288,1712
1386865403410,2178,GET: View assignment (wewe),200,OK,Thread Group 1-11,text,true,32296,1667
1386865403489,2099,GET: View assignment (guwa),200,OK,Thread Group 1-6,text,true,32306,1743
1386865403403,2196,GET: View assignment (raha),200,OK,Thread Group 1-14,text,true,32311,1674
1386865403457,2717,GET: Login (dafo),200,OK,Thread Group 1-46,text,true,11533,1814
1386865403468,2825,GET: View assignment (tyll),200,OK,Thread Group 1-2,text,true,32294,1850
1386865403248,3122,GET: Login (thte),200,OK,Thread Group 1-45,text,true,11533,2029
1386865403848,2524,GET: Login (ligi),200,OK,Thread Group 1-48,text,true,11533,1425
1386865403649,2724,GET: Login (kava),200,OK,Thread Group 1-47,text,true,11533,1607
1386865403608,2775,GET: View assignment (masm),200,OK,Thread Group 1-25,text,true,32305,1882
1386865403686,2699,GET: View assignment (sojo),200,OK,Thread Group 1-3,text,true,32306,1862
1386865404003,2387,GET: View assignment (maga),200,OK,Thread Group 1-18,text,true,32305,1834
1386865403920,2470,GET: View assignment (jade),200,OK,Thread Group 1-22,text,true,32287,1914
1386865403809,2584,GET: View assignment (joch),200,OK,Thread Group 1-21,text,true,32311,1965
1386865403513,2883,GET: View assignment (gemo),200,OK,Thread Group 1-10,text,true,32308,1720
1386865403602,2796,GET: View assignment (calo),200,OK,Thread Group 1-8,text,true,32291,1949
1386865404345,2056,GET: View assignment (jehu),200,OK,Thread Group 1-27,text,true,32296,1776
1386865403971,2431,GET: View assignment (bola),200,OK,Thread Group 1-23,text,true,32302,1866
1386865403492,2910,GET: View assignment (huba),200,OK,Thread Group 1-1,text,true,32297,1741
1386865403683,2722,GET: View assignment (caph),200,OK,Thread Group 1-20,text,true,32302,1863
1386865403526,2882,GET: View assignment (raba),200,OK,Thread Group 1-4,text,true,32300,1962
1386865400678,5732,POST: Login (mawh),200,OK,Thread Group 1-28,text,true,319598,1587
1386865403744,2671,GET: View assignment (glbl),200,OK,Thread Group 1-24,text,true,32296,1867
1386865403639,2780,GET: View assignment (cenu),200,OK,Thread Group 1-19,text,true,32302,1906
1386865400817,5767,POST: Login (irmo),200,OK,Thread Group 1-29,text,true,319598,1698
1386865400746,5845,POST: Login (jufe),200,OK,Thread Group 1-26,text,true,319600,1722
1386865405465,1196,GET: Login (deke),200,OK,Thread Group 1-56,text,true,11533,1135
1386865404652,2239,GET: Login (frma),200,OK,Thread Group 1-52,text,true,11533,1993
1386865405260,1633,GET: Login (rawa),200,OK,Thread Group 1-55,text,true,11533,1437
1386865404456,2442,GET: Login (albe),200,OK,Thread Group 1-51,text,true,11533,2155
1386865404049,2850,GET: Login (agra),200,OK,Thread Group 1-49,text,true,11533,2631
1386865404859,2042,GET: Login (jafl),200,OK,Thread Group 1-53,text,true,11533,1806
1386865404250,2651,GET: Login (cada),200,OK,Thread Group 1-50,text,true,11533,2361
1386865405060,1845,GET: Login (llfl),200,OK,Thread Group 1-54,text,true,11533,1582
1386865400897,6416,POST: Login (maco),200,OK,Thread Group 1-31,text,true,319604,1671
1386865401376,5994,POST: Login (flco),200,OK,Thread Group 1-34,text,true,319592,2501
1386865403601,3839,POST: Login (dego),200,OK,Thread Group 1-41,text,true,319604,1322
1386865400896,6579,POST: Login (gopa),200,OK,Thread Group 1-30,text,true,319600,1676
1386865404909,2615,GET: Show add submission form (sest),200,OK,Thread Group 1-12,text,true,56844,2448
1386865404510,3016,GET: Show add submission form (daha),200,OK,Thread Group 1-15,text,true,56839,2848
1386865404387,3163,GET: Show add submission form (amgr),200,OK,Thread Group 1-17,text,true,56849,3039
1386865401141,6546,POST: Login (alto),200,OK,Thread Group 1-32,text,true,319592,2488
1386865402228,5461,POST: Login (tatr),200,OK,Thread Group 1-37,text,true,319594,2443
1386865404434,3263,GET: Show add submission form (shbe),200,OK,Thread Group 1-16,text,true,56833,2923
1386865404490,3209,GET: Show add submission form (juga),200,OK,Thread Group 1-13,text,true,56839,2936
1386865405862,1839,GET: Login (defi),200,OK,Thread Group 1-58,text,true,11533,1670
1386865401526,6175,POST: Login (cogl),200,OK,Thread Group 1-35,text,true,319598,2409
1386865405663,2045,GET: Login (clad),200,OK,Thread Group 1-57,text,true,11533,1872
1386865406065,1643,GET: Login (boma),200,OK,Thread Group 1-59,text,true,11533,1435
1386865402331,5376,POST: Login (mach),200,OK,Thread Group 1-38,text,true,319600,2343
1386865402075,5639,POST: Login (anba),200,OK,Thread Group 1-36,text,true,319594,2597
1386865406271,1448,GET: Login (mefi),200,OK,Thread Group 1-60,text,true,11533,1419
1386865401409,6330,POST: Login (evpa),200,OK,Thread Group 1-33,text,true,319598,2472
1386865402740,5002,POST: Login (elcu),200,OK,Thread Group 1-40,text,true,319606,2032
1386865406677,1106,GET: Login (masi),200,OK,Thread Group 1-62,text,true,11533,1011
1386865406877,974,GET: Login (emgu),200,OK,Thread Group 1-63,text,true,11533,840
1386865406474,1385,GET: Login (mywa),200,OK,Thread Group 1-61,text,true,11533,1273
1386865402629,5237,POST: Login (yvgr),200,OK,Thread Group 1-39,text,true,319600,2092
1386865407083,1274,GET: Login (mefig),200,OK,Thread Group 1-64,text,true,11533,1152
1386865407287,1171,GET: Login (roby),200,OK,Thread Group 1-65,text,true,11533,1080
1386865405604,3058,GET: Show add submission form (cach),200,OK,Thread Group 1-5,text,true,56849,2949
1386865405661,3052,GET: Show add submission form (raha),200,OK,Thread Group 1-14,text,true,56864,2951
1386865407487,1271,GET: Login (maca),200,OK,Thread Group 1-66,text,true,11533,1189
1386865405635,3228,GET: Show add submission form (trca),200,OK,Thread Group 1-9,text,true,56829,3119
1386865407688,1672,GET: Login (cesc),200,OK,Thread Group 1-67,text,true,11533,1607
1386865407891,1766,GET: Login (kagr),200,OK,Thread Group 1-68,text,true,11533,1666
1386865405637,4050,GET: Show add submission form (nilu),200,OK,Thread Group 1-7,text,true,56829,3896
1386865408095,1799,GET: Login (viad),200,OK,Thread Group 1-69,text,true,11533,1670
1386865405639,4256,GET: Show add submission form (guwa),200,OK,Thread Group 1-6,text,true,56859,4126
1386865405638,4265,GET: Show add submission form (wewe),200,OK,Thread Group 1-11,text,true,56839,4129
1386865408295,1744,GET: Login (mamu),200,OK,Thread Group 1-70,text,true,11533,1594
1386865407901,2142,POST: Upload file (sest),200,OK,Thread Group 1-12,text,true,8582,1993
1386865407955,2096,POST: Upload file (amgr),200,OK,Thread Group 1-17,text,true,8582,1948
1386865407992,2062,POST: Upload file (shbe),200,OK,Thread Group 1-16,text,true,8579,1918
1386865406319,3740,GET: Show add submission form (tyll),200,OK,Thread Group 1-2,text,true,56833,3562
1386865407943,2133,POST: Upload file (daha),200,OK,Thread Group 1-15,text,true,8582,2001
1386865407993,2140,POST: Upload file (juga),200,OK,Thread Group 1-13,text,true,8582,2047
1386865408494,1744,GET: Login (edma),200,OK,Thread Group 1-71,text,true,11533,1648
1386865408695,1643,GET: Login (viro),200,OK,Thread Group 1-72,text,true,11533,1545
1386865407010,3434,GET: View assignment (mawh),200,OK,Thread Group 1-28,text,true,32299,3325
1386865408907,1581,GET: Login (alfu),200,OK,Thread Group 1-73,text,true,11533,1512
1386865409109,1429,GET: Login (febo),200,OK,Thread Group 1-74,text,true,11533,1329
1386865407185,3406,GET: View assignment (irmo),200,OK,Thread Group 1-29,text,true,32299,3297
1386865407186,3506,GET: View assignment (jufe),200,OK,Thread Group 1-26,text,true,32302,3396
1386865408677,2064,POST: Upload file (cach),200,OK,Thread Group 1-5,text,true,8582,1957
1386865408888,2063,POST: Upload file (trca),200,OK,Thread Group 1-9,text,true,8582,1952
1386865408776,2317,POST: Upload file (raha),200,OK,Thread Group 1-14,text,true,8582,2172
1386865409310,1839,GET: Login (roca),200,OK,Thread Group 1-75,text,true,11533,1729
1386865409510,1861,GET: Login (olba),200,OK,Thread Group 1-76,text,true,11533,1719
1386865406847,4842,GET: Show add submission form (jade),200,OK,Thread Group 1-22,text,true,56818,4692
1386865406839,4859,GET: Show add submission form (maga),200,OK,Thread Group 1-18,text,true,56848,4700
1386865409714,2007,GET: Login (begr),200,OK,Thread Group 1-77,text,true,11533,1903
1386865406861,4991,GET: Show add submission form (gemo),200,OK,Thread Group 1-10,text,true,56859,4854
1386865406836,5097,GET: Show add submission form (masm),200,OK,Thread Group 1-25,text,true,56854,4937
1386865406877,5149,GET: Show add submission form (jehu),200,OK,Thread Group 1-27,text,true,56839,4952
1386865407417,4621,GET: View assignment (maco),200,OK,Thread Group 1-31,text,true,32308,4354
1386865406854,5251,GET: Show add submission form (joch),200,OK,Thread Group 1-21,text,true,56864,5040
1386865406837,5271,GET: Show add submission form (sojo),200,OK,Thread Group 1-3,text,true,56859,5050
1386865409915,2209,GET: Login (cymc),200,OK,Thread Group 1-78,text,true,11533,2099
1386865406877,5260,GET: Show add submission form (calo),200,OK,Thread Group 1-8,text,true,56834,5016
1386865407459,4685,GET: View assignment (flco),200,OK,Thread Group 1-34,text,true,32290,4490
1386865407003,5400,GET: Show add submission form (raba),200,OK,Thread Group 1-4,text,true,56849,5254
1386865407002,5500,GET: Show add submission form (caph),200,OK,Thread Group 1-20,text,true,56849,5252
1386865409736,2778,POST: Upload file (nilu),200,OK,Thread Group 1-7,text,true,8582,2612
1386865407018,5593,GET: Show add submission form (glbl),200,OK,Thread Group 1-24,text,true,56839,5382
1386865410116,2654,GET: Login (risc),200,OK,Thread Group 1-79,text,true,11533,2372
1386865409925,3020,POST: Upload file (guwa),200,OK,Thread Group 1-6,text,true,8582,2677
1386865407840,5127,GET: View assignment (dego),200,OK,Thread Group 1-41,text,true,32308,4986
1386865410317,2650,GET: Login (caru),200,OK,Thread Group 1-80,text,true,11533,2515
1386865407037,5961,GET: Show add submission form (cenu),200,OK,Thread Group 1-19,text,true,56849,5722
1386865409937,3067,POST: Upload file (wewe),200,OK,Thread Group 1-11,text,true,8582,2742
1386865406979,6044,GET: Show add submission form (huba),200,OK,Thread Group 1-1,text,true,56844,5847
1386865406978,6030,GET: Show add submission form (bola),200,OK,Thread Group 1-23,text,true,56849,5848
1386865410211,2941,POST: Upload file (tyll),200,OK,Thread Group 1-2,text,true,8579,2831
1386865410519,2720,GET: Login (caco),200,OK,Thread Group 1-81,text,true,11533,2639
1386865407967,5323,GET: View assignment (alto),200,OK,Thread Group 1-32,text,true,32290,5159
1386865408005,5312,GET: View assignment (cogl),200,OK,Thread Group 1-35,text,true,32299,5172
1386865407942,5377,GET: View assignment (gopa),200,OK,Thread Group 1-30,text,true,32302,5184
1386865407990,5339,GET: View assignment (tatr),200,OK,Thread Group 1-37,text,true,32293,5190
1386865408026,5373,GET: View assignment (mach),200,OK,Thread Group 1-38,text,true,32302,5301
1386865408078,5586,GET: View assignment (anba),200,OK,Thread Group 1-36,text,true,32293,5463
1386865408085,5631,GET: View assignment (elcu),200,OK,Thread Group 1-40,text,true,32311,5507
1386865408084,5643,GET: View assignment (evpa),200,OK,Thread Group 1-33,text,true,32299,5511
1386865408152,5786,GET: View assignment (yvgr),200,OK,Thread Group 1-39,text,true,32302,5640
1386865410719,3485,GET: Login (cabo),200,OK,Thread Group 1-82,text,true,11533,3387
1386865410921,3323,GET: Login (edhe),200,OK,Thread Group 1-83,text,true,11533,3199
1386865411122,3715,GET: Login (jowa),200,OK,Thread Group 1-84,text,true,11533,3604
1386865411328,3559,GET: Login (patu),200,OK,Thread Group 1-85,text,true,11533,3477
1386865411547,3757,GET: Login (rosh),200,OK,Thread Group 1-86,text,true,11533,3659
1386865411744,4045,GET: Login (erta),200,OK,Thread Group 1-87,text,true,11533,3938
1386865411971,4048,GET: Login (sost),200,OK,Thread Group 1-88,text,true,11533,3944
1386865412151,3869,GET: Login (chmo),200,OK,Thread Group 1-89,text,true,11533,3774
1386865411852,4349,POST: Upload file (maga),200,OK,Thread Group 1-18,text,true,8579,4222
1386865403609,12593,POST: Login (mica),200,OK,Thread Group 1-42,text,true,319606,1477
1386865411763,4520,POST: Upload file (jade),200,OK,Thread Group 1-22,text,true,8579,4356
1386865411912,4373,POST: Upload file (gemo),200,OK,Thread Group 1-10,text,true,8582,4247
1386865412354,3975,GET: Login (lome),200,OK,Thread Group 1-90,text,true,11533,3862
1386865412562,3768,GET: Login (cagr),200,OK,Thread Group 1-91,text,true,11533,3657
1386865412237,4103,POST: Upload file (jehu),200,OK,Thread Group 1-27,text,true,8582,4010
1386865412085,4255,POST: Upload file (masm),200,OK,Thread Group 1-25,text,true,8582,4165
1386865412277,4124,POST: Upload file (joch),200,OK,Thread Group 1-21,text,true,8582,4031
1386865412327,4074,POST: Upload file (sojo),200,OK,Thread Group 1-3,text,true,8582,3978
1386865412779,3774,GET: Login (nosa),200,OK,Thread Group 1-92,text,true,11533,3717
1386865412454,4164,POST: Upload file (calo),200,OK,Thread Group 1-8,text,true,8582,4080
1386865412963,3706,GET: Login (shsa),200,OK,Thread Group 1-93,text,true,11533,3631
1386865412639,4038,POST: Upload file (raba),200,OK,Thread Group 1-4,text,true,8582,3912
1386865413165,3598,GET: Login (clri),200,OK,Thread Group 1-94,text,true,11533,3525
1386865412784,3984,POST: Upload file (caph),200,OK,Thread Group 1-20,text,true,8582,3887
1386865413363,3500,GET: Login (saha),200,OK,Thread Group 1-95,text,true,11533,3415
1386865412902,3968,POST: Upload file (glbl),200,OK,Thread Group 1-24,text,true,8582,3870
1386865413564,3350,GET: Login (rean),200,OK,Thread Group 1-96,text,true,11533,3270
1386865413765,3323,GET: Login (mepa),200,OK,Thread Group 1-97,text,true,11533,3197
1386865413201,3891,POST: Upload file (huba),200,OK,Thread Group 1-1,text,true,8582,3797
1386865413967,3244,GET: Login (sawa),200,OK,Thread Group 1-98,text,true,11533,3084
1386865414175,3035,GET: Login (lebr),200,OK,Thread Group 1-99,text,true,11533,2903
1386865413239,3973,POST: Upload file (bola),200,OK,Thread Group 1-23,text,true,8582,3827
1386865413185,4031,POST: Upload file (cenu),200,OK,Thread Group 1-19,text,true,8582,3861
1386865414377,2903,GET: Login (limu),200,OK,Thread Group 1-100,text,true,11533,2806
1386865414575,2791,GET: Login (brll),200,OK,Thread Group 1-101,text,true,11533,2641
1386865414777,2927,GET: Login (vist),200,OK,Thread Group 1-102,text,true,11533,2857
1386865414978,2730,GET: Login (lodo),200,OK,Thread Group 1-103,text,true,11533,2659
1386865415587,2847,GET: Login (fldi),200,OK,Thread Group 1-106,text,true,11533,2680
1386865415787,2648,GET: Login (brgr),200,OK,Thread Group 1-107,text,true,11533,2482
1386865415179,3257,GET: Login (juha),200,OK,Thread Group 1-104,text,true,11533,3076
1386865415390,3059,GET: Login (tamo),200,OK,Thread Group 1-105,text,true,11533,2874
1386865410144,9302,POST: Save submission (amgr),200,OK,Thread Group 1-17,text,true,58079,9180
1386865415982,3617,GET: Login (dere),200,OK,Thread Group 1-108,text,true,11533,3489
1386865417204,2517,GET: Login (memo),200,OK,Thread Group 1-114,text,true,11533,2374
1386865416588,3139,GET: Login (crbi),200,OK,Thread Group 1-111,text,true,11533,2959
1386865416991,2739,GET: Login (frmu),200,OK,Thread Group 1-113,text,true,11533,2573
1386865416385,3353,GET: Login (loch),200,OK,Thread Group 1-110,text,true,11533,3189
1386865410212,9535,POST: Save submission (daha),200,OK,Thread Group 1-15,text,true,58069,9338
1386865410102,9655,POST: Save submission (sest),200,OK,Thread Group 1-12,text,true,58074,9446
1386865410185,9573,POST: Save submission (shbe),200,OK,Thread Group 1-16,text,true,58060,9363
1386865417395,2435,GET: Login (visu),200,OK,Thread Group 1-115,text,true,11533,2222
1386865416790,3056,GET: Login (mawe),200,OK,Thread Group 1-112,text,true,11533,2799
1386865416184,3662,GET: Login (roto),200,OK,Thread Group 1-109,text,true,11533,3438
1386865404133,15788,POST: Login (nahe),200,OK,Thread Group 1-43,text,true,319604,2217
1386865410255,9711,POST: Save submission (juga),200,OK,Thread Group 1-13,text,true,58069,9572
1386865410755,9682,POST: Save submission (cach),200,OK,Thread Group 1-5,text,true,58079,9564
1386865410964,9575,POST: Save submission (trca),200,OK,Thread Group 1-9,text,true,58059,9465
1386865411103,9491,POST: Save submission (raha),200,OK,Thread Group 1-14,text,true,58094,9377
1386865417598,3054,GET: Login (debu),200,OK,Thread Group 1-116,text,true,11533,2950
1386865417798,2950,GET: Login (dico),200,OK,Thread Group 1-117,text,true,11533,2808
1386865418408,2450,GET: Login (nepr),200,OK,Thread Group 1-120,text,true,11533,2307
1386865418206,2652,GET: Login (rowo),200,OK,Thread Group 1-119,text,true,11533,2441
1386865418000,2861,GET: Login (pada),200,OK,Thread Group 1-118,text,true,11533,2656
1386865418607,2319,GET: Login (edco),200,OK,Thread Group 1-121,text,true,11533,2179
1386865410455,10535,GET: Show add submission form (mawh),200,OK,Thread Group 1-28,text,true,56844,10398
1386865410598,10403,GET: Show add submission form (irmo),200,OK,Thread Group 1-29,text,true,56844,10255
1386865410706,10357,GET: Show add submission form (jufe),200,OK,Thread Group 1-26,text,true,56849,10213
1386865418807,2358,GET: Login (shca),200,OK,Thread Group 1-122,text,true,11533,2262
1386865419006,2284,GET: Login (sebr),200,OK,Thread Group 1-123,text,true,11533,2208
1386865419211,2254,GET: Login (esda),200,OK,Thread Group 1-124,text,true,11533,2188
1386865419413,2324,GET: Login (kapa),200,OK,Thread Group 1-125,text,true,11533,2193
1386865419611,2231,GET: Login (raban),200,OK,Thread Group 1-126,text,true,11533,2142
1386865412787,9066,POST: Save submission (nilu),200,OK,Thread Group 1-7,text,true,58059,8947
1386865412245,9614,GET: Show add submission form (maco),200,OK,Thread Group 1-31,text,true,56859,9489
1386865404284,17662,POST: Login (kely),200,OK,Thread Group 1-44,text,true,319598,2616
1386865416226,5798,GET: View assignment (mica),200,OK,Thread Group 1-42,text,true,32311,5655
1386865419812,2302,GET: Login (lone),200,OK,Thread Group 1-127,text,true,11533,2205
1386865413173,8950,POST: Save submission (guwa),200,OK,Thread Group 1-6,text,true,58089,8839
1386865412472,9671,GET: Show add submission form (flco),200,OK,Thread Group 1-34,text,true,56829,9540
1386865413201,9014,POST: Save submission (wewe),200,OK,Thread Group 1-11,text,true,58069,8908
1386865420014,2248,GET: Login (mawa),200,OK,Thread Group 1-128,text,true,11533,2141
1386865413395,9064,POST: Save submission (tyll),200,OK,Thread Group 1-2,text,true,58060,8954
1386865420225,2358,GET: Login (cogr),200,OK,Thread Group 1-129,text,true,11533,2254
1386865413177,9667,GET: Show add submission form (dego),200,OK,Thread Group 1-41,text,true,56859,9507
1386865420416,2466,GET: Login (befe),200,OK,Thread Group 1-130,text,true,11533,2366
1386865413432,9462,GET: Show add submission form (cogl),200,OK,Thread Group 1-35,text,true,56844,9321
1386865413461,9438,GET: Show add submission form (mach),200,OK,Thread Group 1-38,text,true,56849,9294
1386865413449,9455,GET: Show add submission form (tatr),200,OK,Thread Group 1-37,text,true,56834,9304
1386865413433,9478,GET: Show add submission form (gopa),200,OK,Thread Group 1-30,text,true,56849,9322
1386865413429,9486,GET: Show add submission form (alto),200,OK,Thread Group 1-32,text,true,56829,9326
1386865420618,2311,GET: Login (wimi),200,OK,Thread Group 1-131,text,true,11533,2201
1386865413749,9268,GET: Show add submission form (elcu),200,OK,Thread Group 1-40,text,true,56858,9126
1386865413830,9186,GET: Show add submission form (evpa),200,OK,Thread Group 1-33,text,true,56844,9048
1386865413966,9061,GET: Show add submission form (yvgr),200,OK,Thread Group 1-39,text,true,56849,8912
1386865413684,9392,GET: Show add submission form (anba),200,OK,Thread Group 1-36,text,true,56834,9242
1386865420819,2334,GET: Login (arwi),200,OK,Thread Group 1-132,text,true,11533,2236
1386865421029,2277,GET: Login (prha),200,OK,Thread Group 1-133,text,true,11533,2197
1386865421232,2316,GET: Login (chpo),200,OK,Thread Group 1-134,text,true,11533,2207
1386865421043,2775,POST: Upload file (irmo),200,OK,Thread Group 1-29,text,true,8582,2615
1386865421005,2817,POST: Upload file (mawh),200,OK,Thread Group 1-28,text,true,8582,2683
1386865421084,2782,POST: Upload file (jufe),200,OK,Thread Group 1-26,text,true,8582,2657
1386865421435,2489,GET: Login (rhro),200,OK,Thread Group 1-135,text,true,11533,2377
1386865421635,2472,GET: Login (mani),200,OK,Thread Group 1-136,text,true,11533,2303
1386865416294,7819,POST: Save submission (jade),200,OK,Thread Group 1-22,text,true,58045,7624
1386865416307,7914,POST: Save submission (gemo),200,OK,Thread Group 1-10,text,true,58089,7796
1386865416214,8008,POST: Save submission (maga),200,OK,Thread Group 1-18,text,true,58075,7887
1386865421841,2430,GET: Login (dwdi),200,OK,Thread Group 1-137,text,true,11533,2341
1386865416410,7871,POST: Save submission (joch),200,OK,Thread Group 1-21,text,true,58094,7751
1386865416410,7870,POST: Save submission (sojo),200,OK,Thread Group 1-3,text,true,58089,7751
1386865416368,7914,POST: Save submission (masm),200,OK,Thread Group 1-25,text,true,58084,7793
1386865422046,2796,GET: Login (lesp),200,OK,Thread Group 1-138,text,true,11533,2737
1386865422239,2935,GET: Login (alho),200,OK,Thread Group 1-139,text,true,11533,2847
1386865416706,8528,POST: Save submission (raba),200,OK,Thread Group 1-4,text,true,58079,8408
1386865416368,8892,POST: Save submission (jehu),200,OK,Thread Group 1-27,text,true,58069,8747
1386865416632,8636,POST: Save submission (calo),200,OK,Thread Group 1-8,text,true,58064,8482
1386865416792,8483,POST: Save submission (caph),200,OK,Thread Group 1-20,text,true,58079,8325
1386865416883,8513,POST: Save submission (glbl),200,OK,Thread Group 1-24,text,true,58069,8381
1386865422442,3066,GET: Login (orli),200,OK,Thread Group 1-140,text,true,11533,2950
1386865421891,3621,POST: Upload file (maco),200,OK,Thread Group 1-31,text,true,8582,3506
1386865422642,3144,GET: Login (krba),200,OK,Thread Group 1-141,text,true,11533,3049
1386865417109,8685,POST: Save submission (huba),200,OK,Thread Group 1-1,text,true,58074,8540
1386865422192,3659,POST: Upload file (flco),200,OK,Thread Group 1-34,text,true,8582,3537
1386865417262,8696,POST: Save submission (cenu),200,OK,Thread Group 1-19,text,true,58079,8564
1386865417259,8712,POST: Save submission (bola),200,OK,Thread Group 1-23,text,true,58079,8567
1386865422844,3281,GET: Login (jogi),200,OK,Thread Group 1-142,text,true,11533,3174
1386865423046,3470,GET: Login (rabl),200,OK,Thread Group 1-143,text,true,11533,3373
1386865423246,3523,GET: Login (clpa),200,OK,Thread Group 1-144,text,true,11533,3412
1386865422928,3981,POST: Upload file (cogl),200,OK,Thread Group 1-35,text,true,8582,3905
1386865422958,4013,POST: Upload file (gopa),200,OK,Thread Group 1-30,text,true,8582,3883
1386865422861,4115,POST: Upload file (dego),200,OK,Thread Group 1-41,text,true,8582,4020
1386865422944,4032,POST: Upload file (tatr),200,OK,Thread Group 1-37,text,true,8582,3911
1386865422929,4075,POST: Upload file (mach),200,OK,Thread Group 1-38,text,true,8582,3920
1386865423051,3999,POST: Upload file (evpa),200,OK,Thread Group 1-33,text,true,8582,3836
1386865422959,4091,POST: Upload file (alto),200,OK,Thread Group 1-32,text,true,8582,3941
1386865423090,3961,POST: Upload file (yvgr),200,OK,Thread Group 1-39,text,true,8582,3814
1386865423111,3990,POST: Upload file (anba),200,OK,Thread Group 1-36,text,true,8582,3877
1386865423031,4140,POST: Upload file (elcu),200,OK,Thread Group 1-40,text,true,8579,4012
1386865423450,3839,GET: Login (hope),200,OK,Thread Group 1-145,text,true,11533,3721
1386865419932,7390,GET: View assignment (nahe),200,OK,Thread Group 1-43,text,true,32308,7243
1386865423667,3679,GET: Login (anda),200,OK,Thread Group 1-146,text,true,11533,3564
1386865423857,4014,GET: Login (grga),200,OK,Thread Group 1-147,text,true,11533,3796
1386865424070,3858,GET: Login (momo),200,OK,Thread Group 1-148,text,true,11533,3691
1386865424469,3663,GET: Login (dafr),200,OK,Thread Group 1-150,text,true,11533,3569
1386865424271,3949,GET: Login (kaca),200,OK,Thread Group 1-149,text,true,11533,3800
1386865406187,22428,POST: Login (dafo),200,OK,Thread Group 1-46,text,true,319600,3173
1386865406822,22619,POST: Login (kava),200,OK,Thread Group 1-47,text,true,319602,2719
1386865406810,22885,POST: Login (thte),200,OK,Thread Group 1-45,text,true,319598,2730
1386865406812,22914,POST: Login (ligi),200,OK,Thread Group 1-48,text,true,319596,2730
1386865421969,7969,GET: View assignment (kely),200,OK,Thread Group 1-44,text,true,32299,7862
1386865407273,22933,POST: Login (frma),200,OK,Thread Group 1-52,text,true,319606,2760
1386865407286,22992,POST: Login (albe),200,OK,Thread Group 1-51,text,true,319598,2849
1386865407186,23132,POST: Login (deke),200,OK,Thread Group 1-56,text,true,319600,2838
1386865407312,23018,POST: Login (llfl),200,OK,Thread Group 1-54,text,true,319596,2719
1386865407275,23143,POST: Login (rawa),200,OK,Thread Group 1-55,text,true,319596,2857
1386865407296,23167,POST: Login (agra),200,OK,Thread Group 1-49,text,true,319598,2738
1386865407305,23316,POST: Login (cada),200,OK,Thread Group 1-50,text,true,319598,2734
1386865407298,23507,POST: Login (jafl),200,OK,Thread Group 1-53,text,true,319600,2731
1386865408006,22892,POST: Login (clad),200,OK,Thread Group 1-57,text,true,319600,2732
1386865408368,22587,POST: Login (mefig),200,OK,Thread Group 1-64,text,true,319606,2669
1386865408082,22969,POST: Login (mefi),200,OK,Thread Group 1-60,text,true,319610,2952
1386865408006,23204,POST: Login (boma),200,OK,Thread Group 1-59,text,true,319604,3031
1386865408132,23135,POST: Login (mywa),200,OK,Thread Group 1-61,text,true,319602,2905
1386865408131,23186,POST: Login (emgu),200,OK,Thread Group 1-63,text,true,319602,2908
1386865408822,22499,POST: Login (maca),200,OK,Thread Group 1-66,text,true,319600,2726
1386865407992,23366,POST: Login (defi),200,OK,Thread Group 1-58,text,true,319598,3043
1386865408125,23285,POST: Login (masi),200,OK,Thread Group 1-62,text,true,319598,2921
1386865408470,23040,POST: Login (roby),200,OK,Thread Group 1-65,text,true,319594,2573
1386865409377,22195,POST: Login (cesc),200,OK,Thread Group 1-67,text,true,319598,2288
1386865422040,9566,GET: Show add submission form (mica),200,OK,Thread Group 1-42,text,true,56864,9456
1386865409680,22041,POST: Login (kagr),200,OK,Thread Group 1-68,text,true,319596,2790
1386865410092,21886,POST: Login (mamu),200,OK,Thread Group 1-70,text,true,319604,2800
1386865410275,21703,POST: Login (edma),200,OK,Thread Group 1-71,text,true,319596,2621
1386865409908,22209,POST: Login (viad),200,OK,Thread Group 1-69,text,true,319598,2986
1386865410351,21974,POST: Login (viro),200,OK,Thread Group 1-72,text,true,319606,3518
1386865423830,9150,POST: Save submission (irmo),200,OK,Thread Group 1-29,text,true,58074,9068
1386865423878,9199,POST: Save submission (jufe),200,OK,Thread Group 1-26,text,true,58079,9020
1386865410499,22582,POST: Login (alfu),200,OK,Thread Group 1-73,text,true,319598,4336
1386865410553,22588,POST: Login (febo),200,OK,Thread Group 1-74,text,true,319598,4695
1386865423838,9316,POST: Save submission (mawh),200,OK,Thread Group 1-28,text,true,58074,9204
1386865411161,22310,POST: Login (roca),200,OK,Thread Group 1-75,text,true,319604,4785
1386865425532,8209,POST: Save submission (maco),200,OK,Thread Group 1-31,text,true,58089,8079
1386865412330,21622,POST: Login (cymc),200,OK,Thread Group 1-78,text,true,319606,4173
1386865411864,22163,POST: Login (begr),200,OK,Thread Group 1-77,text,true,319604,4468
1386865411387,22644,POST: Login (olba),200,OK,Thread Group 1-76,text,true,319596,5116
1386865425880,8301,POST: Save submission (flco),200,OK,Thread Group 1-34,text,true,58059,8182
1386865431616,2603,POST: Upload file (mica),200,OK,Thread Group 1-42,text,true,8582,2519
1386865428681,5543,GET: View assignment (dafo),200,OK,Thread Group 1-46,text,true,32302,5430
1386865427055,7582,POST: Save submission (dego),200,OK,Thread Group 1-41,text,true,58089,7465
1386865427080,7615,POST: Save submission (tatr),200,OK,Thread Group 1-37,text,true,58064,7491
1386865427053,7643,POST: Save submission (gopa),200,OK,Thread Group 1-30,text,true,58079,7518
1386865427167,7604,POST: Save submission (evpa),200,OK,Thread Group 1-33,text,true,58074,7456
1386865427127,7645,POST: Save submission (mach),200,OK,Thread Group 1-38,text,true,58079,7497
1386865427187,7678,POST: Save submission (alto),200,OK,Thread Group 1-32,text,true,58059,7492
1386865427251,7617,POST: Save submission (yvgr),200,OK,Thread Group 1-39,text,true,58079,7427
1386865413409,21542,POST: Login (caco),200,OK,Thread Group 1-81,text,true,319604,3879
1386865413049,21909,POST: Login (risc),200,OK,Thread Group 1-79,text,true,319604,4229
1386865426932,8034,POST: Save submission (cogl),200,OK,Thread Group 1-35,text,true,58074,7819
1386865427273,7703,POST: Save submission (anba),200,OK,Thread Group 1-36,text,true,58064,7478
1386865427357,7620,POST: Save submission (elcu),200,OK,Thread Group 1-40,text,true,58085,7391
1386865429707,5357,GET: View assignment (thte),200,OK,Thread Group 1-45,text,true,32299,5300
1386865429805,5312,GET: View assignment (ligi),200,OK,Thread Group 1-48,text,true,32296,5201
1386865429507,5617,GET: View assignment (kava),200,OK,Thread Group 1-47,text,true,32305,5500
1386865427427,7738,GET: Show add submission form (nahe),200,OK,Thread Group 1-43,text,true,56859,7678
1386865413183,22109,POST: Login (caru),200,OK,Thread Group 1-80,text,true,319604,4020
1386865414286,21056,POST: Login (edhe),200,OK,Thread Group 1-83,text,true,319596,3312
1386865414235,21111,POST: Login (cabo),200,OK,Thread Group 1-82,text,true,319596,3367
1386865430445,5147,GET: View assignment (llfl),200,OK,Thread Group 1-54,text,true,32296,5080
1386865430481,5261,GET: View assignment (rawa),200,OK,Thread Group 1-55,text,true,32296,5154
1386865430224,5568,GET: View assignment (frma),200,OK,Thread Group 1-52,text,true,32311,5457
1386865414870,20927,POST: Login (jowa),200,OK,Thread Group 1-84,text,true,319596,3526
1386865415321,20489,POST: Login (rosh),200,OK,Thread Group 1-86,text,true,319604,3118
1386865414922,20894,POST: Login (patu),200,OK,Thread Group 1-85,text,true,319602,3481
1386865430386,5466,GET: View assignment (deke),200,OK,Thread Group 1-56,text,true,32302,5347
1386865430304,5556,GET: View assignment (albe),200,OK,Thread Group 1-51,text,true,32299,5429
1386865430632,5313,GET: View assignment (cada),200,OK,Thread Group 1-50,text,true,32299,5149
1386865430816,5213,GET: View assignment (jafl),200,OK,Thread Group 1-53,text,true,32302,5026
1386865430534,5541,GET: View assignment (agra),200,OK,Thread Group 1-49,text,true,32299,5399
1386865430906,5235,GET: View assignment (clad),200,OK,Thread Group 1-57,text,true,32302,5110
1386865431065,5127,GET: View assignment (mefi),200,OK,Thread Group 1-60,text,true,32317,5004
1386865430963,5234,GET: View assignment (mefig),200,OK,Thread Group 1-64,text,true,32311,5103
1386865415819,20475,POST: Login (erta),200,OK,Thread Group 1-87,text,true,319600,2902
1386865431218,5127,GET: View assignment (boma),200,OK,Thread Group 1-59,text,true,32308,5008
1386865416057,20297,POST: Login (chmo),200,OK,Thread Group 1-89,text,true,319606,2845
1386865431326,5190,GET: View assignment (emgu),200,OK,Thread Group 1-63,text,true,32305,5060
1386865431275,5242,GET: View assignment (mywa),200,OK,Thread Group 1-61,text,true,32305,5109
1386865431340,5213,GET: View assignment (maca),200,OK,Thread Group 1-66,text,true,32302,5094
1386865431429,5189,GET: View assignment (masi),200,OK,Thread Group 1-62,text,true,32299,5069
1386865416033,20635,POST: Login (sost),200,OK,Thread Group 1-88,text,true,319598,2995
1386865431373,5349,GET: View assignment (defi),200,OK,Thread Group 1-58,text,true,32299,5233
1386865416680,20043,POST: Login (shsa),200,OK,Thread Group 1-93,text,true,319600,2514
1386865416770,19963,POST: Login (clri),200,OK,Thread Group 1-94,text,true,319606,2458
1386865416361,20384,POST: Login (lome),200,OK,Thread Group 1-90,text,true,319602,3074
1386865416361,20446,POST: Login (cagr),200,OK,Thread Group 1-91,text,true,319600,3074
1386865431579,5330,GET: View assignment (roby),200,OK,Thread Group 1-65,text,true,32293,5134
1386865429958,6972,GET: Show add submission form (kely),200,OK,Thread Group 1-44,text,true,56844,6754
1386865416563,20377,POST: Login (nosa),200,OK,Thread Group 1-92,text,true,319598,2631
1386865431587,5450,GET: View assignment (cesc),200,OK,Thread Group 1-67,text,true,32299,5202
1386865431729,5312,GET: View assignment (kagr),200,OK,Thread Group 1-68,text,true,32296,5060
1386865416873,20178,POST: Login (saha),200,OK,Thread Group 1-95,text,true,319602,2842
1386865416922,20129,POST: Login (rean),200,OK,Thread Group 1-96,text,true,319606,2806
1386865435180,1902,POST: Upload file (nahe),200,OK,Thread Group 1-43,text,true,8582,1784
1386865431987,5152,GET: View assignment (mamu),200,OK,Thread Group 1-70,text,true,32308,5025
1386865431993,5159,GET: View assignment (edma),200,OK,Thread Group 1-71,text,true,32296,5018
1386865432332,4938,GET: View assignment (viro),200,OK,Thread Group 1-72,text,true,32311,4797
1386865432132,5141,GET: View assignment (viad),200,OK,Thread Group 1-69,text,true,32299,4996
1386865417101,20187,POST: Login (mepa),200,OK,Thread Group 1-97,text,true,319600,2734
1386865417379,20024,POST: Login (brll),200,OK,Thread Group 1-101,text,true,319600,2704
1386865417247,20211,POST: Login (lebr),200,OK,Thread Group 1-99,text,true,319596,2653
1386865417727,19736,POST: Login (lodo),200,OK,Thread Group 1-103,text,true,319600,2598
1386865417220,20284,POST: Login (sawa),200,OK,Thread Group 1-98,text,true,319592,2810
1386865433096,4499,GET: View assignment (alfu),200,OK,Thread Group 1-73,text,true,32299,4433
1386865417322,20387,POST: Login (limu),200,OK,Thread Group 1-100,text,true,319598,2760
1386865433154,4641,GET: View assignment (febo),200,OK,Thread Group 1-74,text,true,32299,4541
1386865418477,19516,POST: Login (juha),200,OK,Thread Group 1-104,text,true,319592,2632
1386865418498,19559,POST: Login (tamo),200,OK,Thread Group 1-105,text,true,319596,2865
1386865417713,20346,POST: Login (vist),200,OK,Thread Group 1-102,text,true,319608,2668
1386865418475,19585,POST: Login (brgr),200,OK,Thread Group 1-107,text,true,319598,2892
1386865418448,19623,POST: Login (fldi),200,OK,Thread Group 1-106,text,true,319600,2915
1386865433481,4611,GET: View assignment (roca),200,OK,Thread Group 1-75,text,true,32308,4499
1386865434035,4359,GET: View assignment (begr),200,OK,Thread Group 1-77,text,true,32308,4223
1386865433964,4457,GET: View assignment (cymc),200,OK,Thread Group 1-78,text,true,32311,4295
1386865434044,4429,GET: View assignment (olba),200,OK,Thread Group 1-76,text,true,32296,4283
1386865419609,18889,POST: Login (dere),200,OK,Thread Group 1-108,text,true,319598,2653
1386865436942,1942,POST: Upload file (kely),200,OK,Thread Group 1-44,text,true,8582,1845
1386865419788,19215,POST: Login (crbi),200,OK,Thread Group 1-111,text,true,319604,2977
1386865419889,19113,POST: Login (mawe),200,OK,Thread Group 1-112,text,true,319596,2935
1386865419791,19229,POST: Login (frmu),200,OK,Thread Group 1-113,text,true,319600,2969
1386865419741,19304,POST: Login (memo),200,OK,Thread Group 1-114,text,true,319598,3019
1386865434971,4223,GET: View assignment (caco),200,OK,Thread Group 1-81,text,true,32308,4105
1386865419888,19337,POST: Login (visu),200,OK,Thread Group 1-115,text,true,319606,2943
1386865434996,4241,GET: View assignment (risc),200,OK,Thread Group 1-79,text,true,32308,4130
1386865419889,19407,POST: Login (roto),200,OK,Thread Group 1-109,text,true,319602,2932
1386865419794,19646,POST: Login (loch),200,OK,Thread Group 1-110,text,true,319600,3032
1386865420662,18912,POST: Login (debu),200,OK,Thread Group 1-116,text,true,319600,2647
1386865420901,18678,POST: Login (rowo),200,OK,Thread Group 1-119,text,true,319600,2900
1386865420761,18876,POST: Login (dico),200,OK,Thread Group 1-117,text,true,319596,3041
1386865421180,18457,POST: Login (shca),200,OK,Thread Group 1-122,text,true,319608,2631
1386865435305,4391,GET: View assignment (caru),200,OK,Thread Group 1-80,text,true,32308,4258
1386865420900,18801,POST: Login (nepr),200,OK,Thread Group 1-120,text,true,319598,2903
1386865420947,18757,POST: Login (edco),200,OK,Thread Group 1-121,text,true,319596,2857
1386865435375,4387,GET: View assignment (cabo),200,OK,Thread Group 1-82,text,true,32296,4247
1386865435357,4434,GET: View assignment (edhe),200,OK,Thread Group 1-83,text,true,32296,4263
1386865420902,18889,POST: Login (pada),200,OK,Thread Group 1-118,text,true,319604,2906
1386865421314,18532,POST: Login (sebr),200,OK,Thread Group 1-123,text,true,319594,2908
1386865421474,18499,POST: Login (esda),200,OK,Thread Group 1-124,text,true,319600,2840
1386865434231,5857,POST: Save submission (mica),200,OK,Thread Group 1-42,text,true,58094,5730
1386865421752,18407,POST: Login (kapa),200,OK,Thread Group 1-125,text,true,319604,3578
1386865421866,18294,POST: Login (raban),200,OK,Thread Group 1-126,text,true,319602,3590
1386865422127,18096,POST: Login (lone),200,OK,Thread Group 1-127,text,true,319596,3444
1386865422277,17953,POST: Login (mawa),200,OK,Thread Group 1-128,text,true,319590,3436
1386865422590,17647,POST: Login (cogr),200,OK,Thread Group 1-129,text,true,319604,3248
1386865435845,4499,GET: View assignment (jowa),200,OK,Thread Group 1-84,text,true,32296,4300
1386865435847,4649,GET: View assignment (rosh),200,OK,Thread Group 1-86,text,true,32308,4367
1386865434239,6271,GET: Show add submission form (dafo),200,OK,Thread Group 1-46,text,true,56849,5971
1386865422900,17813,POST: Login (befe),200,OK,Thread Group 1-130,text,true,319606,3415
1386865423164,17595,POST: Login (arwi),200,OK,Thread Group 1-132,text,true,319596,3251
1386865435862,4978,GET: View assignment (patu),200,OK,Thread Group 1-85,text,true,32305,4835
1386865422976,18128,POST: Login (wimi),200,OK,Thread Group 1-131,text,true,319596,3389
1386865423320,17855,POST: Login (prha),200,OK,Thread Group 1-133,text,true,319602,3806
1386865423561,17615,POST: Login (chpo),200,OK,Thread Group 1-134,text,true,319602,3916
1386865436309,4989,GET: View assignment (erta),200,OK,Thread Group 1-87,text,true,32302,4779
1386865436427,4935,GET: View assignment (chmo),200,OK,Thread Group 1-89,text,true,32313,4730
1386865435079,6289,GET: Show add submission form (thte),200,OK,Thread Group 1-45,text,true,56844,6084
1386865435158,6260,GET: Show add submission form (kava),200,OK,Thread Group 1-47,text,true,56848,6121
1386865435129,6296,GET: Show add submission form (ligi),200,OK,Thread Group 1-48,text,true,56839,6144
1386865436680,4838,GET: View assignment (sost),200,OK,Thread Group 1-88,text,true,32299,4728
1386865436750,4817,GET: View assignment (shsa),200,OK,Thread Group 1-93,text,true,32302,4704
1386865436770,5055,GET: View assignment (clri),200,OK,Thread Group 1-94,text,true,32311,4739
1386865435604,6220,GET: Show add submission form (llfl),200,OK,Thread Group 1-54,text,true,56833,6001
1386865436823,5012,GET: View assignment (cagr),200,OK,Thread Group 1-91,text,true,32302,4686
1386865436788,5042,GET: View assignment (lome),200,OK,Thread Group 1-90,text,true,32305,4721
1386865436995,4927,GET: View assignment (nosa),200,OK,Thread Group 1-92,text,true,32299,4812
1386865437150,4924,GET: View assignment (rean),200,OK,Thread Group 1-96,text,true,32311,4815
1386865437140,4935,GET: View assignment (saha),200,OK,Thread Group 1-95,text,true,32307,4825
1386865423936,18193,POST: Login (rhro),200,OK,Thread Group 1-135,text,true,319606,4427
1386865424118,18112,POST: Login (mani),200,OK,Thread Group 1-136,text,true,319606,4402
1386865435811,6630,GET: Show add submission form (frma),200,OK,Thread Group 1-52,text,true,56864,6508
1386865435894,6552,GET: Show add submission form (albe),200,OK,Thread Group 1-51,text,true,56844,6421
1386865437310,5145,GET: View assignment (mepa),200,OK,Thread Group 1-97,text,true,32302,5006
1386865435750,6726,GET: Show add submission form (rawa),200,OK,Thread Group 1-55,text,true,56839,6571
1386865435891,6604,GET: Show add submission form (deke),200,OK,Thread Group 1-56,text,true,56849,6475
1386865437512,5161,GET: View assignment (lodo),200,OK,Thread Group 1-103,text,true,32304,5040
1386865437531,5147,GET: View assignment (sawa),200,OK,Thread Group 1-98,text,true,32290,5021
1386865437416,5264,GET: View assignment (brll),200,OK,Thread Group 1-101,text,true,32304,5136
1386865437472,5211,GET: View assignment (lebr),200,OK,Thread Group 1-99,text,true,32296,5080
1386865424852,17924,POST: Login (lesp),200,OK,Thread Group 1-138,text,true,319600,4498
1386865424293,18709,POST: Login (dwdi),200,OK,Thread Group 1-137,text,true,319598,4948
1386865437717,5421,GET: View assignment (limu),200,OK,Thread Group 1-100,text,true,32299,5269
1386865440523,2825,POST: Upload file (dafo),200,OK,Thread Group 1-46,text,true,8582,2752
1386865436038,7311,GET: Show add submission form (jafl),200,OK,Thread Group 1-53,text,true,56849,7196
1386865425196,18202,POST: Login (alho),200,OK,Thread Group 1-139,text,true,319600,4826
1386865438003,5441,GET: View assignment (juha),200,OK,Thread Group 1-104,text,true,32292,5331
1386865438080,5531,GET: View assignment (tamo),200,OK,Thread Group 1-105,text,true,32298,5407
1386865438135,5578,GET: View assignment (fldi),200,OK,Thread Group 1-106,text,true,32304,5467
1386865438104,5612,GET: View assignment (vist),200,OK,Thread Group 1-102,text,true,32316,5500
1386865438110,5657,GET: View assignment (brgr),200,OK,Thread Group 1-107,text,true,32301,5546
1386865436085,7695,GET: Show add submission form (agra),200,OK,Thread Group 1-49,text,true,56844,7572
1386865436223,7649,GET: Show add submission form (mefig),200,OK,Thread Group 1-64,text,true,56864,7532
1386865436630,7578,GET: Show add submission form (maca),200,OK,Thread Group 1-66,text,true,56849,7515
1386865425530,18803,POST: Login (orli),200,OK,Thread Group 1-140,text,true,319594,4764
1386865436367,8016,GET: Show add submission form (boma),200,OK,Thread Group 1-59,text,true,56859,7889
1386865436646,7740,GET: Show add submission form (masi),200,OK,Thread Group 1-62,text,true,56844,7609
1386865435958,8442,GET: Show add submission form (cada),200,OK,Thread Group 1-50,text,true,56844,8297
1386865436151,8259,GET: Show add submission form (clad),200,OK,Thread Group 1-57,text,true,56849,8103
1386865436208,8238,GET: Show add submission form (mefi),200,OK,Thread Group 1-60,text,true,56874,8107
1386865436738,7710,GET: Show add submission form (defi),200,OK,Thread Group 1-58,text,true,56844,7579
1386865436554,7896,GET: Show add submission form (emgu),200,OK,Thread Group 1-63,text,true,56854,7761
1386865436617,7840,GET: Show add submission form (mywa),200,OK,Thread Group 1-61,text,true,56842,7699
1386865437176,7360,POST: Save submission (nahe),200,OK,Thread Group 1-43,text,true,58089,7248
1386865438519,6062,GET: View assignment (dere),200,OK,Thread Group 1-108,text,true,32301,5955
1386865441378,3203,POST: Upload file (thte),200,OK,Thread Group 1-45,text,true,8582,3130
1386865436919,7677,GET: Show add submission form (roby),200,OK,Thread Group 1-65,text,true,56834,7555
1386865437077,7556,GET: Show add submission form (cesc),200,OK,Thread Group 1-67,text,true,56844,7446
1386865441430,3296,POST: Upload file (kava),200,OK,Thread Group 1-47,text,true,8579,3228
1386865441448,3384,POST: Upload file (ligi),200,OK,Thread Group 1-48,text,true,8582,3278
1386865437128,7749,GET: Show add submission form (kagr),200,OK,Thread Group 1-68,text,true,56839,7637
1386865437201,7728,GET: Show add submission form (edma),200,OK,Thread Group 1-71,text,true,56839,7616
1386865441832,3474,POST: Upload file (llfl),200,OK,Thread Group 1-54,text,true,8579,3157
1386865437279,8027,GET: Show add submission form (viro),200,OK,Thread Group 1-72,text,true,56864,7817
1386865437200,8112,GET: Show add submission form (mamu),200,OK,Thread Group 1-70,text,true,56859,7895
1386865425810,19511,POST: Login (krba),200,OK,Thread Group 1-141,text,true,319604,5133
1386865437303,8019,GET: Show add submission form (viad),200,OK,Thread Group 1-69,text,true,56844,7793
1386865439119,6303,GET: View assignment (frmu),200,OK,Thread Group 1-113,text,true,32304,6176
1386865439020,6401,GET: View assignment (crbi),200,OK,Thread Group 1-111,text,true,32310,6272
1386865439120,6309,GET: View assignment (memo),200,OK,Thread Group 1-114,text,true,32301,6173
1386865426151,19304,POST: Login (jogi),200,OK,Thread Group 1-142,text,true,319594,4950
1386865437612,7846,GET: Show add submission form (alfu),200,OK,Thread Group 1-73,text,true,56844,7730
1386865439074,6387,GET: View assignment (mawe),200,OK,Thread Group 1-112,text,true,32298,6266
1386865426794,18718,POST: Login (clpa),200,OK,Thread Group 1-144,text,true,319600,4460
1386865437805,7909,GET: Show add submission form (febo),200,OK,Thread Group 1-74,text,true,56844,7794
1386865439271,6445,GET: View assignment (visu),200,OK,Thread Group 1-115,text,true,32313,6328
1386865439448,6323,GET: View assignment (loch),200,OK,Thread Group 1-110,text,true,32304,6202
1386865439320,6454,GET: View assignment (roto),200,OK,Thread Group 1-109,text,true,32307,6334
1386865442453,3321,POST: Upload file (frma),200,OK,Thread Group 1-52,text,true,8582,3206
1386865442513,3264,POST: Upload file (deke),200,OK,Thread Group 1-56,text,true,8582,3175
1386865442470,3311,POST: Upload file (albe),200,OK,Thread Group 1-51,text,true,8582,3209
1386865439584,6286,GET: View assignment (debu),200,OK,Thread Group 1-116,text,true,32304,6174
1386865439595,6623,GET: View assignment (rowo),200,OK,Thread Group 1-119,text,true,32304,6480
1386865442497,3902,POST: Upload file (rawa),200,OK,Thread Group 1-55,text,true,8582,3807
1386865426561,20015,POST: Login (rabl),200,OK,Thread Group 1-143,text,true,319596,4947
1386865439646,7156,GET: View assignment (shca),200,OK,Thread Group 1-122,text,true,32316,7038
1386865439645,7210,GET: View assignment (dico),200,OK,Thread Group 1-117,text,true,32298,7089
1386865439718,7138,GET: View assignment (edco),200,OK,Thread Group 1-121,text,true,32298,7022
1386865427428,19432,POST: Login (anda),200,OK,Thread Group 1-146,text,true,319592,4405
1386865439717,7146,GET: View assignment (nepr),200,OK,Thread Group 1-120,text,true,32301,7018
1386865427427,19440,POST: Login (hope),200,OK,Thread Group 1-145,text,true,319600,4285
1386865427900,19011,POST: Login (grga),200,OK,Thread Group 1-147,text,true,319594,4064
1386865438152,9133,GET: Show add submission form (roca),200,OK,Thread Group 1-75,text,true,56859,8945
1386865439805,7530,GET: View assignment (pada),200,OK,Thread Group 1-118,text,true,32310,7408
1386865443357,4137,POST: Upload file (jafl),200,OK,Thread Group 1-53,text,true,8582,4014
1386865440235,7371,GET: View assignment (lone),200,OK,Thread Group 1-127,text,true,32298,7250
1386865439855,7762,GET: View assignment (sebr),200,OK,Thread Group 1-123,text,true,32295,7627
1386865440250,7368,GET: View assignment (mawa),200,OK,Thread Group 1-128,text,true,32289,7235
1386865440168,7450,GET: View assignment (kapa),200,OK,Thread Group 1-125,text,true,32310,7314
1386865440178,7441,GET: View assignment (raban),200,OK,Thread Group 1-126,text,true,32307,7305
1386865438405,9219,GET: Show add submission form (begr),200,OK,Thread Group 1-77,text,true,56859,9078
1386865439982,7644,GET: View assignment (esda),200,OK,Thread Group 1-124,text,true,32304,7503
1386865428177,19494,POST: Login (dafr),200,OK,Thread Group 1-150,text,true,319596,3938
1386865428255,19518,POST: Login (kaca),200,OK,Thread Group 1-149,text,true,319594,3865
1386865438433,9339,GET: Show add submission form (cymc),200,OK,Thread Group 1-78,text,true,56864,9223
1386865440265,7559,GET: View assignment (cogr),200,OK,Thread Group 1-129,text,true,32310,7498
1386865443786,4094,POST: Upload file (agra),200,OK,Thread Group 1-49,text,true,8582,4007
1386865438485,9398,GET: Show add submission form (olba),200,OK,Thread Group 1-76,text,true,56833,9279
1386865428010,20090,POST: Login (momo),200,OK,Thread Group 1-148,text,true,319606,4290
1386865443880,4259,POST: Upload file (mefig),200,OK,Thread Group 1-64,text,true,8582,4186
1386865438894,9405,POST: Save submission (kely),200,OK,Thread Group 1-44,text,true,58074,9289
1386865444213,4247,POST: Upload file (maca),200,OK,Thread Group 1-66,text,true,8582,4172
1386865444397,4115,POST: Upload file (boma),200,OK,Thread Group 1-59,text,true,8582,4019
1386865444460,4059,POST: Upload file (clad),200,OK,Thread Group 1-57,text,true,8582,3961
1386865444475,4048,POST: Upload file (defi),200,OK,Thread Group 1-58,text,true,8582,3961
1386865444476,4050,POST: Upload file (emgu),200,OK,Thread Group 1-63,text,true,8582,3953
1386865444475,4052,POST: Upload file (mefi),200,OK,Thread Group 1-60,text,true,8582,3933
1386865444407,4149,POST: Upload file (masi),200,OK,Thread Group 1-62,text,true,8582,4037
1386865444437,4121,POST: Upload file (cada),200,OK,Thread Group 1-50,text,true,8582,4014
1386865444476,4131,POST: Upload file (mywa),200,OK,Thread Group 1-61,text,true,8576,4050
1386865444604,4057,POST: Upload file (roby),200,OK,Thread Group 1-65,text,true,8582,3989
1386865440766,7944,GET: View assignment (arwi),200,OK,Thread Group 1-132,text,true,32298,7834
1386865440723,7987,GET: View assignment (befe),200,OK,Thread Group 1-130,text,true,32313,7877
1386865444641,4119,POST: Upload file (cesc),200,OK,Thread Group 1-67,text,true,8582,4038
1386865444882,4277,POST: Upload file (kagr),200,OK,Thread Group 1-68,text,true,8582,4072
1386865444938,4227,POST: Upload file (edma),200,OK,Thread Group 1-71,text,true,8582,4109
1386865441110,8100,GET: View assignment (wimi),200,OK,Thread Group 1-131,text,true,32298,7960
1386865441184,8086,GET: View assignment (chpo),200,OK,Thread Group 1-134,text,true,32307,7967
1386865441184,8133,GET: View assignment (prha),200,OK,Thread Group 1-133,text,true,32307,8016
1386865439241,10129,GET: Show add submission form (caco),200,OK,Thread Group 1-81,text,true,56859,10017
1386865445330,4091,POST: Upload file (mamu),200,OK,Thread Group 1-70,text,true,8582,4015
1386865439276,10194,GET: Show add submission form (risc),200,OK,Thread Group 1-79,text,true,56859,10084
1386865445315,4214,POST: Upload file (viro),200,OK,Thread Group 1-72,text,true,8582,4109
1386865445353,4224,POST: Upload file (viad),200,OK,Thread Group 1-69,text,true,8582,4150
1386865439707,9975,GET: Show add submission form (caru),200,OK,Thread Group 1-80,text,true,56859,9863
1386865445489,4249,POST: Upload file (alfu),200,OK,Thread Group 1-73,text,true,8582,4169
1386865439777,9966,GET: Show add submission form (cabo),200,OK,Thread Group 1-82,text,true,56839,9842
1386865439804,9973,GET: Show add submission form (edhe),200,OK,Thread Group 1-83,text,true,56839,9864
1386865445724,4161,POST: Upload file (febo),200,OK,Thread Group 1-74,text,true,8582,4087
1386865442138,8220,GET: View assignment (rhro),200,OK,Thread Group 1-135,text,true,32313,8098
1386865440349,10070,GET: Show add submission form (jowa),200,OK,Thread Group 1-84,text,true,56839,9937
1386865442238,8301,GET: View assignment (mani),200,OK,Thread Group 1-136,text,true,32313,8168
1386865447291,3250,POST: Upload file (roca),200,OK,Thread Group 1-75,text,true,8582,3130
1386865440505,10084,GET: Show add submission form (rosh),200,OK,Thread Group 1-86,text,true,56859,9960
1386865447675,3030,POST: Upload file (begr),200,OK,Thread Group 1-77,text,true,8582,2902
1386865447781,3091,POST: Upload file (cymc),200,OK,Thread Group 1-78,text,true,8582,3001
1386865442785,8148,GET: View assignment (lesp),200,OK,Thread Group 1-138,text,true,32304,8020
1386865447900,3226,POST: Upload file (olba),200,OK,Thread Group 1-76,text,true,8579,3051
1386865443007,8216,GET: View assignment (dwdi),200,OK,Thread Group 1-137,text,true,32301,8107
1386865440849,10431,GET: Show add submission form (patu),200,OK,Thread Group 1-85,text,true,56854,10316
1386865443409,8220,GET: View assignment (alho),200,OK,Thread Group 1-139,text,true,32304,8109
1386865441306,10588,GET: Show add submission form (erta),200,OK,Thread Group 1-87,text,true,56849,10518
1386865441369,10701,GET: Show add submission form (chmo),200,OK,Thread Group 1-89,text,true,56864,10610
1386865441529,10893,GET: Show add submission form (sost),200,OK,Thread Group 1-88,text,true,56844,10630
1386865441573,10983,GET: Show add submission form (shsa),200,OK,Thread Group 1-93,text,true,56843,10670
1386865444341,8297,GET: View assignment (orli),200,OK,Thread Group 1-140,text,true,32295,8200
1386865449377,3308,POST: Upload file (caco),200,OK,Thread Group 1-81,text,true,8582,3177
1386865449477,3265,POST: Upload file (risc),200,OK,Thread Group 1-79,text,true,8582,3155
1386865441854,10962,GET: Show add submission form (lome),200,OK,Thread Group 1-90,text,true,56854,10822
1386865441834,10985,GET: Show add submission form (clri),200,OK,Thread Group 1-94,text,true,56864,10842
1386865441844,10974,GET: Show add submission form (cagr),200,OK,Thread Group 1-91,text,true,56849,10837
1386865449692,3177,POST: Upload file (caru),200,OK,Thread Group 1-80,text,true,8582,3065
1386865441927,10947,GET: Show add submission form (nosa),200,OK,Thread Group 1-92,text,true,56844,10808
1386865449757,3250,POST: Upload file (cabo),200,OK,Thread Group 1-82,text,true,8582,3127
1386865449783,3363,POST: Upload file (edhe),200,OK,Thread Group 1-83,text,true,8582,3300
1386865442085,11329,GET: Show add submission form (saha),200,OK,Thread Group 1-95,text,true,56848,11209
1386865442080,11428,GET: Show add submission form (rean),200,OK,Thread Group 1-96,text,true,56864,11315
1386865445346,8568,GET: View assignment (krba),200,OK,Thread Group 1-141,text,true,32310,8363
1386865442488,11483,GET: Show add submission form (mepa),200,OK,Thread Group 1-97,text,true,56849,11345
1386865445487,8530,GET: View assignment (jogi),200,OK,Thread Group 1-142,text,true,32295,8419
1386865450431,3589,POST: Upload file (jowa),200,OK,Thread Group 1-84,text,true,8582,3519
1386865442686,11334,GET: Show add submission form (lodo),200,OK,Thread Group 1-103,text,true,56849,11220
1386865445529,8539,GET: View assignment (clpa),200,OK,Thread Group 1-144,text,true,32304,8430
1386865442699,11371,GET: Show add submission form (brll),200,OK,Thread Group 1-101,text,true,56849,11259
1386865442696,11375,GET: Show add submission form (sawa),200,OK,Thread Group 1-98,text,true,56829,11263
1386865442699,11378,GET: Show add submission form (lebr),200,OK,Thread Group 1-99,text,true,56833,11258
1386865443357,10816,POST: Save submission (dafo),200,OK,Thread Group 1-46,text,true,58079,10699
1386865450594,3678,POST: Upload file (rosh),200,OK,Thread Group 1-86,text,true,8582,3601
1386865443146,11131,GET: Show add submission form (limu),200,OK,Thread Group 1-100,text,true,56844,11010
1386865446584,7840,GET: View assignment (rabl),200,OK,Thread Group 1-143,text,true,32298,7723
1386865443449,11169,GET: Show add submission form (juha),200,OK,Thread Group 1-104,text,true,56829,11058
1386865446890,8091,GET: View assignment (anda),200,OK,Thread Group 1-146,text,true,32292,7962
1386865443616,11372,GET: Show add submission form (tamo),200,OK,Thread Group 1-105,text,true,56839,11236
1386865446917,8073,GET: View assignment (grga),200,OK,Thread Group 1-147,text,true,32295,7934
1386865446908,8084,GET: View assignment (hope),200,OK,Thread Group 1-145,text,true,32304,7942
1386865443723,11299,GET: Show add submission form (fldi),200,OK,Thread Group 1-106,text,true,56849,11177
1386865443725,11297,GET: Show add submission form (vist),200,OK,Thread Group 1-102,text,true,56869,11179
1386865451286,3772,POST: Upload file (patu),200,OK,Thread Group 1-85,text,true,8582,3675
1386865443774,11292,GET: Show add submission form (brgr),200,OK,Thread Group 1-107,text,true,56844,11179
1386865447686,7744,GET: View assignment (dafr),200,OK,Thread Group 1-150,text,true,32298,7683
1386865444591,10891,POST: Save submission (thte),200,OK,Thread Group 1-45,text,true,58074,10777
1386865451901,3629,POST: Upload file (erta),200,OK,Thread Group 1-87,text,true,8582,3521
1386865447781,7795,GET: View assignment (kaca),200,OK,Thread Group 1-149,text,true,32295,7687
1386865444735,10847,POST: Save submission (kava),200,OK,Thread Group 1-47,text,true,58075,10733
1386865444840,10949,POST: Save submission (ligi),200,OK,Thread Group 1-48,text,true,58069,10845
1386865452077,3817,POST: Upload file (chmo),200,OK,Thread Group 1-89,text,true,8582,3738
1386865448106,7838,GET: View assignment (momo),200,OK,Thread Group 1-148,text,true,32313,7730
1386865444590,11507,GET: Show add submission form (dere),200,OK,Thread Group 1-108,text,true,56838,11396
1386865452436,3763,POST: Upload file (sost),200,OK,Thread Group 1-88,text,true,8582,3687
1386865452563,3784,POST: Upload file (shsa),200,OK,Thread Group 1-93,text,true,8579,3697
1386865445315,11088,POST: Save submission (llfl),200,OK,Thread Group 1-54,text,true,58060,11022
1386865452834,3722,POST: Upload file (clri),200,OK,Thread Group 1-94,text,true,8582,3639
1386865452881,3724,POST: Upload file (nosa),200,OK,Thread Group 1-92,text,true,8582,3621
1386865452824,4076,POST: Upload file (lome),200,OK,Thread Group 1-90,text,true,8582,3915
1386865452832,4116,POST: Upload file (cagr),200,OK,Thread Group 1-91,text,true,8582,3992
1386865445429,11622,GET: Show add submission form (frmu),200,OK,Thread Group 1-113,text,true,56849,11515
1386865445468,11584,GET: Show add submission form (memo),200,OK,Thread Group 1-114,text,true,56844,11472
1386865445454,11614,GET: Show add submission form (crbi),200,OK,Thread Group 1-111,text,true,56859,11490
1386865445787,11330,POST: Save submission (deke),200,OK,Thread Group 1-56,text,true,58079,11204
1386865445490,11635,GET: Show add submission form (mawe),200,OK,Thread Group 1-112,text,true,56839,11503
1386865445786,11341,POST: Save submission (frma),200,OK,Thread Group 1-52,text,true,58094,11207
1386865445794,11334,POST: Save submission (albe),200,OK,Thread Group 1-51,text,true,58074,11196
1386865453521,3638,POST: Upload file (rean),200,OK,Thread Group 1-96,text,true,8582,3550
1386865453420,3741,POST: Upload file (saha),200,OK,Thread Group 1-95,text,true,8579,3623
1386865446407,10759,POST: Save submission (rawa),200,OK,Thread Group 1-55,text,true,58069,10633
1386865445724,11639,GET: Show add submission form (visu),200,OK,Thread Group 1-115,text,true,56864,11525
1386865445786,11626,GET: Show add submission form (roto),200,OK,Thread Group 1-109,text,true,56854,11513
1386865446225,11188,GET: Show add submission form (rowo),200,OK,Thread Group 1-119,text,true,56849,11077
1386865445877,11542,GET: Show add submission form (debu),200,OK,Thread Group 1-116,text,true,56849,11425
1386865445779,11655,GET: Show add submission form (loch),200,OK,Thread Group 1-110,text,true,56849,11521
1386865453977,3594,POST: Upload file (mepa),200,OK,Thread Group 1-97,text,true,8582,3485
1386865454035,3590,POST: Upload file (lodo),200,OK,Thread Group 1-103,text,true,8582,3469
1386865446811,10817,GET: Show add submission form (shca),200,OK,Thread Group 1-122,text,true,56869,10697
1386865454091,3597,POST: Upload file (sawa),200,OK,Thread Group 1-98,text,true,8582,3468
1386865446881,10806,GET: Show add submission form (edco),200,OK,Thread Group 1-121,text,true,56839,10677
1386865446867,10831,GET: Show add submission form (dico),200,OK,Thread Group 1-117,text,true,56839,10694
1386865454103,3734,POST: Upload file (lebr),200,OK,Thread Group 1-99,text,true,8579,3563
1386865454090,3830,POST: Upload file (brll),200,OK,Thread Group 1-101,text,true,8582,3615
1386865454289,3631,POST: Upload file (limu),200,OK,Thread Group 1-100,text,true,8582,3462
1386865446891,11031,GET: Show add submission form (nepr),200,OK,Thread Group 1-120,text,true,56844,10784
1386865447500,10514,POST: Save submission (jafl),200,OK,Thread Group 1-53,text,true,58079,10404
1386865447347,10669,GET: Show add submission form (pada),200,OK,Thread Group 1-118,text,true,56853,10554
1386865454624,3434,POST: Upload file (juha),200,OK,Thread Group 1-104,text,true,8582,3361
1386865447617,10549,GET: Show add submission form (lone),200,OK,Thread Group 1-127,text,true,56833,10434
1386865447628,10589,GET: Show add submission form (mawa),200,OK,Thread Group 1-128,text,true,56824,10473
1386865447888,10331,POST: Save submission (agra),200,OK,Thread Group 1-49,text,true,58074,10213
1386865447659,10606,GET: Show add submission form (raban),200,OK,Thread Group 1-126,text,true,56854,10495
1386865447658,10609,GET: Show add submission form (kapa),200,OK,Thread Group 1-125,text,true,56859,10496
1386865447627,10649,GET: Show add submission form (sebr),200,OK,Thread Group 1-123,text,true,56834,10528
1386865447679,10634,GET: Show add submission form (esda),200,OK,Thread Group 1-124,text,true,56849,10523
1386865454997,3364,POST: Upload file (tamo),200,OK,Thread Group 1-105,text,true,8582,3283
1386865455034,3329,POST: Upload file (fldi),200,OK,Thread Group 1-106,text,true,8582,3214
1386865447828,10537,GET: Show add submission form (cogr),200,OK,Thread Group 1-129,text,true,56859,10424
1386865455036,3374,POST: Upload file (vist),200,OK,Thread Group 1-102,text,true,8582,3282
1386865448147,10265,POST: Save submission (mefig),200,OK,Thread Group 1-64,text,true,58094,10157
1386865455078,3540,POST: Upload file (brgr),200,OK,Thread Group 1-107,text,true,8582,3455
1386865448474,10508,POST: Save submission (maca),200,OK,Thread Group 1-66,text,true,58079,10271
1386865448525,10551,POST: Save submission (boma),200,OK,Thread Group 1-59,text,true,58089,10313
1386865448538,10538,POST: Save submission (defi),200,OK,Thread Group 1-58,text,true,58074,10299
1386865448559,10520,POST: Save submission (mefi),200,OK,Thread Group 1-60,text,true,58104,10277
1386865448544,10535,POST: Save submission (emgu),200,OK,Thread Group 1-63,text,true,58084,10295
1386865448569,10572,POST: Save submission (cada),200,OK,Thread Group 1-50,text,true,58074,10398
1386865448612,10532,POST: Save submission (mywa),200,OK,Thread Group 1-61,text,true,58066,10356
1386865448568,10577,POST: Save submission (masi),200,OK,Thread Group 1-62,text,true,58074,10402
1386865448538,10670,POST: Save submission (clad),200,OK,Thread Group 1-57,text,true,58079,10527
1386865448676,10533,POST: Save submission (roby),200,OK,Thread Group 1-65,text,true,58064,10389
1386865448767,10636,POST: Save submission (cesc),200,OK,Thread Group 1-67,text,true,58074,10520
1386865448719,10878,GET: Show add submission form (befe),200,OK,Thread Group 1-130,text,true,56864,10769
1386865448718,11049,GET: Show add submission form (arwi),200,OK,Thread Group 1-132,text,true,56839,10920
1386865449164,10725,POST: Save submission (kagr),200,OK,Thread Group 1-68,text,true,58069,10525
1386865456103,3785,POST: Upload file (dere),200,OK,Thread Group 1-108,text,true,8579,3582
1386865449172,10719,POST: Save submission (edma),200,OK,Thread Group 1-71,text,true,58069,10519
1386865449277,10799,GET: Show add submission form (chpo),200,OK,Thread Group 1-134,text,true,56854,10674
1386865449437,10642,POST: Save submission (mamu),200,OK,Thread Group 1-70,text,true,58089,10510
1386865449219,10861,GET: Show add submission form (wimi),200,OK,Thread Group 1-131,text,true,56839,10732
1386865449322,10800,GET: Show add submission form (prha),200,OK,Thread Group 1-133,text,true,56854,10684
1386865449540,10635,POST: Save submission (viro),200,OK,Thread Group 1-72,text,true,58094,10524
1386865449581,10647,POST: Save submission (viad),200,OK,Thread Group 1-69,text,true,58074,10533
1386865449746,10715,POST: Save submission (alfu),200,OK,Thread Group 1-73,text,true,58074,10653
1386865457057,3690,POST: Upload file (memo),200,OK,Thread Group 1-114,text,true,8582,3606
1386865457076,3674,POST: Upload file (crbi),200,OK,Thread Group 1-111,text,true,8582,3561
1386865449890,10904,POST: Save submission (febo),200,OK,Thread Group 1-74,text,true,58074,10793
1386865457057,3741,POST: Upload file (frmu),200,OK,Thread Group 1-113,text,true,8582,3648
1386865457136,3787,POST: Upload file (mawe),200,OK,Thread Group 1-112,text,true,8582,3651
1386865457371,3632,POST: Upload file (visu),200,OK,Thread Group 1-115,text,true,8582,3508
1386865457431,3623,POST: Upload file (debu),200,OK,Thread Group 1-116,text,true,8582,3561
1386865457432,3672,POST: Upload file (rowo),200,OK,Thread Group 1-119,text,true,8582,3570
1386865457445,3709,POST: Upload file (loch),200,OK,Thread Group 1-110,text,true,8582,3602
1386865457421,3782,POST: Upload file (roto),200,OK,Thread Group 1-109,text,true,8582,3678
1386865457641,3612,POST: Upload file (shca),200,OK,Thread Group 1-122,text,true,8582,3537
1386865457702,3661,POST: Upload file (edco),200,OK,Thread Group 1-121,text,true,8582,3598
1386865457715,3750,POST: Upload file (dico),200,OK,Thread Group 1-117,text,true,8582,3648
1386865450550,10960,POST: Save submission (roca),200,OK,Thread Group 1-75,text,true,58089,10852
1386865450714,10850,POST: Save submission (begr),200,OK,Thread Group 1-77,text,true,58089,10788
1386865450365,11244,GET: Show add submission form (rhro),200,OK,Thread Group 1-135,text,true,56858,11137
1386865458033,3873,POST: Upload file (pada),200,OK,Thread Group 1-118,text,true,8579,3675
1386865457940,3971,POST: Upload file (nepr),200,OK,Thread Group 1-120,text,true,8582,3791
1386865458278,3677,POST: Upload file (raban),200,OK,Thread Group 1-126,text,true,8582,3590
1386865458286,3670,POST: Upload file (kapa),200,OK,Thread Group 1-125,text,true,8582,3603
1386865458226,3732,POST: Upload file (mawa),200,OK,Thread Group 1-128,text,true,8582,3634
1386865458178,3792,POST: Upload file (lone),200,OK,Thread Group 1-127,text,true,8579,3655
1386865458297,3674,POST: Upload file (sebr),200,OK,Thread Group 1-123,text,true,8582,3590
1386865450877,11094,POST: Save submission (cymc),200,OK,Thread Group 1-78,text,true,58094,10941
1386865450940,11099,GET: Show add submission form (lesp),200,OK,Thread Group 1-138,text,true,56849,10958
1386865458321,3724,POST: Upload file (esda),200,OK,Thread Group 1-124,text,true,8582,3600
1386865450546,11505,GET: Show add submission form (mani),200,OK,Thread Group 1-136,text,true,56864,11351
1386865451133,10924,POST: Save submission (olba),200,OK,Thread Group 1-76,text,true,58060,10766
1386865458375,3700,POST: Upload file (cogr),200,OK,Thread Group 1-129,text,true,8582,3612
1386865451228,10949,GET: Show add submission form (dwdi),200,OK,Thread Group 1-137,text,true,56838,10836
1386865451636,10686,GET: Show add submission form (alho),200,OK,Thread Group 1-139,text,true,56849,10577
1386865459603,2908,POST: Upload file (befe),200,OK,Thread Group 1-130,text,true,8582,2818
1386865459776,2780,POST: Upload file (arwi),200,OK,Thread Group 1-132,text,true,8582,2702
1386865460086,2757,POST: Upload file (wimi),200,OK,Thread Group 1-131,text,true,8582,2598
1386865460082,2840,POST: Upload file (chpo),200,OK,Thread Group 1-134,text,true,8582,2658
1386865460136,2851,POST: Upload file (prha),200,OK,Thread Group 1-133,text,true,8582,2695
1386865452874,10207,POST: Save submission (caru),200,OK,Thread Group 1-80,text,true,58089,10035
1386865452697,10384,POST: Save submission (caco),200,OK,Thread Group 1-81,text,true,58089,10209
1386865452750,10332,POST: Save submission (risc),200,OK,Thread Group 1-79,text,true,58089,10162
1386865453154,10015,POST: Save submission (edhe),200,OK,Thread Group 1-83,text,true,58069,9914
1386865453012,10258,POST: Save submission (cabo),200,OK,Thread Group 1-82,text,true,58069,10053
1386865452646,10624,GET: Show add submission form (orli),200,OK,Thread Group 1-140,text,true,56834,10422
1386865454028,9508,POST: Save submission (jowa),200,OK,Thread Group 1-84,text,true,58069,9445
1386865454025,9615,GET: Show add submission form (jogi),200,OK,Thread Group 1-142,text,true,56834,9549
1386865453921,9764,GET: Show add submission form (krba),200,OK,Thread Group 1-141,text,true,56859,9655
1386865461616,2117,POST: Upload file (rhro),200,OK,Thread Group 1-135,text,true,8579,2052
1386865454279,9508,POST: Save submission (rosh),200,OK,Thread Group 1-86,text,true,58089,9395
1386865454074,9951,GET: Show add submission form (clpa),200,OK,Thread Group 1-144,text,true,56849,9818
1386865455068,9016,POST: Save submission (patu),200,OK,Thread Group 1-85,text,true,58084,8883
1386865454430,9706,GET: Show add submission form (rabl),200,OK,Thread Group 1-143,text,true,56833,9581
1386865462054,2152,POST: Upload file (lesp),200,OK,Thread Group 1-138,text,true,8582,2037
1386865454997,9208,GET: Show add submission form (grga),200,OK,Thread Group 1-147,text,true,56834,9073
1386865462066,2189,POST: Upload file (mani),200,OK,Thread Group 1-136,text,true,8582,2066
1386865455029,9227,GET: Show add submission form (hope),200,OK,Thread Group 1-145,text,true,56849,9100
1386865462182,2147,POST: Upload file (dwdi),200,OK,Thread Group 1-137,text,true,8579,1999
1386865454990,9341,GET: Show add submission form (anda),200,OK,Thread Group 1-146,text,true,56829,9198
1386865455535,8800,POST: Save submission (erta),200,OK,Thread Group 1-87,text,true,58079,8653
1386865462329,2260,POST: Upload file (alho),200,OK,Thread Group 1-139,text,true,8582,2000
1386865455901,8690,POST: Save submission (chmo),200,OK,Thread Group 1-89,text,true,58094,8418
1386865455436,9158,GET: Show add submission form (dafr),200,OK,Thread Group 1-150,text,true,56839,8939
1386865455581,9057,GET: Show add submission form (kaca),200,OK,Thread Group 1-149,text,true,56834,8911
1386865456203,8439,POST: Save submission (sost),200,OK,Thread Group 1-88,text,true,58074,8290
1386865456354,8390,POST: Save submission (shsa),200,OK,Thread Group 1-93,text,true,58070,8323
1386865456562,8331,POST: Save submission (clri),200,OK,Thread Group 1-94,text,true,58094,8217
1386865456612,8285,POST: Save submission (nosa),200,OK,Thread Group 1-92,text,true,58074,8167
1386865455950,9005,GET: Show add submission form (momo),200,OK,Thread Group 1-148,text,true,56864,8878
1386865456955,8067,POST: Save submission (cagr),200,OK,Thread Group 1-91,text,true,58079,7926
1386865456905,8117,POST: Save submission (lome),200,OK,Thread Group 1-90,text,true,58084,7980
1386865457177,7988,POST: Save submission (saha),200,OK,Thread Group 1-95,text,true,58075,7902
1386865457176,8059,POST: Save submission (rean),200,OK,Thread Group 1-96,text,true,58094,7903
1386865463278,2161,POST: Upload file (orli),200,OK,Thread Group 1-140,text,true,8582,1994
1386865457633,8090,POST: Save submission (lodo),200,OK,Thread Group 1-103,text,true,58079,7980
1386865457580,8195,POST: Save submission (mepa),200,OK,Thread Group 1-97,text,true,58079,8083
1386865457702,8126,POST: Save submission (sawa),200,OK,Thread Group 1-98,text,true,58059,8011
1386865457846,8028,POST: Save submission (lebr),200,OK,Thread Group 1-99,text,true,58060,7917
1386865463691,2284,POST: Upload file (krba),200,OK,Thread Group 1-141,text,true,8582,2179
1386865457927,8052,POST: Save submission (limu),200,OK,Thread Group 1-100,text,true,58074,7936
1386865457927,8095,POST: Save submission (brll),200,OK,Thread Group 1-101,text,true,58079,7988
1386865458068,7957,POST: Save submission (juha),200,OK,Thread Group 1-104,text,true,58059,7847
1386865463648,2443,POST: Upload file (jogi),200,OK,Thread Group 1-142,text,true,8582,2341
1386865458366,7797,POST: Save submission (tamo),200,OK,Thread Group 1-105,text,true,58069,7649
1386865458370,7797,POST: Save submission (fldi),200,OK,Thread Group 1-106,text,true,58079,7644
1386865458415,7752,POST: Save submission (vist),200,OK,Thread Group 1-102,text,true,58099,7601
1386865458624,7600,POST: Save submission (brgr),200,OK,Thread Group 1-107,text,true,58074,7457
1386865464216,2075,POST: Upload file (grga),200,OK,Thread Group 1-147,text,true,8582,1972
1386865464032,2264,POST: Upload file (clpa),200,OK,Thread Group 1-144,text,true,8582,2117
1386865464141,2158,POST: Upload file (rabl),200,OK,Thread Group 1-143,text,true,8579,2034
1386865464265,2099,POST: Upload file (hope),200,OK,Thread Group 1-145,text,true,8582,1956
1386865464601,1859,POST: Upload file (dafr),200,OK,Thread Group 1-150,text,true,8582,1738
1386865464342,2126,POST: Upload file (anda),200,OK,Thread Group 1-146,text,true,8582,1950
1386865464645,1918,POST: Upload file (kaca),200,OK,Thread Group 1-149,text,true,8582,1750
1386865459902,6801,POST: Save submission (dere),200,OK,Thread Group 1-108,text,true,58065,6649
1386865464961,1802,POST: Upload file (momo),200,OK,Thread Group 1-148,text,true,8582,1650
1386865460806,5959,POST: Save submission (frmu),200,OK,Thread Group 1-113,text,true,58079,5813
1386865460753,6012,POST: Save submission (memo),200,OK,Thread Group 1-114,text,true,58074,5864
1386865460758,6009,POST: Save submission (crbi),200,OK,Thread Group 1-111,text,true,58089,5860
1386865460934,5942,POST: Save submission (mawe),200,OK,Thread Group 1-112,text,true,58069,5815
1386865461061,5818,POST: Save submission (debu),200,OK,Thread Group 1-116,text,true,58079,5693
1386865461162,5722,POST: Save submission (loch),200,OK,Thread Group 1-110,text,true,58079,5589
1386865461015,5877,POST: Save submission (visu),200,OK,Thread Group 1-115,text,true,58094,5739
1386865461209,5721,POST: Save submission (roto),200,OK,Thread Group 1-109,text,true,58084,5601
1386865461110,5825,POST: Save submission (rowo),200,OK,Thread Group 1-119,text,true,58079,5698
1386865461262,5675,POST: Save submission (shca),200,OK,Thread Group 1-122,text,true,58099,5548
1386865461374,5563,POST: Save submission (edco),200,OK,Thread Group 1-121,text,true,58069,5435
1386865461475,5516,POST: Save submission (dico),200,OK,Thread Group 1-117,text,true,58069,5441
1386865461928,5209,POST: Save submission (nepr),200,OK,Thread Group 1-120,text,true,58074,5099
1386865461971,5170,POST: Save submission (kapa),200,OK,Thread Group 1-125,text,true,58089,5056
1386865461916,5226,POST: Save submission (pada),200,OK,Thread Group 1-118,text,true,58080,5111
1386865461970,5189,POST: Save submission (raban),200,OK,Thread Group 1-126,text,true,58084,5057
1386865461982,5207,POST: Save submission (mawa),200,OK,Thread Group 1-128,text,true,58054,5096
1386865461996,5194,POST: Save submission (lone),200,OK,Thread Group 1-127,text,true,58060,5083
1386865462007,5183,POST: Save submission (sebr),200,OK,Thread Group 1-123,text,true,58064,5072
1386865462090,5105,POST: Save submission (cogr),200,OK,Thread Group 1-129,text,true,58089,4986
1386865462994,4570,POST: Save submission (prha),200,OK,Thread Group 1-133,text,true,58084,4286
1386865462563,5001,POST: Save submission (arwi),200,OK,Thread Group 1-132,text,true,58069,4613
1386865462926,4639,POST: Save submission (chpo),200,OK,Thread Group 1-134,text,true,58084,4342
1386865462851,4717,POST: Save submission (wimi),200,OK,Thread Group 1-131,text,true,58069,4429
1386865462515,5056,POST: Save submission (befe),200,OK,Thread Group 1-130,text,true,58094,4661
1386865463739,4010,POST: Save submission (rhro),200,OK,Thread Group 1-135,text,true,58085,3748
1386865466097,1770,POST: Save submission (jogi),200,OK,Thread Group 1-142,text,true,58064,1455
1386865464595,3272,POST: Save submission (alho),200,OK,Thread Group 1-139,text,true,58079,2958
1386865465986,1883,POST: Save submission (krba),200,OK,Thread Group 1-141,text,true,58089,1559
1386865466571,1301,POST: Save submission (kaca),200,OK,Thread Group 1-149,text,true,58064,982
1386865464215,3658,POST: Save submission (lesp),200,OK,Thread Group 1-138,text,true,58079,3337
1386865464338,3534,POST: Save submission (dwdi),200,OK,Thread Group 1-137,text,true,58065,3214
1386865466466,1412,POST: Save submission (dafr),200,OK,Thread Group 1-150,text,true,58069,1220
1386865466474,1405,POST: Save submission (anda),200,OK,Thread Group 1-146,text,true,58059,1090
1386865465444,2438,POST: Save submission (orli),200,OK,Thread Group 1-140,text,true,58064,2102
1386865464260,3623,POST: Save submission (mani),200,OK,Thread Group 1-136,text,true,58094,3287
1386865466297,1617,POST: Save submission (grga),200,OK,Thread Group 1-147,text,true,58064,1259
1386865466316,1600,POST: Save submission (rabl),200,OK,Thread Group 1-143,text,true,58060,1421
1386865466305,1614,POST: Save submission (clpa),200,OK,Thread Group 1-144,text,true,58079,1432
1386865462054,5869,POST: Save submission (esda),200,OK,Thread Group 1-124,text,true,58079,5021
1386865466770,1204,POST: Save submission (momo),200,OK,Thread Group 1-148,text,true,58094,1075
1386865466370,1604,POST: Save submission (hope),200,OK,Thread Group 1-145,text,true,58079,1475
