1386863771833,304,GET: Login (sojo),200,OK,Thread Group 1-3,text,true,11533,211
1386863771747,392,GET: Login (huba),200,OK,Thread Group 1-1,text,true,11533,297
1386863771747,392,GET: Login (tyll),200,OK,Thread Group 1-2,text,true,11533,297
1386863772016,172,GET: Login (raba),200,OK,Thread Group 1-4,text,true,11533,105
1386863772222,154,GET: Login (cach),200,OK,Thread Group 1-5,text,true,11533,88
1386863772429,189,GET: Login (guwa),200,OK,Thread Group 1-6,text,true,11533,100
1386863772643,209,GET: Login (nilu),200,OK,Thread Group 1-7,text,true,11533,118
1386863772838,280,GET: Login (calo),200,OK,Thread Group 1-8,text,true,11533,183
1386863773045,242,GET: Login (trca),200,OK,Thread Group 1-9,text,true,11533,151
1386863773248,215,GET: Login (gemo),200,OK,Thread Group 1-10,text,true,11533,149
1386863773446,251,GET: Login (wewe),200,OK,Thread Group 1-11,text,true,11533,182
1386863773659,592,GET: Login (sest),200,OK,Thread Group 1-12,text,true,11533,517
1386863773856,401,GET: Login (juga),200,OK,Thread Group 1-13,text,true,11533,326
1386863774671,623,GET: Login (amgr),200,OK,Thread Group 1-17,text,true,11533,537
1386863774068,1231,GET: Login (raha),200,OK,Thread Group 1-14,text,true,11533,1154
1386863774466,880,GET: Login (shbe),200,OK,Thread Group 1-16,text,true,11533,770
1386863774271,1082,GET: Login (daha),200,OK,Thread Group 1-15,text,true,11533,978
1386863775080,1310,GET: Login (cenu),200,OK,Thread Group 1-19,text,true,11533,1206
1386863776097,292,GET: Login (glbl),200,OK,Thread Group 1-24,text,true,11533,202
1386863774874,1519,GET: Login (maga),200,OK,Thread Group 1-18,text,true,11533,1402
1386863775897,505,GET: Login (bola),200,OK,Thread Group 1-23,text,true,11533,397
1386863775284,1121,GET: Login (caph),200,OK,Thread Group 1-20,text,true,11533,1006
1386863775693,712,GET: Login (jade),200,OK,Thread Group 1-22,text,true,11533,592
1386863775490,917,GET: Login (joch),200,OK,Thread Group 1-21,text,true,11533,806
1386863776300,265,GET: Login (masm),200,OK,Thread Group 1-25,text,true,11533,185
1386863776513,953,GET: Login (jufe),200,OK,Thread Group 1-26,text,true,11533,876
1386863776704,761,GET: Login (jehu),200,OK,Thread Group 1-27,text,true,11533,665
1386863776904,565,GET: Login (mawh),200,OK,Thread Group 1-28,text,true,11533,457
1386863777111,485,GET: Login (irmo),200,OK,Thread Group 1-29,text,true,11533,295
1386863777333,336,GET: Login (gopa),200,OK,Thread Group 1-30,text,true,11533,263
1386863777707,239,GET: Login (alto),200,OK,Thread Group 1-32,text,true,11533,161
1386863777601,606,GET: Login (maco),200,OK,Thread Group 1-31,text,true,11533,533
1386863777924,480,GET: Login (evpa),200,OK,Thread Group 1-33,text,true,11533,420
1386863778114,441,GET: Login (flco),200,OK,Thread Group 1-34,text,true,11533,341
1386863778319,564,GET: Login (cogl),200,OK,Thread Group 1-35,text,true,11533,433
1386863778516,435,GET: Login (anba),200,OK,Thread Group 1-36,text,true,11533,326
1386863778720,460,GET: Login (tatr),200,OK,Thread Group 1-37,text,true,11533,346
1386863778943,422,GET: Login (mach),200,OK,Thread Group 1-38,text,true,11533,337
1386863779127,528,GET: Login (yvgr),200,OK,Thread Group 1-39,text,true,11533,421
1386863779323,435,GET: Login (elcu),200,OK,Thread Group 1-40,text,true,11533,361
1386863779526,576,GET: Login (dego),200,OK,Thread Group 1-41,text,true,11533,452
1386863779718,602,GET: Login (mica),200,OK,Thread Group 1-42,text,true,11533,475
1386863776467,3939,POST: Login (caph),200,OK,Thread Group 1-20,text,true,319600,1479
1386863776410,3995,POST: Login (cenu),200,OK,Thread Group 1-19,text,true,319600,1542
1386863775337,5083,POST: Login (raha),200,OK,Thread Group 1-14,text,true,319606,1497
1386863776581,3890,POST: Login (masm),200,OK,Thread Group 1-25,text,true,319602,1424
1386863776440,4055,POST: Login (maga),200,OK,Thread Group 1-18,text,true,319602,1450
1386863775305,5199,POST: Login (amgr),200,OK,Thread Group 1-17,text,true,319600,1532
1386863774282,6223,POST: Login (juga),200,OK,Thread Group 1-13,text,true,319596,1112
1386863776478,4034,POST: Login (joch),200,OK,Thread Group 1-21,text,true,319606,1575
1386863776466,4149,POST: Login (bola),200,OK,Thread Group 1-23,text,true,319600,1544
1386863775384,5241,POST: Login (shbe),200,OK,Thread Group 1-16,text,true,319596,1539
1386863773474,7174,POST: Login (gemo),200,OK,Thread Group 1-10,text,true,319604,778
1386863775410,5252,POST: Login (daha),200,OK,Thread Group 1-15,text,true,319596,1297
1386863773292,7382,POST: Login (trca),200,OK,Thread Group 1-9,text,true,319592,857
1386863772203,8495,POST: Login (raba),200,OK,Thread Group 1-4,text,true,319600,909
1386863772158,8595,POST: Login (tyll),200,OK,Thread Group 1-2,text,true,319596,897
1386863776412,4353,POST: Login (glbl),200,OK,Thread Group 1-24,text,true,319596,1349
1386863773124,7643,POST: Login (calo),200,OK,Thread Group 1-8,text,true,319594,876
1386863772858,7917,POST: Login (nilu),200,OK,Thread Group 1-7,text,true,319592,779
1386863773702,7108,POST: Login (wewe),200,OK,Thread Group 1-11,text,true,319596,798
1386863779919,914,GET: Login (nahe),200,OK,Thread Group 1-43,text,true,11533,849
1386863780123,710,GET: Login (kely),200,OK,Thread Group 1-44,text,true,11533,609
1386863774281,6557,POST: Login (sest),200,OK,Thread Group 1-12,text,true,319598,1069
1386863776477,4390,POST: Login (jade),200,OK,Thread Group 1-22,text,true,319590,1148
1386863772158,8954,POST: Login (sojo),200,OK,Thread Group 1-3,text,true,319604,897
1386863772382,8833,POST: Login (cach),200,OK,Thread Group 1-5,text,true,319600,847
1386863772158,9096,POST: Login (huba),200,OK,Thread Group 1-1,text,true,319598,958
1386863772623,8658,POST: Login (guwa),200,OK,Thread Group 1-6,text,true,319604,840
1386863777602,4283,POST: Login (jehu),200,OK,Thread Group 1-27,text,true,319596,1958
1386863777629,4258,POST: Login (mawh),200,OK,Thread Group 1-28,text,true,319598,1977
1386863777681,4269,POST: Login (gopa),200,OK,Thread Group 1-30,text,true,319600,2025
1386863777637,4314,POST: Login (irmo),200,OK,Thread Group 1-29,text,true,319598,2072
1386863777482,4471,POST: Login (jufe),200,OK,Thread Group 1-26,text,true,319600,2451
1386863780432,1622,GET: View assignment (caph),200,OK,Thread Group 1-20,text,true,32302,1494
1386863780435,1633,GET: View assignment (cenu),200,OK,Thread Group 1-19,text,true,32302,1491
1386863780533,1536,GET: View assignment (raha),200,OK,Thread Group 1-14,text,true,32311,1393
1386863780926,1186,GET: Login (ligi),200,OK,Thread Group 1-48,text,true,11533,1110
1386863780330,1784,GET: Login (thte),200,OK,Thread Group 1-45,text,true,11533,1688
1386863780727,1431,GET: Login (kava),200,OK,Thread Group 1-47,text,true,11533,1330
1386863780524,1633,GET: Login (dafo),200,OK,Thread Group 1-46,text,true,11533,1547
1386863780788,1380,GET: View assignment (joch),200,OK,Thread Group 1-21,text,true,32311,1253
1386863780743,1429,GET: View assignment (maga),200,OK,Thread Group 1-18,text,true,32305,1299
1386863780773,1718,GET: View assignment (juga),200,OK,Thread Group 1-13,text,true,32296,1320
1386863780736,1990,GET: View assignment (masm),200,OK,Thread Group 1-25,text,true,32305,1362
1386863780754,1996,GET: View assignment (amgr),200,OK,Thread Group 1-17,text,true,32302,1339
1386863780985,2110,GET: View assignment (gemo),200,OK,Thread Group 1-10,text,true,32308,1811
1386863780969,2131,GET: View assignment (shbe),200,OK,Thread Group 1-16,text,true,32296,1824
1386863781005,2098,GET: View assignment (daha),200,OK,Thread Group 1-15,text,true,32296,1789
1386863780888,2227,GET: View assignment (bola),200,OK,Thread Group 1-23,text,true,32302,1830
1386863781007,2155,GET: View assignment (trca),200,OK,Thread Group 1-9,text,true,32290,1978
1386863781016,2155,GET: View assignment (raba),200,OK,Thread Group 1-4,text,true,32300,1968
1386863781213,2080,GET: View assignment (glbl),200,OK,Thread Group 1-24,text,true,32296,1934
1386863781217,2078,GET: View assignment (calo),200,OK,Thread Group 1-8,text,true,32291,1928
1386863781230,2071,GET: View assignment (nilu),200,OK,Thread Group 1-7,text,true,32288,1915
1386863781195,2114,GET: View assignment (tyll),200,OK,Thread Group 1-2,text,true,32294,1950
1386863781346,2085,GET: View assignment (wewe),200,OK,Thread Group 1-11,text,true,32296,1933
1386863781378,2104,GET: View assignment (jade),200,OK,Thread Group 1-22,text,true,32287,1984
1386863781371,2115,GET: View assignment (sest),200,OK,Thread Group 1-12,text,true,32299,1991
1386863781940,1643,GET: Login (jafl),200,OK,Thread Group 1-53,text,true,11533,1534
1386863781483,2285,GET: View assignment (sojo),200,OK,Thread Group 1-3,text,true,32306,2155
1386863781556,2260,GET: View assignment (huba),200,OK,Thread Group 1-1,text,true,32297,2139
1386863781127,2691,GET: Login (agra),200,OK,Thread Group 1-49,text,true,11533,2590
1386863782536,1284,GET: Login (deke),200,OK,Thread Group 1-56,text,true,11533,1184
1386863781327,2494,GET: Login (cada),200,OK,Thread Group 1-50,text,true,11533,2383
1386863781557,2281,GET: View assignment (guwa),200,OK,Thread Group 1-6,text,true,32306,2141
1386863782334,1561,GET: Login (rawa),200,OK,Thread Group 1-55,text,true,11533,1429
1386863781508,2408,GET: View assignment (cach),200,OK,Thread Group 1-5,text,true,32300,2245
1386863781734,2206,GET: Login (frma),200,OK,Thread Group 1-52,text,true,11533,2068
1386863782137,1805,GET: Login (llfl),200,OK,Thread Group 1-54,text,true,11533,1677
1386863781541,2404,GET: Login (albe),200,OK,Thread Group 1-51,text,true,11533,2281
1386863782744,2027,GET: Login (clad),200,OK,Thread Group 1-57,text,true,11533,1955
1386863782940,1891,GET: Login (defi),200,OK,Thread Group 1-58,text,true,11533,1768
1386863783342,1631,GET: Login (mefi),200,OK,Thread Group 1-60,text,true,11533,1537
1386863783156,1871,GET: Login (boma),200,OK,Thread Group 1-59,text,true,11533,1740
1386863783545,1722,GET: Login (mywa),200,OK,Thread Group 1-61,text,true,11533,1612
1386863783751,1954,GET: Login (masi),200,OK,Thread Group 1-62,text,true,11533,1763
1386863783946,2097,GET: Login (emgu),200,OK,Thread Group 1-63,text,true,11533,2005
1386863781970,4128,GET: View assignment (gopa),200,OK,Thread Group 1-30,text,true,32302,3933
1386863781900,4215,GET: View assignment (jehu),200,OK,Thread Group 1-27,text,true,32296,4003
1386863781976,4179,GET: View assignment (irmo),200,OK,Thread Group 1-29,text,true,32299,3996
1386863781993,4172,GET: View assignment (jufe),200,OK,Thread Group 1-26,text,true,32302,3972
1386863784153,2049,GET: Login (mefig),200,OK,Thread Group 1-64,text,true,11533,1952
1386863781913,4299,GET: View assignment (mawh),200,OK,Thread Group 1-28,text,true,32299,4110
1386863784363,2163,GET: Login (roby),200,OK,Thread Group 1-65,text,true,11533,2066
1386863784570,2083,GET: Login (maca),200,OK,Thread Group 1-66,text,true,11533,1968
1386863784766,2166,GET: Login (cesc),200,OK,Thread Group 1-67,text,true,11533,2043
1386863784970,2068,GET: Login (kagr),200,OK,Thread Group 1-68,text,true,11533,2005
1386863785367,2235,GET: Login (mamu),200,OK,Thread Group 1-70,text,true,11533,2124
1386863785163,2445,GET: Login (viad),200,OK,Thread Group 1-69,text,true,11533,2314
1386863785576,2155,GET: Login (edma),200,OK,Thread Group 1-71,text,true,11533,2023
1386863785768,2147,GET: Login (viro),200,OK,Thread Group 1-72,text,true,11533,1994
1386863785996,2220,GET: Login (alfu),200,OK,Thread Group 1-73,text,true,11533,2135
1386863782747,6167,GET: Show add submission form (masm),200,OK,Thread Group 1-25,text,true,56854,6167
1386863786377,2559,GET: Login (roca),200,OK,Thread Group 1-75,text,true,11533,2559
1386863786172,2763,GET: Login (febo),200,OK,Thread Group 1-74,text,true,11533,2763
1386863782271,6665,GET: Show add submission form (maga),200,OK,Thread Group 1-18,text,true,56854,5973
1386863782185,6753,GET: Show add submission form (cenu),200,OK,Thread Group 1-19,text,true,56849,6012
1386863782190,6136,GET: Show add submission form (raha),200,OK,Thread Group 1-14,text,true,56864,5956
1386863782502,6444,GET: Show add submission form (juga),200,OK,Thread Group 1-13,text,true,56839,5643
1386863782777,6143,GET: Show add submission form (amgr),200,OK,Thread Group 1-17,text,true,56849,6143
1386863782265,6675,GET: Show add submission form (joch),200,OK,Thread Group 1-21,text,true,56864,5932
1386863782122,6826,GET: Show add submission form (caph),200,OK,Thread Group 1-20,text,true,56849,6070
1386863783182,6038,GET: Show add submission form (gemo),200,OK,Thread Group 1-10,text,true,56859,5911
1386863783258,6064,GET: Show add submission form (raba),200,OK,Thread Group 1-4,text,true,56849,5941
1386863783250,6080,GET: Show add submission form (bola),200,OK,Thread Group 1-23,text,true,56849,5944
1386863783242,6091,GET: Show add submission form (shbe),200,OK,Thread Group 1-16,text,true,56833,5952
1386863783249,6162,GET: Show add submission form (daha),200,OK,Thread Group 1-15,text,true,56839,5996
1386863783258,6164,GET: Show add submission form (trca),200,OK,Thread Group 1-9,text,true,56823,5985
1386863783353,6088,GET: Show add submission form (glbl),200,OK,Thread Group 1-24,text,true,56839,5952
1386863783401,6086,GET: Show add submission form (tyll),200,OK,Thread Group 1-2,text,true,56839,5904
1386863786779,2737,GET: Login (begr),200,OK,Thread Group 1-77,text,true,11533,2603
1386863786574,2946,GET: Login (olba),200,OK,Thread Group 1-76,text,true,11533,2810
1386863783354,6180,GET: Show add submission form (calo),200,OK,Thread Group 1-8,text,true,56834,6010
1386863783355,6189,GET: Show add submission form (nilu),200,OK,Thread Group 1-7,text,true,56829,6010
1386863783443,6111,GET: Show add submission form (wewe),200,OK,Thread Group 1-11,text,true,56839,5922
1386863786977,2607,GET: Login (cymc),200,OK,Thread Group 1-78,text,true,11533,2509
1386863787174,2417,GET: Login (risc),200,OK,Thread Group 1-79,text,true,11533,2277
1386863783495,6108,GET: Show add submission form (jade),200,OK,Thread Group 1-22,text,true,56824,5936
1386863783513,6190,GET: Show add submission form (sest),200,OK,Thread Group 1-12,text,true,56844,5986
1386863783778,6251,GET: Show add submission form (sojo),200,OK,Thread Group 1-3,text,true,56859,6117
1386863783904,6185,GET: Show add submission form (guwa),200,OK,Thread Group 1-6,text,true,56859,6057
1386863783842,6249,GET: Show add submission form (huba),200,OK,Thread Group 1-1,text,true,56844,6121
1386863777977,12227,POST: Login (alto),200,OK,Thread Group 1-32,text,true,319592,2800
1386863787635,2705,GET: Login (caco),200,OK,Thread Group 1-81,text,true,11533,2644
1386863783976,6368,GET: Show add submission form (cach),200,OK,Thread Group 1-5,text,true,56849,6254
1386863778223,12166,POST: Login (maco),200,OK,Thread Group 1-31,text,true,319604,2623
1386863787789,2986,GET: Login (cabo),200,OK,Thread Group 1-82,text,true,11533,2874
1386863778418,12375,POST: Login (evpa),200,OK,Thread Group 1-33,text,true,319598,2651
1386863788199,2626,GET: Login (jowa),200,OK,Thread Group 1-84,text,true,11533,2559
1386863787991,2858,GET: Login (edhe),200,OK,Thread Group 1-83,text,true,11533,2760
1386863787388,3517,GET: Login (caru),200,OK,Thread Group 1-80,text,true,11533,3375
1386863788929,1976,GET: Login (patu),200,OK,Thread Group 1-87,text,true,11533,1849
1386863788952,1959,GET: Login (rosh),200,OK,Thread Group 1-86,text,true,11533,1851
1386863788946,2021,GET: Login (erta),200,OK,Thread Group 1-85,text,true,11533,1864
1386863789104,3337,POST: Upload file (maga),200,OK,Thread Group 1-18,text,true,8582,3220
1386863789134,3309,POST: Upload file (raha),200,OK,Thread Group 1-14,text,true,8582,3194
1386863789106,3543,POST: Upload file (cenu),200,OK,Thread Group 1-19,text,true,8582,3418
1386863778570,14100,POST: Login (flco),200,OK,Thread Group 1-34,text,true,319592,2834
1386863789065,3638,POST: Upload file (masm),200,OK,Thread Group 1-25,text,true,8582,3560
1386863779028,13713,POST: Login (anba),200,OK,Thread Group 1-36,text,true,319594,2729
1386863789235,3590,POST: Upload file (joch),200,OK,Thread Group 1-21,text,true,8582,3472
1386863789235,3610,POST: Upload file (caph),200,OK,Thread Group 1-20,text,true,8582,3476
1386863789346,3519,POST: Upload file (gemo),200,OK,Thread Group 1-10,text,true,8582,3380
1386863789232,3706,POST: Upload file (amgr),200,OK,Thread Group 1-17,text,true,8582,3630
1386863789214,3772,POST: Upload file (juga),200,OK,Thread Group 1-13,text,true,8582,3664
1386863789599,3535,GET: Login (cagr),200,OK,Thread Group 1-91,text,true,11533,3449
1386863789200,3937,GET: Login (chmo),200,OK,Thread Group 1-89,text,true,11533,3844
1386863788993,4147,GET: Login (sost),200,OK,Thread Group 1-88,text,true,11533,4039
1386863789397,3856,GET: Login (lome),200,OK,Thread Group 1-90,text,true,11533,3777
1386863789802,3496,GET: Login (nosa),200,OK,Thread Group 1-92,text,true,11533,3386
1386863790002,3301,GET: Login (shsa),200,OK,Thread Group 1-93,text,true,11533,3190
1386863789684,3652,POST: Upload file (raba),200,OK,Thread Group 1-4,text,true,8582,3556
1386863790207,3183,GET: Login (clri),200,OK,Thread Group 1-94,text,true,11533,3092
1386863786236,7171,GET: Show add submission form (gopa),200,OK,Thread Group 1-30,text,true,56849,7043
1386863790612,2822,GET: Login (rean),200,OK,Thread Group 1-96,text,true,11533,2757
1386863790405,3029,GET: Login (saha),200,OK,Thread Group 1-95,text,true,11533,2957
1386863789953,3719,POST: Upload file (glbl),200,OK,Thread Group 1-24,text,true,8582,3581
1386863789811,3862,POST: Upload file (bola),200,OK,Thread Group 1-23,text,true,8582,3709
1386863789923,3750,POST: Upload file (daha),200,OK,Thread Group 1-15,text,true,8582,3603
1386863790147,3528,POST: Upload file (sest),200,OK,Thread Group 1-12,text,true,8582,3408
1386863790092,3583,POST: Upload file (jade),200,OK,Thread Group 1-22,text,true,8582,3447
1386863790063,3612,POST: Upload file (nilu),200,OK,Thread Group 1-7,text,true,8582,3469
1386863790041,3634,POST: Upload file (tyll),200,OK,Thread Group 1-2,text,true,8582,3507
1386863789947,3729,POST: Upload file (trca),200,OK,Thread Group 1-9,text,true,8579,3595
1386863790067,3642,POST: Upload file (wewe),200,OK,Thread Group 1-11,text,true,8582,3524
1386863790813,2902,GET: Login (mepa),200,OK,Thread Group 1-97,text,true,11533,2831
1386863789869,3852,POST: Upload file (shbe),200,OK,Thread Group 1-16,text,true,8579,3714
1386863790209,3512,POST: Upload file (sojo),200,OK,Thread Group 1-3,text,true,8582,3417
1386863790054,3669,POST: Upload file (calo),200,OK,Thread Group 1-8,text,true,8582,3540
1386863786509,7298,GET: Show add submission form (irmo),200,OK,Thread Group 1-29,text,true,56844,7142
1386863790208,3601,POST: Upload file (guwa),200,OK,Thread Group 1-6,text,true,8582,3449
1386863786540,7271,GET: Show add submission form (mawh),200,OK,Thread Group 1-28,text,true,56844,7113
1386863786520,7306,GET: Show add submission form (jufe),200,OK,Thread Group 1-26,text,true,56849,7132
1386863786408,7422,GET: Show add submission form (jehu),200,OK,Thread Group 1-27,text,true,56833,7243
1386863790369,3522,POST: Upload file (cach),200,OK,Thread Group 1-5,text,true,8582,3318
1386863790271,3728,POST: Upload file (huba),200,OK,Thread Group 1-1,text,true,8582,3454
1386863791219,2967,GET: Login (lebr),200,OK,Thread Group 1-99,text,true,11533,2677
1386863791416,2778,GET: Login (limu),200,OK,Thread Group 1-100,text,true,11533,2554
1386863791822,2382,GET: Login (vist),200,OK,Thread Group 1-102,text,true,11533,2144
1386863791021,3185,GET: Login (sawa),200,OK,Thread Group 1-98,text,true,11533,2811
1386863791621,2586,GET: Login (brll),200,OK,Thread Group 1-101,text,true,11533,2345
1386863792224,1985,GET: Login (juha),200,OK,Thread Group 1-104,text,true,11533,1754
1386863792020,2215,GET: Login (lodo),200,OK,Thread Group 1-103,text,true,11533,1960
1386863792424,2205,GET: Login (tamo),200,OK,Thread Group 1-105,text,true,11533,2105
1386863792626,2170,GET: Login (fldi),200,OK,Thread Group 1-106,text,true,11533,2073
1386863779199,15923,POST: Login (tatr),200,OK,Thread Group 1-37,text,true,319594,2910
1386863793614,2363,POST: Upload file (gopa),200,OK,Thread Group 1-30,text,true,8582,2223
1386863779377,16625,POST: Login (mach),200,OK,Thread Group 1-38,text,true,319600,3351
1386863778900,17144,POST: Login (cogl),200,OK,Thread Group 1-35,text,true,319598,3814
1386863779677,16563,POST: Login (yvgr),200,OK,Thread Group 1-39,text,true,319600,3412
1386863780120,16163,POST: Login (dego),200,OK,Thread Group 1-41,text,true,319604,2966
1386863790400,6052,GET: View assignment (maco),200,OK,Thread Group 1-31,text,true,32308,5927
1386863790865,5702,GET: View assignment (evpa),200,OK,Thread Group 1-33,text,true,32299,5575
1386863790313,6274,GET: View assignment (alto),200,OK,Thread Group 1-32,text,true,32290,6127
1386863793247,3432,GET: Login (roto),200,OK,Thread Group 1-109,text,true,11533,3310
1386863793037,3644,GET: Login (dere),200,OK,Thread Group 1-108,text,true,11533,3551
1386863792831,3851,GET: Login (brgr),200,OK,Thread Group 1-107,text,true,11533,3754
1386863793431,3363,GET: Login (loch),200,OK,Thread Group 1-110,text,true,11533,3260
1386863779772,17392,POST: Login (elcu),200,OK,Thread Group 1-40,text,true,319606,3599
1386863794508,2727,POST: Upload file (jehu),200,OK,Thread Group 1-27,text,true,8579,2536
1386863794481,2762,POST: Upload file (irmo),200,OK,Thread Group 1-29,text,true,8582,2689
1386863794498,2747,POST: Upload file (jufe),200,OK,Thread Group 1-26,text,true,8582,2549
1386863794497,2840,POST: Upload file (mawh),200,OK,Thread Group 1-28,text,true,8582,2692
1386863781356,16140,POST: Login (nahe),200,OK,Thread Group 1-43,text,true,319604,2172
1386863781357,16203,POST: Login (kely),200,OK,Thread Group 1-44,text,true,319598,2167
1386863792705,4952,GET: View assignment (flco),200,OK,Thread Group 1-34,text,true,32290,4827
1386863794037,3738,GET: Login (frmu),200,OK,Thread Group 1-113,text,true,11533,3641
1386863780336,17457,POST: Login (mica),200,OK,Thread Group 1-42,text,true,319606,3189
1386863793636,4335,GET: Login (crbi),200,OK,Thread Group 1-111,text,true,11533,4199
1386863795046,2985,GET: Login (pada),200,OK,Thread Group 1-118,text,true,11533,2900
1386863794643,3389,GET: Login (debu),200,OK,Thread Group 1-116,text,true,11533,3310
1386863792880,5174,GET: View assignment (anba),200,OK,Thread Group 1-36,text,true,32293,5026
1386863793849,4246,GET: Login (mawe),200,OK,Thread Group 1-112,text,true,11533,4115
1386863794240,3855,GET: Login (memo),200,OK,Thread Group 1-114,text,true,11533,3728
1386863794442,3665,GET: Login (visu),200,OK,Thread Group 1-115,text,true,11533,3546
1386863794844,3264,GET: Login (dico),200,OK,Thread Group 1-117,text,true,11533,3130
1386863782220,16126,POST: Login (ligi),200,OK,Thread Group 1-48,text,true,319596,1965
1386863782260,16091,POST: Login (kava),200,OK,Thread Group 1-47,text,true,319602,1925
1386863782222,16132,POST: Login (thte),200,OK,Thread Group 1-45,text,true,319598,1813
1386863782264,16864,POST: Login (dafo),200,OK,Thread Group 1-46,text,true,319600,2124
1386863795450,3780,GET: Login (nepr),200,OK,Thread Group 1-120,text,true,11533,3662
1386863795651,3580,GET: Login (edco),200,OK,Thread Group 1-121,text,true,11533,3463
1386863795248,3984,GET: Login (rowo),200,OK,Thread Group 1-119,text,true,11533,3863
1386863795852,3470,GET: Login (shca),200,OK,Thread Group 1-122,text,true,11533,3367
1386863796053,3272,GET: Login (sebr),200,OK,Thread Group 1-123,text,true,11533,3163
1386863796257,3100,GET: Login (esda),200,OK,Thread Group 1-124,text,true,11533,2967
1386863796465,2893,GET: Login (kapa),200,OK,Thread Group 1-125,text,true,11533,2826
1386863796658,2926,GET: Login (raban),200,OK,Thread Group 1-126,text,true,11533,2865
1386863796862,2929,GET: Login (lone),200,OK,Thread Group 1-127,text,true,11533,2832
1386863792450,7538,POST: Save submission (maga),200,OK,Thread Group 1-18,text,true,58084,7378
1386863792457,7666,POST: Save submission (raha),200,OK,Thread Group 1-14,text,true,58094,7502
1386863797176,3420,GET: Login (mawa),200,OK,Thread Group 1-128,text,true,11533,3349
1386863797262,3438,GET: Login (cogr),200,OK,Thread Group 1-129,text,true,11533,3330
1386863792659,8082,POST: Save submission (cenu),200,OK,Thread Group 1-19,text,true,58079,7883
1386863792736,8148,POST: Save submission (masm),200,OK,Thread Group 1-25,text,true,58084,7956
1386863797467,3824,GET: Login (befe),200,OK,Thread Group 1-130,text,true,11533,3734
1386863792972,8600,POST: Save submission (caph),200,OK,Thread Group 1-20,text,true,58079,8463
1386863797665,3944,GET: Login (wimi),200,OK,Thread Group 1-131,text,true,11533,3864
1386863792985,8664,POST: Save submission (gemo),200,OK,Thread Group 1-10,text,true,58089,8497
1386863792971,8735,POST: Save submission (joch),200,OK,Thread Group 1-21,text,true,58094,8578
1386863793068,8808,POST: Save submission (amgr),200,OK,Thread Group 1-17,text,true,58079,8665
1386863797867,4125,GET: Login (arwi),200,OK,Thread Group 1-132,text,true,11533,3995
1386863793069,8945,POST: Save submission (juga),200,OK,Thread Group 1-13,text,true,58069,8785
1386863798068,4352,GET: Login (prha),200,OK,Thread Group 1-133,text,true,11533,4237
1386863798271,4341,GET: Login (chpo),200,OK,Thread Group 1-134,text,true,11533,4250
1386863793426,9272,POST: Save submission (raba),200,OK,Thread Group 1-4,text,true,58079,9177
1386863798475,4380,GET: Login (rhro),200,OK,Thread Group 1-135,text,true,11533,4260
1386863798679,4577,GET: Login (mani),200,OK,Thread Group 1-136,text,true,11533,4480
1386863798875,4556,GET: Login (dwdi),200,OK,Thread Group 1-137,text,true,11533,4439
1386863799079,4567,GET: Login (lesp),200,OK,Thread Group 1-138,text,true,11533,4481
1386863799279,4835,GET: Login (alho),200,OK,Thread Group 1-139,text,true,11533,4711
1386863799494,4820,GET: Login (orli),200,OK,Thread Group 1-140,text,true,11533,4697
1386863799688,4860,GET: Login (krba),200,OK,Thread Group 1-141,text,true,11533,4764
1386863799893,4798,GET: Login (jogi),200,OK,Thread Group 1-142,text,true,11533,4693
1386863795136,9655,GET: View assignment (tatr),200,OK,Thread Group 1-37,text,true,32293,9499
1386863800103,4813,GET: Login (rabl),200,OK,Thread Group 1-143,text,true,11533,4680
1386863800291,4725,GET: Login (clpa),200,OK,Thread Group 1-144,text,true,11533,4615
1386863800511,4836,GET: Login (hope),200,OK,Thread Group 1-145,text,true,11533,4595
1386863800701,4967,GET: Login (anda),200,OK,Thread Group 1-146,text,true,11533,4861
1386863801098,5044,GET: Login (momo),200,OK,Thread Group 1-148,text,true,11533,4662
1386863800896,5249,GET: Login (grga),200,OK,Thread Group 1-147,text,true,11533,4726
1386863801308,4839,GET: Login (kaca),200,OK,Thread Group 1-149,text,true,11533,4578
1386863801501,4648,GET: Login (dafr),200,OK,Thread Group 1-150,text,true,11533,4510
1386863794055,12103,POST: Save submission (daha),200,OK,Thread Group 1-15,text,true,58069,11596
1386863794107,12054,POST: Save submission (jade),200,OK,Thread Group 1-22,text,true,58054,11546
1386863794211,11955,POST: Save submission (tyll),200,OK,Thread Group 1-2,text,true,58069,11544
1386863783603,22567,POST: Login (jafl),200,OK,Thread Group 1-53,text,true,319600,3484
1386863794057,12116,POST: Save submission (sest),200,OK,Thread Group 1-12,text,true,58074,11548
1386863794040,12134,POST: Save submission (bola),200,OK,Thread Group 1-23,text,true,58079,11614
1386863794036,12139,POST: Save submission (glbl),200,OK,Thread Group 1-24,text,true,58069,11617
1386863794154,12037,POST: Save submission (nilu),200,OK,Thread Group 1-7,text,true,58059,11550
1386863796127,10104,GET: View assignment (cogl),200,OK,Thread Group 1-35,text,true,32299,9994
1386863796056,10181,GET: View assignment (mach),200,OK,Thread Group 1-38,text,true,32302,10065
1386863794367,12186,POST: Save submission (wewe),200,OK,Thread Group 1-11,text,true,58069,11853
1386863794396,12155,POST: Save submission (calo),200,OK,Thread Group 1-8,text,true,58064,11875
1386863794483,12084,POST: Save submission (guwa),200,OK,Thread Group 1-6,text,true,58089,11847
1386863794372,12208,POST: Save submission (shbe),200,OK,Thread Group 1-16,text,true,58060,11848
1386863794320,12262,POST: Save submission (trca),200,OK,Thread Group 1-9,text,true,58050,11809
1386863794389,12204,POST: Save submission (sojo),200,OK,Thread Group 1-3,text,true,58089,11836
1386863796264,10458,GET: View assignment (yvgr),200,OK,Thread Group 1-39,text,true,32302,10266
1386863794509,12227,POST: Save submission (cach),200,OK,Thread Group 1-5,text,true,58079,12023
1386863794518,12222,POST: Save submission (huba),200,OK,Thread Group 1-1,text,true,58074,12013
1386863796322,10440,GET: View assignment (dego),200,OK,Thread Group 1-41,text,true,32308,10310
1386863797191,10317,GET: View assignment (elcu),200,OK,Thread Group 1-40,text,true,32311,10199
1386863797570,10767,GET: View assignment (kely),200,OK,Thread Group 1-44,text,true,32299,10655
1386863797512,10881,GET: View assignment (nahe),200,OK,Thread Group 1-43,text,true,32308,10763
1386863783859,24693,POST: Login (cada),200,OK,Thread Group 1-50,text,true,319598,4295
1386863797831,10757,GET: View assignment (mica),200,OK,Thread Group 1-42,text,true,32311,10651
1386863796000,12908,POST: Save submission (gopa),200,OK,Thread Group 1-30,text,true,58079,12676
1386863798374,10973,GET: View assignment (thte),200,OK,Thread Group 1-45,text,true,32299,10856
1386863798355,10995,GET: View assignment (ligi),200,OK,Thread Group 1-48,text,true,32296,10875
1386863798364,10998,GET: View assignment (kava),200,OK,Thread Group 1-47,text,true,32305,10867
1386863799141,11032,GET: View assignment (dafo),200,OK,Thread Group 1-46,text,true,32302,10872
1386863783928,26261,POST: Login (rawa),200,OK,Thread Group 1-55,text,true,319596,4984
1386863796580,13601,GET: Show add submission form (evpa),200,OK,Thread Group 1-33,text,true,56844,13435
1386863796647,13545,GET: Show add submission form (alto),200,OK,Thread Group 1-32,text,true,56829,13369
1386863783850,26349,POST: Login (deke),200,OK,Thread Group 1-56,text,true,319600,5069
1386863796471,13733,GET: Show add submission form (maco),200,OK,Thread Group 1-31,text,true,56859,13544
1386863797263,13235,POST: Save submission (irmo),200,OK,Thread Group 1-29,text,true,58074,13087
1386863797263,13308,POST: Save submission (jehu),200,OK,Thread Group 1-27,text,true,58060,13153
1386863797285,13291,POST: Save submission (jufe),200,OK,Thread Group 1-26,text,true,58079,13132
1386863797351,13276,POST: Save submission (mawh),200,OK,Thread Group 1-28,text,true,58074,13130
1386863797668,13263,GET: Show add submission form (flco),200,OK,Thread Group 1-34,text,true,56823,13124
1386863783848,27251,POST: Login (agra),200,OK,Thread Group 1-49,text,true,319598,5354
1386863798128,13234,GET: Show add submission form (anba),200,OK,Thread Group 1-36,text,true,56834,13167
1386863783997,27645,POST: Login (albe),200,OK,Thread Group 1-51,text,true,319598,5907
1386863783991,27707,POST: Login (llfl),200,OK,Thread Group 1-54,text,true,319596,5911
1386863783990,28398,POST: Login (frma),200,OK,Thread Group 1-52,text,true,319606,6843
1386863784819,27622,POST: Login (clad),200,OK,Thread Group 1-57,text,true,319600,6203
1386863810226,2519,POST: Upload file (evpa),200,OK,Thread Group 1-33,text,true,8582,2392
1386863810234,2553,POST: Upload file (alto),200,OK,Thread Group 1-32,text,true,8582,2433
1386863810254,2659,POST: Upload file (maco),200,OK,Thread Group 1-31,text,true,8582,2532
1386863785356,27607,POST: Login (mywa),200,OK,Thread Group 1-61,text,true,319602,7085
1386863784906,28210,POST: Login (defi),200,OK,Thread Group 1-58,text,true,319598,7734
1386863785766,27399,POST: Login (masi),200,OK,Thread Group 1-62,text,true,319598,6879
1386863785180,27986,POST: Login (boma),200,OK,Thread Group 1-59,text,true,319604,7460
1386863806248,6964,GET: View assignment (jafl),200,OK,Thread Group 1-53,text,true,32302,6857
1386863786088,27179,POST: Login (emgu),200,OK,Thread Group 1-63,text,true,319602,6661
1386863786529,26984,POST: Login (mefig),200,OK,Thread Group 1-64,text,true,319606,6289
1386863810944,2624,POST: Upload file (flco),200,OK,Thread Group 1-34,text,true,8579,2540
1386863811378,2604,POST: Upload file (anba),200,OK,Thread Group 1-36,text,true,8582,2413
1386863786708,27390,POST: Login (roby),200,OK,Thread Group 1-65,text,true,319594,6105
1386863788156,25947,POST: Login (edma),200,OK,Thread Group 1-71,text,true,319596,4677
1386863786856,27251,POST: Login (maca),200,OK,Thread Group 1-66,text,true,319600,5974
1386863787137,26987,POST: Login (kagr),200,OK,Thread Group 1-68,text,true,319596,5680
1386863787791,26339,POST: Login (mamu),200,OK,Thread Group 1-70,text,true,319604,5035
1386863785047,29098,POST: Login (mefi),200,OK,Thread Group 1-60,text,true,319610,7767
1386863787994,26265,POST: Login (viad),200,OK,Thread Group 1-69,text,true,319598,4818
1386863786976,27287,POST: Login (cesc),200,OK,Thread Group 1-67,text,true,319598,5836
1386863804838,9602,GET: Show add submission form (tatr),200,OK,Thread Group 1-37,text,true,56834,9469
1386863808560,5973,GET: View assignment (cada),200,OK,Thread Group 1-50,text,true,32299,5915
1386863789102,25604,POST: Login (febo),200,OK,Thread Group 1-74,text,true,319598,4387
1386863789083,25672,POST: Login (roca),200,OK,Thread Group 1-75,text,true,319604,4411
1386863789064,25994,POST: Login (alfu),200,OK,Thread Group 1-73,text,true,319598,4508
1386863788944,26114,POST: Login (viro),200,OK,Thread Group 1-72,text,true,319606,4628
1386863806296,8922,GET: Show add submission form (cogl),200,OK,Thread Group 1-35,text,true,56844,8851
1386863806296,8964,GET: Show add submission form (mach),200,OK,Thread Group 1-38,text,true,56849,8848
1386863806820,8604,GET: Show add submission form (dego),200,OK,Thread Group 1-41,text,true,56859,8532
1386863806739,8734,GET: Show add submission form (yvgr),200,OK,Thread Group 1-39,text,true,56843,8615
1386863810227,5464,GET: View assignment (rawa),200,OK,Thread Group 1-55,text,true,32296,5353
1386863810243,5569,GET: View assignment (deke),200,OK,Thread Group 1-56,text,true,32302,5384
1386863807519,8614,GET: Show add submission form (elcu),200,OK,Thread Group 1-40,text,true,56858,8502
1386863808343,7913,GET: Show add submission form (kely),200,OK,Thread Group 1-44,text,true,56844,7830
1386863808404,7895,GET: Show add submission form (nahe),200,OK,Thread Group 1-43,text,true,56853,7770
1386863808602,7820,GET: Show add submission form (mica),200,OK,Thread Group 1-42,text,true,56864,7752
1386863811108,5501,GET: View assignment (agra),200,OK,Thread Group 1-49,text,true,32299,5430
1386863814465,2527,POST: Upload file (tatr),200,OK,Thread Group 1-37,text,true,8582,2324
1386863790043,27052,POST: Login (begr),200,OK,Thread Group 1-77,text,true,319604,5406
1386863790047,27066,POST: Login (olba),200,OK,Thread Group 1-76,text,true,319596,5294
1386863790070,27045,POST: Login (cymc),200,OK,Thread Group 1-78,text,true,319606,5202
1386863790992,26124,POST: Login (jowa),200,OK,Thread Group 1-84,text,true,319596,4353
1386863790789,26329,POST: Login (cabo),200,OK,Thread Group 1-82,text,true,319596,4366
1386863790993,26127,POST: Login (edhe),200,OK,Thread Group 1-83,text,true,319596,4456
1386863811657,5868,GET: View assignment (albe),200,OK,Thread Group 1-51,text,true,32299,5478
1386863791142,26392,POST: Login (erta),200,OK,Thread Group 1-85,text,true,319600,5050
1386863790091,27447,POST: Login (risc),200,OK,Thread Group 1-79,text,true,319604,5363
1386863811707,5832,GET: View assignment (llfl),200,OK,Thread Group 1-54,text,true,32296,5518
1386863809397,8146,GET: Show add submission form (ligi),200,OK,Thread Group 1-48,text,true,56839,7735
1386863809366,8177,GET: Show add submission form (thte),200,OK,Thread Group 1-45,text,true,56844,7707
1386863809398,8190,GET: Show add submission form (kava),200,OK,Thread Group 1-47,text,true,56854,8009
1386863790351,27252,POST: Login (caco),200,OK,Thread Group 1-81,text,true,319604,4990
1386863810191,7469,GET: Show add submission form (dafo),200,OK,Thread Group 1-46,text,true,56849,7317
1386863791039,26765,POST: Login (patu),200,OK,Thread Group 1-87,text,true,319602,4867
1386863815236,2689,POST: Upload file (cogl),200,OK,Thread Group 1-35,text,true,8582,2459
1386863791038,26888,POST: Login (caru),200,OK,Thread Group 1-80,text,true,319604,4920
1386863815272,2750,POST: Upload file (mach),200,OK,Thread Group 1-38,text,true,8582,2530
1386863791045,27060,POST: Login (rosh),200,OK,Thread Group 1-86,text,true,319604,4918
1386863793155,24949,POST: Login (cagr),200,OK,Thread Group 1-91,text,true,319600,3238
1386863815439,2585,POST: Upload file (dego),200,OK,Thread Group 1-41,text,true,8582,2416
1386863812400,5706,GET: View assignment (frma),200,OK,Thread Group 1-52,text,true,32311,5508
1386863815492,2614,POST: Upload file (yvgr),200,OK,Thread Group 1-39,text,true,8579,2409
1386863793224,24882,POST: Login (chmo),200,OK,Thread Group 1-89,text,true,319606,3168
1386863812449,5658,GET: View assignment (clad),200,OK,Thread Group 1-57,text,true,32302,5460
1386863793366,24848,POST: Login (nosa),200,OK,Thread Group 1-92,text,true,319598,3668
1386863793624,24654,POST: Login (saha),200,OK,Thread Group 1-95,text,true,319602,3546
1386863793377,24903,POST: Login (shsa),200,OK,Thread Group 1-93,text,true,319600,3649
1386863793255,25026,POST: Login (sost),200,OK,Thread Group 1-88,text,true,319598,3763
1386863793313,24971,POST: Login (lome),200,OK,Thread Group 1-90,text,true,319602,3710
1386863793539,24755,POST: Login (clri),200,OK,Thread Group 1-94,text,true,319606,3696
1386863793616,24699,POST: Login (rean),200,OK,Thread Group 1-96,text,true,319606,3719
1386863812970,5441,GET: View assignment (mywa),200,OK,Thread Group 1-61,text,true,32305,5334
1386863813176,5386,GET: View assignment (boma),200,OK,Thread Group 1-59,text,true,32308,5276
1386863813175,5391,GET: View assignment (masi),200,OK,Thread Group 1-62,text,true,32299,5276
1386863813127,5484,GET: View assignment (defi),200,OK,Thread Group 1-58,text,true,32299,5375
1386863813282,5381,GET: View assignment (emgu),200,OK,Thread Group 1-63,text,true,32305,5319
1386863813521,5298,GET: View assignment (mefig),200,OK,Thread Group 1-64,text,true,32311,5231
1386863816150,2891,POST: Upload file (elcu),200,OK,Thread Group 1-40,text,true,8579,2814
1386863794534,24713,POST: Login (sawa),200,OK,Thread Group 1-98,text,true,319592,4062
1386863816268,2983,POST: Upload file (kely),200,OK,Thread Group 1-44,text,true,8582,2762
1386863816309,2948,POST: Upload file (nahe),200,OK,Thread Group 1-43,text,true,8579,2738
1386863794527,24733,POST: Login (limu),200,OK,Thread Group 1-100,text,true,319598,3919
1386863794519,24743,POST: Login (lebr),200,OK,Thread Group 1-99,text,true,319596,3876
1386863794371,24895,POST: Login (mepa),200,OK,Thread Group 1-97,text,true,319600,4023
1386863816430,2898,POST: Upload file (mica),200,OK,Thread Group 1-42,text,true,8582,2833
1386863794537,24845,POST: Login (brll),200,OK,Thread Group 1-101,text,true,319600,4695
1386863814115,5365,GET: View assignment (roby),200,OK,Thread Group 1-65,text,true,32293,5255
1386863814131,5354,GET: View assignment (maca),200,OK,Thread Group 1-66,text,true,32302,5239
1386863814151,5342,GET: View assignment (mamu),200,OK,Thread Group 1-70,text,true,32308,5219
1386863794548,24953,POST: Login (juha),200,OK,Thread Group 1-104,text,true,319592,4771
1386863814164,5366,GET: View assignment (mefi),200,OK,Thread Group 1-60,text,true,32317,5257
1386863794556,24981,POST: Login (lodo),200,OK,Thread Group 1-103,text,true,319600,4755
1386863814150,5392,GET: View assignment (kagr),200,OK,Thread Group 1-68,text,true,32296,5272
1386863814131,5411,GET: View assignment (edma),200,OK,Thread Group 1-71,text,true,32296,5290
1386863812758,6981,POST: Save submission (evpa),200,OK,Thread Group 1-33,text,true,58074,6764
1386863794642,25238,POST: Login (tamo),200,OK,Thread Group 1-105,text,true,319596,4729
1386863812795,7100,POST: Save submission (alto),200,OK,Thread Group 1-32,text,true,58059,6809
1386863794536,25358,POST: Login (vist),200,OK,Thread Group 1-102,text,true,319608,4874
1386863794808,25089,POST: Login (fldi),200,OK,Thread Group 1-106,text,true,319600,4651
1386863817671,2273,POST: Upload file (kava),200,OK,Thread Group 1-47,text,true,8582,2115
1386863817640,2310,POST: Upload file (ligi),200,OK,Thread Group 1-48,text,true,8582,2210
1386863814271,5685,GET: View assignment (viad),200,OK,Thread Group 1-69,text,true,32299,5457
1386863817641,2318,POST: Upload file (thte),200,OK,Thread Group 1-45,text,true,8582,2118
1386863814283,5678,GET: View assignment (cesc),200,OK,Thread Group 1-67,text,true,32299,5445
1386863817755,2246,POST: Upload file (dafo),200,OK,Thread Group 1-46,text,true,8582,2146
1386863812929,7080,POST: Save submission (maco),200,OK,Thread Group 1-31,text,true,58089,6935
1386863814716,5358,GET: View assignment (febo),200,OK,Thread Group 1-74,text,true,32299,5214
1386863814762,5313,GET: View assignment (roca),200,OK,Thread Group 1-75,text,true,32308,5169
1386863815068,5300,GET: View assignment (viro),200,OK,Thread Group 1-72,text,true,32311,5178
1386863796760,23618,POST: Login (brgr),200,OK,Thread Group 1-107,text,true,319598,4487
1386863815068,5357,GET: View assignment (alfu),200,OK,Thread Group 1-73,text,true,32299,5239
1386863813225,7201,GET: Show add submission form (jafl),200,OK,Thread Group 1-53,text,true,56849,7081
1386863813577,6853,POST: Save submission (flco),200,OK,Thread Group 1-34,text,true,58050,6733
1386863796845,23636,POST: Login (loch),200,OK,Thread Group 1-110,text,true,319600,4906
1386863796759,23768,POST: Login (roto),200,OK,Thread Group 1-109,text,true,319602,5045
1386863813994,6692,POST: Save submission (anba),200,OK,Thread Group 1-36,text,true,58064,6571
1386863796823,23980,POST: Login (dere),200,OK,Thread Group 1-108,text,true,319598,4989
1386863797808,23053,POST: Login (frmu),200,OK,Thread Group 1-113,text,true,319600,5012
1386863798051,22870,POST: Login (pada),200,OK,Thread Group 1-118,text,true,319604,5148
1386863797983,23001,POST: Login (crbi),200,OK,Thread Group 1-111,text,true,319604,5278
1386863798083,23116,POST: Login (debu),200,OK,Thread Group 1-116,text,true,319600,5675
1386863798176,23216,POST: Login (visu),200,OK,Thread Group 1-115,text,true,319606,6475
1386863798156,23293,POST: Login (memo),200,OK,Thread Group 1-114,text,true,319598,6018
1386863798155,23298,POST: Login (mawe),200,OK,Thread Group 1-112,text,true,319596,6450
1386863798177,23553,POST: Login (dico),200,OK,Thread Group 1-117,text,true,319596,6569
1386863814601,7535,GET: Show add submission form (cada),200,OK,Thread Group 1-50,text,true,56844,7418
1386863799261,22961,POST: Login (nepr),200,OK,Thread Group 1-120,text,true,319598,7285
1386863799262,23212,POST: Login (rowo),200,OK,Thread Group 1-119,text,true,319600,7455
1386863799362,23263,POST: Login (sebr),200,OK,Thread Group 1-123,text,true,319594,7393
1386863817150,5528,GET: View assignment (cymc),200,OK,Thread Group 1-78,text,true,32311,5412
1386863817149,5532,GET: View assignment (olba),200,OK,Thread Group 1-76,text,true,32296,5414
1386863817173,5555,GET: View assignment (jowa),200,OK,Thread Group 1-84,text,true,32296,5440
1386863817110,5624,GET: View assignment (begr),200,OK,Thread Group 1-77,text,true,32308,5507
1386863817201,5548,GET: View assignment (edhe),200,OK,Thread Group 1-83,text,true,32296,5412
1386863817184,5567,GET: View assignment (cabo),200,OK,Thread Group 1-82,text,true,32296,5429
1386863799303,23448,POST: Login (edco),200,OK,Thread Group 1-121,text,true,319596,7593
1386863799397,23410,POST: Login (kapa),200,OK,Thread Group 1-125,text,true,319604,7598
1386863799361,23472,POST: Login (shca),200,OK,Thread Group 1-122,text,true,319608,7586
1386863817590,5293,GET: View assignment (risc),200,OK,Thread Group 1-79,text,true,32308,5173
1386863817561,5324,GET: View assignment (erta),200,OK,Thread Group 1-85,text,true,32302,5202
1386863817698,5358,GET: View assignment (caco),200,OK,Thread Group 1-81,text,true,32308,5248
1386863817831,5283,GET: View assignment (patu),200,OK,Thread Group 1-87,text,true,32305,5215
1386863820458,2874,POST: Upload file (jafl),200,OK,Thread Group 1-53,text,true,8582,2808
1386863799396,23948,POST: Login (esda),200,OK,Thread Group 1-124,text,true,319600,7952
1386863817943,5443,GET: View assignment (caru),200,OK,Thread Group 1-80,text,true,32308,5332
1386863815820,7569,GET: Show add submission form (deke),200,OK,Thread Group 1-56,text,true,56849,7455
1386863815702,7694,GET: Show add submission form (rawa),200,OK,Thread Group 1-55,text,true,56839,7571
1386863799819,23667,POST: Login (lone),200,OK,Thread Group 1-127,text,true,319596,7897
1386863800627,22916,POST: Login (mawa),200,OK,Thread Group 1-128,text,true,319590,7183
1386863799605,23980,POST: Login (raban),200,OK,Thread Group 1-126,text,true,319602,7942
1386863818225,5425,GET: View assignment (nosa),200,OK,Thread Group 1-92,text,true,32299,5301
1386863818133,5531,GET: View assignment (rosh),200,OK,Thread Group 1-86,text,true,32308,5392
1386863818141,5525,GET: View assignment (cagr),200,OK,Thread Group 1-91,text,true,32302,5385
1386863818178,5494,GET: View assignment (chmo),200,OK,Thread Group 1-89,text,true,32313,5347
1386863800835,22971,POST: Login (cogr),200,OK,Thread Group 1-129,text,true,319604,7366
1386863816620,7390,GET: Show add submission form (agra),200,OK,Thread Group 1-49,text,true,56844,7241
1386863802016,21992,POST: Login (arwi),200,OK,Thread Group 1-132,text,true,319596,6492
1386863818292,5782,GET: View assignment (saha),200,OK,Thread Group 1-95,text,true,32307,5637
1386863818325,5759,GET: View assignment (sost),200,OK,Thread Group 1-88,text,true,32299,5603
1386863818321,5767,GET: View assignment (shsa),200,OK,Thread Group 1-93,text,true,32302,5607
1386863818342,5751,GET: View assignment (lome),200,OK,Thread Group 1-90,text,true,32305,5586
1386863818358,5745,GET: View assignment (clri),200,OK,Thread Group 1-94,text,true,32311,5570
1386863801683,22617,POST: Login (wimi),200,OK,Thread Group 1-131,text,true,319596,6752
1386863802456,21861,POST: Login (prha),200,OK,Thread Group 1-133,text,true,319602,6134
1386863818370,5951,GET: View assignment (rean),200,OK,Thread Group 1-96,text,true,32311,5689
1386863803360,20966,POST: Login (mani),200,OK,Thread Group 1-136,text,true,319606,5324
1386863802946,21493,POST: Login (rhro),200,OK,Thread Group 1-135,text,true,319606,5686
1386863803698,20801,POST: Login (lesp),200,OK,Thread Group 1-138,text,true,319600,5204
1386863802648,21850,POST: Login (chpo),200,OK,Thread Group 1-134,text,true,319602,6089
1386863803484,21079,POST: Login (dwdi),200,OK,Thread Group 1-137,text,true,319598,5575
1386863801391,23173,POST: Login (befe),200,OK,Thread Group 1-130,text,true,319606,7361
1386863817003,7619,POST: Save submission (tatr),200,OK,Thread Group 1-37,text,true,58064,7483
1386863819393,5617,GET: View assignment (brll),200,OK,Thread Group 1-101,text,true,30978,5510
1386863804340,20682,POST: Login (orli),200,OK,Thread Group 1-140,text,true,319594,4951
1386863822145,2915,POST: Upload file (cada),200,OK,Thread Group 1-50,text,true,8582,2806
1386863804182,20891,POST: Login (alho),200,OK,Thread Group 1-139,text,true,319600,5059
1386863804578,20496,POST: Login (krba),200,OK,Thread Group 1-141,text,true,319604,4861
1386863819523,5593,GET: View assignment (juha),200,OK,Thread Group 1-104,text,true,30966,5480
1386863804746,20548,POST: Login (jogi),200,OK,Thread Group 1-142,text,true,319594,4546
1386863805059,20236,POST: Login (clpa),200,OK,Thread Group 1-144,text,true,319600,4447
1386863804985,20320,POST: Login (rabl),200,OK,Thread Group 1-143,text,true,319596,4359
1386863819320,6028,GET: View assignment (lebr),200,OK,Thread Group 1-99,text,true,32296,5884
1386863819262,6103,GET: View assignment (sawa),200,OK,Thread Group 1-98,text,true,32290,5943
1386863819560,5806,GET: View assignment (lodo),200,OK,Thread Group 1-103,text,true,30978,5644
1386863817536,7832,GET: Show add submission form (albe),200,OK,Thread Group 1-51,text,true,56844,7669
1386863819294,6076,GET: View assignment (limu),200,OK,Thread Group 1-100,text,true,32299,5911
1386863817613,7760,GET: Show add submission form (llfl),200,OK,Thread Group 1-54,text,true,56839,7591
1386863819344,6054,GET: View assignment (mepa),200,OK,Thread Group 1-97,text,true,32302,5993
1386863817936,7511,POST: Save submission (cogl),200,OK,Thread Group 1-35,text,true,58074,7400
1386863805379,20069,POST: Login (hope),200,OK,Thread Group 1-145,text,true,319600,4648
1386863806175,19321,POST: Login (momo),200,OK,Thread Group 1-148,text,true,319606,3981
1386863806210,19342,POST: Login (kaca),200,OK,Thread Group 1-149,text,true,319594,4008
1386863806236,19414,POST: Login (dafr),200,OK,Thread Group 1-150,text,true,319596,3934
1386863818111,7547,POST: Save submission (mach),200,OK,Thread Group 1-38,text,true,58079,7426
1386863805690,19969,POST: Login (anda),200,OK,Thread Group 1-146,text,true,319592,4485
1386863819895,5803,GET: View assignment (tamo),200,OK,Thread Group 1-105,text,true,30972,5692
1386863819926,5890,GET: View assignment (vist),200,OK,Thread Group 1-102,text,true,30990,5764
1386863818142,7684,POST: Save submission (dego),200,OK,Thread Group 1-41,text,true,58089,7547
1386863806196,19632,POST: Login (grga),200,OK,Thread Group 1-147,text,true,319594,4075
1386863818153,7677,POST: Save submission (yvgr),200,OK,Thread Group 1-39,text,true,58070,7535
1386863819970,5944,GET: View assignment (fldi),200,OK,Thread Group 1-106,text,true,30978,5827
1386863818153,7929,GET: Show add submission form (frma),200,OK,Thread Group 1-52,text,true,56864,7800
1386863818162,7978,GET: Show add submission form (clad),200,OK,Thread Group 1-57,text,true,56849,7850
1386863818419,8004,GET: Show add submission form (mywa),200,OK,Thread Group 1-61,text,true,56854,7710
1386863823412,3072,POST: Upload file (rawa),200,OK,Thread Group 1-55,text,true,8582,2947
1386863823412,3133,POST: Upload file (deke),200,OK,Thread Group 1-56,text,true,8582,3034
1386863820391,6230,GET: View assignment (brgr),200,OK,Thread Group 1-107,text,true,30975,6081
1386863818588,8100,GET: Show add submission form (masi),200,OK,Thread Group 1-62,text,true,56844,7951
1386863818625,8065,GET: Show add submission form (defi),200,OK,Thread Group 1-58,text,true,56844,7914
1386863818679,8076,GET: Show add submission form (emgu),200,OK,Thread Group 1-63,text,true,56854,7928
1386863819050,7707,POST: Save submission (elcu),200,OK,Thread Group 1-40,text,true,58085,7558
1386863820492,6270,GET: View assignment (loch),200,OK,Thread Group 1-110,text,true,30978,6115
1386863818574,8189,GET: Show add submission form (boma),200,OK,Thread Group 1-59,text,true,56859,8033
1386863820539,6266,GET: View assignment (roto),200,OK,Thread Group 1-109,text,true,30981,6133
1386863818828,7979,GET: Show add submission form (mefig),200,OK,Thread Group 1-64,text,true,56864,7844
1386863820812,6097,GET: View assignment (dere),200,OK,Thread Group 1-108,text,true,30975,6036
1386863824019,3044,POST: Upload file (agra),200,OK,Thread Group 1-49,text,true,8582,2954
1386863820871,6309,GET: View assignment (frmu),200,OK,Thread Group 1-113,text,true,30978,6118
1386863819289,7965,POST: Save submission (kely),200,OK,Thread Group 1-44,text,true,58074,7759
1386863819295,7963,POST: Save submission (nahe),200,OK,Thread Group 1-43,text,true,58080,7753
1386863820937,6370,GET: View assignment (pada),200,OK,Thread Group 1-118,text,true,30984,6225
1386863819361,7949,POST: Save submission (mica),200,OK,Thread Group 1-42,text,true,58094,7804
1386863820991,6359,GET: View assignment (crbi),200,OK,Thread Group 1-111,text,true,30984,6249
1386863821210,6256,GET: View assignment (debu),200,OK,Thread Group 1-116,text,true,30978,6199
1386863819508,8371,GET: Show add submission form (maca),200,OK,Thread Group 1-66,text,true,56849,8249
1386863819508,8372,GET: Show add submission form (mamu),200,OK,Thread Group 1-70,text,true,56859,8252
1386863819495,8389,GET: Show add submission form (roby),200,OK,Thread Group 1-65,text,true,56828,8265
1386863821404,6569,GET: View assignment (visu),200,OK,Thread Group 1-115,text,true,30987,6454
1386863819546,8432,GET: Show add submission form (mefi),200,OK,Thread Group 1-60,text,true,56874,8314
1386863821472,6548,GET: View assignment (mawe),200,OK,Thread Group 1-112,text,true,30972,6437
1386863821460,6561,GET: View assignment (memo),200,OK,Thread Group 1-114,text,true,30975,6449
1386863819563,8528,GET: Show add submission form (kagr),200,OK,Thread Group 1-68,text,true,56839,8396
1386863819564,8709,GET: Show add submission form (edma),200,OK,Thread Group 1-71,text,true,56839,8445
1386863821740,6739,GET: View assignment (dico),200,OK,Thread Group 1-117,text,true,30972,6620
1386863819994,9053,POST: Save submission (ligi),200,OK,Thread Group 1-48,text,true,58069,8925
1386863820003,9107,POST: Save submission (thte),200,OK,Thread Group 1-45,text,true,58074,8976
1386863820003,9109,POST: Save submission (kava),200,OK,Thread Group 1-47,text,true,58084,8975
1386863820032,9136,POST: Save submission (dafo),200,OK,Thread Group 1-46,text,true,58079,9004
1386863822237,6984,GET: View assignment (nepr),200,OK,Thread Group 1-120,text,true,30975,6861
1386863825385,3951,POST: Upload file (albe),200,OK,Thread Group 1-51,text,true,8582,3874
1386863820014,9367,GET: Show add submission form (viad),200,OK,Thread Group 1-69,text,true,56844,9256
1386863825408,4037,POST: Upload file (llfl),200,OK,Thread Group 1-54,text,true,8582,3957
1386863820005,9440,GET: Show add submission form (cesc),200,OK,Thread Group 1-67,text,true,56844,9315
1386863820088,9474,GET: Show add submission form (febo),200,OK,Thread Group 1-74,text,true,56844,9341
1386863820088,9538,GET: Show add submission form (roca),200,OK,Thread Group 1-75,text,true,56859,9399
1386863822487,7192,GET: View assignment (rowo),200,OK,Thread Group 1-119,text,true,30978,7059
1386863822639,7090,GET: View assignment (sebr),200,OK,Thread Group 1-123,text,true,30969,6965
1386863826149,3919,POST: Upload file (clad),200,OK,Thread Group 1-57,text,true,8582,3736
1386863826090,4079,POST: Upload file (frma),200,OK,Thread Group 1-52,text,true,8582,3966
1386863822837,7428,GET: View assignment (edco),200,OK,Thread Group 1-121,text,true,30972,7321
1386863822882,7383,GET: View assignment (kapa),200,OK,Thread Group 1-125,text,true,30984,7276
1386863822884,7383,GET: View assignment (shca),200,OK,Thread Group 1-122,text,true,30990,7274
1386863826429,4142,POST: Upload file (mywa),200,OK,Thread Group 1-61,text,true,8582,4025
1386863820378,10257,GET: Show add submission form (viro),200,OK,Thread Group 1-72,text,true,56864,10128
1386863820437,10203,GET: Show add submission form (alfu),200,OK,Thread Group 1-73,text,true,56838,10072
1386863826776,4168,POST: Upload file (boma),200,OK,Thread Group 1-59,text,true,8582,4078
1386863826713,4236,POST: Upload file (defi),200,OK,Thread Group 1-58,text,true,8582,4127
1386863826699,4255,POST: Upload file (masi),200,OK,Thread Group 1-62,text,true,8582,4100
1386863826766,4216,POST: Upload file (emgu),200,OK,Thread Group 1-63,text,true,8582,4115
1386863823358,7627,GET: View assignment (esda),200,OK,Thread Group 1-124,text,true,30978,7516
1386863826816,4272,POST: Upload file (mefig),200,OK,Thread Group 1-64,text,true,8582,4154
1386863823503,7590,GET: View assignment (lone),200,OK,Thread Group 1-127,text,true,30972,7473
1386863823558,7678,GET: View assignment (mawa),200,OK,Thread Group 1-128,text,true,30963,7520
1386863823613,7698,GET: View assignment (raban),200,OK,Thread Group 1-126,text,true,30981,7537
1386863823813,7723,GET: View assignment (cogr),200,OK,Thread Group 1-129,text,true,30984,7662
1386863824031,7876,GET: View assignment (arwi),200,OK,Thread Group 1-132,text,true,30972,7763
1386863827901,4153,POST: Upload file (roby),200,OK,Thread Group 1-65,text,true,8579,4073
1386863827887,4240,POST: Upload file (maca),200,OK,Thread Group 1-66,text,true,8582,4141
1386863827895,4232,POST: Upload file (mamu),200,OK,Thread Group 1-70,text,true,8582,4118
1386863827990,4177,POST: Upload file (mefi),200,OK,Thread Group 1-60,text,true,8582,4087
1386863824333,7836,GET: View assignment (prha),200,OK,Thread Group 1-133,text,true,30981,7712
1386863824310,7862,GET: View assignment (wimi),200,OK,Thread Group 1-131,text,true,30972,7735
1386863828102,4161,POST: Upload file (kagr),200,OK,Thread Group 1-68,text,true,8582,4074
1386863824368,7897,GET: View assignment (mani),200,OK,Thread Group 1-136,text,true,30987,7785
1386863824448,7964,GET: View assignment (rhro),200,OK,Thread Group 1-135,text,true,30987,7855
1386863828286,4129,POST: Upload file (edma),200,OK,Thread Group 1-71,text,true,8582,4017
1386863824510,7962,GET: View assignment (lesp),200,OK,Thread Group 1-138,text,true,30978,7846
1386863824510,7964,GET: View assignment (chpo),200,OK,Thread Group 1-134,text,true,30981,7846
1386863824603,7910,GET: View assignment (befe),200,OK,Thread Group 1-130,text,true,30987,7851
1386863824582,7986,GET: View assignment (dwdi),200,OK,Thread Group 1-137,text,true,30975,7872
1386863825034,7838,GET: View assignment (orli),200,OK,Thread Group 1-140,text,true,30969,7774
1386863825097,7948,GET: View assignment (alho),200,OK,Thread Group 1-139,text,true,30978,7834
1386863825097,7992,GET: View assignment (krba),200,OK,Thread Group 1-141,text,true,30984,7883
1386863829386,3808,POST: Upload file (viad),200,OK,Thread Group 1-69,text,true,8582,3692
1386863829467,3866,POST: Upload file (cesc),200,OK,Thread Group 1-67,text,true,8582,3745
1386863825301,8035,GET: View assignment (clpa),200,OK,Thread Group 1-144,text,true,30978,7880
1386863822729,10670,GET: Show add submission form (olba),200,OK,Thread Group 1-76,text,true,56833,10521
1386863825312,8090,GET: View assignment (rabl),200,OK,Thread Group 1-143,text,true,30972,7938
1386863822792,10612,GET: Show add submission form (jowa),200,OK,Thread Group 1-84,text,true,56839,10459
1386863822836,10659,GET: Show add submission form (edhe),200,OK,Thread Group 1-83,text,true,56839,10481
1386863825454,8043,GET: View assignment (hope),200,OK,Thread Group 1-145,text,true,30978,7862
1386863829633,3864,POST: Upload file (roca),200,OK,Thread Group 1-75,text,true,8582,3735
1386863829571,3926,POST: Upload file (febo),200,OK,Thread Group 1-74,text,true,8582,3758
1386863825301,8197,GET: View assignment (jogi),200,OK,Thread Group 1-142,text,true,30969,8017
1386863822695,10807,GET: Show add submission form (cymc),200,OK,Thread Group 1-78,text,true,56864,10624
1386863822800,10722,GET: Show add submission form (begr),200,OK,Thread Group 1-77,text,true,56859,10582
1386863822836,10688,GET: Show add submission form (cabo),200,OK,Thread Group 1-82,text,true,56839,10545
1386863825564,8010,GET: View assignment (kaca),200,OK,Thread Group 1-149,text,true,30969,7932
1386863825508,8073,GET: View assignment (momo),200,OK,Thread Group 1-148,text,true,30987,7987
1386863822911,10673,GET: Show add submission form (risc),200,OK,Thread Group 1-79,text,true,56859,10539
1386863822912,10675,GET: Show add submission form (erta),200,OK,Thread Group 1-85,text,true,56849,10584
1386863823062,10560,GET: Show add submission form (caco),200,OK,Thread Group 1-81,text,true,56859,10447
1386863825667,7966,GET: View assignment (dafr),200,OK,Thread Group 1-150,text,true,30972,7840
1386863825684,7955,GET: View assignment (anda),200,OK,Thread Group 1-146,text,true,30966,7822
1386863823123,10579,GET: Show add submission form (patu),200,OK,Thread Group 1-87,text,true,56854,10435
1386863823341,10501,POST: Save submission (jafl),200,OK,Thread Group 1-53,text,true,58079,10267
1386863830645,3322,POST: Upload file (viro),200,OK,Thread Group 1-72,text,true,8582,3162
1386863830657,3360,POST: Upload file (alfu),200,OK,Thread Group 1-73,text,true,8579,3239
1386863825855,8211,GET: View assignment (grga),200,OK,Thread Group 1-147,text,true,30969,8102
1386863823397,10721,GET: Show add submission form (caru),200,OK,Thread Group 1-80,text,true,56859,10610
1386863823689,10540,GET: Show add submission form (rosh),200,OK,Thread Group 1-86,text,true,56859,10472
1386863823667,10621,GET: Show add submission form (nosa),200,OK,Thread Group 1-92,text,true,56844,10494
1386863823706,10587,GET: Show add submission form (chmo),200,OK,Thread Group 1-89,text,true,56864,10456
1386863823690,10612,GET: Show add submission form (cagr),200,OK,Thread Group 1-91,text,true,56849,10471
1386863824094,10504,GET: Show add submission form (saha),200,OK,Thread Group 1-95,text,true,56854,10440
1386863824130,10618,GET: Show add submission form (shsa),200,OK,Thread Group 1-93,text,true,56849,10521
1386863824128,10701,GET: Show add submission form (sost),200,OK,Thread Group 1-88,text,true,56844,10523
1386863824131,10701,GET: Show add submission form (lome),200,OK,Thread Group 1-90,text,true,56854,10523
1386863824143,10692,GET: Show add submission form (clri),200,OK,Thread Group 1-94,text,true,56864,10508
1386863824355,11126,GET: Show add submission form (rean),200,OK,Thread Group 1-96,text,true,56864,11013
1386863825022,10507,GET: Show add submission form (brll),200,OK,Thread Group 1-101,text,true,55729,10396
1386863825130,10453,GET: Show add submission form (juha),200,OK,Thread Group 1-104,text,true,55709,10390
1386863825384,10599,GET: Show add submission form (lodo),200,OK,Thread Group 1-103,text,true,55729,10487
1386863825081,10953,POST: Save submission (cada),200,OK,Thread Group 1-50,text,true,58074,10840
1386863825706,10528,GET: Show add submission form (tamo),200,OK,Thread Group 1-105,text,true,55716,10466
1386863825827,10784,GET: Show add submission form (vist),200,OK,Thread Group 1-102,text,true,55749,10670
1386863825922,10736,GET: Show add submission form (fldi),200,OK,Thread Group 1-106,text,true,55729,10628
1386863825384,11326,GET: Show add submission form (sawa),200,OK,Thread Group 1-98,text,true,56823,11213
1386863825374,11497,GET: Show add submission form (lebr),200,OK,Thread Group 1-99,text,true,56839,11273
1386863825384,11557,GET: Show add submission form (limu),200,OK,Thread Group 1-100,text,true,56844,11314
1386863825423,11518,GET: Show add submission form (mepa),200,OK,Thread Group 1-97,text,true,56849,11341
1386863833409,4134,POST: Upload file (olba),200,OK,Thread Group 1-76,text,true,8579,4073
1386863833603,3994,POST: Upload file (erta),200,OK,Thread Group 1-85,text,true,8582,3901
1386863833422,4178,POST: Upload file (jowa),200,OK,Thread Group 1-84,text,true,8582,4071
1386863833553,4049,POST: Upload file (cymc),200,OK,Thread Group 1-78,text,true,8582,3953
1386863833507,4109,POST: Upload file (edhe),200,OK,Thread Group 1-83,text,true,8582,3989
1386863833577,4084,POST: Upload file (begr),200,OK,Thread Group 1-77,text,true,8582,3995
1386863833557,4105,POST: Upload file (cabo),200,OK,Thread Group 1-82,text,true,8582,4020
1386863833603,4165,POST: Upload file (risc),200,OK,Thread Group 1-79,text,true,8582,4013
1386863833638,4243,POST: Upload file (caco),200,OK,Thread Group 1-81,text,true,8582,4038
1386863833718,4210,POST: Upload file (patu),200,OK,Thread Group 1-87,text,true,8582,4097
1386863826627,11350,GET: Show add submission form (brgr),200,OK,Thread Group 1-107,text,true,55724,11243
1386863826494,11683,POST: Save submission (rawa),200,OK,Thread Group 1-55,text,true,58069,11573
1386863826812,11418,GET: Show add submission form (roto),200,OK,Thread Group 1-109,text,true,55734,11307
1386863826775,11455,GET: Show add submission form (loch),200,OK,Thread Group 1-110,text,true,55729,11344
1386863826913,11321,GET: Show add submission form (dere),200,OK,Thread Group 1-108,text,true,55724,11206
1386863826551,11726,POST: Save submission (deke),200,OK,Thread Group 1-56,text,true,58079,11666
1386863827186,11278,GET: Show add submission form (frmu),200,OK,Thread Group 1-113,text,true,55729,11215
1386863834128,4535,POST: Upload file (caru),200,OK,Thread Group 1-80,text,true,8582,4427
1386863827312,11450,GET: Show add submission form (pada),200,OK,Thread Group 1-118,text,true,55739,11272
1386863834245,4637,POST: Upload file (rosh),200,OK,Thread Group 1-86,text,true,8582,4464
1386863827358,11525,GET: Show add submission form (crbi),200,OK,Thread Group 1-111,text,true,55739,11293
1386863827471,11506,GET: Show add submission form (debu),200,OK,Thread Group 1-116,text,true,55729,11278
1386863834319,4827,POST: Upload file (cagr),200,OK,Thread Group 1-91,text,true,8582,4697
1386863834304,4902,POST: Upload file (nosa),200,OK,Thread Group 1-92,text,true,8582,4801
1386863834317,4891,POST: Upload file (chmo),200,OK,Thread Group 1-89,text,true,8582,4711
1386863827074,12236,POST: Save submission (agra),200,OK,Thread Group 1-49,text,true,58074,12120
1386863834610,4746,POST: Upload file (saha),200,OK,Thread Group 1-95,text,true,8582,4663
1386863834755,4660,POST: Upload file (shsa),200,OK,Thread Group 1-93,text,true,8582,4553
1386863834842,4576,POST: Upload file (lome),200,OK,Thread Group 1-90,text,true,8582,4485
1386863834842,4612,POST: Upload file (clri),200,OK,Thread Group 1-94,text,true,8582,4519
1386863834836,4680,POST: Upload file (sost),200,OK,Thread Group 1-88,text,true,8582,4575
1386863827981,11540,GET: Show add submission form (visu),200,OK,Thread Group 1-115,text,true,55741,11416
1386863828027,11495,GET: Show add submission form (mawe),200,OK,Thread Group 1-112,text,true,55719,11375
1386863835489,4065,POST: Upload file (rean),200,OK,Thread Group 1-96,text,true,8582,3987
1386863828027,11534,GET: Show add submission form (memo),200,OK,Thread Group 1-114,text,true,55724,11419
1386863835537,4187,POST: Upload file (brll),200,OK,Thread Group 1-101,text,true,8582,4107
1386863828483,11287,GET: Show add submission form (dico),200,OK,Thread Group 1-117,text,true,55719,11172
1386863835593,4223,POST: Upload file (juha),200,OK,Thread Group 1-104,text,true,8582,4158
1386863835991,4385,POST: Upload file (lodo),200,OK,Thread Group 1-103,text,true,8582,4254
1386863829228,11244,GET: Show add submission form (nepr),200,OK,Thread Group 1-120,text,true,55724,11186
1386863836243,4532,POST: Upload file (tamo),200,OK,Thread Group 1-105,text,true,8579,4462
1386863836719,4180,POST: Upload file (sawa),200,OK,Thread Group 1-98,text,true,8579,4068
1386863836666,4290,POST: Upload file (fldi),200,OK,Thread Group 1-106,text,true,8582,4183
1386863836618,4338,POST: Upload file (vist),200,OK,Thread Group 1-102,text,true,8582,4235
1386863836948,4010,POST: Upload file (limu),200,OK,Thread Group 1-100,text,true,8582,3921
1386863829737,11266,GET: Show add submission form (sebr),200,OK,Thread Group 1-123,text,true,55714,11155
1386863829687,11318,GET: Show add submission form (rowo),200,OK,Thread Group 1-119,text,true,55729,11203
1386863829344,11706,POST: Save submission (albe),200,OK,Thread Group 1-51,text,true,58074,11596
1386863836880,4174,POST: Upload file (lebr),200,OK,Thread Group 1-99,text,true,8582,4079
1386863836948,4162,POST: Upload file (mepa),200,OK,Thread Group 1-97,text,true,8582,4043
1386863829460,11649,POST: Save submission (llfl),200,OK,Thread Group 1-54,text,true,58069,11531
1386863830271,10889,GET: Show add submission form (edco),200,OK,Thread Group 1-121,text,true,55719,10820
1386863830277,10933,GET: Show add submission form (shca),200,OK,Thread Group 1-122,text,true,55749,10813
1386863830073,11537,POST: Save submission (clad),200,OK,Thread Group 1-57,text,true,58079,11176
1386863830176,11435,POST: Save submission (frma),200,OK,Thread Group 1-52,text,true,58094,11173
1386863837984,3857,POST: Upload file (brgr),200,OK,Thread Group 1-107,text,true,8582,3757
1386863830271,11647,GET: Show add submission form (kapa),200,OK,Thread Group 1-125,text,true,55739,10822
1386863830580,11340,POST: Save submission (mywa),200,OK,Thread Group 1-61,text,true,58084,11172
1386863838254,3708,POST: Upload file (dere),200,OK,Thread Group 1-108,text,true,8582,3594
1386863838238,3728,POST: Upload file (roto),200,OK,Thread Group 1-109,text,true,8582,3648
1386863831005,10962,GET: Show add submission form (esda),200,OK,Thread Group 1-124,text,true,55729,10824
1386863838239,3776,POST: Upload file (loch),200,OK,Thread Group 1-110,text,true,8582,3678
1386863831104,10910,GET: Show add submission form (lone),200,OK,Thread Group 1-127,text,true,55719,10800
1386863831319,10746,GET: Show add submission form (raban),200,OK,Thread Group 1-126,text,true,55734,10634
1386863831249,10816,GET: Show add submission form (mawa),200,OK,Thread Group 1-128,text,true,55704,10703
1386863838474,3596,POST: Upload file (frmu),200,OK,Thread Group 1-113,text,true,8582,3506
1386863830951,11166,POST: Save submission (boma),200,OK,Thread Group 1-59,text,true,58089,11052
1386863830963,11156,POST: Save submission (defi),200,OK,Thread Group 1-58,text,true,58074,11040
1386863830985,11183,POST: Save submission (masi),200,OK,Thread Group 1-62,text,true,58074,11067
1386863830999,11170,POST: Save submission (emgu),200,OK,Thread Group 1-63,text,true,58084,11054
1386863838773,3437,POST: Upload file (pada),200,OK,Thread Group 1-118,text,true,8582,3337
1386863831545,10672,GET: Show add submission form (cogr),200,OK,Thread Group 1-129,text,true,55739,10566
1386863838891,3415,POST: Upload file (crbi),200,OK,Thread Group 1-111,text,true,8582,3291
1386863831096,11218,POST: Save submission (mefig),200,OK,Thread Group 1-64,text,true,58094,11060
1386863838987,3467,POST: Upload file (debu),200,OK,Thread Group 1-116,text,true,8582,3248
1386863831914,10665,GET: Show add submission form (arwi),200,OK,Thread Group 1-132,text,true,55716,10527
1386863832182,10560,GET: Show add submission form (wimi),200,OK,Thread Group 1-131,text,true,55719,10446
1386863832180,10609,GET: Show add submission form (prha),200,OK,Thread Group 1-133,text,true,55734,10498
1386863832277,10515,GET: Show add submission form (mani),200,OK,Thread Group 1-136,text,true,55744,10402
1386863839536,3434,POST: Upload file (visu),200,OK,Thread Group 1-115,text,true,8579,3355
1386863839537,3482,POST: Upload file (mawe),200,OK,Thread Group 1-112,text,true,8582,3407
1386863832061,11022,POST: Save submission (roby),200,OK,Thread Group 1-65,text,true,58055,10893
1386863832487,10592,GET: Show add submission form (chpo),200,OK,Thread Group 1-134,text,true,55734,10469
1386863832418,10669,GET: Show add submission form (rhro),200,OK,Thread Group 1-135,text,true,55744,10537
1386863832483,10607,GET: Show add submission form (lesp),200,OK,Thread Group 1-138,text,true,55729,10472
1386863839567,3524,POST: Upload file (memo),200,OK,Thread Group 1-114,text,true,8582,3407
1386863832136,10957,POST: Save submission (mamu),200,OK,Thread Group 1-70,text,true,58089,10819
1386863832521,10641,GET: Show add submission form (befe),200,OK,Thread Group 1-130,text,true,55744,10485
1386863832136,11027,POST: Save submission (maca),200,OK,Thread Group 1-66,text,true,58079,10871
1386863839794,3373,POST: Upload file (dico),200,OK,Thread Group 1-117,text,true,8582,3231
1386863832578,10589,GET: Show add submission form (dwdi),200,OK,Thread Group 1-137,text,true,55724,10428
1386863832175,10995,POST: Save submission (mefi),200,OK,Thread Group 1-60,text,true,58104,10830
1386863832272,10933,POST: Save submission (kagr),200,OK,Thread Group 1-68,text,true,58069,10791
1386863832426,10888,POST: Save submission (edma),200,OK,Thread Group 1-71,text,true,58069,10772
1386863832878,10435,GET: Show add submission form (orli),200,OK,Thread Group 1-140,text,true,55714,10320
1386863833063,10554,GET: Show add submission form (alho),200,OK,Thread Group 1-139,text,true,55729,10321
1386863833094,10575,GET: Show add submission form (krba),200,OK,Thread Group 1-141,text,true,55739,10442
1386863840480,3559,POST: Upload file (nepr),200,OK,Thread Group 1-120,text,true,8582,3417
1386863833355,10766,GET: Show add submission form (clpa),200,OK,Thread Group 1-144,text,true,55729,10570
1386863833416,10818,GET: Show add submission form (rabl),200,OK,Thread Group 1-143,text,true,55719,10684
1386863833206,11079,POST: Save submission (viad),200,OK,Thread Group 1-69,text,true,58074,10962
1386863833533,10754,GET: Show add submission form (jogi),200,OK,Thread Group 1-142,text,true,55714,10635
1386863833509,10778,GET: Show add submission form (hope),200,OK,Thread Group 1-145,text,true,55729,10657
1386863833593,10747,GET: Show add submission form (kaca),200,OK,Thread Group 1-149,text,true,55714,10633
1386863833594,10751,GET: Show add submission form (momo),200,OK,Thread Group 1-148,text,true,55744,10632
1386863841010,3539,POST: Upload file (rowo),200,OK,Thread Group 1-119,text,true,8582,3431
1386863833341,11218,POST: Save submission (cesc),200,OK,Thread Group 1-67,text,true,58074,10984
1386863833676,10939,GET: Show add submission form (anda),200,OK,Thread Group 1-146,text,true,55709,10809
1386863833654,10961,GET: Show add submission form (dafr),200,OK,Thread Group 1-150,text,true,55719,10830
1386863841010,3654,POST: Upload file (sebr),200,OK,Thread Group 1-123,text,true,8582,3544
1386863841219,3450,POST: Upload file (shca),200,OK,Thread Group 1-122,text,true,8582,3361
1386863833510,11255,POST: Save submission (febo),200,OK,Thread Group 1-74,text,true,58074,11142
1386863833533,11233,POST: Save submission (roca),200,OK,Thread Group 1-75,text,true,58089,11122
1386863841169,3641,POST: Upload file (edco),200,OK,Thread Group 1-121,text,true,8582,3528
1386863834075,11096,GET: Show add submission form (grga),200,OK,Thread Group 1-147,text,true,55714,11035
1386863842072,3920,POST: Upload file (raban),200,OK,Thread Group 1-126,text,true,8582,3440
1386863842228,3767,POST: Upload file (cogr),200,OK,Thread Group 1-129,text,true,8582,3370
1386863842073,3921,POST: Upload file (mawa),200,OK,Thread Group 1-128,text,true,8582,3441
1386863841982,4013,POST: Upload file (esda),200,OK,Thread Group 1-124,text,true,8582,3550
1386863841923,4073,POST: Upload file (kapa),200,OK,Thread Group 1-125,text,true,8582,3411
1386863842021,3978,POST: Upload file (lone),200,OK,Thread Group 1-127,text,true,8582,3525
1386863833973,12029,POST: Save submission (viro),200,OK,Thread Group 1-72,text,true,58094,11339
1386863842803,3199,POST: Upload file (mani),200,OK,Thread Group 1-136,text,true,8582,2881
1386863834023,11981,POST: Save submission (alfu),200,OK,Thread Group 1-73,text,true,58065,11289
1386863842585,3418,POST: Upload file (arwi),200,OK,Thread Group 1-132,text,true,8579,3123
1386863842750,3257,POST: Upload file (wimi),200,OK,Thread Group 1-131,text,true,8582,2918
1386863842794,3550,POST: Upload file (prha),200,OK,Thread Group 1-133,text,true,8582,3469
1386863843112,3314,POST: Upload file (lesp),200,OK,Thread Group 1-138,text,true,8582,3189
1386863843173,3256,POST: Upload file (befe),200,OK,Thread Group 1-130,text,true,8582,3142
1386863843094,3336,POST: Upload file (chpo),200,OK,Thread Group 1-134,text,true,8582,3194
1386863843111,3320,POST: Upload file (rhro),200,OK,Thread Group 1-135,text,true,8582,3186
1386863843184,3471,POST: Upload file (dwdi),200,OK,Thread Group 1-137,text,true,8582,3367
1386863843319,3390,POST: Upload file (orli),200,OK,Thread Group 1-140,text,true,8582,3309
1386863843675,3084,POST: Upload file (krba),200,OK,Thread Group 1-141,text,true,8582,2984
1386863844238,3189,POST: Upload file (rabl),200,OK,Thread Group 1-143,text,true,8582,2816
1386863844358,3070,POST: Upload file (momo),200,OK,Thread Group 1-148,text,true,8582,2657
1386863844623,2805,POST: Upload file (anda),200,OK,Thread Group 1-146,text,true,8582,2555
1386863844293,3135,POST: Upload file (hope),200,OK,Thread Group 1-145,text,true,8582,2732
1386863844346,3083,POST: Upload file (kaca),200,OK,Thread Group 1-149,text,true,8582,2650
1386863844127,3302,POST: Upload file (clpa),200,OK,Thread Group 1-144,text,true,8582,2877
1386863845182,2248,POST: Upload file (grga),200,OK,Thread Group 1-147,text,true,8582,1947
1386863844293,3137,POST: Upload file (jogi),200,OK,Thread Group 1-142,text,true,8582,2708
1386863844624,2841,POST: Upload file (dafr),200,OK,Thread Group 1-150,text,true,8582,2644
1386863837936,9626,POST: Save submission (patu),200,OK,Thread Group 1-87,text,true,58084,9462
1386863837667,9902,POST: Save submission (begr),200,OK,Thread Group 1-77,text,true,58089,9731
1386863837549,10022,POST: Save submission (olba),200,OK,Thread Group 1-76,text,true,58060,9844
1386863837887,9690,POST: Save submission (caco),200,OK,Thread Group 1-81,text,true,58089,9510
1386863837609,9970,POST: Save submission (cymc),200,OK,Thread Group 1-78,text,true,58094,9789
1386863837623,9961,POST: Save submission (edhe),200,OK,Thread Group 1-83,text,true,58069,9771
1386863837605,9985,POST: Save submission (erta),200,OK,Thread Group 1-85,text,true,58079,9793
1386863837617,9974,POST: Save submission (jowa),200,OK,Thread Group 1-84,text,true,58069,9780
1386863837674,9917,POST: Save submission (cabo),200,OK,Thread Group 1-82,text,true,58069,9724
1386863837777,9815,POST: Save submission (risc),200,OK,Thread Group 1-79,text,true,58089,9619
1386863838887,8770,POST: Save submission (rosh),200,OK,Thread Group 1-86,text,true,58089,8564
1386863840903,6766,POST: Save submission (sawa),200,OK,Thread Group 1-98,text,true,58050,6557
1386863841120,6561,POST: Save submission (mepa),200,OK,Thread Group 1-97,text,true,58079,6341
1386863839421,8261,POST: Save submission (shsa),200,OK,Thread Group 1-93,text,true,58079,8033
1386863839363,8322,POST: Save submission (saha),200,OK,Thread Group 1-95,text,true,58084,8089
1386863843621,4065,POST: Upload file (alho),200,OK,Thread Group 1-139,text,true,8582,3141
1386863838669,9020,POST: Save submission (caru),200,OK,Thread Group 1-80,text,true,58089,8782
1386863840971,6718,POST: Save submission (limu),200,OK,Thread Group 1-100,text,true,58074,6488
1386863839428,8266,POST: Save submission (lome),200,OK,Thread Group 1-90,text,true,58084,8024
1386863839527,8171,POST: Save submission (sost),200,OK,Thread Group 1-88,text,true,58074,7933
1386863841066,6631,POST: Save submission (lebr),200,OK,Thread Group 1-99,text,true,58069,6394
1386863839219,8484,POST: Save submission (chmo),200,OK,Thread Group 1-89,text,true,58094,8238
1386863839212,8495,POST: Save submission (nosa),200,OK,Thread Group 1-92,text,true,58074,8242
1386863839561,8148,POST: Save submission (rean),200,OK,Thread Group 1-96,text,true,58094,7893
1386863839154,8556,POST: Save submission (cagr),200,OK,Thread Group 1-91,text,true,58079,8303
1386863839464,8246,POST: Save submission (clri),200,OK,Thread Group 1-94,text,true,58094,7992
1386863839821,119615,POST: Save submission (juha),200,OK,Thread Group 1-104,text,true,33222,118812
1386863840386,119051,POST: Save submission (lodo),200,OK,Thread Group 1-103,text,true,33234,118389
1386863839739,120016,POST: Save submission (brll),200,OK,Thread Group 1-101,text,true,33234,119439
1386863840963,119357,POST: Save submission (fldi),200,OK,Thread Group 1-106,text,true,33234,118796
1386863840963,119517,POST: Save submission (vist),200,OK,Thread Group 1-102,text,true,33246,118962
1386863840778,119860,POST: Save submission (tamo),200,OK,Thread Group 1-105,text,true,33228,119249
1386863842458,118269,POST: Save submission (debu),200,OK,Thread Group 1-116,text,true,33234,117567
1386863842316,118516,POST: Save submission (crbi),200,OK,Thread Group 1-111,text,true,33240,117857
1386863842079,118832,POST: Save submission (frmu),200,OK,Thread Group 1-113,text,true,33234,118195
1386863841973,119057,POST: Save submission (roto),200,OK,Thread Group 1-109,text,true,33237,118352
1386863841966,119175,POST: Save submission (dere),200,OK,Thread Group 1-108,text,true,33231,118461
1386863843023,118250,POST: Save submission (mawe),200,OK,Thread Group 1-112,text,true,33228,117459
1386863843117,118182,POST: Save submission (memo),200,OK,Thread Group 1-114,text,true,33231,117420
1386863842218,119110,POST: Save submission (pada),200,OK,Thread Group 1-118,text,true,33240,118422
1386863842020,119543,POST: Save submission (loch),200,OK,Thread Group 1-110,text,true,33234,118814
1386863844562,117092,POST: Save submission (rowo),200,OK,Thread Group 1-119,text,true,33234,116271
1386863846765,115094,POST: Save submission (krba),200,OK,Thread Group 1-141,text,true,33240,114447
1386863846029,115897,POST: Save submission (arwi),200,OK,Thread Group 1-132,text,true,33228,115197
1386863842975,119282,POST: Save submission (visu),200,OK,Thread Group 1-115,text,true,33243,118367
1386863847444,114820,POST: Save submission (jogi),200,OK,Thread Group 1-142,text,true,33225,113848
1386863841844,120431,POST: Save submission (brgr),200,OK,Thread Group 1-107,text,true,33231,119448
1386863844045,118313,POST: Save submission (nepr),200,OK,Thread Group 1-120,text,true,33231,117298
1386863844676,117694,POST: Save submission (sebr),200,OK,Thread Group 1-123,text,true,33225,116622
1386863843183,119188,POST: Save submission (dico),200,OK,Thread Group 1-117,text,true,33228,118118
1386863846432,115980,POST: Save submission (lesp),200,OK,Thread Group 1-138,text,true,33234,115042
1386863846020,116394,POST: Save submission (mani),200,OK,Thread Group 1-136,text,true,33243,115539
1386863846001,116521,POST: Save submission (raban),200,OK,Thread Group 1-126,text,true,33237,115556
1386863846660,116078,POST: Save submission (dwdi),200,OK,Thread Group 1-137,text,true,33231,115072
1386863844816,117966,POST: Save submission (edco),200,OK,Thread Group 1-121,text,true,33228,116846
1386863846034,116803,POST: Save submission (wimi),200,OK,Thread Group 1-131,text,true,33228,115697
1386863846020,116817,POST: Save submission (lone),200,OK,Thread Group 1-127,text,true,33228,115851
1386863846011,116835,POST: Save submission (esda),200,OK,Thread Group 1-124,text,true,33234,115783
1386863846009,116902,POST: Save submission (cogr),200,OK,Thread Group 1-129,text,true,33240,115932
1386863846349,116570,POST: Save submission (prha),200,OK,Thread Group 1-133,text,true,33237,115640
1386863847437,115522,POST: Save submission (momo),200,OK,Thread Group 1-148,text,true,33243,114553
1386863846437,116522,POST: Save submission (befe),200,OK,Thread Group 1-130,text,true,33243,115541
1386863846013,116957,POST: Save submission (kapa),200,OK,Thread Group 1-125,text,true,33240,116024
1386863844681,118294,POST: Save submission (shca),200,OK,Thread Group 1-122,text,true,33246,117309
1386863847477,115534,POST: Save submission (dafr),200,OK,Thread Group 1-150,text,true,33228,114742
1386863846437,116576,POST: Save submission (rhro),200,OK,Thread Group 1-135,text,true,33243,115780
1386863846438,116579,POST: Save submission (chpo),200,OK,Thread Group 1-134,text,true,33237,115832
1386863847443,115586,POST: Save submission (kaca),200,OK,Thread Group 1-149,text,true,33225,114704
1386863847444,115588,POST: Save submission (hope),200,OK,Thread Group 1-145,text,true,33234,114585
1386863846714,116346,POST: Save submission (orli),200,OK,Thread Group 1-140,text,true,33225,115655
1386863847444,115664,POST: Save submission (grga),200,OK,Thread Group 1-147,text,true,33225,115018
1386863847438,115717,POST: Save submission (anda),200,OK,Thread Group 1-146,text,true,33222,115028
1386863847445,115764,POST: Save submission (clpa),200,OK,Thread Group 1-144,text,true,33234,115086
1386863846009,117251,POST: Save submission (mawa),200,OK,Thread Group 1-128,text,true,33219,116523
1386863847436,115824,POST: Save submission (rabl),200,OK,Thread Group 1-143,text,true,33228,115085
1386863847735,115575,POST: Save submission (alho),200,OK,Thread Group 1-139,text,true,33234,114953
