1386865096029,292,GET: Login (huba),200,OK,Thread Group 1-1,text,true,11533,256
1386865096116,258,GET: Login (sojo),200,OK,Thread Group 1-3,text,true,11533,174
1386865096029,345,GET: Login (tyll),200,OK,Thread Group 1-2,text,true,11533,256
1386865096308,188,GET: Login (raba),200,OK,Thread Group 1-4,text,true,11533,134
1386865096508,146,GET: Login (cach),200,OK,Thread Group 1-5,text,true,11533,91
1386865096715,190,GET: Login (guwa),200,OK,Thread Group 1-6,text,true,11533,111
1386865096919,187,GET: Login (nilu),200,OK,Thread Group 1-7,text,true,11533,110
1386865097117,189,GET: Login (calo),200,OK,Thread Group 1-8,text,true,11533,114
1386865097321,202,GET: Login (trca),200,OK,Thread Group 1-9,text,true,11533,112
1386865097523,251,GET: Login (gemo),200,OK,Thread Group 1-10,text,true,11533,172
1386865097722,291,GET: Login (wewe),200,OK,Thread Group 1-11,text,true,11533,166
1386865097930,254,GET: Login (sest),200,OK,Thread Group 1-12,text,true,11533,178
1386865098129,255,GET: Login (juga),200,OK,Thread Group 1-13,text,true,11533,169
1386865098335,284,GET: Login (raha),200,OK,Thread Group 1-14,text,true,11533,159
1386865098534,320,GET: Login (daha),200,OK,Thread Group 1-15,text,true,11533,195
1386865098736,325,GET: Login (shbe),200,OK,Thread Group 1-16,text,true,11533,210
1386865098939,273,GET: Login (amgr),200,OK,Thread Group 1-17,text,true,11533,159
1386865099141,223,GET: Login (maga),200,OK,Thread Group 1-18,text,true,11533,135
1386865099341,322,GET: Login (cenu),200,OK,Thread Group 1-19,text,true,11533,243
1386865099543,274,GET: Login (caph),200,OK,Thread Group 1-20,text,true,11533,184
1386865099747,302,GET: Login (joch),200,OK,Thread Group 1-21,text,true,11533,210
1386865099948,307,GET: Login (jade),200,OK,Thread Group 1-22,text,true,11533,195
1386865100151,299,GET: Login (bola),200,OK,Thread Group 1-23,text,true,11533,195
1386865100355,245,GET: Login (glbl),200,OK,Thread Group 1-24,text,true,11533,184
1386865100555,321,GET: Login (masm),200,OK,Thread Group 1-25,text,true,11533,211
1386865100757,356,GET: Login (jufe),200,OK,Thread Group 1-26,text,true,11533,288
1386865101044,334,GET: Login (jehu),200,OK,Thread Group 1-27,text,true,11533,224
1386865101164,340,GET: Login (mawh),200,OK,Thread Group 1-28,text,true,11533,245
1386865101369,319,GET: Login (irmo),200,OK,Thread Group 1-29,text,true,11533,243
1386865101575,354,GET: Login (gopa),200,OK,Thread Group 1-30,text,true,11533,254
1386865101778,352,GET: Login (maco),200,OK,Thread Group 1-31,text,true,11533,248
1386865101972,393,GET: Login (alto),200,OK,Thread Group 1-32,text,true,11533,232
1386865102174,452,GET: Login (evpa),200,OK,Thread Group 1-33,text,true,11533,347
1386865102378,1128,GET: Login (flco),200,OK,Thread Group 1-34,text,true,11533,1053
1386865102585,932,GET: Login (cogl),200,OK,Thread Group 1-35,text,true,11533,845
1386865102993,1769,GET: Login (tatr),200,OK,Thread Group 1-37,text,true,11533,1685
1386865103388,1551,GET: Login (yvgr),200,OK,Thread Group 1-39,text,true,11533,1414
1386865103187,1878,GET: Login (mach),200,OK,Thread Group 1-38,text,true,11533,1783
1386865102805,2283,GET: Login (anba),200,OK,Thread Group 1-36,text,true,11533,2149
1386865104193,2179,GET: Login (nahe),200,OK,Thread Group 1-43,text,true,11533,2029
1386865103789,2620,GET: Login (dego),200,OK,Thread Group 1-41,text,true,11533,2512
1386865103997,2413,GET: Login (mica),200,OK,Thread Group 1-42,text,true,11533,2229
1386865103601,2815,GET: Login (elcu),200,OK,Thread Group 1-40,text,true,11533,2637
1386865104399,2141,GET: Login (kely),200,OK,Thread Group 1-44,text,true,11533,1928
1386865104633,1925,GET: Login (thte),200,OK,Thread Group 1-45,text,true,11533,1728
1386865101526,4991,POST: Login (mawh),200,OK,Thread Group 1-28,text,true,319598,1743
1386865099679,6922,POST: Login (cenu),200,OK,Thread Group 1-19,text,true,319600,1943
1386865096917,9793,POST: Login (guwa),200,OK,Thread Group 1-6,text,true,319604,741
1386865105008,1909,GET: Login (kava),200,OK,Thread Group 1-47,text,true,11533,1545
1386865104809,2112,GET: Login (dafo),200,OK,Thread Group 1-46,text,true,11533,1760
1386865097531,9450,POST: Login (trca),200,OK,Thread Group 1-9,text,true,319592,787
1386865101972,5040,POST: Login (gopa),200,OK,Thread Group 1-30,text,true,319600,1683
1386865101402,5636,POST: Login (jehu),200,OK,Thread Group 1-27,text,true,319596,1728
1386865100885,6195,POST: Login (masm),200,OK,Thread Group 1-25,text,true,319602,1791
1386865101128,5953,POST: Login (jufe),200,OK,Thread Group 1-26,text,true,319600,1697
1386865100463,6631,POST: Login (bola),200,OK,Thread Group 1-23,text,true,319600,1965
1386865100267,6834,POST: Login (jade),200,OK,Thread Group 1-22,text,true,319590,1813
1386865100061,7063,POST: Login (joch),200,OK,Thread Group 1-21,text,true,319606,1922
1386865099830,7297,POST: Login (caph),200,OK,Thread Group 1-20,text,true,319600,1849
1386865100609,6542,POST: Login (glbl),200,OK,Thread Group 1-24,text,true,319596,1978
1386865098867,8296,POST: Login (daha),200,OK,Thread Group 1-15,text,true,319596,1241
1386865097119,10052,POST: Login (nilu),200,OK,Thread Group 1-7,text,true,319592,729
1386865099379,7795,POST: Login (maga),200,OK,Thread Group 1-18,text,true,319602,1805
1386865099223,7960,POST: Login (amgr),200,OK,Thread Group 1-17,text,true,319600,1428
1386865099072,8118,POST: Login (shbe),200,OK,Thread Group 1-16,text,true,319596,1429
1386865098625,8571,POST: Login (raha),200,OK,Thread Group 1-14,text,true,319606,1314
1386865096660,10547,POST: Login (cach),200,OK,Thread Group 1-5,text,true,319600,697
1386865096501,10708,POST: Login (raba),200,OK,Thread Group 1-4,text,true,319600,757
1386865096348,10874,POST: Login (huba),200,OK,Thread Group 1-1,text,true,319598,759
1386865098192,9036,POST: Login (sest),200,OK,Thread Group 1-12,text,true,319598,1223
1386865098393,8905,POST: Login (juga),200,OK,Thread Group 1-13,text,true,319596,1169
1386865097312,10001,POST: Login (calo),200,OK,Thread Group 1-8,text,true,319594,815
1386865097781,9549,POST: Login (gemo),200,OK,Thread Group 1-10,text,true,319604,1198
1386865102140,5617,POST: Login (maco),200,OK,Thread Group 1-31,text,true,319604,1615
1386865102391,5439,POST: Login (alto),200,OK,Thread Group 1-32,text,true,319592,1471
1386865101720,6124,POST: Login (irmo),200,OK,Thread Group 1-29,text,true,319598,1685
1386865098019,9908,POST: Login (wewe),200,OK,Thread Group 1-11,text,true,319596,1244
1386865096382,11666,POST: Login (sojo),200,OK,Thread Group 1-3,text,true,319604,776
1386865096382,11683,POST: Login (tyll),200,OK,Thread Group 1-2,text,true,319596,776
1386865105608,2479,GET: Login (cada),200,OK,Thread Group 1-50,text,true,11533,2311
1386865105458,2631,GET: Login (agra),200,OK,Thread Group 1-49,text,true,11533,2445
1386865106633,1472,GET: Login (rawa),200,OK,Thread Group 1-55,text,true,11533,1312
1386865105237,2888,GET: Login (ligi),200,OK,Thread Group 1-48,text,true,11533,2761
1386865107034,1268,GET: Login (clad),200,OK,Thread Group 1-57,text,true,11533,1207
1386865107230,1158,GET: Login (defi),200,OK,Thread Group 1-58,text,true,11533,1079
1386865106261,2178,GET: Login (jafl),200,OK,Thread Group 1-53,text,true,11533,2077
1386865105852,2653,GET: Login (albe),200,OK,Thread Group 1-51,text,true,11533,2510
1386865106827,1687,GET: Login (deke),200,OK,Thread Group 1-56,text,true,11533,1542
1386865106018,2516,GET: Login (frma),200,OK,Thread Group 1-52,text,true,11533,2359
1386865106466,2088,GET: Login (llfl),200,OK,Thread Group 1-54,text,true,11533,1937
1386865107417,1163,GET: Login (boma),200,OK,Thread Group 1-59,text,true,11533,968
1386865102639,6092,POST: Login (evpa),200,OK,Thread Group 1-33,text,true,319598,1373
1386865107657,1115,GET: Login (mefi),200,OK,Thread Group 1-60,text,true,11533,1043
1386865107842,1220,GET: Login (mywa),200,OK,Thread Group 1-61,text,true,11533,1051
1386865108046,1379,GET: Login (masi),200,OK,Thread Group 1-62,text,true,11533,1280
1386865108286,1244,GET: Login (emgu),200,OK,Thread Group 1-63,text,true,11533,1181
1386865108433,1281,GET: Login (mefig),200,OK,Thread Group 1-64,text,true,11533,1210
1386865103529,6232,POST: Login (flco),200,OK,Thread Group 1-34,text,true,319592,1387
1386865107274,2585,GET: View assignment (cenu),200,OK,Thread Group 1-19,text,true,32302,2471
1386865108622,1285,GET: Login (roby),200,OK,Thread Group 1-65,text,true,11533,1223
1386865107051,3145,GET: View assignment (mawh),200,OK,Thread Group 1-28,text,true,32299,2899
1386865108850,1565,GET: Login (maca),200,OK,Thread Group 1-66,text,true,11533,1501
1386865103615,6835,POST: Login (cogl),200,OK,Thread Group 1-35,text,true,319598,1844
1386865107561,3117,GET: View assignment (guwa),200,OK,Thread Group 1-6,text,true,32306,2954
1386865109041,1643,GET: Login (cesc),200,OK,Thread Group 1-67,text,true,11533,1554
1386865109225,1841,GET: Login (kagr),200,OK,Thread Group 1-68,text,true,11533,1733
1386865107982,3433,GET: View assignment (gopa),200,OK,Thread Group 1-30,text,true,32302,3245
1386865109440,2050,GET: Login (viad),200,OK,Thread Group 1-69,text,true,11533,1920
1386865109637,1957,GET: Login (mamu),200,OK,Thread Group 1-70,text,true,11533,1846
1386865108143,3458,GET: View assignment (jufe),200,OK,Thread Group 1-26,text,true,32302,3282
1386865107981,3698,GET: View assignment (trca),200,OK,Thread Group 1-9,text,true,32290,3494
1386865108134,3577,GET: View assignment (masm),200,OK,Thread Group 1-25,text,true,32305,3394
1386865108132,3637,GET: View assignment (jehu),200,OK,Thread Group 1-27,text,true,32296,3496
1386865109842,1965,GET: Login (edma),200,OK,Thread Group 1-71,text,true,11533,1860
1386865110067,2002,GET: Login (viro),200,OK,Thread Group 1-72,text,true,11533,1900
1386865108386,3691,GET: View assignment (bola),200,OK,Thread Group 1-23,text,true,32302,3524
1386865110234,1967,GET: Login (alfu),200,OK,Thread Group 1-73,text,true,11533,1805
1386865110451,1960,GET: Login (febo),200,OK,Thread Group 1-74,text,true,11533,1768
1386865108414,4000,GET: View assignment (caph),200,OK,Thread Group 1-20,text,true,32302,3696
1386865110636,1798,GET: Login (roca),200,OK,Thread Group 1-75,text,true,11533,1778
1386865108396,4092,GET: View assignment (joch),200,OK,Thread Group 1-21,text,true,32311,4015
1386865108445,4059,GET: View assignment (maga),200,OK,Thread Group 1-18,text,true,32305,3970
1386865108443,4063,GET: View assignment (nilu),200,OK,Thread Group 1-7,text,true,32288,3971
1386865108396,4112,GET: View assignment (jade),200,OK,Thread Group 1-22,text,true,32287,4015
1386865108438,4107,GET: View assignment (glbl),200,OK,Thread Group 1-24,text,true,32296,3997
1386865110864,1684,GET: Login (olba),200,OK,Thread Group 1-76,text,true,11533,1596
1386865108443,4110,GET: View assignment (amgr),200,OK,Thread Group 1-17,text,true,32302,3978
1386865108540,4019,GET: View assignment (raha),200,OK,Thread Group 1-14,text,true,32311,3882
1386865108544,4018,GET: View assignment (raba),200,OK,Thread Group 1-4,text,true,32300,3891
1386865108542,4030,GET: View assignment (cach),200,OK,Thread Group 1-5,text,true,32300,3893
1386865108573,4069,GET: View assignment (huba),200,OK,Thread Group 1-1,text,true,32297,3957
1386865108439,4209,GET: View assignment (daha),200,OK,Thread Group 1-15,text,true,32296,4092
1386865108445,4208,GET: View assignment (shbe),200,OK,Thread Group 1-16,text,true,32296,4086
1386865108601,4085,GET: View assignment (sest),200,OK,Thread Group 1-12,text,true,32299,3977
1386865111039,1746,GET: Login (begr),200,OK,Thread Group 1-77,text,true,11533,1650
1386865111445,1344,GET: Login (risc),200,OK,Thread Group 1-79,text,true,11533,1279
1386865111238,1556,GET: Login (cymc),200,OK,Thread Group 1-78,text,true,11533,1467
1386865108636,4210,GET: View assignment (juga),200,OK,Thread Group 1-13,text,true,32296,4092
1386865108694,4153,GET: View assignment (calo),200,OK,Thread Group 1-8,text,true,32291,4036
1386865111637,1247,GET: Login (caru),200,OK,Thread Group 1-80,text,true,11533,1168
1386865108909,4083,GET: View assignment (gemo),200,OK,Thread Group 1-10,text,true,32308,3971
1386865109513,3640,GET: View assignment (wewe),200,OK,Thread Group 1-11,text,true,32296,3519
1386865111849,1397,GET: Login (caco),200,OK,Thread Group 1-81,text,true,11533,1251
1386865109655,3608,GET: View assignment (sojo),200,OK,Thread Group 1-3,text,true,32306,3425
1386865109665,3594,GET: View assignment (tyll),200,OK,Thread Group 1-2,text,true,32294,3415
1386865112045,1292,GET: Login (cabo),200,OK,Thread Group 1-82,text,true,11533,1128
1386865109480,3913,GET: View assignment (alto),200,OK,Thread Group 1-32,text,true,32290,3760
1386865112417,1012,GET: Login (edhe),200,OK,Thread Group 1-83,text,true,11533,915
1386865112450,984,GET: Login (jowa),200,OK,Thread Group 1-84,text,true,11533,914
1386865109496,3944,GET: View assignment (irmo),200,OK,Thread Group 1-29,text,true,32299,3838
1386865109474,3968,GET: View assignment (maco),200,OK,Thread Group 1-31,text,true,32308,3860
1386865110162,3319,GET: View assignment (evpa),200,OK,Thread Group 1-33,text,true,32299,3212
1386865112652,885,GET: Login (patu),200,OK,Thread Group 1-85,text,true,11533,794
1386865112853,785,GET: Login (rosh),200,OK,Thread Group 1-86,text,true,11533,674
1386865110727,3353,GET: View assignment (flco),200,OK,Thread Group 1-34,text,true,32290,3224
1386865113056,1153,GET: Login (erta),200,OK,Thread Group 1-87,text,true,11533,1037
1386865113258,1043,GET: Login (sost),200,OK,Thread Group 1-88,text,true,11533,905
1386865113459,1097,GET: Login (chmo),200,OK,Thread Group 1-89,text,true,11533,995
1386865111817,2913,GET: View assignment (cogl),200,OK,Thread Group 1-35,text,true,32299,2794
1386865110980,3767,GET: Show add submission form (cenu),200,OK,Thread Group 1-19,text,true,56849,3630
1386865113661,1121,GET: Login (lome),200,OK,Thread Group 1-90,text,true,11533,1041
1386865113864,1215,GET: Login (cagr),200,OK,Thread Group 1-91,text,true,11533,1115
1386865111391,3592,GET: Show add submission form (mawh),200,OK,Thread Group 1-28,text,true,56844,3454
1386865114066,1388,GET: Login (nosa),200,OK,Thread Group 1-92,text,true,11533,1314
1386865114268,1285,GET: Login (shsa),200,OK,Thread Group 1-93,text,true,11533,1209
1386865112232,3825,GET: Show add submission form (guwa),200,OK,Thread Group 1-6,text,true,56859,3716
1386865112863,3827,GET: Show add submission form (masm),200,OK,Thread Group 1-25,text,true,56854,3712
1386865112862,3881,GET: Show add submission form (jufe),200,OK,Thread Group 1-26,text,true,56849,3763
1386865114673,2108,GET: Login (saha),200,OK,Thread Group 1-95,text,true,11533,2046
1386865112821,3985,GET: Show add submission form (gopa),200,OK,Thread Group 1-30,text,true,56849,3857
1386865112870,3936,GET: Show add submission form (trca),200,OK,Thread Group 1-9,text,true,56829,3808
1386865114468,2475,GET: Login (clri),200,OK,Thread Group 1-94,text,true,11533,2358
1386865113084,3991,GET: Show add submission form (jehu),200,OK,Thread Group 1-27,text,true,56839,3844
1386865115189,2138,POST: Upload file (cenu),200,OK,Thread Group 1-19,text,true,8582,2024
1386865115318,2047,POST: Upload file (mawh),200,OK,Thread Group 1-28,text,true,8582,1931
1386865113191,4222,GET: Show add submission form (bola),200,OK,Thread Group 1-23,text,true,56849,4113
1386865113314,4205,GET: Show add submission form (caph),200,OK,Thread Group 1-20,text,true,56843,4089
1386865113571,4494,GET: Show add submission form (jade),200,OK,Thread Group 1-22,text,true,56824,4383
1386865115274,2836,GET: Login (sawa),200,OK,Thread Group 1-98,text,true,11533,2760
1386865115475,2635,GET: Login (lebr),200,OK,Thread Group 1-99,text,true,11533,2549
1386865115077,3039,GET: Login (mepa),200,OK,Thread Group 1-97,text,true,11533,2948
1386865114871,3245,GET: Login (rean),200,OK,Thread Group 1-96,text,true,11533,3178
1386865116077,2274,POST: Upload file (guwa),200,OK,Thread Group 1-6,text,true,8582,2161
1386865113567,4827,GET: Show add submission form (joch),200,OK,Thread Group 1-21,text,true,56864,4686
1386865113570,4826,GET: Show add submission form (maga),200,OK,Thread Group 1-18,text,true,56854,4682
1386865113571,5228,GET: Show add submission form (nilu),200,OK,Thread Group 1-7,text,true,56829,4814
1386865113622,5274,GET: Show add submission form (amgr),200,OK,Thread Group 1-17,text,true,56849,5162
1386865113657,5246,GET: Show add submission form (raha),200,OK,Thread Group 1-14,text,true,56864,5129
1386865113621,5284,GET: Show add submission form (glbl),200,OK,Thread Group 1-24,text,true,56839,5160
1386865113657,5565,GET: Show add submission form (raba),200,OK,Thread Group 1-4,text,true,56849,5176
1386865113897,5408,GET: Show add submission form (calo),200,OK,Thread Group 1-8,text,true,56834,5290
1386865113832,5481,GET: Show add submission form (huba),200,OK,Thread Group 1-1,text,true,56844,5356
1386865113661,5666,GET: Show add submission form (cach),200,OK,Thread Group 1-5,text,true,56843,5520
1386865113897,5465,GET: Show add submission form (juga),200,OK,Thread Group 1-13,text,true,56839,5336
1386865116706,2777,POST: Upload file (masm),200,OK,Thread Group 1-25,text,true,8582,2626
1386865115878,3708,GET: Login (brll),200,OK,Thread Group 1-101,text,true,11533,3592
1386865115681,3908,GET: Login (limu),200,OK,Thread Group 1-100,text,true,11533,3793
1386865116811,2784,POST: Upload file (jufe),200,OK,Thread Group 1-26,text,true,8582,2586
1386865116080,3608,GET: Login (vist),200,OK,Thread Group 1-102,text,true,11533,3398
1386865116919,2780,POST: Upload file (gopa),200,OK,Thread Group 1-30,text,true,8582,2570
1386865113875,5823,GET: Show add submission form (shbe),200,OK,Thread Group 1-16,text,true,56839,5603
1386865113878,5825,GET: Show add submission form (sest),200,OK,Thread Group 1-12,text,true,56838,5597
1386865116693,3048,GET: Login (tamo),200,OK,Thread Group 1-105,text,true,11533,2928
1386865116487,3258,GET: Login (juha),200,OK,Thread Group 1-104,text,true,11533,3140
1386865116953,2794,POST: Upload file (trca),200,OK,Thread Group 1-9,text,true,8582,2646
1386865113833,5927,GET: Show add submission form (daha),200,OK,Thread Group 1-15,text,true,56839,5748
1386865116282,3605,GET: Login (lodo),200,OK,Thread Group 1-103,text,true,11533,3528
1386865116886,3085,GET: Login (fldi),200,OK,Thread Group 1-106,text,true,11533,2948
1386865117106,2992,POST: Upload file (jehu),200,OK,Thread Group 1-27,text,true,8582,2902
1386865117092,3045,GET: Login (brgr),200,OK,Thread Group 1-107,text,true,11533,2950
1386865114129,6570,GET: Show add submission form (wewe),200,OK,Thread Group 1-11,text,true,56839,6432
1386865114084,6913,GET: Show add submission form (gemo),200,OK,Thread Group 1-10,text,true,56859,6772
1386865114261,6831,GET: Show add submission form (tyll),200,OK,Thread Group 1-2,text,true,56833,6652
1386865114260,6847,GET: Show add submission form (sojo),200,OK,Thread Group 1-3,text,true,56853,6652
1386865114325,6864,GET: Show add submission form (maco),200,OK,Thread Group 1-31,text,true,56859,6649
1386865114334,7089,GET: Show add submission form (evpa),200,OK,Thread Group 1-33,text,true,56844,6882
1386865117518,3911,POST: Upload file (bola),200,OK,Thread Group 1-23,text,true,8582,3717
1386865114324,7107,GET: Show add submission form (irmo),200,OK,Thread Group 1-29,text,true,56844,6891
1386865114268,7165,GET: Show add submission form (alto),200,OK,Thread Group 1-32,text,true,56829,6952
1386865118095,3986,GET: Login (mawe),200,OK,Thread Group 1-112,text,true,11533,3911
1386865117692,4441,GET: Login (loch),200,OK,Thread Group 1-110,text,true,11533,4348
1386865117640,4497,POST: Upload file (caph),200,OK,Thread Group 1-20,text,true,8579,4410
1386865117894,4243,GET: Login (crbi),200,OK,Thread Group 1-111,text,true,11533,4143
1386865117289,4855,GET: Login (dere),200,OK,Thread Group 1-108,text,true,11533,4754
1386865117491,4655,GET: Login (roto),200,OK,Thread Group 1-109,text,true,11533,4542
1386865118074,4362,POST: Upload file (jade),200,OK,Thread Group 1-22,text,true,8582,4213
1386865118301,4274,GET: Login (frmu),200,OK,Thread Group 1-113,text,true,11533,4192
1386865118511,4086,GET: Login (memo),200,OK,Thread Group 1-114,text,true,11533,3995
1386865118418,4591,POST: Upload file (maga),200,OK,Thread Group 1-18,text,true,8582,4516
1386865118407,4769,POST: Upload file (joch),200,OK,Thread Group 1-21,text,true,8582,4632
1386865118907,4786,GET: Login (debu),200,OK,Thread Group 1-116,text,true,11533,4385
1386865118707,4987,GET: Login (visu),200,OK,Thread Group 1-115,text,true,11533,4556
1386865118917,4960,POST: Upload file (amgr),200,OK,Thread Group 1-17,text,true,8582,4882
1386865118812,5192,POST: Upload file (nilu),200,OK,Thread Group 1-7,text,true,8582,5058
1386865118931,5123,POST: Upload file (raha),200,OK,Thread Group 1-14,text,true,8582,5052
1386865119115,4988,GET: Login (dico),200,OK,Thread Group 1-117,text,true,11533,4876
1386865119313,4792,GET: Login (pada),200,OK,Thread Group 1-118,text,true,11533,4682
1386865118930,5257,POST: Upload file (glbl),200,OK,Thread Group 1-24,text,true,8582,5135
1386865114679,9511,GET: Show add submission form (flco),200,OK,Thread Group 1-34,text,true,56829,9357
1386865119511,5005,GET: Login (rowo),200,OK,Thread Group 1-119,text,true,11533,4947
1386865119233,5587,POST: Upload file (raba),200,OK,Thread Group 1-4,text,true,8582,5427
1386865119712,5197,GET: Login (nepr),200,OK,Thread Group 1-120,text,true,11533,5031
1386865119337,5706,POST: Upload file (calo),200,OK,Thread Group 1-8,text,true,8582,5428
1386865119415,5628,POST: Upload file (juga),200,OK,Thread Group 1-13,text,true,8582,5467
1386865119380,5664,POST: Upload file (cach),200,OK,Thread Group 1-5,text,true,8579,5451
1386865119357,5688,POST: Upload file (huba),200,OK,Thread Group 1-1,text,true,8582,5494
1386865105070,20012,POST: Login (yvgr),200,OK,Thread Group 1-39,text,true,319600,6730
1386865119924,5219,GET: Login (edco),200,OK,Thread Group 1-121,text,true,11533,5107
1386865120126,5215,GET: Login (shca),200,OK,Thread Group 1-122,text,true,11533,5139
1386865115188,10237,GET: Show add submission form (cogl),200,OK,Thread Group 1-35,text,true,56844,10143
1386865120320,5127,GET: Login (sebr),200,OK,Thread Group 1-123,text,true,11533,5029
1386865119724,5751,POST: Upload file (shbe),200,OK,Thread Group 1-16,text,true,8582,5640
1386865119758,5743,POST: Upload file (sest),200,OK,Thread Group 1-12,text,true,8579,5641
1386865119783,5832,POST: Upload file (daha),200,OK,Thread Group 1-15,text,true,8582,5720
1386865120518,5355,GET: Login (esda),200,OK,Thread Group 1-124,text,true,11533,5175
1386865120713,5623,POST: Upload file (wewe),200,OK,Thread Group 1-11,text,true,8582,5530
1386865120955,5425,GET: Login (raban),200,OK,Thread Group 1-126,text,true,11533,5321
1386865120726,5661,GET: Login (kapa),200,OK,Thread Group 1-125,text,true,11533,5592
1386865121036,5571,POST: Upload file (gemo),200,OK,Thread Group 1-10,text,true,8582,5486
1386865121150,5470,POST: Upload file (tyll),200,OK,Thread Group 1-2,text,true,8579,5394
1386865121287,5421,POST: Upload file (sojo),200,OK,Thread Group 1-3,text,true,8579,5325
1386865121304,5470,POST: Upload file (maco),200,OK,Thread Group 1-31,text,true,8582,5381
1386865121486,5401,POST: Upload file (evpa),200,OK,Thread Group 1-33,text,true,8582,5247
1386865121558,5334,POST: Upload file (irmo),200,OK,Thread Group 1-29,text,true,8582,5143
1386865121134,5832,GET: Login (lone),200,OK,Thread Group 1-127,text,true,11533,5640
1386865121532,5445,GET: Login (cogr),200,OK,Thread Group 1-129,text,true,11533,5311
1386865121741,5232,GET: Login (befe),200,OK,Thread Group 1-130,text,true,11533,5081
1386865121367,5618,GET: Login (mawa),200,OK,Thread Group 1-128,text,true,11533,5457
1386865104847,22150,POST: Login (tatr),200,OK,Thread Group 1-37,text,true,319594,7737
1386865121608,5392,POST: Upload file (alto),200,OK,Thread Group 1-32,text,true,8582,5161
1386865122948,4627,GET: Login (mani),200,OK,Thread Group 1-136,text,true,11533,4545
1386865122140,5438,GET: Login (arwi),200,OK,Thread Group 1-132,text,true,11533,5357
1386865122749,4833,GET: Login (rhro),200,OK,Thread Group 1-135,text,true,11533,4760
1386865122352,5242,GET: Login (prha),200,OK,Thread Group 1-133,text,true,11533,5139
1386865121935,5660,GET: Login (wimi),200,OK,Thread Group 1-131,text,true,11533,5559
1386865122562,5055,GET: Login (chpo),200,OK,Thread Group 1-134,text,true,11533,4972
1386865123702,3916,GET: Login (lesp),200,OK,Thread Group 1-138,text,true,11533,3825
1386865123148,4475,GET: Login (dwdi),200,OK,Thread Group 1-137,text,true,11533,4381
1386865124365,3769,GET: Login (rabl),200,OK,Thread Group 1-143,text,true,11533,3676
1386865124562,3580,GET: Login (clpa),200,OK,Thread Group 1-144,text,true,11533,3475
1386865123704,4444,GET: Login (alho),200,OK,Thread Group 1-139,text,true,11533,4250
1386865124156,3998,GET: Login (jogi),200,OK,Thread Group 1-142,text,true,11533,3789
1386865124768,3386,GET: Login (hope),200,OK,Thread Group 1-145,text,true,11533,3248
1386865123755,4401,GET: Login (orli),200,OK,Thread Group 1-140,text,true,11533,4245
1386865123962,4196,GET: Login (krba),200,OK,Thread Group 1-141,text,true,11533,4073
1386865124961,3235,GET: Login (anda),200,OK,Thread Group 1-146,text,true,11533,3100
1386865125163,3165,GET: Login (grga),200,OK,Thread Group 1-147,text,true,11533,3041
1386865124448,3883,POST: Upload file (flco),200,OK,Thread Group 1-34,text,true,8582,3788
1386865125369,3025,GET: Login (momo),200,OK,Thread Group 1-148,text,true,11533,2926
1386865125568,2992,GET: Login (kaca),200,OK,Thread Group 1-149,text,true,11533,2880
1386865125775,2829,GET: Login (dafr),200,OK,Thread Group 1-150,text,true,11533,2752
1386865125463,3354,POST: Upload file (cogl),200,OK,Thread Group 1-35,text,true,8582,3279
1386865105358,24130,POST: Login (mach),200,OK,Thread Group 1-38,text,true,319600,7531
1386865117343,12310,POST: Save submission (cenu),200,OK,Thread Group 1-19,text,true,58079,12183
1386865117445,12307,POST: Save submission (mawh),200,OK,Thread Group 1-28,text,true,58074,12182
1386865105360,25029,POST: Login (anba),200,OK,Thread Group 1-36,text,true,319594,7786
1386865118363,12559,POST: Save submission (guwa),200,OK,Thread Group 1-6,text,true,58089,12052
1386865119497,11842,POST: Save submission (masm),200,OK,Thread Group 1-25,text,true,58084,11727
1386865119635,11828,POST: Save submission (jufe),200,OK,Thread Group 1-26,text,true,58079,11688
1386865119776,11758,POST: Save submission (trca),200,OK,Thread Group 1-9,text,true,58059,11597
1386865119724,11862,POST: Save submission (gopa),200,OK,Thread Group 1-30,text,true,58079,11725
1386865106496,25278,POST: Login (nahe),200,OK,Thread Group 1-43,text,true,319604,7045
1386865120124,11687,POST: Save submission (jehu),200,OK,Thread Group 1-27,text,true,58069,11575
1386865125171,6938,GET: View assignment (yvgr),200,OK,Thread Group 1-39,text,true,32302,6778
1386865121544,10759,POST: Save submission (bola),200,OK,Thread Group 1-23,text,true,58079,10633
1386865107040,25518,POST: Login (thte),200,OK,Thread Group 1-45,text,true,319598,6919
1386865122161,10496,POST: Save submission (caph),200,OK,Thread Group 1-20,text,true,58070,10375
1386865106827,25875,POST: Login (elcu),200,OK,Thread Group 1-40,text,true,319606,7135
1386865106815,26051,POST: Login (mica),200,OK,Thread Group 1-42,text,true,319606,7257
1386865122457,10632,POST: Save submission (jade),200,OK,Thread Group 1-22,text,true,58054,10486
1386865123058,10082,POST: Save submission (maga),200,OK,Thread Group 1-18,text,true,58084,10011
1386865123201,9985,POST: Save submission (joch),200,OK,Thread Group 1-21,text,true,58094,9869
1386865127082,6343,GET: View assignment (tatr),200,OK,Thread Group 1-37,text,true,32293,6155
1386865124257,9323,POST: Save submission (raha),200,OK,Thread Group 1-14,text,true,58094,9205
1386865123942,9639,POST: Save submission (amgr),200,OK,Thread Group 1-17,text,true,58079,9520
1386865124428,9198,POST: Save submission (glbl),200,OK,Thread Group 1-24,text,true,58069,9085
1386865124114,9563,POST: Save submission (nilu),200,OK,Thread Group 1-7,text,true,58059,9449
1386865124897,8974,POST: Save submission (raba),200,OK,Thread Group 1-4,text,true,58079,8844
1386865107038,26833,POST: Login (kely),200,OK,Thread Group 1-44,text,true,319598,7522
1386865125112,8815,POST: Save submission (huba),200,OK,Thread Group 1-1,text,true,58074,8688
1386865125109,8822,POST: Save submission (cach),200,OK,Thread Group 1-5,text,true,58070,8690
1386865125094,8852,POST: Save submission (calo),200,OK,Thread Group 1-8,text,true,58064,8704
1386865125096,9024,POST: Save submission (juga),200,OK,Thread Group 1-13,text,true,58069,8910
1386865125757,8407,POST: Save submission (sest),200,OK,Thread Group 1-12,text,true,58065,8299
1386865106798,27424,POST: Login (dego),200,OK,Thread Group 1-41,text,true,319604,8056
1386865125634,8655,POST: Save submission (shbe),200,OK,Thread Group 1-16,text,true,58069,8522
1386865125803,8488,POST: Save submission (daha),200,OK,Thread Group 1-15,text,true,58069,8353
1386865107935,26471,POST: Login (kava),200,OK,Thread Group 1-47,text,true,319602,7031
1386865107980,26510,POST: Login (dafo),200,OK,Thread Group 1-46,text,true,319600,7038
1386865126366,8218,POST: Save submission (wewe),200,OK,Thread Group 1-11,text,true,58069,8158
1386865126621,8125,POST: Save submission (gemo),200,OK,Thread Group 1-10,text,true,58089,8005
1386865126725,8061,POST: Save submission (sojo),200,OK,Thread Group 1-3,text,true,58080,7949
1386865126799,8043,POST: Save submission (maco),200,OK,Thread Group 1-31,text,true,58089,7927
1386865126898,8000,POST: Save submission (evpa),200,OK,Thread Group 1-33,text,true,58074,7929
1386865126912,8030,POST: Save submission (irmo),200,OK,Thread Group 1-29,text,true,58074,7915
1386865126692,8253,POST: Save submission (tyll),200,OK,Thread Group 1-2,text,true,58060,8135
1386865127082,7993,POST: Save submission (alto),200,OK,Thread Group 1-32,text,true,58059,7851
1386865129502,5895,GET: View assignment (mach),200,OK,Thread Group 1-38,text,true,32302,5793
1386865128376,7422,POST: Save submission (flco),200,OK,Thread Group 1-34,text,true,58059,7330
1386865130403,5783,GET: View assignment (anba),200,OK,Thread Group 1-36,text,true,32293,5709
1386865110071,26163,POST: Login (frma),200,OK,Thread Group 1-52,text,true,319606,5936
1386865109816,26650,POST: Login (ligi),200,OK,Thread Group 1-48,text,true,319596,6140
1386865128838,7657,POST: Save submission (cogl),200,OK,Thread Group 1-35,text,true,58074,7522
1386865110113,26522,POST: Login (llfl),200,OK,Thread Group 1-54,text,true,319596,5889
1386865110187,26466,POST: Login (mefi),200,OK,Thread Group 1-60,text,true,319610,6021
1386865110713,25965,POST: Login (emgu),200,OK,Thread Group 1-63,text,true,319602,5440
1386865109725,26961,POST: Login (cada),200,OK,Thread Group 1-50,text,true,319598,6479
1386865109852,26886,POST: Login (clad),200,OK,Thread Group 1-57,text,true,319600,6158
1386865110342,26563,POST: Login (mywa),200,OK,Thread Group 1-61,text,true,319602,6133
1386865109916,27187,POST: Login (defi),200,OK,Thread Group 1-58,text,true,319598,6561
1386865110053,27133,POST: Login (albe),200,OK,Thread Group 1-51,text,true,319598,6530
1386865109796,27478,POST: Login (rawa),200,OK,Thread Group 1-55,text,true,319596,6734
1386865109920,27564,POST: Login (jafl),200,OK,Thread Group 1-53,text,true,319600,6607
1386865109732,27909,POST: Login (agra),200,OK,Thread Group 1-49,text,true,319598,6793
1386865131783,5956,GET: View assignment (nahe),200,OK,Thread Group 1-43,text,true,32308,5830
1386865110055,27763,POST: Login (deke),200,OK,Thread Group 1-56,text,true,319600,6467
1386865110715,27157,POST: Login (mefig),200,OK,Thread Group 1-64,text,true,319606,5970
1386865110115,27936,POST: Login (boma),200,OK,Thread Group 1-59,text,true,319604,6365
1386865110644,27465,POST: Login (masi),200,OK,Thread Group 1-62,text,true,319598,6145
1386865110982,27199,POST: Login (roby),200,OK,Thread Group 1-65,text,true,319594,6053
1386865111748,26443,POST: Login (maca),200,OK,Thread Group 1-66,text,true,319600,5232
1386865112869,25562,POST: Login (mamu),200,OK,Thread Group 1-70,text,true,319604,4444
1386865112411,26021,POST: Login (cesc),200,OK,Thread Group 1-67,text,true,319598,4819
1386865112596,25878,POST: Login (kagr),200,OK,Thread Group 1-68,text,true,319596,4638
1386865113085,25402,POST: Login (edma),200,OK,Thread Group 1-71,text,true,319596,4283
1386865112863,25625,POST: Login (viad),200,OK,Thread Group 1-69,text,true,319598,4446
1386865113283,25295,POST: Login (febo),200,OK,Thread Group 1-74,text,true,319598,4326
1386865113191,25388,POST: Login (viro),200,OK,Thread Group 1-72,text,true,319606,4421
1386865132566,6123,GET: View assignment (thte),200,OK,Thread Group 1-45,text,true,32299,5950
1386865132712,5977,GET: View assignment (elcu),200,OK,Thread Group 1-40,text,true,32311,5804
1386865132878,5811,GET: View assignment (mica),200,OK,Thread Group 1-42,text,true,32311,5682
1386865113622,25155,POST: Login (olba),200,OK,Thread Group 1-76,text,true,319596,4638
1386865133880,5440,GET: View assignment (kely),200,OK,Thread Group 1-44,text,true,32299,5302
1386865132116,7388,GET: Show add submission form (yvgr),200,OK,Thread Group 1-39,text,true,56843,7251
1386865134419,5621,GET: View assignment (kava),200,OK,Thread Group 1-47,text,true,32305,5487
1386865134505,5593,GET: View assignment (dafo),200,OK,Thread Group 1-46,text,true,32302,5468
1386865113879,26267,POST: Login (begr),200,OK,Thread Group 1-77,text,true,319604,4460
1386865134231,5966,GET: View assignment (dego),200,OK,Thread Group 1-41,text,true,32308,5852
1386865136280,3964,GET: View assignment (frma),200,OK,Thread Group 1-52,text,true,32311,3854
1386865114267,26169,POST: Login (cabo),200,OK,Thread Group 1-82,text,true,319596,4328
1386865133437,7000,GET: Show add submission form (tatr),200,OK,Thread Group 1-37,text,true,56834,6745
1386865113953,26528,POST: Login (caru),200,OK,Thread Group 1-80,text,true,319604,4633
1386865114443,26096,POST: Login (rosh),200,OK,Thread Group 1-86,text,true,319604,4352
1386865136730,3839,GET: View assignment (mefi),200,OK,Thread Group 1-60,text,true,32317,3721
1386865114259,26437,POST: Login (caco),200,OK,Thread Group 1-81,text,true,319604,4337
1386865113192,27570,POST: Login (alfu),200,OK,Thread Group 1-73,text,true,319598,5144
1386865136688,4123,GET: View assignment (llfl),200,OK,Thread Group 1-54,text,true,32296,3975
1386865136995,3823,GET: View assignment (mywa),200,OK,Thread Group 1-61,text,true,32305,3668
1386865136732,4153,GET: View assignment (emgu),200,OK,Thread Group 1-63,text,true,32305,3992
1386865137244,3646,GET: View assignment (albe),200,OK,Thread Group 1-51,text,true,32299,3484
1386865115482,25409,POST: Login (nosa),200,OK,Thread Group 1-92,text,true,319598,3810
1386865113566,27333,POST: Login (roca),200,OK,Thread Group 1-75,text,true,319604,5023
1386865113886,27021,POST: Login (cymc),200,OK,Thread Group 1-78,text,true,319606,4507
1386865137845,3101,GET: View assignment (deke),200,OK,Thread Group 1-56,text,true,32302,2949
1386865138241,2716,GET: View assignment (maca),200,OK,Thread Group 1-66,text,true,32302,2553
1386865136742,4216,GET: View assignment (cada),200,OK,Thread Group 1-50,text,true,32299,4048
1386865136810,4151,GET: View assignment (clad),200,OK,Thread Group 1-57,text,true,32302,3993
1386865114684,26412,POST: Login (erta),200,OK,Thread Group 1-87,text,true,319600,4610
1386865139525,1578,POST: Upload file (yvgr),200,OK,Thread Group 1-39,text,true,8579,1439
1386865114878,26245,POST: Login (sost),200,OK,Thread Group 1-88,text,true,319598,4418
1386865137535,3598,GET: View assignment (jafl),200,OK,Thread Group 1-53,text,true,32302,3399
1386865137146,4020,GET: View assignment (defi),200,OK,Thread Group 1-58,text,true,32299,3880
1386865135430,5736,GET: Show add submission form (mach),200,OK,Thread Group 1-38,text,true,56849,5595
1386865114269,26907,POST: Login (edhe),200,OK,Thread Group 1-83,text,true,319596,5025
1386865114323,26872,POST: Login (jowa),200,OK,Thread Group 1-84,text,true,319596,4969
1386865137332,3911,GET: View assignment (rawa),200,OK,Thread Group 1-55,text,true,32296,3755
1386865136498,4756,GET: View assignment (ligi),200,OK,Thread Group 1-48,text,true,32296,4587
1386865138446,2840,GET: View assignment (cesc),200,OK,Thread Group 1-67,text,true,32299,2701
1386865138206,3281,GET: View assignment (roby),200,OK,Thread Group 1-65,text,true,32293,2999
1386865138131,3473,GET: View assignment (masi),200,OK,Thread Group 1-62,text,true,32299,3131
1386865117031,24577,POST: Login (clri),200,OK,Thread Group 1-94,text,true,319606,2750
1386865119769,21928,POST: Login (juha),200,OK,Thread Group 1-104,text,true,319592,6563
1386865137668,4036,GET: View assignment (agra),200,OK,Thread Group 1-49,text,true,32299,3895
1386865137915,4224,GET: View assignment (mefig),200,OK,Thread Group 1-64,text,true,32311,3650
1386865138446,3708,GET: View assignment (mamu),200,OK,Thread Group 1-70,text,true,32308,3175
1386865138490,3668,GET: View assignment (kagr),200,OK,Thread Group 1-68,text,true,32296,3075
1386865140470,1712,POST: Upload file (tatr),200,OK,Thread Group 1-37,text,true,8582,1601
1386865138697,3494,GET: View assignment (febo),200,OK,Thread Group 1-74,text,true,32299,2984
1386865138073,4120,GET: View assignment (boma),200,OK,Thread Group 1-59,text,true,32308,3492
1386865136210,6006,GET: Show add submission form (anba),200,OK,Thread Group 1-36,text,true,56834,5351
1386865119912,22320,POST: Login (lodo),200,OK,Thread Group 1-103,text,true,319600,6750
1386865138761,3473,GET: Show add submission form (mica),200,OK,Thread Group 1-42,text,true,56864,3150
1386865115096,27147,POST: Login (chmo),200,OK,Thread Group 1-89,text,true,319606,4639
1386865138729,3549,GET: Show add submission form (elcu),200,OK,Thread Group 1-40,text,true,56864,3387
1386865116931,25416,POST: Login (saha),200,OK,Thread Group 1-95,text,true,319602,3392
1386865114334,28018,POST: Login (patu),200,OK,Thread Group 1-85,text,true,319602,5401
1386865113884,28489,POST: Login (risc),200,OK,Thread Group 1-79,text,true,319604,5407
1386865115317,27058,POST: Login (cagr),200,OK,Thread Group 1-91,text,true,319600,4423
1386865115619,26770,POST: Login (shsa),200,OK,Thread Group 1-93,text,true,319600,4116
1386865115235,27156,POST: Login (lome),200,OK,Thread Group 1-90,text,true,319602,4501
1386865138691,3749,GET: View assignment (viro),200,OK,Thread Group 1-72,text,true,32311,3470
1386865138510,3936,GET: View assignment (viad),200,OK,Thread Group 1-69,text,true,32299,3656
1386865138726,3739,GET: Show add submission form (thte),200,OK,Thread Group 1-45,text,true,56844,3437
1386865118139,24497,POST: Login (rean),200,OK,Thread Group 1-96,text,true,319606,3552
1386865119606,23054,POST: Login (limu),200,OK,Thread Group 1-100,text,true,319598,6355
1386865118160,24591,POST: Login (sawa),200,OK,Thread Group 1-98,text,true,319592,3535
1386865138794,4000,GET: View assignment (olba),200,OK,Thread Group 1-76,text,true,32296,3731
1386865140261,2596,GET: View assignment (begr),200,OK,Thread Group 1-77,text,true,32308,2476
1386865137774,5083,GET: Show add submission form (nahe),200,OK,Thread Group 1-43,text,true,56859,4751
1386865122097,20825,POST: Login (mawe),200,OK,Thread Group 1-112,text,true,319596,6045
1386865119769,23153,POST: Login (tamo),200,OK,Thread Group 1-105,text,true,319596,7017
1386865138509,4449,GET: View assignment (edma),200,OK,Thread Group 1-71,text,true,32296,4322
1386865119606,23379,POST: Login (brll),200,OK,Thread Group 1-101,text,true,319600,6623
1386865120191,22798,POST: Login (brgr),200,OK,Thread Group 1-107,text,true,319598,6414
1386865118138,24929,POST: Login (mepa),200,OK,Thread Group 1-97,text,true,319600,3216
1386865122161,21123,POST: Login (loch),200,OK,Thread Group 1-110,text,true,319600,5973
1386865124260,19073,POST: Login (dico),200,OK,Thread Group 1-117,text,true,319596,4305
1386865122692,20671,POST: Login (memo),200,OK,Thread Group 1-114,text,true,319598,5522
1386865124638,18779,POST: Login (rowo),200,OK,Thread Group 1-119,text,true,319600,4015
1386865140624,2875,GET: View assignment (rosh),200,OK,Thread Group 1-86,text,true,32308,2725
1386865140451,3051,GET: View assignment (cabo),200,OK,Thread Group 1-82,text,true,32296,2901
1386865124260,19261,POST: Login (pada),200,OK,Thread Group 1-118,text,true,319604,4310
1386865118137,25401,POST: Login (lebr),200,OK,Thread Group 1-99,text,true,319596,3500
1386865122176,21369,POST: Login (dere),200,OK,Thread Group 1-108,text,true,319598,5965
1386865139330,4214,GET: Show add submission form (kely),200,OK,Thread Group 1-44,text,true,56844,4078
1386865125180,18363,POST: Login (edco),200,OK,Thread Group 1-121,text,true,319596,3746
1386865119705,23837,POST: Login (vist),200,OK,Thread Group 1-102,text,true,319608,6952
1386865126417,17124,POST: Login (raban),200,OK,Thread Group 1-126,text,true,319602,3067
1386865123781,19770,POST: Login (debu),200,OK,Thread Group 1-116,text,true,319600,4785
1386865125623,17935,POST: Login (sebr),200,OK,Thread Group 1-123,text,true,319594,3347
1386865120015,23563,POST: Login (fldi),200,OK,Thread Group 1-106,text,true,319600,6957
1386865122630,20998,POST: Login (frmu),200,OK,Thread Group 1-113,text,true,319600,5581
1386865122162,21540,POST: Login (crbi),200,OK,Thread Group 1-111,text,true,319604,6038
1386865141519,2273,POST: Upload file (mach),200,OK,Thread Group 1-38,text,true,8582,2180
1386865141012,2823,GET: View assignment (alfu),200,OK,Thread Group 1-73,text,true,32299,2704
1386865123783,20255,POST: Login (visu),200,OK,Thread Group 1-115,text,true,319606,4427
1386865127064,17060,POST: Login (mawa),200,OK,Thread Group 1-128,text,true,319590,3303
1386865125383,18822,POST: Login (shca),200,OK,Thread Group 1-122,text,true,319608,3542
1386865124983,19227,POST: Login (nepr),200,OK,Thread Group 1-120,text,true,319598,3829
1386865122176,22037,POST: Login (roto),200,OK,Thread Group 1-109,text,true,319602,5965
1386865128175,16048,POST: Login (clpa),200,OK,Thread Group 1-144,text,true,319600,3955
1386865127626,16629,POST: Login (arwi),200,OK,Thread Group 1-132,text,true,319596,4179
1386865127063,17201,POST: Login (befe),200,OK,Thread Group 1-130,text,true,319606,3304
1386865125943,18322,POST: Login (esda),200,OK,Thread Group 1-124,text,true,319600,3331
1386865127658,16667,POST: Login (dwdi),200,OK,Thread Group 1-137,text,true,319598,4197
1386865128178,16174,POST: Login (krba),200,OK,Thread Group 1-141,text,true,319604,3583
1386865126474,17885,POST: Login (kapa),200,OK,Thread Group 1-125,text,true,319604,3006
1386865128439,15962,POST: Login (momo),200,OK,Thread Group 1-148,text,true,319606,3648
1386865128179,16222,POST: Login (hope),200,OK,Thread Group 1-145,text,true,319600,3909
1386865127641,16818,POST: Login (rhro),200,OK,Thread Group 1-135,text,true,319606,4167
1386865128178,16285,POST: Login (orli),200,OK,Thread Group 1-140,text,true,319594,3913
1386865127013,17456,POST: Login (lone),200,OK,Thread Group 1-127,text,true,319596,3100
1386865140169,4309,GET: Show add submission form (dafo),200,OK,Thread Group 1-46,text,true,56849,4173
1386865128177,16341,POST: Login (jogi),200,OK,Thread Group 1-142,text,true,319594,3628
1386865128343,16175,POST: Login (grga),200,OK,Thread Group 1-147,text,true,319594,3747
1386865128178,16343,POST: Login (alho),200,OK,Thread Group 1-139,text,true,319600,4110
1386865127657,16904,POST: Login (lesp),200,OK,Thread Group 1-138,text,true,319600,4249
1386865127656,16913,POST: Login (chpo),200,OK,Thread Group 1-134,text,true,319602,4249
1386865128213,16361,POST: Login (anda),200,OK,Thread Group 1-146,text,true,319592,3876
1386865140054,4521,GET: Show add submission form (kava),200,OK,Thread Group 1-47,text,true,56854,4386
1386865140343,4242,GET: Show add submission form (dego),200,OK,Thread Group 1-41,text,true,56859,4100
1386865127627,16983,POST: Login (wimi),200,OK,Thread Group 1-131,text,true,319596,4183
1386865141325,3288,GET: View assignment (nosa),200,OK,Thread Group 1-92,text,true,32299,3175
1386865127014,17607,POST: Login (cogr),200,OK,Thread Group 1-129,text,true,319604,3356
1386865127627,16996,POST: Login (prha),200,OK,Thread Group 1-133,text,true,319602,3952
1386865128615,16042,POST: Login (kaca),200,OK,Thread Group 1-149,text,true,319594,3516
1386865128157,16510,POST: Login (rabl),200,OK,Thread Group 1-143,text,true,319596,4134
1386865128774,15902,POST: Login (dafr),200,OK,Thread Group 1-150,text,true,319596,3522
1386865127600,17107,POST: Login (mani),200,OK,Thread Group 1-136,text,true,319606,4430
1386865140625,4702,GET: Show add submission form (mefi),200,OK,Thread Group 1-60,text,true,56874,4643
1386865142699,2780,POST: Upload file (anba),200,OK,Thread Group 1-36,text,true,8582,2711
1386865140349,5185,GET: Show add submission form (frma),200,OK,Thread Group 1-52,text,true,56864,5070
1386865142716,2864,POST: Upload file (mica),200,OK,Thread Group 1-42,text,true,8582,2798
1386865142759,2925,POST: Upload file (elcu),200,OK,Thread Group 1-40,text,true,8582,2808
1386865140757,4973,GET: View assignment (caco),200,OK,Thread Group 1-81,text,true,32308,4862
1386865141343,4388,GET: View assignment (cymc),200,OK,Thread Group 1-78,text,true,32311,4276
1386865141325,4454,GET: View assignment (roca),200,OK,Thread Group 1-75,text,true,32308,4347
1386865141531,4250,GET: View assignment (edhe),200,OK,Thread Group 1-83,text,true,32296,4141
1386865141728,4151,GET: View assignment (clri),200,OK,Thread Group 1-94,text,true,32311,4041
1386865141473,4461,GET: View assignment (erta),200,OK,Thread Group 1-87,text,true,32302,4346
1386865143023,2989,POST: Upload file (thte),200,OK,Thread Group 1-45,text,true,8582,2851
1386865141367,4893,GET: Show add submission form (cada),200,OK,Thread Group 1-50,text,true,56844,4829
1386865141377,5041,GET: Show add submission form (clad),200,OK,Thread Group 1-57,text,true,56849,4919
1386865143297,3315,POST: Upload file (nahe),200,OK,Thread Group 1-43,text,true,8582,3237
1386865141632,5278,GET: View assignment (jowa),200,OK,Thread Group 1-84,text,true,32296,5215
1386865143754,3326,POST: Upload file (kely),200,OK,Thread Group 1-44,text,true,8582,3191
1386865141319,5844,GET: Show add submission form (emgu),200,OK,Thread Group 1-63,text,true,56848,5639
1386865141313,6056,GET: Show add submission form (mywa),200,OK,Thread Group 1-61,text,true,56854,5935
1386865141301,6069,GET: Show add submission form (llfl),200,OK,Thread Group 1-54,text,true,56827,5947
1386865140548,6869,GET: View assignment (caru),200,OK,Thread Group 1-80,text,true,32308,6800
1386865141501,5957,GET: View assignment (sost),200,OK,Thread Group 1-88,text,true,32299,5850
1386865141343,6174,GET: Show add submission form (deke),200,OK,Thread Group 1-56,text,true,56849,6106
1386865141675,5938,GET: Show add submission form (ligi),200,OK,Thread Group 1-48,text,true,56839,5874
1386865141489,6431,POST: Save submission (yvgr),200,OK,Thread Group 1-39,text,true,58070,6311
1386865144514,3450,POST: Upload file (dafo),200,OK,Thread Group 1-46,text,true,8582,3340
1386865144609,3435,POST: Upload file (kava),200,OK,Thread Group 1-47,text,true,8582,3299
1386865144638,3539,POST: Upload file (dego),200,OK,Thread Group 1-41,text,true,8582,3446
1386865141760,6850,GET: View assignment (juha),200,OK,Thread Group 1-104,text,true,32292,6786
1386865145336,3826,POST: Upload file (mefi),200,OK,Thread Group 1-60,text,true,8582,3646
1386865141724,7894,GET: Show add submission form (roby),200,OK,Thread Group 1-65,text,true,56834,7764
1386865145540,4274,POST: Upload file (frma),200,OK,Thread Group 1-52,text,true,8582,4165
1386865141642,8592,GET: Show add submission form (rawa),200,OK,Thread Group 1-55,text,true,56839,8522
1386865146275,4619,POST: Upload file (cada),200,OK,Thread Group 1-50,text,true,8582,4544
1386865141344,9607,GET: Show add submission form (maca),200,OK,Thread Group 1-66,text,true,56849,9487
1386865141679,9376,GET: Show add submission form (cesc),200,OK,Thread Group 1-67,text,true,56844,9202
1386865141319,9841,GET: Show add submission form (albe),200,OK,Thread Group 1-51,text,true,56844,9613
1386865146427,4738,POST: Upload file (clad),200,OK,Thread Group 1-57,text,true,8582,4511
1386865141502,9745,GET: Show add submission form (jafl),200,OK,Thread Group 1-53,text,true,56849,9535
1386865141820,9432,GET: Show add submission form (agra),200,OK,Thread Group 1-49,text,true,56844,9217
1386865142875,8511,GET: View assignment (cagr),200,OK,Thread Group 1-91,text,true,32302,8401
1386865142715,8823,GET: View assignment (lodo),200,OK,Thread Group 1-103,text,true,32304,8711
1386865142759,8780,GET: View assignment (saha),200,OK,Thread Group 1-95,text,true,32307,8667
1386865142875,8913,GET: View assignment (shsa),200,OK,Thread Group 1-93,text,true,32302,8799
1386865142874,9042,GET: View assignment (risc),200,OK,Thread Group 1-79,text,true,32308,8953
1386865142734,9246,GET: View assignment (chmo),200,OK,Thread Group 1-89,text,true,32313,9093
1386865142820,9361,GET: View assignment (patu),200,OK,Thread Group 1-85,text,true,32305,9124
1386865142929,9304,GET: View assignment (lome),200,OK,Thread Group 1-90,text,true,32305,9161
1386865147175,5106,POST: Upload file (emgu),200,OK,Thread Group 1-63,text,true,8579,5026
1386865143123,9159,GET: View assignment (limu),200,OK,Thread Group 1-100,text,true,32299,9045
1386865143096,9232,GET: View assignment (rean),200,OK,Thread Group 1-96,text,true,32311,9124
1386865147383,5204,POST: Upload file (mywa),200,OK,Thread Group 1-61,text,true,8582,5091
1386865143224,9365,GET: View assignment (sawa),200,OK,Thread Group 1-98,text,true,32290,9245
1386865147385,5242,POST: Upload file (llfl),200,OK,Thread Group 1-54,text,true,8576,5156
1386865147532,5149,POST: Upload file (deke),200,OK,Thread Group 1-56,text,true,8582,5069
1386865142162,10623,GET: Show add submission form (mefig),200,OK,Thread Group 1-64,text,true,56864,10508
1386865147626,5162,POST: Upload file (ligi),200,OK,Thread Group 1-48,text,true,8582,5058
1386865143309,9521,GET: View assignment (tamo),200,OK,Thread Group 1-105,text,true,32298,9412
1386865143309,9523,GET: View assignment (mawe),200,OK,Thread Group 1-112,text,true,32298,9410
1386865143433,9448,GET: View assignment (brll),200,OK,Thread Group 1-101,text,true,32304,9339
1386865142386,10502,GET: Show add submission form (mamu),200,OK,Thread Group 1-70,text,true,56859,10387
1386865143442,9457,GET: View assignment (brgr),200,OK,Thread Group 1-107,text,true,32301,9330
1386865143567,9586,GET: View assignment (mepa),200,OK,Thread Group 1-97,text,true,32302,9354
1386865142393,10760,GET: Show add submission form (kagr),200,OK,Thread Group 1-68,text,true,56839,10528
1386865143774,9538,GET: View assignment (raban),200,OK,Thread Group 1-126,text,true,32307,9416
1386865143665,9647,GET: View assignment (memo),200,OK,Thread Group 1-114,text,true,32301,9525
1386865143665,9647,GET: View assignment (dico),200,OK,Thread Group 1-117,text,true,32298,9526
1386865143665,9647,GET: View assignment (rowo),200,OK,Thread Group 1-119,text,true,32304,9526
1386865143763,9553,GET: View assignment (vist),200,OK,Thread Group 1-102,text,true,32316,9428
1386865143643,9673,GET: View assignment (loch),200,OK,Thread Group 1-110,text,true,32304,9546
1386865143749,9568,GET: View assignment (dere),200,OK,Thread Group 1-108,text,true,32301,9441
1386865143747,9572,GET: View assignment (lebr),200,OK,Thread Group 1-99,text,true,32296,9444
1386865143791,9556,GET: View assignment (sebr),200,OK,Thread Group 1-123,text,true,32295,9450
1386865143739,9610,GET: View assignment (pada),200,OK,Thread Group 1-118,text,true,32310,9504
1386865143762,9590,GET: View assignment (edco),200,OK,Thread Group 1-121,text,true,32298,9480
1386865143790,9570,GET: View assignment (debu),200,OK,Thread Group 1-116,text,true,32304,9449
1386865143889,9887,GET: View assignment (crbi),200,OK,Thread Group 1-111,text,true,32310,9741
1386865141727,12122,GET: Show add submission form (masi),200,OK,Thread Group 1-62,text,true,56844,11991
1386865144063,9793,GET: View assignment (visu),200,OK,Thread Group 1-115,text,true,32313,9653
1386865143833,10026,GET: View assignment (fldi),200,OK,Thread Group 1-106,text,true,32304,9881
1386865144136,9732,GET: View assignment (mawa),200,OK,Thread Group 1-128,text,true,32289,9580
1386865144236,9693,GET: View assignment (roto),200,OK,Thread Group 1-109,text,true,32307,9535
1386865144273,9660,GET: View assignment (arwi),200,OK,Thread Group 1-132,text,true,32298,9493
1386865144222,9712,GET: View assignment (shca),200,OK,Thread Group 1-122,text,true,32316,9542
1386865144260,9687,GET: View assignment (clpa),200,OK,Thread Group 1-144,text,true,32304,9512
1386865144235,9774,GET: View assignment (nepr),200,OK,Thread Group 1-120,text,true,32301,9587
1386865144315,9695,GET: View assignment (esda),200,OK,Thread Group 1-124,text,true,32304,9505
1386865144315,9785,GET: View assignment (befe),200,OK,Thread Group 1-130,text,true,32313,9601
1386865142671,11436,GET: Show add submission form (boma),200,OK,Thread Group 1-59,text,true,56859,11246
1386865141509,12605,GET: Show add submission form (defi),200,OK,Thread Group 1-58,text,true,56844,12408
1386865144374,9875,GET: View assignment (kapa),200,OK,Thread Group 1-125,text,true,32310,9617
1386865149631,4620,POST: Upload file (roby),200,OK,Thread Group 1-65,text,true,8582,4396
1386865144411,9853,GET: View assignment (hope),200,OK,Thread Group 1-145,text,true,32304,9580
1386865144410,9856,GET: View assignment (momo),200,OK,Thread Group 1-148,text,true,32313,9582
1386865142666,11605,GET: Show add submission form (febo),200,OK,Thread Group 1-74,text,true,56844,11325
1386865144577,9803,GET: View assignment (alho),200,OK,Thread Group 1-139,text,true,32304,9508
1386865150254,4160,POST: Upload file (rawa),200,OK,Thread Group 1-55,text,true,8582,4026
1386865144488,10038,GET: View assignment (lone),200,OK,Thread Group 1-127,text,true,32298,9878
1386865144473,10062,GET: View assignment (rhro),200,OK,Thread Group 1-135,text,true,32313,9897
1386865144738,9802,GET: View assignment (mani),200,OK,Thread Group 1-136,text,true,32313,9630
1386865144708,9832,GET: View assignment (rabl),200,OK,Thread Group 1-143,text,true,32298,9666
1386865144486,10056,GET: View assignment (orli),200,OK,Thread Group 1-140,text,true,32295,9874
1386865144537,10005,GET: View assignment (grga),200,OK,Thread Group 1-147,text,true,32295,9830
1386865144695,9847,GET: View assignment (kaca),200,OK,Thread Group 1-149,text,true,32295,9679
1386865144647,9896,GET: View assignment (wimi),200,OK,Thread Group 1-131,text,true,32298,9728
1386865143847,10698,GET: View assignment (frmu),200,OK,Thread Group 1-113,text,true,32304,10523
1386865144363,10182,GET: View assignment (krba),200,OK,Thread Group 1-141,text,true,32310,10006
1386865144678,9867,GET: View assignment (prha),200,OK,Thread Group 1-133,text,true,32307,9692
1386865144535,10011,GET: View assignment (jogi),200,OK,Thread Group 1-142,text,true,32295,9841
1386865144608,9940,GET: View assignment (anda),200,OK,Thread Group 1-146,text,true,32292,9755
1386865144346,10202,GET: View assignment (dwdi),200,OK,Thread Group 1-137,text,true,32301,10014
1386865144590,9959,GET: View assignment (lesp),200,OK,Thread Group 1-138,text,true,32304,9777
1386865144666,9883,GET: View assignment (cogr),200,OK,Thread Group 1-129,text,true,32310,9709
1386865144724,9826,GET: View assignment (dafr),200,OK,Thread Group 1-150,text,true,32298,9649
1386865144608,9944,GET: View assignment (chpo),200,OK,Thread Group 1-134,text,true,32307,9760
1386865142633,11920,POST: Save submission (tatr),200,OK,Thread Group 1-37,text,true,58064,11741
1386865143022,11712,GET: Show add submission form (viad),200,OK,Thread Group 1-69,text,true,56844,11597
1386865150964,4041,POST: Upload file (maca),200,OK,Thread Group 1-66,text,true,8582,3937
1386865151067,3984,POST: Upload file (cesc),200,OK,Thread Group 1-67,text,true,8582,3891
1386865143014,12043,GET: Show add submission form (viro),200,OK,Thread Group 1-72,text,true,56864,11906
1386865151184,3925,POST: Upload file (albe),200,OK,Thread Group 1-51,text,true,8582,3828
1386865143245,11912,GET: Show add submission form (olba),200,OK,Thread Group 1-76,text,true,56839,11797
1386865151293,3907,POST: Upload file (agra),200,OK,Thread Group 1-49,text,true,8582,3844
1386865151269,4017,POST: Upload file (jafl),200,OK,Thread Group 1-53,text,true,8582,3872
1386865143296,11999,GET: Show add submission form (begr),200,OK,Thread Group 1-77,text,true,56859,11847
1386865143310,12460,GET: Show add submission form (edma),200,OK,Thread Group 1-71,text,true,56839,12375
1386865144002,12019,POST: Save submission (mach),200,OK,Thread Group 1-38,text,true,58079,11877
1386865143733,12331,GET: Show add submission form (cabo),200,OK,Thread Group 1-82,text,true,56839,12196
1386865143731,12336,GET: Show add submission form (rosh),200,OK,Thread Group 1-86,text,true,56859,12197
1386865144022,12147,GET: Show add submission form (alfu),200,OK,Thread Group 1-73,text,true,56844,12031
1386865152793,3443,POST: Upload file (mefig),200,OK,Thread Group 1-64,text,true,8582,3383
1386865152905,3516,POST: Upload file (mamu),200,OK,Thread Group 1-70,text,true,8582,3388
1386865153167,3318,POST: Upload file (kagr),200,OK,Thread Group 1-68,text,true,8582,3188
1386865144649,12479,GET: Show add submission form (nosa),200,OK,Thread Group 1-92,text,true,56838,12331
1386865153868,3271,POST: Upload file (masi),200,OK,Thread Group 1-62,text,true,8582,3197
1386865145489,11995,POST: Save submission (anba),200,OK,Thread Group 1-36,text,true,58064,11925
1386865154122,3479,POST: Upload file (defi),200,OK,Thread Group 1-58,text,true,8582,3378
1386865145587,12061,POST: Save submission (mica),200,OK,Thread Group 1-42,text,true,58094,11953
1386865154121,3578,POST: Upload file (boma),200,OK,Thread Group 1-59,text,true,8582,3483
1386865145693,12151,POST: Save submission (elcu),200,OK,Thread Group 1-40,text,true,58094,11997
1386865154294,3627,POST: Upload file (febo),200,OK,Thread Group 1-74,text,true,8582,3560
1386865146022,12099,POST: Save submission (thte),200,OK,Thread Group 1-45,text,true,58074,12028
1386865154743,3536,POST: Upload file (viad),200,OK,Thread Group 1-69,text,true,8582,3462
1386865145740,12585,GET: Show add submission form (caco),200,OK,Thread Group 1-81,text,true,56853,12476
1386865145754,12629,GET: Show add submission form (cymc),200,OK,Thread Group 1-78,text,true,56864,12512
1386865145791,12637,GET: Show add submission form (roca),200,OK,Thread Group 1-75,text,true,56859,12575
1386865145797,12685,GET: Show add submission form (edhe),200,OK,Thread Group 1-83,text,true,56839,12569
1386865145945,12727,GET: Show add submission form (erta),200,OK,Thread Group 1-87,text,true,56843,12613
1386865145885,12860,GET: Show add submission form (clri),200,OK,Thread Group 1-94,text,true,56864,12723
1386865155071,3807,POST: Upload file (viro),200,OK,Thread Group 1-72,text,true,8582,3745
1386865155173,3788,POST: Upload file (olba),200,OK,Thread Group 1-76,text,true,8582,3723
1386865146622,12469,POST: Save submission (nahe),200,OK,Thread Group 1-43,text,true,58089,12404
1386865155314,3819,POST: Upload file (begr),200,OK,Thread Group 1-77,text,true,8582,3757
1386865147090,12503,POST: Save submission (kely),200,OK,Thread Group 1-44,text,true,58074,12388
1386865155775,3866,POST: Upload file (edma),200,OK,Thread Group 1-71,text,true,8582,3794
1386865146921,13025,GET: Show add submission form (jowa),200,OK,Thread Group 1-84,text,true,56833,12900
1386865156084,4051,POST: Upload file (rosh),200,OK,Thread Group 1-86,text,true,8582,3973
1386865156074,4166,POST: Upload file (cabo),200,OK,Thread Group 1-82,text,true,8582,4076
1386865156179,4245,POST: Upload file (alfu),200,OK,Thread Group 1-73,text,true,8582,4192
1386865147428,13287,GET: Show add submission form (caru),200,OK,Thread Group 1-80,text,true,56859,13161
1386865147468,13417,GET: Show add submission form (sost),200,OK,Thread Group 1-88,text,true,56844,13238
1386865148053,12960,POST: Save submission (kava),200,OK,Thread Group 1-47,text,true,58084,12711
1386865147982,13034,POST: Save submission (dafo),200,OK,Thread Group 1-46,text,true,58079,12782
1386865148195,12874,POST: Save submission (dego),200,OK,Thread Group 1-41,text,true,58089,12678
1386865148626,12736,GET: Show add submission form (juha),200,OK,Thread Group 1-104,text,true,56823,12611
1386865157138,4226,POST: Upload file (nosa),200,OK,Thread Group 1-92,text,true,8579,4120
1386865149173,12362,POST: Save submission (mefi),200,OK,Thread Group 1-60,text,true,58104,12238
1386865149825,11919,POST: Save submission (frma),200,OK,Thread Group 1-52,text,true,58094,11801
1386865158331,3734,POST: Upload file (caco),200,OK,Thread Group 1-81,text,true,8579,3643
1386865158389,3677,POST: Upload file (cymc),200,OK,Thread Group 1-78,text,true,8582,3596
1386865158435,3675,POST: Upload file (roca),200,OK,Thread Group 1-75,text,true,8582,3563
1386865158493,3620,POST: Upload file (edhe),200,OK,Thread Group 1-83,text,true,8582,3533
1386865158682,3538,POST: Upload file (erta),200,OK,Thread Group 1-87,text,true,8579,3451
1386865150904,11360,POST: Save submission (cada),200,OK,Thread Group 1-50,text,true,58074,11248
1386865158755,3562,POST: Upload file (clri),200,OK,Thread Group 1-94,text,true,8582,3469
1386865151200,11162,POST: Save submission (clad),200,OK,Thread Group 1-57,text,true,58079,11059
1386865151401,11086,GET: Show add submission form (cagr),200,OK,Thread Group 1-91,text,true,56849,11012
1386865151578,11021,GET: Show add submission form (saha),200,OK,Thread Group 1-95,text,true,56854,10941
1386865151558,11104,GET: Show add submission form (lodo),200,OK,Thread Group 1-103,text,true,56849,10962
1386865152290,10727,POST: Save submission (emgu),200,OK,Thread Group 1-63,text,true,58075,10596
1386865152027,11048,GET: Show add submission form (chmo),200,OK,Thread Group 1-89,text,true,56858,10916
1386865152289,10793,GET: Show add submission form (limu),200,OK,Thread Group 1-100,text,true,56844,10652
1386865151983,11101,GET: Show add submission form (risc),200,OK,Thread Group 1-79,text,true,56853,10956
1386865152194,10890,GET: Show add submission form (patu),200,OK,Thread Group 1-85,text,true,56854,10745
1386865151808,11284,GET: Show add submission form (shsa),200,OK,Thread Group 1-93,text,true,56849,11131
1386865159954,3161,POST: Upload file (jowa),200,OK,Thread Group 1-84,text,true,8579,3090
1386865152248,10880,GET: Show add submission form (lome),200,OK,Thread Group 1-90,text,true,56854,10758
1386865152343,10789,GET: Show add submission form (rean),200,OK,Thread Group 1-96,text,true,56864,10660
1386865152594,10571,POST: Save submission (mywa),200,OK,Thread Group 1-61,text,true,58084,10460
1386865152691,10530,POST: Save submission (deke),200,OK,Thread Group 1-56,text,true,58079,10413
1386865152645,10578,POST: Save submission (llfl),200,OK,Thread Group 1-54,text,true,58051,10461
1386865152799,10564,POST: Save submission (ligi),200,OK,Thread Group 1-48,text,true,58069,10406
1386865160721,2821,POST: Upload file (caru),200,OK,Thread Group 1-80,text,true,8582,2727
1386865152611,10973,GET: Show add submission form (sawa),200,OK,Thread Group 1-98,text,true,56829,10864
1386865152915,11041,GET: Show add submission form (brgr),200,OK,Thread Group 1-107,text,true,56844,10760
1386865152839,11314,GET: Show add submission form (mawe),200,OK,Thread Group 1-112,text,true,56839,10837
1386865152891,11274,GET: Show add submission form (brll),200,OK,Thread Group 1-101,text,true,56849,10785
1386865153160,11007,GET: Show add submission form (mepa),200,OK,Thread Group 1-97,text,true,56849,10614
1386865152839,11331,GET: Show add submission form (tamo),200,OK,Thread Group 1-105,text,true,56839,10836
1386865153330,10955,GET: Show add submission form (vist),200,OK,Thread Group 1-102,text,true,56857,10808
1386865153322,10972,GET: Show add submission form (dico),200,OK,Thread Group 1-117,text,true,56839,10816
1386865153330,10966,GET: Show add submission form (loch),200,OK,Thread Group 1-110,text,true,56849,10806
1386865153360,10939,GET: Show add submission form (pada),200,OK,Thread Group 1-118,text,true,56859,10776
1386865153373,10963,GET: Show add submission form (debu),200,OK,Thread Group 1-116,text,true,56849,10776
1386865153321,11015,GET: Show add submission form (memo),200,OK,Thread Group 1-114,text,true,56844,10821
1386865153354,10982,GET: Show add submission form (sebr),200,OK,Thread Group 1-123,text,true,56834,10784
1386865153366,10971,GET: Show add submission form (edco),200,OK,Thread Group 1-121,text,true,56839,10779
1386865153330,11008,GET: Show add submission form (dere),200,OK,Thread Group 1-108,text,true,56844,10805
1386865153320,10981,GET: Show add submission form (raban),200,OK,Thread Group 1-126,text,true,56854,10819
1386865153331,11010,GET: Show add submission form (lebr),200,OK,Thread Group 1-99,text,true,56839,10814
1386865153322,11096,GET: Show add submission form (rowo),200,OK,Thread Group 1-119,text,true,56849,10861
1386865160895,3562,POST: Upload file (sost),200,OK,Thread Group 1-88,text,true,8582,2672
1386865161371,3088,POST: Upload file (juha),200,OK,Thread Group 1-104,text,true,8579,2863
1386865153784,10682,GET: Show add submission form (crbi),200,OK,Thread Group 1-111,text,true,56859,10465
1386865153888,10759,GET: Show add submission form (visu),200,OK,Thread Group 1-115,text,true,56864,10689
1386865153888,10809,GET: Show add submission form (mawa),200,OK,Thread Group 1-128,text,true,56824,10686
1386865154277,10426,POST: Save submission (roby),200,OK,Thread Group 1-65,text,true,58064,10301
1386865153888,10820,GET: Show add submission form (fldi),200,OK,Thread Group 1-106,text,true,56849,10689
1386865154418,10548,POST: Save submission (rawa),200,OK,Thread Group 1-55,text,true,58069,10425
1386865153950,11099,GET: Show add submission form (arwi),200,OK,Thread Group 1-132,text,true,56839,10933
1386865153965,11530,GET: Show add submission form (clpa),200,OK,Thread Group 1-144,text,true,56849,11396
1386865153938,11557,GET: Show add submission form (roto),200,OK,Thread Group 1-109,text,true,56848,11423
1386865153950,11551,GET: Show add submission form (shca),200,OK,Thread Group 1-122,text,true,56869,11411
1386865154016,11534,GET: Show add submission form (esda),200,OK,Thread Group 1-124,text,true,56849,11405
1386865154016,11537,GET: Show add submission form (nepr),200,OK,Thread Group 1-120,text,true,56844,11403
1386865154111,11450,GET: Show add submission form (befe),200,OK,Thread Group 1-130,text,true,56864,11309
1386865154278,11391,GET: Show add submission form (hope),200,OK,Thread Group 1-145,text,true,56849,11257
1386865154289,11380,GET: Show add submission form (momo),200,OK,Thread Group 1-148,text,true,56864,11248
1386865154260,11411,GET: Show add submission form (kapa),200,OK,Thread Group 1-125,text,true,56859,11275
1386865154387,11336,GET: Show add submission form (alho),200,OK,Thread Group 1-139,text,true,56849,11208
1386865154584,11267,GET: Show add submission form (lesp),200,OK,Thread Group 1-138,text,true,56849,11130
1386865154583,11283,GET: Show add submission form (prha),200,OK,Thread Group 1-133,text,true,56854,11129
1386865154575,11294,GET: Show add submission form (frmu),200,OK,Thread Group 1-113,text,true,56843,11140
1386865154561,11309,GET: Show add submission form (lone),200,OK,Thread Group 1-127,text,true,56833,11153
1386865154568,11304,GET: Show add submission form (grga),200,OK,Thread Group 1-147,text,true,56834,11146
1386865154580,11292,GET: Show add submission form (krba),200,OK,Thread Group 1-141,text,true,56859,11133
1386865154562,11312,GET: Show add submission form (mani),200,OK,Thread Group 1-136,text,true,56864,11155
1386865155014,10862,POST: Save submission (maca),200,OK,Thread Group 1-66,text,true,58079,10699
1386865154563,11349,GET: Show add submission form (rabl),200,OK,Thread Group 1-143,text,true,56839,11208
1386865154594,11332,GET: Show add submission form (cogr),200,OK,Thread Group 1-129,text,true,56859,11181
1386865154585,11341,GET: Show add submission form (anda),200,OK,Thread Group 1-146,text,true,56829,11186
1386865154563,11366,GET: Show add submission form (orli),200,OK,Thread Group 1-140,text,true,56834,11150
1386865154584,11350,GET: Show add submission form (dwdi),200,OK,Thread Group 1-137,text,true,56844,11197
1386865154608,11326,GET: Show add submission form (chpo),200,OK,Thread Group 1-134,text,true,56848,11166
1386865154569,11367,GET: Show add submission form (kaca),200,OK,Thread Group 1-149,text,true,56834,11212
1386865154596,11355,GET: Show add submission form (dafr),200,OK,Thread Group 1-150,text,true,56839,11176
1386865154583,11370,GET: Show add submission form (jogi),200,OK,Thread Group 1-142,text,true,56834,11188
1386865154576,11380,GET: Show add submission form (wimi),200,OK,Thread Group 1-131,text,true,56839,11203
1386865155058,10901,POST: Save submission (cesc),200,OK,Thread Group 1-67,text,true,58074,10773
1386865154561,11401,GET: Show add submission form (rhro),200,OK,Thread Group 1-135,text,true,56864,11214
1386865155124,10894,POST: Save submission (albe),200,OK,Thread Group 1-51,text,true,58074,10753
1386865155207,10929,POST: Save submission (agra),200,OK,Thread Group 1-49,text,true,58074,10797
1386865155295,10879,POST: Save submission (jafl),200,OK,Thread Group 1-53,text,true,58079,10759
1386865162498,3848,POST: Upload file (cagr),200,OK,Thread Group 1-91,text,true,8582,3764
1386865162607,3795,POST: Upload file (saha),200,OK,Thread Group 1-95,text,true,8582,3695
1386865162669,3777,POST: Upload file (lodo),200,OK,Thread Group 1-103,text,true,8582,3705
1386865163084,5080,POST: Upload file (chmo),200,OK,Thread Group 1-89,text,true,8579,4961
1386865163098,5066,POST: Upload file (patu),200,OK,Thread Group 1-85,text,true,8582,4949
1386865163147,5018,POST: Upload file (rean),200,OK,Thread Group 1-96,text,true,8582,4913
1386865163098,5070,POST: Upload file (risc),200,OK,Thread Group 1-79,text,true,8579,4957
1386865163148,5085,POST: Upload file (lome),200,OK,Thread Group 1-90,text,true,8582,5024
1386865163115,5169,POST: Upload file (shsa),200,OK,Thread Group 1-93,text,true,8582,5071
1386865163097,5187,POST: Upload file (limu),200,OK,Thread Group 1-100,text,true,8582,5099
1386865156241,12184,POST: Save submission (mefig),200,OK,Thread Group 1-64,text,true,58094,12032
1386865156427,12492,POST: Save submission (mamu),200,OK,Thread Group 1-70,text,true,58089,12372
1386865156492,12511,POST: Save submission (kagr),200,OK,Thread Group 1-68,text,true,58069,12357
1386865163594,5498,POST: Upload file (sawa),200,OK,Thread Group 1-98,text,true,8582,5428
1386865163961,6282,POST: Upload file (brgr),200,OK,Thread Group 1-107,text,true,8582,6184
1386865164176,6265,POST: Upload file (brll),200,OK,Thread Group 1-101,text,true,8582,6138
1386865164166,6275,POST: Upload file (mawe),200,OK,Thread Group 1-112,text,true,8582,6103
1386865164186,6315,POST: Upload file (tamo),200,OK,Thread Group 1-105,text,true,8582,6152
1386865157146,13355,POST: Save submission (masi),200,OK,Thread Group 1-62,text,true,58074,13188
1386865164384,6173,POST: Upload file (raban),200,OK,Thread Group 1-126,text,true,8582,6086
1386865164370,6194,POST: Upload file (sebr),200,OK,Thread Group 1-123,text,true,8582,6096
1386865164352,6214,POST: Upload file (vist),200,OK,Thread Group 1-102,text,true,8576,6113
1386865164176,6393,POST: Upload file (mepa),200,OK,Thread Group 1-97,text,true,8582,6247
1386865164371,6244,POST: Upload file (edco),200,OK,Thread Group 1-121,text,true,8582,6140
1386865164383,6237,POST: Upload file (dere),200,OK,Thread Group 1-108,text,true,8582,6119
1386865164368,6252,POST: Upload file (debu),200,OK,Thread Group 1-116,text,true,8582,6117
1386865164360,6262,POST: Upload file (pada),200,OK,Thread Group 1-118,text,true,8582,6163
1386865164356,6267,POST: Upload file (dico),200,OK,Thread Group 1-117,text,true,8582,6177
1386865164358,6265,POST: Upload file (loch),200,OK,Thread Group 1-110,text,true,8582,6171
1386865164370,6253,POST: Upload file (memo),200,OK,Thread Group 1-114,text,true,8582,6148
1386865164426,6237,POST: Upload file (rowo),200,OK,Thread Group 1-119,text,true,8582,6170
1386865164393,6276,POST: Upload file (lebr),200,OK,Thread Group 1-99,text,true,8582,6149
1386865164483,6189,POST: Upload file (crbi),200,OK,Thread Group 1-111,text,true,8582,6082
1386865164709,5999,POST: Upload file (mawa),200,OK,Thread Group 1-128,text,true,8582,5937
1386865164654,6056,POST: Upload file (visu),200,OK,Thread Group 1-115,text,true,8582,5972
1386865157704,13058,POST: Save submission (boma),200,OK,Thread Group 1-59,text,true,58089,12953
1386865165057,5705,POST: Upload file (arwi),200,OK,Thread Group 1-132,text,true,8582,5640
1386865164726,6085,POST: Upload file (fldi),200,OK,Thread Group 1-106,text,true,8582,6002
1386865157619,13199,POST: Save submission (defi),200,OK,Thread Group 1-58,text,true,58074,13082
1386865157927,12938,POST: Save submission (febo),200,OK,Thread Group 1-74,text,true,58074,12824
1386865165506,5409,POST: Upload file (clpa),200,OK,Thread Group 1-144,text,true,8582,5295
1386865165511,5405,POST: Upload file (shca),200,OK,Thread Group 1-122,text,true,8582,5328
1386865165507,5453,POST: Upload file (roto),200,OK,Thread Group 1-109,text,true,8579,5364
1386865165562,5485,POST: Upload file (esda),200,OK,Thread Group 1-124,text,true,8582,5371
1386865165584,5471,POST: Upload file (nepr),200,OK,Thread Group 1-120,text,true,8582,5358
1386865158291,12772,POST: Save submission (viad),200,OK,Thread Group 1-69,text,true,58074,12611
1386865165677,5409,POST: Upload file (hope),200,OK,Thread Group 1-145,text,true,8582,5343
1386865165677,5413,POST: Upload file (momo),200,OK,Thread Group 1-148,text,true,8582,5281
1386865165685,5410,POST: Upload file (kapa),200,OK,Thread Group 1-125,text,true,8582,5309
1386865165592,5506,POST: Upload file (befe),200,OK,Thread Group 1-130,text,true,8582,5379
1386865165731,5421,POST: Upload file (alho),200,OK,Thread Group 1-139,text,true,8582,5359
1386865165875,5344,POST: Upload file (lesp),200,OK,Thread Group 1-138,text,true,8582,5286
1386865166001,5275,POST: Upload file (chpo),200,OK,Thread Group 1-134,text,true,8579,5189
1386865165971,5318,POST: Upload file (prha),200,OK,Thread Group 1-133,text,true,8582,5212
1386865165974,5317,POST: Upload file (krba),200,OK,Thread Group 1-141,text,true,8582,5213
1386865165972,5321,POST: Upload file (frmu),200,OK,Thread Group 1-113,text,true,8579,5208
1386865165977,5317,POST: Upload file (mani),200,OK,Thread Group 1-136,text,true,8582,5197
1386865165972,5323,POST: Upload file (grga),200,OK,Thread Group 1-147,text,true,8582,5213
1386865165973,5323,POST: Upload file (lone),200,OK,Thread Group 1-127,text,true,8579,5197
1386865166032,5322,POST: Upload file (dafr),200,OK,Thread Group 1-150,text,true,8582,5213
1386865166033,5322,POST: Upload file (wimi),200,OK,Thread Group 1-131,text,true,8582,5214
1386865166026,5346,POST: Upload file (kaca),200,OK,Thread Group 1-149,text,true,8582,5216
1386865165996,5377,POST: Upload file (anda),200,OK,Thread Group 1-146,text,true,8582,5236
1386865165986,5387,POST: Upload file (rabl),200,OK,Thread Group 1-143,text,true,8582,5245
1386865166044,5329,POST: Upload file (rhro),200,OK,Thread Group 1-135,text,true,8582,5193
1386865166032,5342,POST: Upload file (jogi),200,OK,Thread Group 1-142,text,true,8582,5203
1386865166000,5374,POST: Upload file (orli),200,OK,Thread Group 1-140,text,true,8582,5228
1386865165996,5526,POST: Upload file (cogr),200,OK,Thread Group 1-129,text,true,8582,5326
1386865158967,12563,POST: Save submission (olba),200,OK,Thread Group 1-76,text,true,58069,12294
1386865158887,12646,POST: Save submission (viro),200,OK,Thread Group 1-72,text,true,58094,12377
1386865166000,5533,POST: Upload file (dwdi),200,OK,Thread Group 1-137,text,true,8582,5318
1386865159140,12518,POST: Save submission (begr),200,OK,Thread Group 1-77,text,true,58089,12447
1386865159648,12050,POST: Save submission (edma),200,OK,Thread Group 1-71,text,true,58069,11938
1386865160141,11662,POST: Save submission (rosh),200,OK,Thread Group 1-86,text,true,58089,11546
1386865160247,11605,POST: Save submission (cabo),200,OK,Thread Group 1-82,text,true,58069,11490
1386865160428,11428,POST: Save submission (alfu),200,OK,Thread Group 1-73,text,true,58074,11311
1386865161372,11092,POST: Save submission (nosa),200,OK,Thread Group 1-92,text,true,58065,11016
1386865162072,10629,POST: Save submission (caco),200,OK,Thread Group 1-81,text,true,58080,10516
1386865162072,10678,POST: Save submission (cymc),200,OK,Thread Group 1-78,text,true,58094,10568
1386865162124,10629,POST: Save submission (edhe),200,OK,Thread Group 1-83,text,true,58069,10516
1386865162116,10648,POST: Save submission (roca),200,OK,Thread Group 1-75,text,true,58089,10525
1386865162228,10570,POST: Save submission (erta),200,OK,Thread Group 1-87,text,true,58070,10512
1386865162331,10578,POST: Save submission (clri),200,OK,Thread Group 1-94,text,true,58094,10517
1386865163139,10341,POST: Save submission (jowa),200,OK,Thread Group 1-84,text,true,58060,10276
1386865163549,10364,POST: Save submission (caru),200,OK,Thread Group 1-80,text,true,58089,10300
1386865164466,10059,POST: Save submission (sost),200,OK,Thread Group 1-88,text,true,58074,9942
1386865164473,10096,POST: Save submission (juha),200,OK,Thread Group 1-104,text,true,58050,9985
1386865166453,8987,POST: Save submission (lodo),200,OK,Thread Group 1-103,text,true,58079,8865
1386865166408,9115,POST: Save submission (saha),200,OK,Thread Group 1-95,text,true,58084,8910
1386865166353,9179,POST: Save submission (cagr),200,OK,Thread Group 1-91,text,true,58079,8966
1386865168169,7683,POST: Save submission (chmo),200,OK,Thread Group 1-89,text,true,58085,7391
1386865168288,7675,POST: Save submission (limu),200,OK,Thread Group 1-100,text,true,58074,7273
1386865168179,7796,POST: Save submission (rean),200,OK,Thread Group 1-96,text,true,58094,7380
1386865168179,7802,POST: Save submission (patu),200,OK,Thread Group 1-85,text,true,58084,7384
1386865168288,7694,POST: Save submission (shsa),200,OK,Thread Group 1-93,text,true,58079,7274
1386865168187,7797,POST: Save submission (risc),200,OK,Thread Group 1-79,text,true,58080,7376
1386865169099,7284,POST: Save submission (sawa),200,OK,Thread Group 1-98,text,true,58059,6847
1386865170576,5810,POST: Save submission (sebr),200,OK,Thread Group 1-123,text,true,58064,5583
1386865170447,5944,POST: Save submission (brll),200,OK,Thread Group 1-101,text,true,58079,5571
1386865170510,5890,POST: Save submission (tamo),200,OK,Thread Group 1-105,text,true,58069,5559
1386865170582,5821,POST: Save submission (mepa),200,OK,Thread Group 1-97,text,true,58079,5578
1386865170251,6153,POST: Save submission (brgr),200,OK,Thread Group 1-107,text,true,58074,5695
1386865170448,5962,POST: Save submission (mawe),200,OK,Thread Group 1-112,text,true,58069,5570
1386865170568,5843,POST: Save submission (raban),200,OK,Thread Group 1-126,text,true,58084,5591
1386865168240,8173,POST: Save submission (lome),200,OK,Thread Group 1-90,text,true,58084,7706
1386865170690,5752,POST: Save submission (crbi),200,OK,Thread Group 1-111,text,true,58089,5606
1386865170681,5766,POST: Save submission (lebr),200,OK,Thread Group 1-99,text,true,58069,5605
1386865170714,5739,POST: Save submission (mawa),200,OK,Thread Group 1-128,text,true,58054,5572
1386865170680,5779,POST: Save submission (rowo),200,OK,Thread Group 1-119,text,true,58079,5618
1386865170651,5815,POST: Save submission (memo),200,OK,Thread Group 1-114,text,true,58074,5648
1386865170632,5840,POST: Save submission (edco),200,OK,Thread Group 1-121,text,true,58069,5660
1386865170637,5836,POST: Save submission (debu),200,OK,Thread Group 1-116,text,true,58079,5656
1386865170636,5839,POST: Save submission (dere),200,OK,Thread Group 1-108,text,true,58074,5663
1386865170648,5828,POST: Save submission (dico),200,OK,Thread Group 1-117,text,true,58069,5645
1386865170718,5763,POST: Save submission (visu),200,OK,Thread Group 1-115,text,true,58094,5574
1386865170578,5903,POST: Save submission (vist),200,OK,Thread Group 1-102,text,true,58081,5717
1386865170649,5833,POST: Save submission (loch),200,OK,Thread Group 1-110,text,true,58079,5644
1386865170637,5845,POST: Save submission (pada),200,OK,Thread Group 1-118,text,true,58089,5662
1386865170925,5593,POST: Save submission (clpa),200,OK,Thread Group 1-144,text,true,58079,5437
1386865170930,5594,POST: Save submission (shca),200,OK,Thread Group 1-122,text,true,58099,5461
1386865170969,5557,POST: Save submission (roto),200,OK,Thread Group 1-109,text,true,58075,5393
1386865170818,5716,POST: Save submission (fldi),200,OK,Thread Group 1-106,text,true,58079,5546
1386865170773,5762,POST: Save submission (arwi),200,OK,Thread Group 1-132,text,true,58069,5588
1386865171118,5454,POST: Save submission (hope),200,OK,Thread Group 1-145,text,true,58079,5305
1386865171126,5451,POST: Save submission (befe),200,OK,Thread Group 1-130,text,true,58094,5298
1386865171092,5488,POST: Save submission (nepr),200,OK,Thread Group 1-120,text,true,58074,5329
1386865171060,5521,POST: Save submission (esda),200,OK,Thread Group 1-124,text,true,58079,5361
1386865171118,5463,POST: Save submission (kapa),200,OK,Thread Group 1-125,text,true,58089,5307
1386865171117,5468,POST: Save submission (momo),200,OK,Thread Group 1-148,text,true,58094,5308
1386865171226,5408,POST: Save submission (lesp),200,OK,Thread Group 1-138,text,true,58079,5278
1386865171158,5479,POST: Save submission (alho),200,OK,Thread Group 1-139,text,true,58079,5353
1386865171334,5382,POST: Save submission (lone),200,OK,Thread Group 1-127,text,true,58060,5221
1386865171311,5519,POST: Save submission (krba),200,OK,Thread Group 1-141,text,true,58089,5246
1386865171548,5291,POST: Save submission (dwdi),200,OK,Thread Group 1-137,text,true,58074,5081
1386865171312,5531,POST: Save submission (frmu),200,OK,Thread Group 1-113,text,true,58070,5245
1386865171384,5462,POST: Save submission (dafr),200,OK,Thread Group 1-150,text,true,58069,5238
1386865171309,5540,POST: Save submission (prha),200,OK,Thread Group 1-133,text,true,58084,5246
1386865171393,5458,POST: Save submission (orli),200,OK,Thread Group 1-140,text,true,58064,5163
1386865171385,5473,POST: Save submission (anda),200,OK,Thread Group 1-146,text,true,58059,5236
1386865171391,5468,POST: Save submission (rhro),200,OK,Thread Group 1-135,text,true,58094,5230
1386865171332,5528,POST: Save submission (grga),200,OK,Thread Group 1-147,text,true,58064,5224
1386865171383,5478,POST: Save submission (wimi),200,OK,Thread Group 1-131,text,true,58069,5247
1386865171388,5474,POST: Save submission (rabl),200,OK,Thread Group 1-143,text,true,58069,5247
1386865171529,5334,POST: Save submission (cogr),200,OK,Thread Group 1-129,text,true,58089,5093
1386865171290,5575,POST: Save submission (chpo),200,OK,Thread Group 1-134,text,true,58075,5265
1386865171329,5537,POST: Save submission (mani),200,OK,Thread Group 1-136,text,true,58094,5228
1386865171384,5482,POST: Save submission (kaca),200,OK,Thread Group 1-149,text,true,58064,5241
1386865171393,5474,POST: Save submission (jogi),200,OK,Thread Group 1-142,text,true,58064,5228
