1386864330570,197,GET: Login (sojo),200,OK,Thread Group 1-3,text,true,11533,142
1386864330498,320,GET: Login (huba),200,OK,Thread Group 1-1,text,true,11533,250
1386864330498,320,GET: Login (tyll),200,OK,Thread Group 1-2,text,true,11533,250
1386864330784,165,GET: Login (raba),200,OK,Thread Group 1-4,text,true,11533,106
1386864330987,153,GET: Login (cach),200,OK,Thread Group 1-5,text,true,11533,88
1386864331183,219,GET: Login (guwa),200,OK,Thread Group 1-6,text,true,11533,130
1386864331386,218,GET: Login (nilu),200,OK,Thread Group 1-7,text,true,11533,138
1386864331594,211,GET: Login (calo),200,OK,Thread Group 1-8,text,true,11533,133
1386864331797,257,GET: Login (trca),200,OK,Thread Group 1-9,text,true,11533,151
1386864331996,213,GET: Login (gemo),200,OK,Thread Group 1-10,text,true,11533,131
1386864332199,207,GET: Login (wewe),200,OK,Thread Group 1-11,text,true,11533,144
1386864332407,358,GET: Login (sest),200,OK,Thread Group 1-12,text,true,11533,266
1386864332605,262,GET: Login (juga),200,OK,Thread Group 1-13,text,true,11533,153
1386864332828,949,GET: Login (raha),200,OK,Thread Group 1-14,text,true,11533,889
1386864333009,822,GET: Login (daha),200,OK,Thread Group 1-15,text,true,11533,702
1386864333222,610,GET: Login (shbe),200,OK,Thread Group 1-16,text,true,11533,494
1386864333415,420,GET: Login (amgr),200,OK,Thread Group 1-17,text,true,11533,303
1386864333618,1164,GET: Login (maga),200,OK,Thread Group 1-18,text,true,11533,1077
1386864334028,755,GET: Login (caph),200,OK,Thread Group 1-20,text,true,11533,662
1386864333830,953,GET: Login (cenu),200,OK,Thread Group 1-19,text,true,11533,858
1386864334232,558,GET: Login (joch),200,OK,Thread Group 1-21,text,true,11533,464
1386864334448,343,GET: Login (jade),200,OK,Thread Group 1-22,text,true,11533,251
1386864334635,311,GET: Login (bola),200,OK,Thread Group 1-23,text,true,11533,212
1386864334840,302,GET: Login (glbl),200,OK,Thread Group 1-24,text,true,11533,237
1386864335044,378,GET: Login (masm),200,OK,Thread Group 1-25,text,true,11533,256
1386864335244,637,GET: Login (jufe),200,OK,Thread Group 1-26,text,true,11533,539
1386864335448,499,GET: Login (jehu),200,OK,Thread Group 1-27,text,true,11533,352
1386864335663,335,GET: Login (mawh),200,OK,Thread Group 1-28,text,true,11533,254
1386864335850,345,GET: Login (irmo),200,OK,Thread Group 1-29,text,true,11533,243
1386864336052,259,GET: Login (gopa),200,OK,Thread Group 1-30,text,true,11533,151
1386864336258,343,GET: Login (maco),200,OK,Thread Group 1-31,text,true,11533,257
1386864336483,280,GET: Login (alto),200,OK,Thread Group 1-32,text,true,11533,191
1386864336663,334,GET: Login (evpa),200,OK,Thread Group 1-33,text,true,11533,192
1386864336880,361,GET: Login (flco),200,OK,Thread Group 1-34,text,true,11533,271
1386864337069,383,GET: Login (cogl),200,OK,Thread Group 1-35,text,true,11533,247
1386864337262,438,GET: Login (anba),200,OK,Thread Group 1-36,text,true,11533,327
1386864337467,476,GET: Login (tatr),200,OK,Thread Group 1-37,text,true,11533,317
1386864337664,500,GET: Login (mach),200,OK,Thread Group 1-38,text,true,11533,409
1386864334857,3358,POST: Login (jade),200,OK,Thread Group 1-22,text,true,319590,1488
1386864333849,4384,POST: Login (shbe),200,OK,Thread Group 1-16,text,true,319596,1096
1386864332415,5921,POST: Login (wewe),200,OK,Thread Group 1-11,text,true,319596,1110
1386864337869,475,GET: Login (yvgr),200,OK,Thread Group 1-39,text,true,11533,397
1386864330831,7516,POST: Login (tyll),200,OK,Thread Group 1-2,text,true,319596,773
1386864333794,4572,POST: Login (raha),200,OK,Thread Group 1-14,text,true,319606,1072
1386864332775,5609,POST: Login (sest),200,OK,Thread Group 1-12,text,true,319598,1001
1386864332060,6346,POST: Login (trca),200,OK,Thread Group 1-9,text,true,319592,914
1386864334962,3450,POST: Login (bola),200,OK,Thread Group 1-23,text,true,319600,1641
1386864330829,7587,POST: Login (huba),200,OK,Thread Group 1-1,text,true,319598,774
1386864334802,3637,POST: Login (caph),200,OK,Thread Group 1-20,text,true,319600,1545
1386864331819,6649,POST: Login (calo),200,OK,Thread Group 1-8,text,true,319594,696
1386864334800,3702,POST: Login (maga),200,OK,Thread Group 1-18,text,true,319602,1548
1386864331615,6948,POST: Login (nilu),200,OK,Thread Group 1-7,text,true,319592,740
1386864330955,7634,POST: Login (raba),200,OK,Thread Group 1-4,text,true,319600,799
1386864338067,556,GET: Login (elcu),200,OK,Thread Group 1-40,text,true,11533,394
1386864333848,4789,POST: Login (daha),200,OK,Thread Group 1-15,text,true,319596,1144
1386864334860,3787,POST: Login (joch),200,OK,Thread Group 1-21,text,true,319606,1541
1386864331411,7239,POST: Login (guwa),200,OK,Thread Group 1-6,text,true,319604,743
1386864334823,3829,POST: Login (cenu),200,OK,Thread Group 1-19,text,true,319600,1579
1386864332878,5776,POST: Login (juga),200,OK,Thread Group 1-13,text,true,319596,1076
1386864338265,406,GET: Login (dego),200,OK,Thread Group 1-41,text,true,11533,305
1386864333885,4788,POST: Login (amgr),200,OK,Thread Group 1-17,text,true,319600,1158
1386864332218,6550,POST: Login (gemo),200,OK,Thread Group 1-10,text,true,319604,1007
1386864335155,3622,POST: Login (glbl),200,OK,Thread Group 1-24,text,true,319596,1554
1386864338466,516,GET: Login (mica),200,OK,Thread Group 1-42,text,true,11533,318
1386864335452,3642,POST: Login (masm),200,OK,Thread Group 1-25,text,true,319602,1692
1386864331145,8070,POST: Login (cach),200,OK,Thread Group 1-5,text,true,319600,714
1386864338871,360,GET: Login (kely),200,OK,Thread Group 1-44,text,true,11533,284
1386864338376,873,GET: View assignment (shbe),200,OK,Thread Group 1-16,text,true,32296,749
1386864338668,614,GET: Login (nahe),200,OK,Thread Group 1-43,text,true,11533,533
1386864330793,8488,POST: Login (sojo),200,OK,Thread Group 1-3,text,true,319604,760
1386864338278,1005,GET: View assignment (jade),200,OK,Thread Group 1-22,text,true,32287,896
1386864336057,3437,POST: Login (mawh),200,OK,Thread Group 1-28,text,true,319598,1450
1386864335900,3605,POST: Login (jufe),200,OK,Thread Group 1-26,text,true,319600,1601
1386864335966,3583,POST: Login (jehu),200,OK,Thread Group 1-27,text,true,319596,1576
1386864338585,1008,GET: View assignment (wewe),200,OK,Thread Group 1-11,text,true,32296,891
1386864338668,1045,GET: View assignment (sest),200,OK,Thread Group 1-12,text,true,32299,917
1386864336211,3565,POST: Login (irmo),200,OK,Thread Group 1-29,text,true,319598,1580
1386864338587,1199,GET: View assignment (tyll),200,OK,Thread Group 1-2,text,true,32294,1057
1386864338723,1065,GET: View assignment (trca),200,OK,Thread Group 1-9,text,true,32290,920
1386864338661,1173,GET: View assignment (raha),200,OK,Thread Group 1-14,text,true,32311,1042
1386864338741,1172,GET: View assignment (bola),200,OK,Thread Group 1-23,text,true,32302,1020
1386864338756,1158,GET: View assignment (huba),200,OK,Thread Group 1-1,text,true,32297,1003
1386864336334,3591,POST: Login (gopa),200,OK,Thread Group 1-30,text,true,319600,1663
1386864338905,1095,GET: View assignment (calo),200,OK,Thread Group 1-8,text,true,32291,922
1386864338850,1188,GET: View assignment (caph),200,OK,Thread Group 1-20,text,true,32302,1053
1386864339044,1075,GET: View assignment (maga),200,OK,Thread Group 1-18,text,true,32305,933
1386864339099,1031,GET: View assignment (raba),200,OK,Thread Group 1-4,text,true,32300,878
1386864339099,1055,GET: View assignment (nilu),200,OK,Thread Group 1-7,text,true,32288,929
1386864339469,745,GET: Login (kava),200,OK,Thread Group 1-47,text,true,11533,653
1386864339270,1081,GET: Login (dafo),200,OK,Thread Group 1-46,text,true,11533,890
1386864339671,678,GET: Login (ligi),200,OK,Thread Group 1-48,text,true,11533,465
1386864336621,4059,POST: Login (maco),200,OK,Thread Group 1-31,text,true,319604,1723
1386864339222,1460,GET: View assignment (daha),200,OK,Thread Group 1-15,text,true,32296,983
1386864339711,973,GET: View assignment (sojo),200,OK,Thread Group 1-3,text,true,32306,811
1386864339235,1451,GET: View assignment (joch),200,OK,Thread Group 1-21,text,true,32311,968
1386864339071,1619,GET: Login (thte),200,OK,Thread Group 1-45,text,true,11533,1094
1386864336795,3899,POST: Login (alto),200,OK,Thread Group 1-32,text,true,319592,1825
1386864339290,1409,GET: View assignment (amgr),200,OK,Thread Group 1-17,text,true,32302,913
1386864339253,1443,GET: View assignment (juga),200,OK,Thread Group 1-13,text,true,32296,1090
1386864339673,1034,GET: View assignment (masm),200,OK,Thread Group 1-25,text,true,32305,849
1386864339252,1458,GET: View assignment (cenu),200,OK,Thread Group 1-19,text,true,32302,954
1386864339674,1045,GET: View assignment (cach),200,OK,Thread Group 1-5,text,true,32300,915
1386864339380,1340,GET: View assignment (glbl),200,OK,Thread Group 1-24,text,true,32296,1069
1386864339885,841,GET: View assignment (mawh),200,OK,Thread Group 1-28,text,true,32299,705
1386864339235,1496,GET: View assignment (guwa),200,OK,Thread Group 1-6,text,true,32306,971
1386864339886,847,GET: View assignment (jufe),200,OK,Thread Group 1-26,text,true,32302,703
1386864339379,1357,GET: View assignment (gemo),200,OK,Thread Group 1-10,text,true,32308,827
1386864340058,1432,GET: Show add submission form (wewe),200,OK,Thread Group 1-11,text,true,56839,1080
1386864339712,1787,GET: Show add submission form (jade),200,OK,Thread Group 1-22,text,true,56824,1426
1386864340013,1490,GET: View assignment (jehu),200,OK,Thread Group 1-27,text,true,32296,817
1386864337011,4499,POST: Login (evpa),200,OK,Thread Group 1-33,text,true,319598,2223
1386864339700,1820,GET: Show add submission form (shbe),200,OK,Thread Group 1-16,text,true,56839,1456
1386864340740,1290,GET: View assignment (maco),200,OK,Thread Group 1-31,text,true,32308,901
1386864340408,1622,GET: View assignment (gopa),200,OK,Thread Group 1-30,text,true,32302,1059
1386864340209,1823,GET: View assignment (irmo),200,OK,Thread Group 1-29,text,true,32299,1259
1386864337258,4778,POST: Login (flco),200,OK,Thread Group 1-34,text,true,319592,2339
1386864337491,4547,POST: Login (cogl),200,OK,Thread Group 1-35,text,true,319598,2543
1386864340880,1188,GET: Login (llfl),200,OK,Thread Group 1-54,text,true,11533,1063
1386864340276,1796,GET: Login (albe),200,OK,Thread Group 1-51,text,true,11533,1661
1386864340094,1980,GET: Login (cada),200,OK,Thread Group 1-50,text,true,11533,1848
1386864340693,1382,GET: Login (jafl),200,OK,Thread Group 1-53,text,true,11533,1269
1386864341278,801,GET: Login (deke),200,OK,Thread Group 1-56,text,true,11533,670
1386864340474,1607,GET: Login (frma),200,OK,Thread Group 1-52,text,true,11533,1470
1386864341181,903,GET: Login (rawa),200,OK,Thread Group 1-55,text,true,11533,757
1386864339871,2214,GET: Login (agra),200,OK,Thread Group 1-49,text,true,11533,2084
1386864341165,1286,GET: View assignment (alto),200,OK,Thread Group 1-32,text,true,32290,842
1386864341506,952,POST: Upload file (wewe),200,OK,Thread Group 1-11,text,true,8582,793
1386864341658,801,POST: Upload file (shbe),200,OK,Thread Group 1-16,text,true,8582,568
1386864340476,2000,GET: Show add submission form (nilu),200,OK,Thread Group 1-7,text,true,56829,1589
1386864340474,2006,GET: Show add submission form (raba),200,OK,Thread Group 1-4,text,true,56849,1584
1386864340472,2015,GET: Show add submission form (maga),200,OK,Thread Group 1-18,text,true,56854,1588
1386864340428,2066,GET: Show add submission form (caph),200,OK,Thread Group 1-20,text,true,56849,1630
1386864340197,2307,GET: Show add submission form (sest),200,OK,Thread Group 1-12,text,true,56844,1861
1386864340348,2157,GET: Show add submission form (huba),200,OK,Thread Group 1-1,text,true,56844,1712
1386864341884,749,GET: Login (boma),200,OK,Thread Group 1-59,text,true,11533,620
1386864341495,1138,GET: Login (clad),200,OK,Thread Group 1-57,text,true,11533,1011
1386864341679,1049,GET: Login (defi),200,OK,Thread Group 1-58,text,true,11533,835
1386864340409,2321,GET: Show add submission form (calo),200,OK,Thread Group 1-8,text,true,56834,2128
1386864340741,2059,GET: Show add submission form (daha),200,OK,Thread Group 1-15,text,true,56839,1886
1386864340311,2527,GET: Show add submission form (trca),200,OK,Thread Group 1-9,text,true,56829,2399
1386864342289,553,GET: Login (mywa),200,OK,Thread Group 1-61,text,true,11533,350
1386864342084,760,GET: Login (mefi),200,OK,Thread Group 1-60,text,true,11533,665
1386864340320,2526,GET: Show add submission form (raha),200,OK,Thread Group 1-14,text,true,56864,2391
1386864340347,2500,GET: Show add submission form (bola),200,OK,Thread Group 1-23,text,true,56849,2365
1386864340304,2549,GET: Show add submission form (tyll),200,OK,Thread Group 1-2,text,true,56833,2406
1386864341605,1254,POST: Upload file (jade),200,OK,Thread Group 1-22,text,true,8582,1122
1386864341229,1822,GET: Show add submission form (gemo),200,OK,Thread Group 1-10,text,true,56859,1611
1386864341250,1804,GET: Show add submission form (glbl),200,OK,Thread Group 1-24,text,true,56839,1582
1386864341232,1845,GET: Show add submission form (guwa),200,OK,Thread Group 1-6,text,true,56859,1620
1386864341024,2071,GET: Show add submission form (sojo),200,OK,Thread Group 1-3,text,true,56859,1851
1386864341268,1838,GET: Show add submission form (cach),200,OK,Thread Group 1-5,text,true,56849,1595
1386864342496,635,GET: Login (masi),200,OK,Thread Group 1-62,text,true,11533,422
1386864341166,1975,GET: Show add submission form (juga),200,OK,Thread Group 1-13,text,true,56839,1709
1386864341270,1895,GET: Show add submission form (masm),200,OK,Thread Group 1-25,text,true,56854,1686
1386864341177,2006,GET: Show add submission form (amgr),200,OK,Thread Group 1-17,text,true,56849,1824
1386864341269,1914,GET: Show add submission form (cenu),200,OK,Thread Group 1-19,text,true,56849,1653
1386864341162,2046,GET: Show add submission form (joch),200,OK,Thread Group 1-21,text,true,56864,1803
1386864341222,2011,GET: Show add submission form (jufe),200,OK,Thread Group 1-26,text,true,56849,1729
1386864341241,2005,GET: Show add submission form (mawh),200,OK,Thread Group 1-28,text,true,56844,1772
1386864342688,791,GET: Login (emgu),200,OK,Thread Group 1-63,text,true,11533,710
1386864342117,1688,GET: View assignment (flco),200,OK,Thread Group 1-34,text,true,32290,1544
1386864341613,2238,GET: View assignment (evpa),200,OK,Thread Group 1-33,text,true,32299,2101
1386864342118,1757,GET: View assignment (cogl),200,OK,Thread Group 1-35,text,true,32299,1606
1386864342884,1155,GET: Login (mefig),200,OK,Thread Group 1-64,text,true,11533,854
1386864343136,1034,GET: Login (roby),200,OK,Thread Group 1-65,text,true,11533,856
1386864341605,2622,GET: Show add submission form (jehu),200,OK,Thread Group 1-27,text,true,56839,2343
1386864337955,6279,POST: Login (tatr),200,OK,Thread Group 1-37,text,true,319594,3406
1386864342901,1514,POST: Upload file (nilu),200,OK,Thread Group 1-7,text,true,8582,1246
1386864343292,1151,GET: Login (maca),200,OK,Thread Group 1-66,text,true,11533,989
1386864342995,1550,POST: Upload file (huba),200,OK,Thread Group 1-1,text,true,8582,1306
1386864342941,1606,POST: Upload file (maga),200,OK,Thread Group 1-18,text,true,8582,1323
1386864342099,2444,GET: Show add submission form (irmo),200,OK,Thread Group 1-29,text,true,56844,2248
1386864342903,1644,POST: Upload file (raba),200,OK,Thread Group 1-4,text,true,8582,1320
1386864342943,1609,POST: Upload file (sest),200,OK,Thread Group 1-12,text,true,8582,1293
1386864342941,1646,POST: Upload file (caph),200,OK,Thread Group 1-20,text,true,8582,1380
1386864342047,2556,GET: Show add submission form (gopa),200,OK,Thread Group 1-30,text,true,56849,2376
1386864342048,2611,GET: Show add submission form (maco),200,OK,Thread Group 1-31,text,true,56853,2417
1386864343505,1204,GET: Login (cesc),200,OK,Thread Group 1-67,text,true,11533,1079
1386864343705,1152,GET: Login (kagr),200,OK,Thread Group 1-68,text,true,11533,1030
1386864343900,1157,GET: Login (viad),200,OK,Thread Group 1-69,text,true,11533,949
1386864343925,1226,POST: Upload file (calo),200,OK,Thread Group 1-8,text,true,8582,1002
1386864344111,1212,GET: Login (mamu),200,OK,Thread Group 1-70,text,true,11533,1058
1386864344121,1223,POST: Upload file (trca),200,OK,Thread Group 1-9,text,true,8582,980
1386864342477,2908,GET: Show add submission form (alto),200,OK,Thread Group 1-32,text,true,56829,2673
1386864344296,1201,GET: Login (edma),200,OK,Thread Group 1-71,text,true,11533,977
1386864342744,2789,POST: Save submission (shbe),200,OK,Thread Group 1-16,text,true,58069,2508
1386864344396,1246,POST: Upload file (tyll),200,OK,Thread Group 1-2,text,true,8579,997
1386864344117,1574,POST: Upload file (daha),200,OK,Thread Group 1-15,text,true,8582,1310
1386864342677,3027,POST: Save submission (wewe),200,OK,Thread Group 1-11,text,true,58069,2731
1386864344360,1353,POST: Upload file (bola),200,OK,Thread Group 1-23,text,true,8582,1145
1386864344270,1470,POST: Upload file (raha),200,OK,Thread Group 1-14,text,true,8582,1193
1386864344499,1330,GET: Login (viro),200,OK,Thread Group 1-72,text,true,11533,1167
1386864344698,1349,GET: Login (alfu),200,OK,Thread Group 1-73,text,true,11533,1104
1386864344845,1277,POST: Upload file (gemo),200,OK,Thread Group 1-10,text,true,8582,1055
1386864344915,1408,GET: Login (febo),200,OK,Thread Group 1-74,text,true,11533,1296
1386864345116,1278,GET: Login (roca),200,OK,Thread Group 1-75,text,true,11533,1177
1386864344935,1991,POST: Upload file (sojo),200,OK,Thread Group 1-3,text,true,8582,1735
1386864344983,2013,POST: Upload file (cach),200,OK,Thread Group 1-5,text,true,8582,1746
1386864344996,2010,POST: Upload file (juga),200,OK,Thread Group 1-13,text,true,8582,1738
1386864345361,1696,POST: Upload file (mawh),200,OK,Thread Group 1-28,text,true,8582,1435
1386864345314,1753,POST: Upload file (jufe),200,OK,Thread Group 1-26,text,true,8582,1496
1386864345025,2046,POST: Upload file (masm),200,OK,Thread Group 1-25,text,true,8582,1742
1386864344930,2144,POST: Upload file (guwa),200,OK,Thread Group 1-6,text,true,8582,1736
1386864345133,1948,POST: Upload file (cenu),200,OK,Thread Group 1-19,text,true,8582,1655
1386864345087,1995,POST: Upload file (amgr),200,OK,Thread Group 1-17,text,true,8582,1713
1386864345311,1776,POST: Upload file (joch),200,OK,Thread Group 1-21,text,true,8582,1471
1386864344849,2258,POST: Upload file (glbl),200,OK,Thread Group 1-24,text,true,8582,1853
1386864345301,2029,GET: Login (olba),200,OK,Thread Group 1-76,text,true,11533,1846
1386864338586,8780,POST: Login (yvgr),200,OK,Thread Group 1-39,text,true,319600,3229
1386864345504,1869,GET: Login (begr),200,OK,Thread Group 1-77,text,true,11533,1728
1386864338178,9219,POST: Login (mach),200,OK,Thread Group 1-38,text,true,319600,3623
1386864337714,9686,POST: Login (anba),200,OK,Thread Group 1-36,text,true,319594,4091
1386864345906,1513,GET: Login (risc),200,OK,Thread Group 1-79,text,true,11533,1388
1386864345701,1762,GET: Login (cymc),200,OK,Thread Group 1-78,text,true,11533,1668
1386864339220,8732,POST: Login (elcu),200,OK,Thread Group 1-40,text,true,319606,3204
1386864339701,8290,POST: Login (nahe),200,OK,Thread Group 1-43,text,true,319604,2729
1386864339688,8393,POST: Login (kely),200,OK,Thread Group 1-44,text,true,319598,2749
1386864339259,8785,POST: Login (dego),200,OK,Thread Group 1-41,text,true,319604,3183
1386864339533,8517,POST: Login (mica),200,OK,Thread Group 1-42,text,true,319606,2928
1386864344517,3757,POST: Save submission (jade),200,OK,Thread Group 1-22,text,true,58054,3558
1386864346646,1689,POST: Upload file (jehu),200,OK,Thread Group 1-27,text,true,8582,1407
1386864346842,1763,POST: Upload file (irmo),200,OK,Thread Group 1-29,text,true,8582,1472
1386864347033,1592,POST: Upload file (maco),200,OK,Thread Group 1-31,text,true,8579,1299
1386864346512,2175,GET: Login (cabo),200,OK,Thread Group 1-82,text,true,11533,1921
1386864340575,8581,POST: Login (dafo),200,OK,Thread Group 1-46,text,true,319600,2389
1386864347522,1637,GET: Login (erta),200,OK,Thread Group 1-87,text,true,11533,1637
1386864347312,1847,GET: Login (rosh),200,OK,Thread Group 1-86,text,true,11533,1407
1386864340576,8585,POST: Login (ligi),200,OK,Thread Group 1-48,text,true,319596,2385
1386864347119,2041,GET: Login (patu),200,OK,Thread Group 1-85,text,true,11533,1512
1386864346914,2247,GET: Login (jowa),200,OK,Thread Group 1-84,text,true,11533,1787
1386864346712,2459,GET: Login (edhe),200,OK,Thread Group 1-83,text,true,11533,1910
1386864340511,8661,POST: Login (kava),200,OK,Thread Group 1-47,text,true,319602,2452
1386864341163,8009,POST: Login (thte),200,OK,Thread Group 1-45,text,true,319598,1797
1386864347727,1445,GET: Login (sost),200,OK,Thread Group 1-88,text,true,11533,866
1386864346989,2183,POST: Upload file (gopa),200,OK,Thread Group 1-30,text,true,8582,1421
1386864346109,3063,GET: Login (caru),200,OK,Thread Group 1-80,text,true,11533,2410
1386864346305,2867,GET: Login (caco),200,OK,Thread Group 1-81,text,true,11533,2191
1386864347664,1530,POST: Upload file (alto),200,OK,Thread Group 1-32,text,true,8582,1495
1386864347918,1320,GET: Login (chmo),200,OK,Thread Group 1-89,text,true,11533,1237
1386864348322,1109,GET: Login (cagr),200,OK,Thread Group 1-91,text,true,11533,999
1386864348522,912,GET: Login (nosa),200,OK,Thread Group 1-92,text,true,11533,777
1386864348119,1368,GET: Login (lome),200,OK,Thread Group 1-90,text,true,11533,1208
1386864346077,3414,GET: Show add submission form (flco),200,OK,Thread Group 1-34,text,true,56829,3290
1386864346135,3403,GET: Show add submission form (evpa),200,OK,Thread Group 1-33,text,true,56844,3290
1386864346687,2903,GET: View assignment (tatr),200,OK,Thread Group 1-37,text,true,32293,2788
1386864346689,3024,POST: Save submission (nilu),200,OK,Thread Group 1-7,text,true,58059,2888
1386864349161,556,GET: Login (clri),200,OK,Thread Group 1-95,text,true,11533,384
1386864349164,561,GET: Login (saha),200,OK,Thread Group 1-94,text,true,11533,386
1386864349174,574,GET: Login (shsa),200,OK,Thread Group 1-93,text,true,11533,400
1386864346248,3503,GET: Show add submission form (cogl),200,OK,Thread Group 1-35,text,true,56844,3327
1386864346846,2914,POST: Save submission (raba),200,OK,Thread Group 1-4,text,true,58079,2785
1386864346796,2967,POST: Save submission (huba),200,OK,Thread Group 1-1,text,true,58074,2833
1386864346800,3065,POST: Save submission (maga),200,OK,Thread Group 1-18,text,true,58084,2934
1386864349325,693,GET: Login (rean),200,OK,Thread Group 1-96,text,true,11533,504
1386864346871,3175,POST: Save submission (sest),200,OK,Thread Group 1-12,text,true,58074,2913
1386864349529,643,GET: Login (mepa),200,OK,Thread Group 1-97,text,true,11533,464
1386864347582,2637,POST: Save submission (trca),200,OK,Thread Group 1-9,text,true,58059,2506
1386864347500,2726,POST: Save submission (calo),200,OK,Thread Group 1-8,text,true,58064,2590
1386864346874,3372,POST: Save submission (caph),200,OK,Thread Group 1-20,text,true,58079,3211
1386864347882,2372,POST: Save submission (tyll),200,OK,Thread Group 1-2,text,true,58060,2253
1386864349743,692,GET: Login (sawa),200,OK,Thread Group 1-98,text,true,11533,590
1386864348349,2149,POST: Save submission (daha),200,OK,Thread Group 1-15,text,true,58069,2005
1386864348402,2096,POST: Save submission (raha),200,OK,Thread Group 1-14,text,true,58094,1951
1386864349939,734,GET: Login (lebr),200,OK,Thread Group 1-99,text,true,11533,616
1386864348648,2082,POST: Save submission (gemo),200,OK,Thread Group 1-10,text,true,58089,1956
1386864348395,2354,POST: Save submission (bola),200,OK,Thread Group 1-23,text,true,58079,2208
1386864350134,682,GET: Login (limu),200,OK,Thread Group 1-100,text,true,11533,525
1386864350335,754,GET: Login (brll),200,OK,Thread Group 1-101,text,true,11533,629
1386864350538,699,GET: Login (vist),200,OK,Thread Group 1-102,text,true,11533,575
1386864349660,1698,GET: View assignment (yvgr),200,OK,Thread Group 1-39,text,true,32302,1574
1386864349837,1617,GET: View assignment (mach),200,OK,Thread Group 1-38,text,true,32302,1499
1386864350738,794,GET: Login (lodo),200,OK,Thread Group 1-103,text,true,11533,638
1386864349838,1795,GET: View assignment (anba),200,OK,Thread Group 1-36,text,true,32293,1695
1386864349573,2083,POST: Save submission (juga),200,OK,Thread Group 1-13,text,true,58069,1861
1386864349571,2086,POST: Save submission (sojo),200,OK,Thread Group 1-3,text,true,58089,1962
1386864349658,2033,POST: Save submission (glbl),200,OK,Thread Group 1-24,text,true,58069,1875
1386864349580,2126,POST: Save submission (mawh),200,OK,Thread Group 1-28,text,true,58074,1952
1386864349592,2148,POST: Save submission (guwa),200,OK,Thread Group 1-6,text,true,58089,1940
1386864349582,2169,POST: Save submission (jufe),200,OK,Thread Group 1-26,text,true,58079,1950
1386864350940,815,GET: Login (juha),200,OK,Thread Group 1-104,text,true,11533,718
1386864349591,2167,POST: Save submission (masm),200,OK,Thread Group 1-25,text,true,58084,1996
1386864349651,2111,POST: Save submission (joch),200,OK,Thread Group 1-21,text,true,58094,1883
1386864350112,1673,GET: View assignment (nahe),200,OK,Thread Group 1-43,text,true,32308,1475
1386864349573,2290,POST: Save submission (cach),200,OK,Thread Group 1-5,text,true,58079,2109
1386864351141,723,GET: Login (tamo),200,OK,Thread Group 1-105,text,true,11533,623
1386864351343,679,GET: Login (fldi),200,OK,Thread Group 1-106,text,true,11533,472
1386864349649,2385,POST: Save submission (cenu),200,OK,Thread Group 1-19,text,true,58079,2141
1386864349651,2385,POST: Save submission (amgr),200,OK,Thread Group 1-17,text,true,58079,2140
1386864350240,1885,GET: View assignment (kely),200,OK,Thread Group 1-44,text,true,32299,1617
1386864350072,2054,GET: View assignment (elcu),200,OK,Thread Group 1-40,text,true,32311,1785
1386864350241,1981,GET: View assignment (mica),200,OK,Thread Group 1-42,text,true,32311,1869
1386864350241,1976,GET: View assignment (dego),200,OK,Thread Group 1-41,text,true,32308,1868
1386864351545,629,GET: Login (brgr),200,OK,Thread Group 1-107,text,true,11533,481
1386864351221,946,POST: Upload file (evpa),200,OK,Thread Group 1-33,text,true,8582,799
1386864351746,420,GET: Login (dere),200,OK,Thread Group 1-108,text,true,11533,292
1386864351220,1049,POST: Upload file (flco),200,OK,Thread Group 1-34,text,true,8582,957
1386864350540,1814,GET: View assignment (dafo),200,OK,Thread Group 1-46,text,true,32302,1687
1386864350609,1759,GET: View assignment (ligi),200,OK,Thread Group 1-48,text,true,32296,1649
1386864351473,964,POST: Upload file (cogl),200,OK,Thread Group 1-35,text,true,8582,856
1386864351947,522,GET: Login (roto),200,OK,Thread Group 1-109,text,true,11533,432
1386864350335,2153,POST: Save submission (jehu),200,OK,Thread Group 1-27,text,true,58069,2024
1386864350710,1808,GET: View assignment (kava),200,OK,Thread Group 1-47,text,true,32305,1699
1386864350711,1874,GET: View assignment (thte),200,OK,Thread Group 1-45,text,true,32299,1748
1386864352148,452,GET: Login (loch),200,OK,Thread Group 1-110,text,true,11533,342
1386864350521,2200,POST: Save submission (maco),200,OK,Thread Group 1-31,text,true,58080,2088
1386864352350,417,GET: Login (crbi),200,OK,Thread Group 1-111,text,true,11533,320
1386864350520,2274,POST: Save submission (irmo),200,OK,Thread Group 1-29,text,true,58074,2141
1386864350734,2092,POST: Save submission (gopa),200,OK,Thread Group 1-30,text,true,58079,1976
1386864350818,2085,POST: Save submission (alto),200,OK,Thread Group 1-32,text,true,58059,1942
1386864352552,555,GET: Login (mawe),200,OK,Thread Group 1-112,text,true,11533,314
1386864352754,458,GET: Login (frmu),200,OK,Thread Group 1-113,text,true,11533,332
1386864352954,608,GET: Login (memo),200,OK,Thread Group 1-114,text,true,11533,391
1386864351231,2564,GET: Show add submission form (tatr),200,OK,Thread Group 1-37,text,true,56828,2325
1386864353157,753,GET: Login (visu),200,OK,Thread Group 1-115,text,true,11533,504
1386864353357,651,GET: Login (debu),200,OK,Thread Group 1-116,text,true,11533,515
1386864342137,11972,POST: Login (agra),200,OK,Thread Group 1-49,text,true,319598,7560
1386864342135,11975,POST: Login (deke),200,OK,Thread Group 1-56,text,true,319600,7562
1386864342136,11990,POST: Login (frma),200,OK,Thread Group 1-52,text,true,319606,7605
1386864353558,645,GET: Login (dico),200,OK,Thread Group 1-117,text,true,11533,552
1386864342134,12076,POST: Login (cada),200,OK,Thread Group 1-50,text,true,319598,7885
1386864342136,12134,POST: Login (rawa),200,OK,Thread Group 1-55,text,true,319596,7559
1386864342135,12210,POST: Login (jafl),200,OK,Thread Group 1-53,text,true,319600,7880
1386864342133,12255,POST: Login (llfl),200,OK,Thread Group 1-54,text,true,319596,7895
1386864342133,12255,POST: Login (albe),200,OK,Thread Group 1-51,text,true,319598,7884
1386864353761,656,GET: Login (pada),200,OK,Thread Group 1-118,text,true,11533,515
1386864353962,672,GET: Login (rowo),200,OK,Thread Group 1-119,text,true,11533,396
1386864354164,536,GET: Login (nepr),200,OK,Thread Group 1-120,text,true,11533,395
1386864354367,602,GET: Login (edco),200,OK,Thread Group 1-121,text,true,11533,364
1386864343738,11308,POST: Login (clad),200,OK,Thread Group 1-57,text,true,319600,7399
1386864354567,589,GET: Login (shca),200,OK,Thread Group 1-122,text,true,11533,402
1386864354769,530,GET: Login (sebr),200,OK,Thread Group 1-123,text,true,11533,423
1386864354970,505,GET: Login (esda),200,OK,Thread Group 1-124,text,true,11533,334
1386864352699,2809,GET: Show add submission form (yvgr),200,OK,Thread Group 1-39,text,true,56837,2593
1386864352996,2485,GET: Show add submission form (anba),200,OK,Thread Group 1-36,text,true,56834,2346
1386864352797,2717,GET: Show add submission form (mach),200,OK,Thread Group 1-38,text,true,56849,2545
1386864353228,2328,GET: Show add submission form (nahe),200,OK,Thread Group 1-43,text,true,56859,2165
1386864343736,11853,POST: Login (boma),200,OK,Thread Group 1-59,text,true,319604,7865
1386864344268,11334,POST: Login (mywa),200,OK,Thread Group 1-61,text,true,319602,7326
1386864355172,560,GET: Login (kapa),200,OK,Thread Group 1-125,text,true,11533,397
1386864344270,11471,POST: Login (mefi),200,OK,Thread Group 1-60,text,true,319610,7328
1386864343923,11831,POST: Login (defi),200,OK,Thread Group 1-58,text,true,319598,7673
1386864354834,976,POST: Upload file (tatr),200,OK,Thread Group 1-37,text,true,8579,725
1386864353501,2333,POST: Save submission (evpa),200,OK,Thread Group 1-33,text,true,58074,2221
1386864353494,2358,GET: Show add submission form (dego),200,OK,Thread Group 1-41,text,true,56859,2232
1386864353439,2487,GET: Show add submission form (mica),200,OK,Thread Group 1-42,text,true,56864,2332
1386864344993,10936,POST: Login (masi),200,OK,Thread Group 1-62,text,true,319598,6804
1386864355377,554,GET: Login (raban),200,OK,Thread Group 1-126,text,true,11533,437
1386864353433,2498,GET: Show add submission form (elcu),200,OK,Thread Group 1-40,text,true,56864,2292
1386864353432,2508,GET: Show add submission form (kely),200,OK,Thread Group 1-44,text,true,56844,2291
1386864355578,577,GET: Login (lone),200,OK,Thread Group 1-127,text,true,11533,399
1386864353730,2504,POST: Save submission (flco),200,OK,Thread Group 1-34,text,true,58059,2318
1386864353809,2436,GET: Show add submission form (thte),200,OK,Thread Group 1-45,text,true,56844,2242
1386864353730,2533,GET: Show add submission form (dafo),200,OK,Thread Group 1-46,text,true,56849,2420
1386864353731,2552,GET: Show add submission form (ligi),200,OK,Thread Group 1-48,text,true,56833,2417
1386864353808,2479,GET: Show add submission form (kava),200,OK,Thread Group 1-47,text,true,56854,2339
1386864355780,511,GET: Login (mawa),200,OK,Thread Group 1-128,text,true,11533,342
1386864353796,2536,POST: Save submission (cogl),200,OK,Thread Group 1-35,text,true,58074,2351
1386864355982,642,GET: Login (cogr),200,OK,Thread Group 1-129,text,true,11533,525
1386864346420,10132,POST: Login (roby),200,OK,Thread Group 1-65,text,true,319594,6146
1386864356182,527,GET: Login (befe),200,OK,Thread Group 1-130,text,true,11533,380
1386864345771,11130,POST: Login (emgu),200,OK,Thread Group 1-63,text,true,319602,6845
1386864356383,793,GET: Login (wimi),200,OK,Thread Group 1-131,text,true,11533,312
1386864356589,591,GET: Login (arwi),200,OK,Thread Group 1-132,text,true,11533,574
1386864355255,1959,GET: View assignment (agra),200,OK,Thread Group 1-49,text,true,32299,1908
1386864355340,1991,GET: View assignment (frma),200,OK,Thread Group 1-52,text,true,32311,1823
1386864355446,1905,GET: View assignment (rawa),200,OK,Thread Group 1-55,text,true,32296,1714
1386864355333,2019,GET: View assignment (deke),200,OK,Thread Group 1-56,text,true,32302,1827
1386864356787,651,GET: Login (prha),200,OK,Thread Group 1-133,text,true,11533,545
1386864346358,11134,POST: Login (mefig),200,OK,Thread Group 1-64,text,true,319606,6531
1386864355412,2104,GET: View assignment (cada),200,OK,Thread Group 1-50,text,true,32299,1883
1386864347503,10164,POST: Login (mamu),200,OK,Thread Group 1-70,text,true,319604,5654
1386864355656,2025,GET: View assignment (llfl),200,OK,Thread Group 1-54,text,true,32296,1892
1386864355716,2143,GET: View assignment (albe),200,OK,Thread Group 1-51,text,true,32299,1932
1386864347488,10388,POST: Login (viad),200,OK,Thread Group 1-69,text,true,319598,5772
1386864356742,1243,POST: Upload file (yvgr),200,OK,Thread Group 1-39,text,true,8576,981
1386864357196,791,GET: Login (chpo),200,OK,Thread Group 1-134,text,true,11533,531
1386864357191,798,GET: Login (rhro),200,OK,Thread Group 1-135,text,true,11533,530
1386864355647,2346,GET: View assignment (jafl),200,OK,Thread Group 1-53,text,true,32302,2070
1386864356751,1250,POST: Upload file (anba),200,OK,Thread Group 1-36,text,true,8582,1078
1386864356850,1210,POST: Upload file (nahe),200,OK,Thread Group 1-43,text,true,8582,1079
1386864357594,748,GET: Login (dwdi),200,OK,Thread Group 1-137,text,true,11533,631
1386864357391,957,GET: Login (mani),200,OK,Thread Group 1-136,text,true,11533,830
1386864347035,11394,POST: Login (cesc),200,OK,Thread Group 1-67,text,true,319598,6879
1386864356803,1690,POST: Upload file (mach),200,OK,Thread Group 1-38,text,true,8582,1410
1386864356453,2142,GET: View assignment (clad),200,OK,Thread Group 1-57,text,true,32302,1878
1386864348465,10256,POST: Login (viro),200,OK,Thread Group 1-72,text,true,319606,5578
1386864357795,1069,GET: Login (lesp),200,OK,Thread Group 1-138,text,true,11533,868
1386864346739,12141,POST: Login (maca),200,OK,Thread Group 1-66,text,true,319600,7175
1386864357228,1806,POST: Upload file (dego),200,OK,Thread Group 1-41,text,true,8582,1447
1386864357300,1752,POST: Upload file (elcu),200,OK,Thread Group 1-40,text,true,8582,1466
1386864357229,1827,POST: Upload file (mica),200,OK,Thread Group 1-42,text,true,8582,1472
1386864347697,11384,POST: Login (edma),200,OK,Thread Group 1-71,text,true,319596,6217
1386864347113,11976,POST: Login (kagr),200,OK,Thread Group 1-68,text,true,319596,6804
1386864357302,1867,POST: Upload file (kely),200,OK,Thread Group 1-44,text,true,8582,1527
1386864357670,1538,POST: Upload file (thte),200,OK,Thread Group 1-45,text,true,8582,1227
1386864357757,1468,POST: Upload file (dafo),200,OK,Thread Group 1-46,text,true,8582,1115
1386864349227,10019,POST: Login (febo),200,OK,Thread Group 1-74,text,true,319598,5011
1386864356891,2427,GET: View assignment (boma),200,OK,Thread Group 1-59,text,true,32308,2096
1386864357759,1620,POST: Upload file (ligi),200,OK,Thread Group 1-48,text,true,8579,1188
1386864356891,2657,GET: View assignment (mywa),200,OK,Thread Group 1-61,text,true,32305,2338
1386864348640,11003,POST: Login (alfu),200,OK,Thread Group 1-73,text,true,319598,5657
1386864357782,1890,POST: Upload file (kava),200,OK,Thread Group 1-47,text,true,8582,1495
1386864349259,10692,POST: Login (roca),200,OK,Thread Group 1-75,text,true,319604,5278
1386864357229,2824,GET: View assignment (masi),200,OK,Thread Group 1-62,text,true,32299,2488
1386864357997,2114,GET: Login (alho),200,OK,Thread Group 1-139,text,true,11533,1952
1386864357218,2944,GET: View assignment (mefi),200,OK,Thread Group 1-60,text,true,32317,2792
1386864349731,10506,POST: Login (begr),200,OK,Thread Group 1-77,text,true,319604,5115
1386864357219,3029,GET: View assignment (defi),200,OK,Thread Group 1-58,text,true,32299,2711
1386864358198,2169,GET: Login (orli),200,OK,Thread Group 1-140,text,true,11533,1862
1386864349901,10994,POST: Login (cymc),200,OK,Thread Group 1-78,text,true,319606,5128
1386864349843,11350,POST: Login (risc),200,OK,Thread Group 1-79,text,true,319604,5140
1386864358404,2907,GET: Login (krba),200,OK,Thread Group 1-141,text,true,11533,2657
1386864349659,11653,POST: Login (olba),200,OK,Thread Group 1-76,text,true,319596,5324
1386864358605,2709,GET: Login (jogi),200,OK,Thread Group 1-142,text,true,11533,2511
1386864357219,4106,POST: Save submission (tatr),200,OK,Thread Group 1-37,text,true,58055,3647
1386864359014,2401,GET: Login (clpa),200,OK,Thread Group 1-144,text,true,11533,2173
1386864358807,2658,GET: Login (rabl),200,OK,Thread Group 1-143,text,true,11533,2426
1386864358066,3969,GET: View assignment (roby),200,OK,Thread Group 1-65,text,true,32293,3771
1386864359412,2997,GET: Login (anda),200,OK,Thread Group 1-146,text,true,11533,2755
1386864359211,3276,GET: Login (hope),200,OK,Thread Group 1-145,text,true,11533,3022
1386864359612,2936,GET: Login (grga),200,OK,Thread Group 1-147,text,true,11533,2732
1386864359813,2745,GET: Login (momo),200,OK,Thread Group 1-148,text,true,11533,2607
1386864360018,2625,GET: Login (kaca),200,OK,Thread Group 1-149,text,true,11533,2382
1386864360272,2551,GET: Login (dafr),200,OK,Thread Group 1-150,text,true,11533,2300
1386864358635,4779,GET: View assignment (emgu),200,OK,Thread Group 1-63,text,true,32305,4346
1386864359491,4693,GET: View assignment (mefig),200,OK,Thread Group 1-64,text,true,32311,4580
1386864350606,13677,POST: Login (erta),200,OK,Thread Group 1-87,text,true,319600,5609
1386864351465,12854,POST: Login (saha),200,OK,Thread Group 1-94,text,true,319602,5261
1386864350539,13827,POST: Login (cabo),200,OK,Thread Group 1-82,text,true,319596,5513
1386864350810,13556,POST: Login (caru),200,OK,Thread Group 1-80,text,true,319604,5352
1386864351154,13219,POST: Login (nosa),200,OK,Thread Group 1-92,text,true,319598,5580
1386864350811,13599,POST: Login (caco),200,OK,Thread Group 1-81,text,true,319604,5454
1386864350609,13815,POST: Login (rosh),200,OK,Thread Group 1-86,text,true,319604,5606
1386864350610,13814,POST: Login (jowa),200,OK,Thread Group 1-84,text,true,319596,5068
1386864350609,13858,POST: Login (patu),200,OK,Thread Group 1-85,text,true,319602,5561
1386864350732,13771,POST: Login (sost),200,OK,Thread Group 1-88,text,true,319598,5539
1386864350820,13691,POST: Login (chmo),200,OK,Thread Group 1-89,text,true,319606,5537
1386864351147,13368,POST: Login (cagr),200,OK,Thread Group 1-91,text,true,319600,5581
1386864350709,13824,POST: Login (edhe),200,OK,Thread Group 1-83,text,true,319596,4969
1386864351472,13135,POST: Login (shsa),200,OK,Thread Group 1-93,text,true,319600,5355
1386864359199,5555,GET: Show add submission form (agra),200,OK,Thread Group 1-49,text,true,56844,5360
1386864351213,13605,POST: Login (lome),200,OK,Thread Group 1-90,text,true,319602,5508
1386864360262,4606,GET: View assignment (mamu),200,OK,Thread Group 1-70,text,true,32308,4397
1386864359399,5472,GET: Show add submission form (frma),200,OK,Thread Group 1-52,text,true,56864,5267
1386864351840,13077,POST: Login (mepa),200,OK,Thread Group 1-97,text,true,319600,5321
1386864359492,5531,GET: Show add submission form (cada),200,OK,Thread Group 1-50,text,true,56844,5356
1386864359472,5572,GET: Show add submission form (deke),200,OK,Thread Group 1-56,text,true,56849,5376
1386864359401,5648,GET: Show add submission form (rawa),200,OK,Thread Group 1-55,text,true,56839,5352
1386864360681,4389,GET: View assignment (viad),200,OK,Thread Group 1-69,text,true,32299,4284
1386864351575,13592,POST: Login (rean),200,OK,Thread Group 1-96,text,true,319606,5584
1386864351934,13536,POST: Login (sawa),200,OK,Thread Group 1-98,text,true,319592,5482
1386864351465,14089,POST: Login (clri),200,OK,Thread Group 1-95,text,true,319606,5702
1386864360508,5091,GET: Show add submission form (llfl),200,OK,Thread Group 1-54,text,true,56839,4931
1386864360593,5027,GET: Show add submission form (albe),200,OK,Thread Group 1-51,text,true,56844,4846
1386864352291,13444,POST: Login (limu),200,OK,Thread Group 1-100,text,true,319598,5306
1386864352232,13518,POST: Login (lebr),200,OK,Thread Group 1-99,text,true,319596,5364
1386864362357,3468,GET: View assignment (cesc),200,OK,Thread Group 1-67,text,true,32299,3319
1386864361331,4587,POST: Save submission (yvgr),200,OK,Thread Group 1-39,text,true,58061,4385
1386864361433,4625,POST: Save submission (anba),200,OK,Thread Group 1-36,text,true,58064,4338
1386864361516,4549,POST: Save submission (nahe),200,OK,Thread Group 1-43,text,true,58089,4255
1386864362528,3538,GET: View assignment (viro),200,OK,Thread Group 1-72,text,true,32311,3245
1386864362735,3416,GET: View assignment (kagr),200,OK,Thread Group 1-68,text,true,32296,3170
1386864362651,3503,GET: View assignment (maca),200,OK,Thread Group 1-66,text,true,32302,3255
1386864362734,3464,GET: View assignment (edma),200,OK,Thread Group 1-71,text,true,32296,3304
1386864361425,4825,GET: Show add submission form (jafl),200,OK,Thread Group 1-53,text,true,56849,4716
1386864363052,3225,GET: View assignment (febo),200,OK,Thread Group 1-74,text,true,32299,3087
1386864363653,2669,GET: View assignment (roca),200,OK,Thread Group 1-75,text,true,32308,2538
1386864362663,3707,POST: Save submission (elcu),200,OK,Thread Group 1-40,text,true,58094,3485
1386864363590,2837,GET: View assignment (alfu),200,OK,Thread Group 1-73,text,true,32299,2617
1386864362652,3880,POST: Save submission (dego),200,OK,Thread Group 1-41,text,true,58089,3637
1386864353386,13225,POST: Login (fldi),200,OK,Thread Group 1-106,text,true,319600,5608
1386864352648,13966,POST: Login (vist),200,OK,Thread Group 1-102,text,true,319608,5734
1386864362760,3848,POST: Save submission (kely),200,OK,Thread Group 1-44,text,true,58074,3581
1386864362665,3802,POST: Save submission (mica),200,OK,Thread Group 1-42,text,true,58094,3574
1386864362443,4034,POST: Save submission (mach),200,OK,Thread Group 1-38,text,true,58079,3748
1386864362969,3650,POST: Save submission (thte),200,OK,Thread Group 1-45,text,true,58074,3523
1386864364087,2567,GET: View assignment (begr),200,OK,Thread Group 1-77,text,true,32308,2453
1386864352644,14011,POST: Login (brll),200,OK,Thread Group 1-101,text,true,319600,5801
1386864363050,3612,POST: Save submission (dafo),200,OK,Thread Group 1-46,text,true,58079,3306
1386864364535,2134,GET: View assignment (cymc),200,OK,Thread Group 1-78,text,true,32311,2003
1386864364536,2194,GET: View assignment (risc),200,OK,Thread Group 1-79,text,true,32308,2005
1386864364537,2249,GET: View assignment (olba),200,OK,Thread Group 1-76,text,true,32296,2060
1386864353084,13720,POST: Login (juha),200,OK,Thread Group 1-104,text,true,319592,5634
1386864352993,13816,POST: Login (lodo),200,OK,Thread Group 1-103,text,true,319600,5725
1386864363463,3412,POST: Save submission (ligi),200,OK,Thread Group 1-48,text,true,58060,3203
1386864353385,13524,POST: Login (tamo),200,OK,Thread Group 1-105,text,true,319596,5556
1386864362527,4637,GET: Show add submission form (clad),200,OK,Thread Group 1-57,text,true,56849,4221
1386864363654,3510,GET: Show add submission form (masi),200,OK,Thread Group 1-62,text,true,56838,3262
1386864363492,3674,GET: Show add submission form (mywa),200,OK,Thread Group 1-61,text,true,56854,3424
1386864363591,3579,POST: Save submission (kava),200,OK,Thread Group 1-47,text,true,58084,3200
1386864353495,13675,POST: Login (brgr),200,OK,Thread Group 1-107,text,true,319598,5498
1386864353798,13381,POST: Login (roto),200,OK,Thread Group 1-109,text,true,319602,5737
1386864363462,3717,GET: Show add submission form (boma),200,OK,Thread Group 1-59,text,true,56859,3717
1386864364086,3095,GET: Show add submission form (mefi),200,OK,Thread Group 1-60,text,true,56874,3095
1386864364087,3096,GET: Show add submission form (defi),200,OK,Thread Group 1-58,text,true,56844,3096
1386864353503,13720,POST: Login (dere),200,OK,Thread Group 1-108,text,true,319598,6200
1386864364997,2562,GET: Show add submission form (roby),200,OK,Thread Group 1-65,text,true,56834,2427
1386864354033,13626,POST: Login (crbi),200,OK,Thread Group 1-111,text,true,319604,6377
1386864365801,1893,GET: View assignment (erta),200,OK,Thread Group 1-87,text,true,32302,1790
1386864353810,13890,POST: Login (loch),200,OK,Thread Group 1-110,text,true,319600,6603
1386864354345,13438,POST: Login (frmu),200,OK,Thread Group 1-113,text,true,319600,7005
1386864365896,1897,GET: View assignment (rosh),200,OK,Thread Group 1-86,text,true,32308,1792
1386864365889,1918,GET: View assignment (cabo),200,OK,Thread Group 1-82,text,true,32296,1747
1386864365896,1961,GET: View assignment (caco),200,OK,Thread Group 1-81,text,true,32308,1838
1386864354316,13546,POST: Login (mawe),200,OK,Thread Group 1-112,text,true,319596,7083
1386864366426,1442,POST: Upload file (agra),200,OK,Thread Group 1-49,text,true,8582,1248
1386864366737,1148,POST: Upload file (cada),200,OK,Thread Group 1-50,text,true,8582,1005
1386864365890,2008,GET: View assignment (caru),200,OK,Thread Group 1-80,text,true,32308,1893
1386864366732,1173,POST: Upload file (frma),200,OK,Thread Group 1-52,text,true,8582,1021
1386864366814,1096,POST: Upload file (deke),200,OK,Thread Group 1-56,text,true,8582,948
1386864365890,2028,GET: View assignment (nosa),200,OK,Thread Group 1-92,text,true,32299,1853
1386864366815,1124,POST: Upload file (rawa),200,OK,Thread Group 1-55,text,true,8582,956
1386864354596,13346,POST: Login (memo),200,OK,Thread Group 1-114,text,true,319598,7167
1386864366243,1728,GET: View assignment (sost),200,OK,Thread Group 1-88,text,true,32299,1617
1386864365898,2075,GET: View assignment (jowa),200,OK,Thread Group 1-84,text,true,32296,1903
1386864365888,2183,GET: View assignment (saha),200,OK,Thread Group 1-94,text,true,32307,2072
1386864366286,1836,GET: View assignment (edhe),200,OK,Thread Group 1-83,text,true,32296,1735
1386864366286,1846,GET: View assignment (cagr),200,OK,Thread Group 1-91,text,true,32302,1730
1386864366244,1889,GET: View assignment (chmo),200,OK,Thread Group 1-89,text,true,32313,1769
1386864367368,853,POST: Upload file (llfl),200,OK,Thread Group 1-54,text,true,8582,701
1386864366427,1804,GET: View assignment (lome),200,OK,Thread Group 1-90,text,true,32305,1687
1386864366237,2012,GET: View assignment (patu),200,OK,Thread Group 1-85,text,true,32305,1875
1386864366513,2065,GET: View assignment (mepa),200,OK,Thread Group 1-97,text,true,32302,1748
1386864365801,2781,GET: Show add submission form (mefig),200,OK,Thread Group 1-64,text,true,56864,2409
1386864366356,2228,GET: View assignment (shsa),200,OK,Thread Group 1-93,text,true,32302,1812
1386864367521,1066,POST: Upload file (albe),200,OK,Thread Group 1-51,text,true,8582,691
1386864354920,13667,POST: Login (debu),200,OK,Thread Group 1-116,text,true,319600,8297
1386864365743,2854,GET: Show add submission form (emgu),200,OK,Thread Group 1-63,text,true,56848,2467
1386864354919,13685,POST: Login (visu),200,OK,Thread Group 1-115,text,true,319606,7760
1386864366917,1872,GET: View assignment (rean),200,OK,Thread Group 1-96,text,true,32311,1629
1386864366512,2284,GET: Show add submission form (mamu),200,OK,Thread Group 1-70,text,true,56859,2033
1386864355410,13470,POST: Login (dico),200,OK,Thread Group 1-117,text,true,319596,9112
1386864368163,1227,POST: Upload file (jafl),200,OK,Thread Group 1-53,text,true,8582,704
1386864367715,1681,GET: View assignment (lebr),200,OK,Thread Group 1-99,text,true,32296,1342
1386864367521,1875,GET: View assignment (limu),200,OK,Thread Group 1-100,text,true,32299,1533
1386864367368,2042,GET: View assignment (clri),200,OK,Thread Group 1-95,text,true,32311,1482
1386864367325,2087,GET: View assignment (sawa),200,OK,Thread Group 1-98,text,true,32290,1524
1386864366827,2598,GET: Show add submission form (viad),200,OK,Thread Group 1-69,text,true,56838,2228
1386864356325,13622,POST: Login (edco),200,OK,Thread Group 1-121,text,true,319596,10019
1386864355957,14002,POST: Login (rowo),200,OK,Thread Group 1-119,text,true,319601,10092
1386864368766,1328,POST: Upload file (mywa),200,OK,Thread Group 1-61,text,true,8582,1109
1386864356012,14134,POST: Login (nepr),200,OK,Thread Group 1-120,text,true,319598,9897
1386864368481,1705,GET: View assignment (brll),200,OK,Thread Group 1-101,text,true,32304,1422
1386864368757,1432,POST: Upload file (clad),200,OK,Thread Group 1-57,text,true,8582,1246
1386864368799,1397,GET: View assignment (roto),200,OK,Thread Group 1-109,text,true,32307,1103
1386864368374,1855,GET: View assignment (fldi),200,OK,Thread Group 1-106,text,true,32304,1674
1386864368375,1860,GET: View assignment (vist),200,OK,Thread Group 1-102,text,true,32316,1673
1386864368700,1591,GET: View assignment (lodo),200,OK,Thread Group 1-103,text,true,32304,1476
1386864368770,1524,GET: View assignment (brgr),200,OK,Thread Group 1-107,text,true,32301,1406
1386864368759,1557,POST: Upload file (masi),200,OK,Thread Group 1-62,text,true,8579,1245
1386864368800,1517,POST: Upload file (mefi),200,OK,Thread Group 1-60,text,true,8582,1231
1386864368800,1517,POST: Upload file (boma),200,OK,Thread Group 1-59,text,true,8582,1217
1386864369147,1175,POST: Upload file (roby),200,OK,Thread Group 1-65,text,true,8582,873
1386864356454,13944,POST: Login (shca),200,OK,Thread Group 1-122,text,true,319608,9847
1386864368694,1958,GET: View assignment (juha),200,OK,Thread Group 1-104,text,true,32292,1546
1386864355717,15106,POST: Login (pada),200,OK,Thread Group 1-118,text,true,319604,9728
1386864368756,2290,GET: View assignment (tamo),200,OK,Thread Group 1-105,text,true,32298,1560
1386864367785,3262,GET: Show add submission form (cesc),200,OK,Thread Group 1-67,text,true,56838,2585
1386864369663,1736,POST: Upload file (emgu),200,OK,Thread Group 1-63,text,true,8579,989
1386864369847,1606,POST: Upload file (mamu),200,OK,Thread Group 1-70,text,true,8582,1114
1386864369414,2101,GET: View assignment (memo),200,OK,Thread Group 1-114,text,true,32301,1949
1386864369156,2361,GET: View assignment (loch),200,OK,Thread Group 1-110,text,true,32304,2207
1386864368163,3367,GET: Show add submission form (roca),200,OK,Thread Group 1-75,text,true,56859,3202
1386864368452,3098,GET: Show add submission form (begr),200,OK,Thread Group 1-77,text,true,56859,2905
1386864369663,1902,GET: View assignment (debu),200,OK,Thread Group 1-116,text,true,32304,1705
1386864356460,15106,POST: Login (sebr),200,OK,Thread Group 1-123,text,true,319595,10137
1386864357231,14340,POST: Login (raban),200,OK,Thread Group 1-126,text,true,319602,9469
1386864368847,2725,GET: View assignment (dere),200,OK,Thread Group 1-108,text,true,32301,2516
1386864369156,2420,GET: View assignment (crbi),200,OK,Thread Group 1-111,text,true,32310,2201
1386864368693,2883,GET: Show add submission form (olba),200,OK,Thread Group 1-76,text,true,56839,2670
1386864369661,1918,POST: Upload file (mefig),200,OK,Thread Group 1-64,text,true,8582,992
1386864369406,2185,POST: Save submission (rawa),200,OK,Thread Group 1-55,text,true,58069,1959
1386864357218,14392,POST: Login (kapa),200,OK,Thread Group 1-125,text,true,319604,9950
1386864369322,2289,POST: Save submission (cada),200,OK,Thread Group 1-50,text,true,58074,2042
1386864367918,3694,GET: Show add submission form (kagr),200,OK,Thread Group 1-68,text,true,56839,3381
1386864368486,3131,GET: Show add submission form (cymc),200,OK,Thread Group 1-78,text,true,56864,2878
1386864369320,2306,GET: View assignment (mawe),200,OK,Thread Group 1-112,text,true,32298,2046
1386864369193,2433,GET: View assignment (frmu),200,OK,Thread Group 1-113,text,true,32304,2171
1386864356725,14906,POST: Login (esda),200,OK,Thread Group 1-124,text,true,319600,9872
1386864368272,3361,GET: Show add submission form (alfu),200,OK,Thread Group 1-73,text,true,56844,3081
1386864367918,3717,GET: Show add submission form (maca),200,OK,Thread Group 1-66,text,true,56849,2875
1386864357955,13685,POST: Login (mawa),200,OK,Thread Group 1-128,text,true,319590,9895
1386864369662,1979,POST: Save submission (albe),200,OK,Thread Group 1-51,text,true,58074,1738
1386864369321,2325,POST: Save submission (agra),200,OK,Thread Group 1-49,text,true,58074,2045
1386864369537,2134,POST: Save submission (llfl),200,OK,Thread Group 1-54,text,true,58069,1828
1386864369717,1968,GET: View assignment (visu),200,OK,Thread Group 1-115,text,true,32313,1648
1386864369349,2341,POST: Save submission (deke),200,OK,Thread Group 1-56,text,true,58079,2016
1386864368505,3185,GET: Show add submission form (risc),200,OK,Thread Group 1-79,text,true,56859,2860
1386864368161,3533,GET: Show add submission form (febo),200,OK,Thread Group 1-74,text,true,56844,3196
1386864368045,3649,GET: Show add submission form (edma),200,OK,Thread Group 1-71,text,true,56839,3312
1386864369334,2364,POST: Save submission (frma),200,OK,Thread Group 1-52,text,true,58094,2031
1386864367917,3821,GET: Show add submission form (viro),200,OK,Thread Group 1-72,text,true,56864,3436
1386864368846,2971,POST: Upload file (defi),200,OK,Thread Group 1-58,text,true,8582,2751
1386864370198,1627,POST: Save submission (jafl),200,OK,Thread Group 1-53,text,true,58079,1467
1386864369884,1958,GET: View assignment (dico),200,OK,Thread Group 1-117,text,true,32298,1826
1386864358363,13481,POST: Login (befe),200,OK,Thread Group 1-130,text,true,319606,9654
1386864358019,13865,POST: Login (cogr),200,OK,Thread Group 1-129,text,true,319604,9723
1386864357664,14286,POST: Login (lone),200,OK,Thread Group 1-127,text,true,319596,9687
1386864369586,2642,GET: Show add submission form (patu),200,OK,Thread Group 1-85,text,true,56854,2496
1386864369284,2947,GET: Show add submission form (rosh),200,OK,Thread Group 1-86,text,true,56859,2829
1386864369415,2819,GET: Show add submission form (sost),200,OK,Thread Group 1-88,text,true,56844,2698
1386864370200,2036,GET: Show add submission form (lebr),200,OK,Thread Group 1-99,text,true,56839,1910
1386864369156,3086,GET: Show add submission form (erta),200,OK,Thread Group 1-87,text,true,56849,2954
1386864369661,2587,GET: Show add submission form (mepa),200,OK,Thread Group 1-97,text,true,56843,2452
1386864370212,2038,GET: Show add submission form (sawa),200,OK,Thread Group 1-98,text,true,56823,1903
1386864369827,2455,GET: Show add submission form (rean),200,OK,Thread Group 1-96,text,true,56864,2338
1386864369485,2813,GET: Show add submission form (chmo),200,OK,Thread Group 1-89,text,true,56864,2678
1386864370202,2100,GET: Show add submission form (clri),200,OK,Thread Group 1-95,text,true,56864,1963
1386864369293,3008,GET: Show add submission form (cabo),200,OK,Thread Group 1-82,text,true,56839,2871
1386864369662,2644,GET: Show add submission form (shsa),200,OK,Thread Group 1-93,text,true,56849,2452
1386864370200,2110,GET: Show add submission form (limu),200,OK,Thread Group 1-100,text,true,56844,1967
1386864369455,2858,GET: Show add submission form (edhe),200,OK,Thread Group 1-83,text,true,56827,2707
1386864369324,2993,GET: Show add submission form (caru),200,OK,Thread Group 1-80,text,true,56859,2838
1386864369465,2857,GET: Show add submission form (cagr),200,OK,Thread Group 1-91,text,true,56849,2699
1386864369357,2966,GET: Show add submission form (nosa),200,OK,Thread Group 1-92,text,true,56844,2758
1386864369320,3005,GET: Show add submission form (caco),200,OK,Thread Group 1-81,text,true,56859,2790
1386864369546,2782,GET: Show add submission form (lome),200,OK,Thread Group 1-90,text,true,56854,2621
1386864369425,2907,GET: Show add submission form (saha),200,OK,Thread Group 1-94,text,true,56854,2737
1386864370296,2170,POST: Upload file (viad),200,OK,Thread Group 1-69,text,true,8579,1859
1386864371061,1406,POST: Upload file (cesc),200,OK,Thread Group 1-67,text,true,8579,1110
1386864369424,3043,GET: Show add submission form (jowa),200,OK,Thread Group 1-84,text,true,56827,2736
1386864359474,13246,POST: Login (prha),200,OK,Thread Group 1-133,text,true,319602,9098
1386864370956,1773,GET: View assignment (shca),200,OK,Thread Group 1-122,text,true,32316,1649
1386864358764,13972,POST: Login (wimi),200,OK,Thread Group 1-131,text,true,319596,9360
1386864370756,2010,GET: Show add submission form (roto),200,OK,Thread Group 1-109,text,true,56854,1900
1386864359198,13629,POST: Login (arwi),200,OK,Thread Group 1-132,text,true,319596,9366
1386864370708,2122,GET: View assignment (nepr),200,OK,Thread Group 1-120,text,true,32301,1997
1386864370883,1950,POST: Save submission (roby),200,OK,Thread Group 1-65,text,true,58064,1821
1386864371003,2007,GET: View assignment (pada),200,OK,Thread Group 1-118,text,true,32310,1861
1386864370665,2473,GET: View assignment (edco),200,OK,Thread Group 1-121,text,true,32298,2275
1386864370834,2307,GET: Show add submission form (brgr),200,OK,Thread Group 1-107,text,true,56838,2110
1386864370707,2438,POST: Save submission (mywa),200,OK,Thread Group 1-61,text,true,58084,2239
1386864370848,2298,POST: Save submission (masi),200,OK,Thread Group 1-62,text,true,58065,2094
1386864371054,2097,GET: Show add submission form (tamo),200,OK,Thread Group 1-105,text,true,56839,1888
1386864361606,11785,POST: Login (dwdi),200,OK,Thread Group 1-137,text,true,319598,7768
1386864370834,2612,GET: Show add submission form (lodo),200,OK,Thread Group 1-103,text,true,56849,2468
1386864370666,2786,GET: View assignment (rowo),200,OK,Thread Group 1-119,text,true,32304,2536
1386864372483,1045,POST: Upload file (begr),200,OK,Thread Group 1-77,text,true,8582,823
1386864372481,1086,POST: Upload file (roca),200,OK,Thread Group 1-75,text,true,8582,908
1386864370850,2717,POST: Save submission (mefi),200,OK,Thread Group 1-60,text,true,58104,2575
1386864372600,1068,POST: Upload file (olba),200,OK,Thread Group 1-76,text,true,8582,797
1386864370875,2890,POST: Save submission (boma),200,OK,Thread Group 1-59,text,true,58089,2636
1386864370714,3067,POST: Save submission (clad),200,OK,Thread Group 1-57,text,true,58079,2822
1386864370834,3069,GET: Show add submission form (vist),200,OK,Thread Group 1-102,text,true,56869,2890
1386864370713,3261,GET: Show add submission form (brll),200,OK,Thread Group 1-101,text,true,56849,3061
1386864370833,3160,GET: Show add submission form (fldi),200,OK,Thread Group 1-106,text,true,56849,2941
1386864371428,2633,POST: Save submission (emgu),200,OK,Thread Group 1-63,text,true,58075,2446
1386864361423,12655,POST: Login (chpo),200,OK,Thread Group 1-134,text,true,319602,7957
1386864370989,3181,GET: Show add submission form (juha),200,OK,Thread Group 1-104,text,true,56829,3022
1386864372560,1904,GET: View assignment (sebr),200,OK,Thread Group 1-123,text,true,32295,1770
1386864372560,2140,GET: View assignment (raban),200,OK,Thread Group 1-126,text,true,32307,1918
1386864362598,12539,POST: Login (lesp),200,OK,Thread Group 1-138,text,true,319600,7460
1386864372859,2414,GET: View assignment (mawa),200,OK,Thread Group 1-128,text,true,32289,2176
1386864361607,13785,POST: Login (mani),200,OK,Thread Group 1-136,text,true,319606,8451
1386864361424,14097,POST: Login (rhro),200,OK,Thread Group 1-135,text,true,319606,8757
1386864372480,3165,GET: Show add submission form (loch),200,OK,Thread Group 1-110,text,true,56849,2926
1386864365319,10385,POST: Login (grga),200,OK,Thread Group 1-147,text,true,319594,6068
1386864364084,11639,POST: Login (alho),200,OK,Thread Group 1-139,text,true,319600,7308
1386864365330,10500,POST: Login (dafr),200,OK,Thread Group 1-150,text,true,319596,6071
1386864372474,3362,GET: Show add submission form (memo),200,OK,Thread Group 1-114,text,true,56838,3179
1386864364998,10854,POST: Login (anda),200,OK,Thread Group 1-146,text,true,319592,6396
1386864364592,11390,POST: Login (clpa),200,OK,Thread Group 1-144,text,true,319600,6804
1386864364835,11147,POST: Login (rabl),200,OK,Thread Group 1-143,text,true,319596,6588
1386864372905,3079,GET: View assignment (lone),200,OK,Thread Group 1-127,text,true,32298,2848
1386864372835,3149,GET: View assignment (kapa),200,OK,Thread Group 1-125,text,true,32310,2976
1386864372599,3392,GET: Show add submission form (crbi),200,OK,Thread Group 1-111,text,true,56853,3108
1386864372598,3386,GET: Show add submission form (dere),200,OK,Thread Group 1-108,text,true,56838,3113
1386864365322,10676,POST: Login (kaca),200,OK,Thread Group 1-149,text,true,319594,6085
1386864364584,11414,POST: Login (jogi),200,OK,Thread Group 1-142,text,true,319594,6806
1386864372559,3428,GET: Show add submission form (debu),200,OK,Thread Group 1-116,text,true,56849,3147
1386864364439,11561,POST: Login (orli),200,OK,Thread Group 1-140,text,true,319594,6972
1386864372899,3123,GET: View assignment (befe),200,OK,Thread Group 1-130,text,true,32313,2954
1386864372900,3123,GET: View assignment (cogr),200,OK,Thread Group 1-129,text,true,32310,2959
1386864372848,3271,GET: View assignment (esda),200,OK,Thread Group 1-124,text,true,32304,3147
1386864372473,3670,POST: Save submission (mamu),200,OK,Thread Group 1-70,text,true,58089,3515
1386864373192,3006,GET: View assignment (wimi),200,OK,Thread Group 1-131,text,true,32298,2849
1386864373260,2974,GET: View assignment (arwi),200,OK,Thread Group 1-132,text,true,32298,2784
1386864372927,3637,POST: Upload file (sost),200,OK,Thread Group 1-88,text,true,8582,3230
1386864373184,3525,GET: View assignment (prha),200,OK,Thread Group 1-133,text,true,32307,3286
1386864372848,3999,POST: Upload file (alfu),200,OK,Thread Group 1-73,text,true,8582,3384
1386864372838,4011,POST: Upload file (cymc),200,OK,Thread Group 1-78,text,true,8582,3480
1386864372926,3923,POST: Upload file (rosh),200,OK,Thread Group 1-86,text,true,8582,3387
1386864372972,3878,POST: Upload file (limu),200,OK,Thread Group 1-100,text,true,8582,3244
1386864372881,3971,POST: Upload file (viro),200,OK,Thread Group 1-72,text,true,8582,3504
1386864372974,3879,POST: Upload file (caru),200,OK,Thread Group 1-80,text,true,8582,3345
1386864372984,3870,POST: Upload file (nosa),200,OK,Thread Group 1-92,text,true,8582,3238
1386864373010,3846,POST: Upload file (jowa),200,OK,Thread Group 1-84,text,true,8576,3295
1386864372960,3897,POST: Upload file (chmo),200,OK,Thread Group 1-89,text,true,8582,3407
1386864372858,4001,POST: Upload file (maca),200,OK,Thread Group 1-66,text,true,8582,3466
1386864374250,2638,GET: View assignment (dwdi),200,OK,Thread Group 1-137,text,true,32301,1993
1386864373261,3648,GET: Show add submission form (nepr),200,OK,Thread Group 1-120,text,true,56844,3369
1386864372847,4070,GET: Show add submission form (frmu),200,OK,Thread Group 1-113,text,true,56849,3784
1386864372899,4027,GET: Show add submission form (dico),200,OK,Thread Group 1-117,text,true,56839,3728
1386864373191,3738,GET: Show add submission form (shca),200,OK,Thread Group 1-122,text,true,56869,3443
1386864372678,4275,POST: Save submission (mefig),200,OK,Thread Group 1-64,text,true,58094,3912
1386864372865,4102,GET: Show add submission form (visu),200,OK,Thread Group 1-115,text,true,56864,3765
1386864372847,4142,GET: Show add submission form (mawe),200,OK,Thread Group 1-112,text,true,56839,3786
1386864372837,4205,POST: Upload file (kagr),200,OK,Thread Group 1-68,text,true,8582,3904
1386864372872,4266,POST: Upload file (edma),200,OK,Thread Group 1-71,text,true,8582,4073
1386864372871,4504,POST: Upload file (febo),200,OK,Thread Group 1-74,text,true,8582,3914
1386864372994,4403,POST: Upload file (caco),200,OK,Thread Group 1-81,text,true,8582,3922
1386864374254,3152,POST: Upload file (lodo),200,OK,Thread Group 1-103,text,true,8582,2707
1386864372973,4437,POST: Upload file (shsa),200,OK,Thread Group 1-93,text,true,8582,3948
1386864372940,4477,POST: Upload file (mepa),200,OK,Thread Group 1-97,text,true,8579,3922
1386864372960,4464,POST: Upload file (clri),200,OK,Thread Group 1-95,text,true,8582,3906
1386864374703,2731,POST: Upload file (brll),200,OK,Thread Group 1-101,text,true,8582,2240
1386864374888,2553,POST: Upload file (juha),200,OK,Thread Group 1-104,text,true,8582,2112
1386864372995,4448,POST: Upload file (lome),200,OK,Thread Group 1-90,text,true,8582,3984
1386864372972,4475,POST: Upload file (cabo),200,OK,Thread Group 1-82,text,true,8582,3923
1386864373882,3575,POST: Upload file (tamo),200,OK,Thread Group 1-105,text,true,8582,3071
1386864372973,4485,POST: Upload file (edhe),200,OK,Thread Group 1-83,text,true,8576,3918
1386864372926,4558,POST: Upload file (patu),200,OK,Thread Group 1-85,text,true,8582,3801
1386864372871,4615,POST: Upload file (risc),200,OK,Thread Group 1-79,text,true,8582,3978
1386864372940,4549,POST: Upload file (erta),200,OK,Thread Group 1-87,text,true,8582,3814
1386864372982,4507,POST: Upload file (cagr),200,OK,Thread Group 1-91,text,true,8582,3887
1386864372996,4495,POST: Upload file (saha),200,OK,Thread Group 1-94,text,true,8582,3953
1386864373198,4297,POST: Upload file (roto),200,OK,Thread Group 1-109,text,true,8582,3779
1386864372960,4538,POST: Upload file (rean),200,OK,Thread Group 1-96,text,true,8582,3963
1386864372927,4573,POST: Upload file (lebr),200,OK,Thread Group 1-99,text,true,8582,3883
1386864373857,3647,POST: Upload file (brgr),200,OK,Thread Group 1-107,text,true,8579,3077
1386864374465,3047,POST: Upload file (vist),200,OK,Thread Group 1-102,text,true,8582,2477
1386864376030,1486,POST: Upload file (loch),200,OK,Thread Group 1-110,text,true,8582,1065
1386864374710,2807,POST: Upload file (fldi),200,OK,Thread Group 1-106,text,true,8582,2276
1386864372958,4561,POST: Upload file (sawa),200,OK,Thread Group 1-98,text,true,8579,3958
1386864373576,4017,GET: Show add submission form (pada),200,OK,Thread Group 1-118,text,true,56859,3754
1386864374294,3403,POST: Save submission (roca),200,OK,Thread Group 1-75,text,true,58089,3161
1386864373856,3840,GET: Show add submission form (edco),200,OK,Thread Group 1-121,text,true,56839,3610
1386864374884,2815,GET: View assignment (chpo),200,OK,Thread Group 1-134,text,true,32307,2575
1386864374437,3265,POST: Save submission (olba),200,OK,Thread Group 1-76,text,true,58069,3018
1386864374265,3444,POST: Save submission (begr),200,OK,Thread Group 1-77,text,true,58089,3202
1386864375320,2389,GET: View assignment (lesp),200,OK,Thread Group 1-138,text,true,32304,2129
1386864374257,3453,GET: Show add submission form (rowo),200,OK,Thread Group 1-119,text,true,56843,3278
1386864373009,4704,POST: Save submission (cesc),200,OK,Thread Group 1-67,text,true,58065,4445
1386864372995,4720,POST: Save submission (viad),200,OK,Thread Group 1-69,text,true,58065,4456
1386864372898,4820,POST: Save submission (defi),200,OK,Thread Group 1-58,text,true,58074,4570
1386864375799,2059,GET: View assignment (rhro),200,OK,Thread Group 1-135,text,true,32313,1859
1386864375763,2285,GET: View assignment (mani),200,OK,Thread Group 1-136,text,true,32313,2055
1386864376063,2136,GET: View assignment (grga),200,OK,Thread Group 1-147,text,true,32295,1980
1386864376447,1763,POST: Upload file (dere),200,OK,Thread Group 1-108,text,true,8579,1587
1386864376065,2151,GET: View assignment (alho),200,OK,Thread Group 1-139,text,true,32304,1981
1386864376446,1777,POST: Upload file (crbi),200,OK,Thread Group 1-111,text,true,8579,1594
1386864376425,1799,POST: Upload file (memo),200,OK,Thread Group 1-114,text,true,8579,1592
1386864376449,1897,POST: Upload file (debu),200,OK,Thread Group 1-116,text,true,8582,1622
1386864375144,3477,GET: Show add submission form (sebr),200,OK,Thread Group 1-123,text,true,56834,3324
1386864375145,3548,GET: Show add submission form (raban),200,OK,Thread Group 1-126,text,true,56854,3373
1386864375562,3204,GET: Show add submission form (mawa),200,OK,Thread Group 1-128,text,true,56824,3057
1386864365316,13497,POST: Login (hope),200,OK,Thread Group 1-145,text,true,319600,6099
1386864365320,13550,POST: Login (momo),200,OK,Thread Group 1-148,text,true,319606,6102
1386864364536,14337,POST: Login (krba),200,OK,Thread Group 1-141,text,true,319604,6877
1386864376445,2677,GET: Show add submission form (lone),200,OK,Thread Group 1-127,text,true,56839,2502
1386864376449,2688,GET: View assignment (kaca),200,OK,Thread Group 1-149,text,true,32295,2501
1386864376427,2714,GET: View assignment (anda),200,OK,Thread Group 1-146,text,true,32292,2524
1386864376437,2718,GET: View assignment (rabl),200,OK,Thread Group 1-143,text,true,32298,2560
1386864376448,2717,GET: View assignment (jogi),200,OK,Thread Group 1-142,text,true,32295,2550
1386864376409,2766,GET: View assignment (dafr),200,OK,Thread Group 1-150,text,true,32298,2605
1386864376457,2728,GET: View assignment (orli),200,OK,Thread Group 1-140,text,true,32295,2557
1386864376436,2749,GET: View assignment (clpa),200,OK,Thread Group 1-144,text,true,32304,2578
1386864376446,2755,GET: Show add submission form (kapa),200,OK,Thread Group 1-125,text,true,56859,2552
1386864376856,2722,GET: Show add submission form (esda),200,OK,Thread Group 1-124,text,true,56849,2481
1386864378209,1472,POST: Upload file (dico),200,OK,Thread Group 1-117,text,true,8582,1239
1386864378207,1483,POST: Upload file (frmu),200,OK,Thread Group 1-113,text,true,8582,1248
1386864378250,1469,POST: Upload file (visu),200,OK,Thread Group 1-115,text,true,8582,1247
1386864378244,1489,POST: Upload file (shca),200,OK,Thread Group 1-122,text,true,8582,1264
1386864378163,1593,POST: Upload file (nepr),200,OK,Thread Group 1-120,text,true,8582,1315
1386864378250,1507,POST: Upload file (mawe),200,OK,Thread Group 1-112,text,true,8582,1223
1386864376787,3004,GET: Show add submission form (cogr),200,OK,Thread Group 1-129,text,true,56859,2809
1386864376786,3257,GET: Show add submission form (befe),200,OK,Thread Group 1-130,text,true,56864,3138
1386864377090,2955,GET: Show add submission form (wimi),200,OK,Thread Group 1-131,text,true,56839,2831
1386864377399,2729,GET: Show add submission form (arwi),200,OK,Thread Group 1-132,text,true,56839,2575
1386864377789,2374,POST: Save submission (sost),200,OK,Thread Group 1-88,text,true,58074,2183
1386864377797,2386,GET: Show add submission form (prha),200,OK,Thread Group 1-133,text,true,56854,2226
1386864379381,945,POST: Upload file (pada),200,OK,Thread Group 1-118,text,true,8582,850
1386864378084,2408,POST: Save submission (viro),200,OK,Thread Group 1-72,text,true,58094,2283
1386864379634,860,POST: Upload file (rowo),200,OK,Thread Group 1-119,text,true,8579,658
1386864379399,1095,POST: Upload file (edco),200,OK,Thread Group 1-121,text,true,8582,863
1386864378137,2377,POST: Save submission (chmo),200,OK,Thread Group 1-89,text,true,58094,2242
1386864378086,2444,POST: Save submission (caru),200,OK,Thread Group 1-80,text,true,58089,2329
1386864378027,2510,POST: Save submission (alfu),200,OK,Thread Group 1-73,text,true,58074,2465
1386864378085,2472,POST: Save submission (limu),200,OK,Thread Group 1-100,text,true,58074,2301
1386864378251,2336,POST: Save submission (kagr),200,OK,Thread Group 1-68,text,true,58069,2168
1386864378112,2482,POST: Save submission (jowa),200,OK,Thread Group 1-84,text,true,58051,2381
1386864378086,2558,POST: Save submission (nosa),200,OK,Thread Group 1-92,text,true,58074,2432
1386864378162,2491,POST: Save submission (maca),200,OK,Thread Group 1-66,text,true,58079,2355
1386864378082,2577,POST: Save submission (cymc),200,OK,Thread Group 1-78,text,true,58094,2433
1386864378084,2601,POST: Save submission (rosh),200,OK,Thread Group 1-86,text,true,58089,2482
1386864378491,2286,POST: Save submission (edma),200,OK,Thread Group 1-71,text,true,58069,2176
1386864378162,2665,GET: Show add submission form (dwdi),200,OK,Thread Group 1-137,text,true,56844,2557
1386864378791,2262,POST: Save submission (febo),200,OK,Thread Group 1-74,text,true,58074,2080
1386864378831,2236,POST: Save submission (caco),200,OK,Thread Group 1-81,text,true,58089,2112
1386864380299,800,POST: Upload file (raban),200,OK,Thread Group 1-126,text,true,8582,677
1386864380297,825,POST: Upload file (sebr),200,OK,Thread Group 1-123,text,true,8582,736
1386864379013,2258,POST: Save submission (shsa),200,OK,Thread Group 1-93,text,true,58079,2029
1386864380342,1024,POST: Upload file (mawa),200,OK,Thread Group 1-128,text,true,8582,875
1386864378974,2410,POST: Save submission (lodo),200,OK,Thread Group 1-103,text,true,58079,2135
1386864380515,871,POST: Upload file (lone),200,OK,Thread Group 1-127,text,true,8582,740
1386864379074,2320,POST: Save submission (clri),200,OK,Thread Group 1-95,text,true,58094,2165
1386864379143,2253,POST: Save submission (patu),200,OK,Thread Group 1-85,text,true,58084,1969
1386864379095,2308,POST: Save submission (tamo),200,OK,Thread Group 1-105,text,true,58069,2015
1386864379145,2261,POST: Save submission (risc),200,OK,Thread Group 1-79,text,true,58089,2090
1386864379209,2199,POST: Save submission (rean),200,OK,Thread Group 1-96,text,true,58094,2029
1386864379210,2201,POST: Save submission (lebr),200,OK,Thread Group 1-99,text,true,58069,1917
1386864380653,766,POST: Upload file (esda),200,OK,Thread Group 1-124,text,true,8582,606
1386864379169,2253,POST: Save submission (saha),200,OK,Thread Group 1-94,text,true,58084,2070
1386864379076,2373,POST: Save submission (brll),200,OK,Thread Group 1-101,text,true,58079,2266
1386864379074,2379,POST: Save submission (mepa),200,OK,Thread Group 1-97,text,true,58070,2266
1386864379156,2307,POST: Save submission (erta),200,OK,Thread Group 1-87,text,true,58079,2187
1386864379077,2389,POST: Save submission (lome),200,OK,Thread Group 1-90,text,true,58084,2264
1386864379247,2221,POST: Save submission (fldi),200,OK,Thread Group 1-106,text,true,58079,2096
1386864379218,2262,POST: Save submission (vist),200,OK,Thread Group 1-102,text,true,58099,2124
1386864379109,2373,POST: Save submission (juha),200,OK,Thread Group 1-104,text,true,58059,2232
1386864379088,2398,POST: Save submission (cabo),200,OK,Thread Group 1-82,text,true,58069,2250
1386864379158,2328,POST: Save submission (cagr),200,OK,Thread Group 1-91,text,true,58079,2183
1386864379262,2227,POST: Save submission (sawa),200,OK,Thread Group 1-98,text,true,58050,2079
1386864379633,1856,GET: Show add submission form (lesp),200,OK,Thread Group 1-138,text,true,56849,1710
1386864379210,2298,POST: Save submission (brgr),200,OK,Thread Group 1-107,text,true,58065,2132
1386864379230,2281,POST: Save submission (loch),200,OK,Thread Group 1-110,text,true,58079,2103
1386864380614,914,POST: Upload file (kapa),200,OK,Thread Group 1-125,text,true,8582,780
1386864380888,640,POST: Upload file (cogr),200,OK,Thread Group 1-129,text,true,8582,531
1386864379124,2405,POST: Save submission (edhe),200,OK,Thread Group 1-83,text,true,58051,2218
1386864379184,2345,POST: Save submission (roto),200,OK,Thread Group 1-109,text,true,58084,2149
1386864379401,2128,GET: Show add submission form (chpo),200,OK,Thread Group 1-134,text,true,56848,1972
1386864380056,1700,POST: Save submission (memo),200,OK,Thread Group 1-114,text,true,58065,1539
1386864380355,1425,GET: View assignment (krba),200,OK,Thread Group 1-141,text,true,32310,1299
1386864380054,1728,POST: Save submission (crbi),200,OK,Thread Group 1-111,text,true,58080,1603
1386864380343,1442,GET: View assignment (hope),200,OK,Thread Group 1-145,text,true,32304,1312
1386864380034,1751,POST: Save submission (dere),200,OK,Thread Group 1-108,text,true,58065,1618
1386864380093,1705,POST: Save submission (debu),200,OK,Thread Group 1-116,text,true,58079,1559
1386864380355,1444,GET: View assignment (momo),200,OK,Thread Group 1-148,text,true,32313,1299
1386864381099,720,POST: Upload file (befe),200,OK,Thread Group 1-130,text,true,8582,634
1386864379829,1993,GET: Show add submission form (rhro),200,OK,Thread Group 1-135,text,true,56864,1882
1386864381130,712,POST: Upload file (arwi),200,OK,Thread Group 1-132,text,true,8582,622
1386864381152,706,POST: Upload file (prha),200,OK,Thread Group 1-133,text,true,8582,603
1386864381100,770,POST: Upload file (wimi),200,OK,Thread Group 1-131,text,true,8582,689
1386864381555,514,POST: Upload file (dwdi),200,OK,Thread Group 1-137,text,true,8582,366
1386864380840,1395,POST: Save submission (nepr),200,OK,Thread Group 1-120,text,true,58074,1146
1386864380034,2212,GET: Show add submission form (grga),200,OK,Thread Group 1-147,text,true,56834,1956
1386864380770,1476,POST: Save submission (frmu),200,OK,Thread Group 1-113,text,true,58079,1221
1386864380718,1537,POST: Save submission (dico),200,OK,Thread Group 1-117,text,true,58069,1268
1386864380053,2202,GET: Show add submission form (alho),200,OK,Thread Group 1-139,text,true,56849,1936
1386864380830,1430,POST: Save submission (visu),200,OK,Thread Group 1-115,text,true,58094,1162
1386864379951,2309,GET: Show add submission form (mani),200,OK,Thread Group 1-136,text,true,56864,2039
1386864380841,1430,POST: Save submission (mawe),200,OK,Thread Group 1-112,text,true,58069,1148
1386864381677,620,POST: Upload file (lesp),200,OK,Thread Group 1-138,text,true,8582,457
1386864380558,1764,GET: Show add submission form (jogi),200,OK,Thread Group 1-142,text,true,56834,1705
1386864381291,1180,POST: Save submission (pada),200,OK,Thread Group 1-118,text,true,58089,975
1386864380557,1915,GET: Show add submission form (rabl),200,OK,Thread Group 1-143,text,true,56839,1710
1386864380613,1865,GET: Show add submission form (orli),200,OK,Thread Group 1-140,text,true,56834,1652
1386864380613,1855,GET: Show add submission form (clpa),200,OK,Thread Group 1-144,text,true,56849,1653
1386864380612,1873,GET: Show add submission form (dafr),200,OK,Thread Group 1-150,text,true,56839,1655
1386864380831,1657,POST: Save submission (shca),200,OK,Thread Group 1-122,text,true,58099,1436
1386864380556,1932,GET: Show add submission form (kaca),200,OK,Thread Group 1-149,text,true,56834,1712
1386864381311,1831,POST: Save submission (edco),200,OK,Thread Group 1-121,text,true,58069,956
1386864382048,1110,POST: Save submission (befe),200,OK,Thread Group 1-130,text,true,58094,598
1386864382049,1116,POST: Upload file (rhro),200,OK,Thread Group 1-135,text,true,8582,481
1386864381625,1543,POST: Save submission (raban),200,OK,Thread Group 1-126,text,true,58084,929
1386864381625,1545,POST: Save submission (sebr),200,OK,Thread Group 1-123,text,true,58064,930
1386864381677,1494,POST: Save submission (kapa),200,OK,Thread Group 1-125,text,true,58089,969
1386864382223,951,POST: Save submission (dwdi),200,OK,Thread Group 1-137,text,true,58074,644
1386864381673,1506,POST: Save submission (esda),200,OK,Thread Group 1-124,text,true,58079,885
1386864381666,1515,POST: Save submission (lone),200,OK,Thread Group 1-127,text,true,58069,892
1386864381678,1503,POST: Save submission (cogr),200,OK,Thread Group 1-129,text,true,58089,969
1386864381310,1873,POST: Save submission (rowo),200,OK,Thread Group 1-119,text,true,58070,956
1386864382172,1014,POST: Save submission (wimi),200,OK,Thread Group 1-131,text,true,58069,696
1386864381664,1523,POST: Save submission (mawa),200,OK,Thread Group 1-128,text,true,58054,892
1386864382128,1059,POST: Save submission (arwi),200,OK,Thread Group 1-132,text,true,58069,737
1386864381688,1501,POST: Upload file (chpo),200,OK,Thread Group 1-134,text,true,8579,573
1386864382170,1020,POST: Save submission (prha),200,OK,Thread Group 1-133,text,true,58084,697
1386864380556,2893,GET: Show add submission form (anda),200,OK,Thread Group 1-146,text,true,56829,1709
1386864382405,1096,POST: Save submission (lesp),200,OK,Thread Group 1-138,text,true,58079,984
1386864381978,1524,GET: Show add submission form (momo),200,OK,Thread Group 1-148,text,true,56864,1412
1386864381972,1530,GET: Show add submission form (hope),200,OK,Thread Group 1-145,text,true,56849,1417
1386864381937,2254,GET: Show add submission form (krba),200,OK,Thread Group 1-141,text,true,56859,2095
1386864382537,1723,POST: Upload file (clpa),200,OK,Thread Group 1-144,text,true,8582,1627
1386864382559,1707,POST: Upload file (dafr),200,OK,Thread Group 1-150,text,true,8582,1610
1386864382381,1887,POST: Upload file (grga),200,OK,Thread Group 1-147,text,true,8582,1783
1386864382496,1777,POST: Upload file (rabl),200,OK,Thread Group 1-143,text,true,8582,1677
1386864382415,1858,POST: Upload file (jogi),200,OK,Thread Group 1-142,text,true,8582,1749
1386864382389,1887,POST: Upload file (alho),200,OK,Thread Group 1-139,text,true,8582,1786
1386864382397,1880,POST: Upload file (mani),200,OK,Thread Group 1-136,text,true,8582,1781
1386864382561,1765,POST: Upload file (kaca),200,OK,Thread Group 1-149,text,true,8582,1633
1386864383516,810,POST: Upload file (hope),200,OK,Thread Group 1-145,text,true,8582,678
1386864382498,1835,POST: Upload file (orli),200,OK,Thread Group 1-140,text,true,8582,1684
1386864383456,880,POST: Upload file (anda),200,OK,Thread Group 1-146,text,true,8582,756
1386864383515,878,POST: Upload file (momo),200,OK,Thread Group 1-148,text,true,8582,759
1386864383223,1231,POST: Save submission (chpo),200,OK,Thread Group 1-134,text,true,58075,1095
1386864383209,1251,POST: Save submission (rhro),200,OK,Thread Group 1-135,text,true,58094,1107
1386864384199,315,POST: Upload file (krba),200,OK,Thread Group 1-141,text,true,8582,249
1386864384270,574,POST: Save submission (clpa),200,OK,Thread Group 1-144,text,true,58079,416
1386864384282,629,POST: Save submission (dafr),200,OK,Thread Group 1-150,text,true,58069,453
1386864384346,565,POST: Save submission (hope),200,OK,Thread Group 1-145,text,true,58079,389
1386864384283,629,POST: Save submission (grga),200,OK,Thread Group 1-147,text,true,58064,452
1386864384531,384,POST: Save submission (krba),200,OK,Thread Group 1-141,text,true,58089,360
1386864384291,681,POST: Save submission (rabl),200,OK,Thread Group 1-143,text,true,58069,546
1386864384345,630,POST: Save submission (kaca),200,OK,Thread Group 1-149,text,true,58064,492
1386864384298,677,POST: Save submission (jogi),200,OK,Thread Group 1-142,text,true,58064,537
1386864384299,722,POST: Save submission (mani),200,OK,Thread Group 1-136,text,true,58094,595
1386864384365,656,POST: Save submission (orli),200,OK,Thread Group 1-140,text,true,58064,519
1386864384411,611,POST: Save submission (momo),200,OK,Thread Group 1-148,text,true,58094,479
1386864384368,656,POST: Save submission (anda),200,OK,Thread Group 1-146,text,true,58059,519
1386864384299,731,POST: Save submission (alho),200,OK,Thread Group 1-139,text,true,58079,588
